<metrics>

	<class>
		<name>org.junit.runner.Request</name>
		<wmc>12</wmc>
		<dit>1</dit>
		<noc>5</noc>
		<cbo>23</cbo>
		<rfc>25</rfc>
		<lcom>66</lcom>
		<ca>8</ca>
		<ce>20</ce>
		<npm>12</npm>
		<lcom3>2.0</lcom3>
		<loc>87</loc>
		<dam>0.0</dam>
		<moa>0</moa>
		<mfa>0.0</mfa>
		<cam>0.15</cam>
		<ic>0</ic>
		<cbm>0</cbm>
		<amc>6.25</amc>
		<cc>
			<method name="public static org.junit.runner.Request classWithoutSuiteMethod(Class clazz)">1</method>
			<method name="public org.junit.runner.Request filterWith(org.junit.runner.Description desiredDescription)">1</method>
			<method name="public static org.junit.runner.Request method(Class clazz, String methodName)">1</method>
			<method name="public static org.junit.runner.Request runner(org.junit.runner.Runner runner)">1</method>
			<method name="public abstract org.junit.runner.Runner getRunner()">1</method>
			<method name="public static org.junit.runner.Request aClass(Class clazz)">1</method>
			<method name="public static transient org.junit.runner.Request classes(Class[] classes)">1</method>
			<method name="public org.junit.runner.Request filterWith(org.junit.runner.manipulation.Filter filter)">1</method>
			<method name="public void _init_()">1</method>
			<method name="public static org.junit.runner.Request errorReport(Class klass, Throwable cause)">1</method>
			<method name="public static transient org.junit.runner.Request classes(org.junit.runner.Computer computer, Class[] classes)">1</method>
			<method name="public org.junit.runner.Request sortWith(java.util.Comparator comparator)">1</method>
		</cc>
	</class>
	<class>
		<name>org.junit.experimental.theories.ParameterSignature</name>
		<wmc>12</wmc>
		<dit>1</dit>
		<noc>0</noc>
		<cbo>14</cbo>
		<rfc>30</rfc>
		<lcom>54</lcom>
		<ca>4</ca>
		<ce>10</ce>
		<npm>9</npm>
		<lcom3>0.6363636363636364</lcom3>
		<loc>173</loc>
		<dam>1.0</dam>
		<moa>0</moa>
		<mfa>0.0</mfa>
		<cam>0.23958333333333334</cam>
		<ic>0</ic>
		<cbm>0</cbm>
		<amc>13.25</amc>
		<cc>
			<method name="public Class getType()">1</method>
			<method name="public static java.util.ArrayList signatures(java.lang.reflect.Method method)">1</method>
			<method name="public java.lang.annotation.Annotation findDeepAnnotation(Class annotationType)">1</method>
			<method name="private java.lang.annotation.Annotation findDeepAnnotation(java.lang.annotation.Annotation[] annotations, Class annotationType, int depth)">5</method>
			<method name="private static java.util.ArrayList signatures(Class[] parameterTypes, java.lang.annotation.Annotation[][] parameterAnnotations)">2</method>
			<method name="private void _init_(Class type, java.lang.annotation.Annotation[] annotations)">1</method>
			<method name="public boolean hasAnnotation(Class type)">2</method>
			<method name="public boolean canAcceptType(Class candidate)">1</method>
			<method name="public java.util.List getAnnotations()">1</method>
			<method name="public boolean canAcceptArrayType(Class type)">3</method>
			<method name="public java.lang.annotation.Annotation getAnnotation(Class annotationType)">2</method>
			<method name="public static java.util.List signatures(java.lang.reflect.Constructor constructor)">1</method>
		</cc>
	</class>
	<class>
		<name>org.junit.internal.matchers.SubstringMatcher</name>
		<wmc>6</wmc>
		<dit>0</dit>
		<noc>1</noc>
		<cbo>6</cbo>
		<rfc>9</rfc>
		<lcom>13</lcom>
		<ca>1</ca>
		<ce>5</ce>
		<npm>3</npm>
		<lcom3>0.8</lcom3>
		<loc>35</loc>
		<dam>1.0</dam>
		<moa>0</moa>
		<mfa>0.0</mfa>
		<cam>0.4583333333333333</cam>
		<ic>0</ic>
		<cbm>0</cbm>
		<amc>4.666666666666667</amc>
		<cc>
			<method name="protected abstract String relationship()">1</method>
			<method name="protected void _init_(String substring)">1</method>
			<method name="public volatile boolean matchesSafely(Object x0)">1</method>
			<method name="public boolean matchesSafely(String item)">1</method>
			<method name="public void describeTo(org.hamcrest.Description description)">1</method>
			<method name="protected abstract boolean evalSubstringOf(String)">1</method>
		</cc>
	</class>
	<class>
		<name>org.junit.rules.ExpectedException$ExpectedExceptionStatement</name>
		<wmc>2</wmc>
		<dit>0</dit>
		<noc>0</noc>
		<cbo>12</cbo>
		<rfc>11</rfc>
		<lcom>0</lcom>
		<ca>1</ca>
		<ce>12</ce>
		<npm>2</npm>
		<lcom3>0.0</lcom3>
		<loc>50</loc>
		<dam>0.5</dam>
		<moa>2</moa>
		<mfa>0.0</mfa>
		<cam>0.6666666666666666</cam>
		<ic>0</ic>
		<cbm>0</cbm>
		<amc>23.0</amc>
		<cc>
			<method name="public void evaluate()">1</method>
			<method name="public void _init_(org.junit.rules.ExpectedException, org.junit.runners.model.Statement base)">1</method>
		</cc>
	</class>
	<class>
		<name>org.junit.internal.builders.NullBuilder</name>
		<wmc>2</wmc>
		<dit>0</dit>
		<noc>0</noc>
		<cbo>7</cbo>
		<rfc>3</rfc>
		<lcom>1</lcom>
		<ca>1</ca>
		<ce>6</ce>
		<npm>2</npm>
		<lcom3>2.0</lcom3>
		<loc>7</loc>
		<dam>0.0</dam>
		<moa>0</moa>
		<mfa>0.0</mfa>
		<cam>0.75</cam>
		<ic>0</ic>
		<cbm>0</cbm>
		<amc>2.5</amc>
		<cc>
			<method name="public void _init_()">1</method>
			<method name="public org.junit.runner.Runner runnerForClass(Class each)">1</method>
		</cc>
	</class>
	<class>
		<name>junit.framework.TestSuite</name>
		<wmc>26</wmc>
		<dit>1</dit>
		<noc>1</noc>
		<cbo>32</cbo>
		<rfc>69</rfc>
		<lcom>209</lcom>
		<ca>6</ca>
		<ce>26</ce>
		<npm>20</npm>
		<lcom3>0.52</lcom3>
		<loc>527</loc>
		<dam>1.0</dam>
		<moa>0</moa>
		<mfa>0.0</mfa>
		<cam>0.18461538461538463</cam>
		<ic>0</ic>
		<cbm>0</cbm>
		<amc>19.192307692307693</amc>
		<cc>
			<method name="public void setName(String name)">1</method>
			<method name="private void addTestsFromTestCase(Class theClass)">5</method>
			<method name="public void _init_(String name)">1</method>
			<method name="public junit.framework.Test testAt(int index)">1</method>
			<method name="private boolean isTestMethod(java.lang.reflect.Method m)">4</method>
			<method name="public void addTest(junit.framework.Test test)">1</method>
			<method name="public java.util.Enumeration tests()">1</method>
			<method name="public void runTest(junit.framework.Test test, junit.framework.TestResult result)">1</method>
			<method name="public String toString()">2</method>
			<method name="public void _init_(Class theClass, String name)">1</method>
			<method name="private void addTestMethod(java.lang.reflect.Method m, java.util.List names, Class theClass)">4</method>
			<method name="private static String exceptionToString(Throwable t)">1</method>
			<method name="private boolean isPublicTestMethod(java.lang.reflect.Method m)">3</method>
			<method name="public static junit.framework.Test warning(String message)">1</method>
			<method name="public void run(junit.framework.TestResult result)">3</method>
			<method name="public static junit.framework.Test createTest(Class theClass, String name)">2</method>
			<method name="public static java.lang.reflect.Constructor getTestConstructor(Class theClass)">1</method>
			<method name="public int testCount()">1</method>
			<method name="public transient void _init_(Class[] classes)">2</method>
			<method name="public String getName()">1</method>
			<method name="public void _init_(Class[] classes, String name)">1</method>
			<method name="public void _init_()">1</method>
			<method name="private junit.framework.Test testCaseForClass(Class each)">2</method>
			<method name="public void addTestSuite(Class testClass)">1</method>
			<method name="public int countTestCases()">2</method>
			<method name="public void _init_(Class theClass)">1</method>
		</cc>
	</class>
	<class>
		<name>org.junit.ComparisonFailure$ComparisonCompactor</name>
		<wmc>9</wmc>
		<dit>1</dit>
		<noc>0</noc>
		<cbo>7</cbo>
		<rfc>20</rfc>
		<lcom>0</lcom>
		<ca>1</ca>
		<ce>6</ce>
		<npm>1</npm>
		<lcom3>0.65625</lcom3>
		<loc>279</loc>
		<dam>1.0</dam>
		<moa>0</moa>
		<mfa>0.0</mfa>
		<cam>0.3888888888888889</cam>
		<ic>0</ic>
		<cbm>0</cbm>
		<amc>29.11111111111111</amc>
		<cc>
			<method name="static String access$000(org.junit.ComparisonFailure$ComparisonCompactor x0, String x1)">1</method>
			<method name="private String compact(String message)">4</method>
			<method name="private String compactString(String source)">3</method>
			<method name="private void findCommonPrefix()">3</method>
			<method name="public void _init_(int contextLength, String expected, String actual)">1</method>
			<method name="private String computeCommonSuffix()">2</method>
			<method name="private boolean areStringsEqual()">1</method>
			<method name="private String computeCommonPrefix()">2</method>
			<method name="private void findCommonSuffix()">4</method>
		</cc>
	</class>
	<class>
		<name>org.junit.experimental.categories.Categories$IncludeCategory</name>
		<wmc>1</wmc>
		<dit>1</dit>
		<noc>0</noc>
		<cbo>4</cbo>
		<rfc>1</rfc>
		<lcom>0</lcom>
		<ca>1</ca>
		<ce>3</ce>
		<npm>1</npm>
		<lcom3>2.0</lcom3>
		<loc>1</loc>
		<dam>0.0</dam>
		<moa>0</moa>
		<mfa>0.0</mfa>
		<cam>1.0</cam>
		<ic>0</ic>
		<cbm>0</cbm>
		<amc>0.0</amc>
		<cc>
			<method name="public abstract Class value()">1</method>
		</cc>
	</class>
	<class>
		<name>org.junit.runner.Result$1</name>
		<wmc>0</wmc>
		<dit>1</dit>
		<noc>0</noc>
		<cbo>3</cbo>
		<rfc>0</rfc>
		<lcom>0</lcom>
		<ca>2</ca>
		<ce>1</ce>
		<npm>0</npm>
		<lcom3>2.0</lcom3>
		<loc>0</loc>
		<dam>0.0</dam>
		<moa>0</moa>
		<mfa>0.0</mfa>
		<cam>0.0</cam>
		<ic>0</ic>
		<cbm>0</cbm>
		<amc>0.0</amc>
		<cc>
		</cc>
	</class>
	<class>
		<name>org.junit.runners.model.FrameworkMethod$1</name>
		<wmc>2</wmc>
		<dit>0</dit>
		<noc>0</noc>
		<cbo>8</cbo>
		<rfc>4</rfc>
		<lcom>0</lcom>
		<ca>1</ca>
		<ce>8</ce>
		<npm>0</npm>
		<lcom3>0.0</lcom3>
		<loc>26</loc>
		<dam>0.0</dam>
		<moa>1</moa>
		<mfa>0.0</mfa>
		<cam>0.625</cam>
		<ic>0</ic>
		<cbm>0</cbm>
		<amc>10.5</amc>
		<cc>
			<method name="void _init_(org.junit.runners.model.FrameworkMethod, Object, Object[])">1</method>
			<method name="protected Object runReflectiveCall()">1</method>
		</cc>
	</class>
	<class>
		<name>junit.framework.JUnit4TestAdapterCache$1</name>
		<wmc>4</wmc>
		<dit>0</dit>
		<noc>0</noc>
		<cbo>10</cbo>
		<rfc>11</rfc>
		<lcom>0</lcom>
		<ca>1</ca>
		<ce>10</ce>
		<npm>3</npm>
		<lcom3>0.0</lcom3>
		<loc>42</loc>
		<dam>0.0</dam>
		<moa>2</moa>
		<mfa>0.0</mfa>
		<cam>0.45</cam>
		<ic>0</ic>
		<cbm>0</cbm>
		<amc>9.0</amc>
		<cc>
			<method name="public void testFailure(org.junit.runner.notification.Failure failure)">1</method>
			<method name="void _init_(junit.framework.JUnit4TestAdapterCache, junit.framework.TestResult)">1</method>
			<method name="public void testStarted(org.junit.runner.Description description)">1</method>
			<method name="public void testFinished(org.junit.runner.Description description)">1</method>
		</cc>
	</class>
	<class>
		<name>org.junit.AfterClass</name>
		<wmc>0</wmc>
		<dit>1</dit>
		<noc>0</noc>
		<cbo>2</cbo>
		<rfc>0</rfc>
		<lcom>0</lcom>
		<ca>0</ca>
		<ce>2</ce>
		<npm>0</npm>
		<lcom3>2.0</lcom3>
		<loc>0</loc>
		<dam>0.0</dam>
		<moa>0</moa>
		<mfa>0.0</mfa>
		<cam>0.0</cam>
		<ic>0</ic>
		<cbm>0</cbm>
		<amc>0.0</amc>
		<cc>
		</cc>
	</class>
	<class>
		<name>org.junit.internal.requests.SortingRequest</name>
		<wmc>2</wmc>
		<dit>0</dit>
		<noc>0</noc>
		<cbo>7</cbo>
		<rfc>6</rfc>
		<lcom>0</lcom>
		<ca>2</ca>
		<ce>6</ce>
		<npm>2</npm>
		<lcom3>0.0</lcom3>
		<loc>26</loc>
		<dam>1.0</dam>
		<moa>1</moa>
		<mfa>0.0</mfa>
		<cam>0.6666666666666666</cam>
		<ic>0</ic>
		<cbm>0</cbm>
		<amc>11.0</amc>
		<cc>
			<method name="public void _init_(org.junit.runner.Request request, java.util.Comparator comparator)">1</method>
			<method name="public org.junit.runner.Runner getRunner()">1</method>
		</cc>
	</class>
	<class>
		<name>junit.extensions.TestSetup</name>
		<wmc>4</wmc>
		<dit>0</dit>
		<noc>0</noc>
		<cbo>8</cbo>
		<rfc>7</rfc>
		<lcom>6</lcom>
		<ca>1</ca>
		<ce>8</ce>
		<npm>2</npm>
		<lcom3>2.0</lcom3>
		<loc>21</loc>
		<dam>0.0</dam>
		<moa>0</moa>
		<mfa>0.0</mfa>
		<cam>0.5</cam>
		<ic>0</ic>
		<cbm>0</cbm>
		<amc>4.25</amc>
		<cc>
			<method name="public void run(junit.framework.TestResult result)">1</method>
			<method name="protected void tearDown()">1</method>
			<method name="public void _init_(junit.framework.Test test)">1</method>
			<method name="protected void setUp()">1</method>
		</cc>
	</class>
	<class>
		<name>org.junit.internal.ArrayComparisonFailure</name>
		<wmc>4</wmc>
		<dit>4</dit>
		<noc>0</noc>
		<cbo>11</cbo>
		<rfc>17</rfc>
		<lcom>0</lcom>
		<ca>2</ca>
		<ce>9</ce>
		<npm>4</npm>
		<lcom3>0.5</lcom3>
		<loc>89</loc>
		<dam>1.0</dam>
		<moa>0</moa>
		<mfa>0.875</mfa>
		<cam>0.5</cam>
		<ic>1</ic>
		<cbm>2</cbm>
		<amc>20.25</amc>
		<cc>
			<method name="public String toString()">1</method>
			<method name="public void _init_(String message, AssertionError cause, int index)">1</method>
			<method name="public String getMessage()">3</method>
			<method name="public void addDimension(int index)">1</method>
		</cc>
	</class>
	<class>
		<name>org.junit.experimental.theories.internal.AllMembersSupplier$1</name>
		<wmc>0</wmc>
		<dit>1</dit>
		<noc>0</noc>
		<cbo>3</cbo>
		<rfc>0</rfc>
		<lcom>0</lcom>
		<ca>2</ca>
		<ce>1</ce>
		<npm>0</npm>
		<lcom3>2.0</lcom3>
		<loc>0</loc>
		<dam>0.0</dam>
		<moa>0</moa>
		<mfa>0.0</mfa>
		<cam>0.0</cam>
		<ic>0</ic>
		<cbm>0</cbm>
		<amc>0.0</amc>
		<cc>
		</cc>
	</class>
	<class>
		<name>org.junit.runner.Request$1</name>
		<wmc>2</wmc>
		<dit>0</dit>
		<noc>0</noc>
		<cbo>4</cbo>
		<rfc>3</rfc>
		<lcom>0</lcom>
		<ca>1</ca>
		<ce>4</ce>
		<npm>1</npm>
		<lcom3>0.0</lcom3>
		<loc>12</loc>
		<dam>0.0</dam>
		<moa>1</moa>
		<mfa>0.0</mfa>
		<cam>0.75</cam>
		<ic>0</ic>
		<cbm>0</cbm>
		<amc>4.5</amc>
		<cc>
			<method name="void _init_(org.junit.runner.Runner)">1</method>
			<method name="public org.junit.runner.Runner getRunner()">1</method>
		</cc>
	</class>
	<class>
		<name>org.junit.runner.Computer$1</name>
		<wmc>2</wmc>
		<dit>0</dit>
		<noc>0</noc>
		<cbo>7</cbo>
		<rfc>4</rfc>
		<lcom>0</lcom>
		<ca>1</ca>
		<ce>7</ce>
		<npm>1</npm>
		<lcom3>0.0</lcom3>
		<loc>20</loc>
		<dam>0.0</dam>
		<moa>2</moa>
		<mfa>0.0</mfa>
		<cam>0.625</cam>
		<ic>0</ic>
		<cbm>0</cbm>
		<amc>8.0</amc>
		<cc>
			<method name="void _init_(org.junit.runner.Computer, org.junit.runners.model.RunnerBuilder)">1</method>
			<method name="public org.junit.runner.Runner runnerForClass(Class testClass)">1</method>
		</cc>
	</class>
	<class>
		<name>org.junit.rules.ErrorCollector</name>
		<wmc>5</wmc>
		<dit>0</dit>
		<noc>0</noc>
		<cbo>10</cbo>
		<rfc>11</rfc>
		<lcom>4</lcom>
		<ca>1</ca>
		<ce>10</ce>
		<npm>4</npm>
		<lcom3>0.25</lcom3>
		<loc>43</loc>
		<dam>1.0</dam>
		<moa>0</moa>
		<mfa>0.0</mfa>
		<cam>0.36</cam>
		<ic>0</ic>
		<cbm>0</cbm>
		<amc>7.4</amc>
		<cc>
			<method name="protected void verify()">1</method>
			<method name="public void addError(Throwable error)">1</method>
			<method name="public void checkThat(Object value, org.hamcrest.Matcher matcher)">1</method>
			<method name="public Object checkSucceeds(java.util.concurrent.Callable callable)">1</method>
			<method name="public void _init_()">1</method>
		</cc>
	</class>
	<class>
		<name>org.junit.internal.runners.InitializationError</name>
		<wmc>4</wmc>
		<dit>3</dit>
		<noc>0</noc>
		<cbo>10</cbo>
		<rfc>7</rfc>
		<lcom>4</lcom>
		<ca>3</ca>
		<ce>7</ce>
		<npm>4</npm>
		<lcom3>0.6666666666666666</lcom3>
		<loc>32</loc>
		<dam>1.0</dam>
		<moa>0</moa>
		<mfa>0.9545454545454546</mfa>
		<cam>0.4375</cam>
		<ic>0</ic>
		<cbm>0</cbm>
		<amc>6.5</amc>
		<cc>
			<method name="public void _init_(String string)">1</method>
			<method name="public void _init_(java.util.List errors)">1</method>
			<method name="public transient void _init_(Throwable[] errors)">1</method>
			<method name="public java.util.List getCauses()">1</method>
		</cc>
	</class>
	<class>
		<name>org.junit.rules.Verifier</name>
		<wmc>3</wmc>
		<dit>1</dit>
		<noc>1</noc>
		<cbo>8</cbo>
		<rfc>5</rfc>
		<lcom>3</lcom>
		<ca>2</ca>
		<ce>7</ce>
		<npm>2</npm>
		<lcom3>2.0</lcom3>
		<loc>13</loc>
		<dam>0.0</dam>
		<moa>0</moa>
		<mfa>0.0</mfa>
		<cam>0.5</cam>
		<ic>0</ic>
		<cbm>0</cbm>
		<amc>3.3333333333333335</amc>
		<cc>
			<method name="protected void verify()">1</method>
			<method name="public org.junit.runners.model.Statement apply(org.junit.runners.model.Statement base, org.junit.runners.model.FrameworkMethod method, Object target)">1</method>
			<method name="public void _init_()">1</method>
		</cc>
	</class>
	<class>
		<name>org.junit.rules.ExternalResource</name>
		<wmc>4</wmc>
		<dit>1</dit>
		<noc>1</noc>
		<cbo>8</cbo>
		<rfc>6</rfc>
		<lcom>6</lcom>
		<ca>2</ca>
		<ce>7</ce>
		<npm>2</npm>
		<lcom3>2.0</lcom3>
		<loc>15</loc>
		<dam>0.0</dam>
		<moa>0</moa>
		<mfa>0.0</mfa>
		<cam>0.4375</cam>
		<ic>0</ic>
		<cbm>0</cbm>
		<amc>2.75</amc>
		<cc>
			<method name="protected void before()">1</method>
			<method name="protected void after()">1</method>
			<method name="public void _init_()">1</method>
			<method name="public final org.junit.runners.model.Statement apply(org.junit.runners.model.Statement base, org.junit.runners.model.FrameworkMethod method, Object target)">1</method>
		</cc>
	</class>
	<class>
		<name>org.junit.experimental.results.FailureList</name>
		<wmc>2</wmc>
		<dit>1</dit>
		<noc>0</noc>
		<cbo>11</cbo>
		<rfc>10</rfc>
		<lcom>0</lcom>
		<ca>1</ca>
		<ce>10</ce>
		<npm>2</npm>
		<lcom3>0.0</lcom3>
		<loc>40</loc>
		<dam>1.0</dam>
		<moa>0</moa>
		<mfa>0.0</mfa>
		<cam>0.75</cam>
		<ic>0</ic>
		<cbm>0</cbm>
		<amc>18.5</amc>
		<cc>
			<method name="public org.junit.runner.Result result()">2</method>
			<method name="public void _init_(java.util.List failures)">1</method>
		</cc>
	</class>
	<class>
		<name>org.junit.experimental.theories.PotentialAssignment$1</name>
		<wmc>4</wmc>
		<dit>0</dit>
		<noc>0</noc>
		<cbo>5</cbo>
		<rfc>6</rfc>
		<lcom>0</lcom>
		<ca>1</ca>
		<ce>5</ce>
		<npm>3</npm>
		<lcom3>0.5</lcom3>
		<loc>31</loc>
		<dam>0.0</dam>
		<moa>0</moa>
		<mfa>0.0</mfa>
		<cam>0.5</cam>
		<ic>0</ic>
		<cbm>0</cbm>
		<amc>6.25</amc>
		<cc>
			<method name="public String toString()">1</method>
			<method name="public String getDescription()">1</method>
			<method name="public Object getValue()">1</method>
			<method name="void _init_(Object, String)">1</method>
		</cc>
	</class>
	<class>
		<name>junit.textui.ResultPrinter</name>
		<wmc>17</wmc>
		<dit>1</dit>
		<noc>0</noc>
		<cbo>15</cbo>
		<rfc>39</rfc>
		<lcom>132</lcom>
		<ca>1</ca>
		<ce>14</ce>
		<npm>7</npm>
		<lcom3>0.65625</lcom3>
		<loc>276</loc>
		<dam>0.0</dam>
		<moa>0</moa>
		<mfa>0.0</mfa>
		<cam>0.20855614973262032</cam>
		<ic>0</ic>
		<cbm>0</cbm>
		<amc>15.117647058823529</amc>
		<cc>
			<method name="public java.io.PrintStream getWriter()">1</method>
			<method name="protected void printDefects(java.util.Enumeration booBoos, int count, String type)">4</method>
			<method name="void printWaitPrompt()">1</method>
			<method name="public void addError(junit.framework.Test test, Throwable t)">1</method>
			<method name="protected void printErrors(junit.framework.TestResult result)">1</method>
			<method name="public void printDefect(junit.framework.TestFailure booBoo, int count)">1</method>
			<method name="public void _init_(java.io.PrintStream writer)">1</method>
			<method name="public void addFailure(junit.framework.Test test, junit.framework.AssertionFailedError t)">1</method>
			<method name="protected void printFooter(junit.framework.TestResult result)">3</method>
			<method name="public void startTest(junit.framework.Test test)">2</method>
			<method name="protected void printFailures(junit.framework.TestResult result)">1</method>
			<method name="protected void printDefectTrace(junit.framework.TestFailure booBoo)">1</method>
			<method name="protected String elapsedTimeAsString(long runTime)">1</method>
			<method name="public void endTest(junit.framework.Test test)">1</method>
			<method name="synchronized void print(junit.framework.TestResult result, long runTime)">1</method>
			<method name="protected void printHeader(long runTime)">1</method>
			<method name="protected void printDefectHeader(junit.framework.TestFailure booBoo, int count)">1</method>
		</cc>
	</class>
	<class>
		<name>org.hamcrest.BaseDescription</name>
		<wmc>13</wmc>
		<dit>1</dit>
		<noc>1</noc>
		<cbo>17</cbo>
		<rfc>27</rfc>
		<lcom>78</lcom>
		<ca>1</ca>
		<ce>16</ce>
		<npm>7</npm>
		<lcom3>2.0</lcom3>
		<loc>241</loc>
		<dam>0.0</dam>
		<moa>0</moa>
		<mfa>0.0</mfa>
		<cam>0.28846153846153844</cam>
		<ic>0</ic>
		<cbm>0</cbm>
		<amc>17.53846153846154</amc>
		<cc>
			<method name="public org.hamcrest.Description appendDescriptionOf(org.hamcrest.SelfDescribing value)">1</method>
			<method name="private org.hamcrest.Description appendList(String start, String separator, String end, java.util.Iterator i)">3</method>
			<method name="private void toJavaSyntax(char ch)">6</method>
			<method name="public org.hamcrest.Description appendValue(Object value)">8</method>
			<method name="public transient org.hamcrest.Description appendValueList(String start, String separator, String end, Object[] values)">1</method>
			<method name="public org.hamcrest.Description appendValueList(String start, String separator, String end, Iterable values)">1</method>
			<method name="public org.hamcrest.Description appendList(String start, String separator, String end, Iterable values)">1</method>
			<method name="private org.hamcrest.Description appendValueList(String start, String separator, String end, java.util.Iterator values)">1</method>
			<method name="public org.hamcrest.Description appendText(String text)">1</method>
			<method name="protected void append(String str)">2</method>
			<method name="protected abstract void append(char)">1</method>
			<method name="private void toJavaSyntax(String unformatted)">2</method>
			<method name="public void _init_()">1</method>
		</cc>
	</class>
	<class>
		<name>org.hamcrest.core.IsNot</name>
		<wmc>5</wmc>
		<dit>0</dit>
		<noc>0</noc>
		<cbo>10</cbo>
		<rfc>10</rfc>
		<lcom>4</lcom>
		<ca>2</ca>
		<ce>8</ce>
		<npm>5</npm>
		<lcom3>0.0</lcom3>
		<loc>38</loc>
		<dam>1.0</dam>
		<moa>1</moa>
		<mfa>0.0</mfa>
		<cam>0.4</cam>
		<ic>0</ic>
		<cbm>0</cbm>
		<amc>6.4</amc>
		<cc>
			<method name="public boolean matches(Object arg)">2</method>
			<method name="public static org.hamcrest.Matcher not(org.hamcrest.Matcher matcher)">1</method>
			<method name="public static org.hamcrest.Matcher not(Object value)">1</method>
			<method name="public void _init_(org.hamcrest.Matcher matcher)">1</method>
			<method name="public void describeTo(org.hamcrest.Description description)">1</method>
		</cc>
	</class>
	<class>
		<name>org.junit.internal.runners.SuiteMethod</name>
		<wmc>2</wmc>
		<dit>0</dit>
		<noc>1</noc>
		<cbo>14</cbo>
		<rfc>13</rfc>
		<lcom>1</lcom>
		<ca>2</ca>
		<ce>12</ce>
		<npm>2</npm>
		<lcom3>2.0</lcom3>
		<loc>48</loc>
		<dam>0.0</dam>
		<moa>0</moa>
		<mfa>0.0</mfa>
		<cam>0.75</cam>
		<ic>0</ic>
		<cbm>0</cbm>
		<amc>23.0</amc>
		<cc>
			<method name="public void _init_(Class klass)">1</method>
			<method name="public static junit.framework.Test testFromSuiteMethod(Class klass)">1</method>
		</cc>
	</class>
	<class>
		<name>junit.extensions.ActiveTestSuite$1</name>
		<wmc>2</wmc>
		<dit>2</dit>
		<noc>0</noc>
		<cbo>6</cbo>
		<rfc>5</rfc>
		<lcom>0</lcom>
		<ca>1</ca>
		<ce>6</ce>
		<npm>1</npm>
		<lcom3>0.0</lcom3>
		<loc>33</loc>
		<dam>0.0</dam>
		<moa>3</moa>
		<mfa>0.9846153846153847</mfa>
		<cam>0.625</cam>
		<ic>0</ic>
		<cbm>0</cbm>
		<amc>14.0</amc>
		<cc>
			<method name="void _init_(junit.extensions.ActiveTestSuite, junit.framework.Test, junit.framework.TestResult)">1</method>
			<method name="public void run()">1</method>
		</cc>
	</class>
	<class>
		<name>org.junit.runner.RunWith</name>
		<wmc>1</wmc>
		<dit>1</dit>
		<noc>0</noc>
		<cbo>4</cbo>
		<rfc>1</rfc>
		<lcom>0</lcom>
		<ca>1</ca>
		<ce>3</ce>
		<npm>1</npm>
		<lcom3>2.0</lcom3>
		<loc>1</loc>
		<dam>0.0</dam>
		<moa>0</moa>
		<mfa>0.0</mfa>
		<cam>1.0</cam>
		<ic>0</ic>
		<cbm>0</cbm>
		<amc>0.0</amc>
		<cc>
			<method name="public abstract Class value()">1</method>
		</cc>
	</class>
	<class>
		<name>org.junit.experimental.results.PrintableResult</name>
		<wmc>6</wmc>
		<dit>1</dit>
		<noc>0</noc>
		<cbo>13</cbo>
		<rfc>17</rfc>
		<lcom>9</lcom>
		<ca>1</ca>
		<ce>12</ce>
		<npm>4</npm>
		<lcom3>0.2</lcom3>
		<loc>58</loc>
		<dam>1.0</dam>
		<moa>1</moa>
		<mfa>0.0</mfa>
		<cam>0.375</cam>
		<ic>0</ic>
		<cbm>0</cbm>
		<amc>8.5</amc>
		<cc>
			<method name="public String toString()">1</method>
			<method name="public void _init_(java.util.List failures)">1</method>
			<method name="public static org.junit.experimental.results.PrintableResult testResult(Class type)">1</method>
			<method name="private void _init_(Class type)">1</method>
			<method name="private void _init_(org.junit.runner.Result result)">1</method>
			<method name="public int failureCount()">1</method>
		</cc>
	</class>
	<class>
		<name>org.hamcrest.core.AllOf</name>
		<wmc>5</wmc>
		<dit>0</dit>
		<noc>0</noc>
		<cbo>12</cbo>
		<rfc>12</rfc>
		<lcom>4</lcom>
		<ca>2</ca>
		<ce>10</ce>
		<npm>5</npm>
		<lcom3>0.25</lcom3>
		<loc>50</loc>
		<dam>1.0</dam>
		<moa>0</moa>
		<mfa>0.0</mfa>
		<cam>0.32</cam>
		<ic>0</ic>
		<cbm>0</cbm>
		<amc>8.8</amc>
		<cc>
			<method name="public void _init_(Iterable matchers)">1</method>
			<method name="public static transient org.hamcrest.Matcher allOf(org.hamcrest.Matcher[] matchers)">1</method>
			<method name="public static org.hamcrest.Matcher allOf(Iterable matchers)">1</method>
			<method name="public void describeTo(org.hamcrest.Description description)">1</method>
			<method name="public boolean matches(Object o)">2</method>
		</cc>
	</class>
	<class>
		<name>org.junit.internal.runners.statements.InvokeMethod</name>
		<wmc>2</wmc>
		<dit>0</dit>
		<noc>0</noc>
		<cbo>6</cbo>
		<rfc>4</rfc>
		<lcom>0</lcom>
		<ca>1</ca>
		<ce>5</ce>
		<npm>2</npm>
		<lcom3>0.0</lcom3>
		<loc>22</loc>
		<dam>1.0</dam>
		<moa>1</moa>
		<mfa>0.0</mfa>
		<cam>0.6666666666666666</cam>
		<ic>0</ic>
		<cbm>0</cbm>
		<amc>9.0</amc>
		<cc>
			<method name="public void evaluate()">1</method>
			<method name="public void _init_(org.junit.runners.model.FrameworkMethod testMethod, Object target)">1</method>
		</cc>
	</class>
	<class>
		<name>org.junit.rules.TestWatchman$1</name>
		<wmc>2</wmc>
		<dit>0</dit>
		<noc>0</noc>
		<cbo>6</cbo>
		<rfc>8</rfc>
		<lcom>0</lcom>
		<ca>1</ca>
		<ce>6</ce>
		<npm>1</npm>
		<lcom3>0.0</lcom3>
		<loc>54</loc>
		<dam>0.0</dam>
		<moa>3</moa>
		<mfa>0.0</mfa>
		<cam>0.625</cam>
		<ic>0</ic>
		<cbm>0</cbm>
		<amc>24.5</amc>
		<cc>
			<method name="void _init_(org.junit.rules.TestWatchman, org.junit.runners.model.FrameworkMethod, org.junit.runners.model.Statement)">1</method>
			<method name="public void evaluate()">1</method>
		</cc>
	</class>
	<class>
		<name>org.junit.runners.Parameterized$TestClassRunnerForParameters</name>
		<wmc>7</wmc>
		<dit>0</dit>
		<noc>0</noc>
		<cbo>16</cbo>
		<rfc>20</rfc>
		<lcom>9</lcom>
		<ca>1</ca>
		<ce>16</ce>
		<npm>1</npm>
		<lcom3>0.5555555555555556</lcom3>
		<loc>96</loc>
		<dam>0.6666666666666666</dam>
		<moa>1</moa>
		<mfa>0.0</mfa>
		<cam>0.2857142857142857</cam>
		<ic>0</ic>
		<cbm>0</cbm>
		<amc>12.285714285714286</amc>
		<cc>
			<method name="protected void validateConstructor(java.util.List errors)">1</method>
			<method name="public Object createTest()">1</method>
			<method name="private Object[] computeParams()">1</method>
			<method name="protected String getName()">1</method>
			<method name="protected org.junit.runners.model.Statement classBlock(org.junit.runner.notification.RunNotifier notifier)">1</method>
			<method name="void _init_(org.junit.runners.Parameterized, Class type, java.util.List parameterList, int i)">1</method>
			<method name="protected String testName(org.junit.runners.model.FrameworkMethod method)">1</method>
		</cc>
	</class>
	<class>
		<name>junit.extensions.ActiveTestSuite</name>
		<wmc>8</wmc>
		<dit>0</dit>
		<noc>0</noc>
		<cbo>10</cbo>
		<rfc>18</rfc>
		<lcom>22</lcom>
		<ca>1</ca>
		<ce>10</ce>
		<npm>7</npm>
		<lcom3>0.7142857142857143</lcom3>
		<loc>64</loc>
		<dam>1.0</dam>
		<moa>0</moa>
		<mfa>0.0</mfa>
		<cam>0.375</cam>
		<ic>0</ic>
		<cbm>0</cbm>
		<amc>6.875</amc>
		<cc>
			<method name="public synchronized void runFinished()">1</method>
			<method name="public void run(junit.framework.TestResult result)">1</method>
			<method name="public void _init_(String name)">1</method>
			<method name="public void _init_(Class theClass, String name)">1</method>
			<method name="synchronized void waitUntilFinished()">2</method>
			<method name="public void _init_()">1</method>
			<method name="public void runTest(junit.framework.Test test, junit.framework.TestResult result)">1</method>
			<method name="public void _init_(Class theClass)">1</method>
		</cc>
	</class>
	<class>
		<name>org.junit.experimental.theories.Theories</name>
		<wmc>7</wmc>
		<dit>0</dit>
		<noc>0</noc>
		<cbo>18</cbo>
		<rfc>33</rfc>
		<lcom>21</lcom>
		<ca>0</ca>
		<ce>18</ce>
		<npm>2</npm>
		<lcom3>2.0</lcom3>
		<loc>120</loc>
		<dam>0.0</dam>
		<moa>0</moa>
		<mfa>0.0</mfa>
		<cam>0.4642857142857143</cam>
		<ic>0</ic>
		<cbm>0</cbm>
		<amc>16.142857142857142</amc>
		<cc>
			<method name="protected void validateConstructor(java.util.List errors)">1</method>
			<method name="protected java.util.List computeTestMethods()">1</method>
			<method name="private void validateDataPointFields(java.util.List errors)">4</method>
			<method name="public org.junit.runners.model.Statement methodBlock(org.junit.runners.model.FrameworkMethod method)">1</method>
			<method name="public void _init_(Class klass)">1</method>
			<method name="protected void collectInitializationErrors(java.util.List errors)">1</method>
			<method name="protected void validateTestMethods(java.util.List errors)">3</method>
		</cc>
	</class>
	<class>
		<name>org.junit.internal.ComparisonCriteria</name>
		<wmc>5</wmc>
		<dit>1</dit>
		<noc>2</noc>
		<cbo>11</cbo>
		<rfc>17</rfc>
		<lcom>10</lcom>
		<ca>2</ca>
		<ce>9</ce>
		<npm>2</npm>
		<lcom3>2.0</lcom3>
		<loc>138</loc>
		<dam>0.0</dam>
		<moa>0</moa>
		<mfa>0.0</mfa>
		<cam>0.7333333333333333</cam>
		<ic>0</ic>
		<cbm>0</cbm>
		<amc>26.6</amc>
		<cc>
			<method name="public void arrayEquals(String message, Object expecteds, Object actuals)">1</method>
			<method name="private boolean isArray(Object expected)">3</method>
			<method name="private int assertArraysAreSameLength(Object expecteds, Object actuals, String header)">4</method>
			<method name="protected abstract void assertElementsEqual(Object, Object)">1</method>
			<method name="public void _init_()">1</method>
		</cc>
	</class>
	<class>
		<name>org.hamcrest.core.IsEqual</name>
		<wmc>9</wmc>
		<dit>0</dit>
		<noc>0</noc>
		<cbo>11</cbo>
		<rfc>16</rfc>
		<lcom>30</lcom>
		<ca>4</ca>
		<ce>7</ce>
		<npm>4</npm>
		<lcom3>0.625</lcom3>
		<loc>107</loc>
		<dam>1.0</dam>
		<moa>0</moa>
		<mfa>0.0</mfa>
		<cam>0.4444444444444444</cam>
		<ic>0</ic>
		<cbm>0</cbm>
		<amc>10.777777777777779</amc>
		<cc>
			<method name="public boolean matches(Object arg)">1</method>
			<method name="public void _init_(Object equalArg)">1</method>
			<method name="private static boolean areArraysEqual(Object o1, Object o2)">3</method>
			<method name="private static boolean areArrayLengthsEqual(Object o1, Object o2)">2</method>
			<method name="public void describeTo(org.hamcrest.Description description)">1</method>
			<method name="public static org.hamcrest.Matcher equalTo(Object operand)">1</method>
			<method name="private static boolean areEqual(Object o1, Object o2)">8</method>
			<method name="private static boolean areArrayElementsEqual(Object o1, Object o2)">3</method>
			<method name="private static boolean isArray(Object o)">1</method>
		</cc>
	</class>
	<class>
		<name>org.junit.internal.requests.ClassRequest</name>
		<wmc>3</wmc>
		<dit>0</dit>
		<noc>0</noc>
		<cbo>6</cbo>
		<rfc>6</rfc>
		<lcom>1</lcom>
		<ca>1</ca>
		<ce>6</ce>
		<npm>3</npm>
		<lcom3>0.0</lcom3>
		<loc>28</loc>
		<dam>1.0</dam>
		<moa>0</moa>
		<mfa>0.0</mfa>
		<cam>0.6666666666666666</cam>
		<ic>0</ic>
		<cbm>0</cbm>
		<amc>7.666666666666667</amc>
		<cc>
			<method name="public void _init_(Class testClass)">1</method>
			<method name="public void _init_(Class testClass, boolean canUseSuiteMethod)">1</method>
			<method name="public org.junit.runner.Runner getRunner()">1</method>
		</cc>
	</class>
	<class>
		<name>org.junit.rules.Timeout</name>
		<wmc>2</wmc>
		<dit>1</dit>
		<noc>0</noc>
		<cbo>6</cbo>
		<rfc>4</rfc>
		<lcom>0</lcom>
		<ca>0</ca>
		<ce>6</ce>
		<npm>2</npm>
		<lcom3>0.0</lcom3>
		<loc>17</loc>
		<dam>1.0</dam>
		<moa>0</moa>
		<mfa>0.0</mfa>
		<cam>0.6</cam>
		<ic>0</ic>
		<cbm>0</cbm>
		<amc>7.0</amc>
		<cc>
			<method name="public org.junit.runners.model.Statement apply(org.junit.runners.model.Statement base, org.junit.runners.model.FrameworkMethod method, Object target)">1</method>
			<method name="public void _init_(int millis)">1</method>
		</cc>
	</class>
	<class>
		<name>junit.framework.TestCase</name>
		<wmc>13</wmc>
		<dit>0</dit>
		<noc>1</noc>
		<cbo>20</cbo>
		<rfc>30</rfc>
		<lcom>58</lcom>
		<ca>6</ca>
		<ce>15</ce>
		<npm>9</npm>
		<lcom3>0.5</lcom3>
		<loc>177</loc>
		<dam>1.0</dam>
		<moa>0</moa>
		<mfa>0.0</mfa>
		<cam>0.41025641025641024</cam>
		<ic>0</ic>
		<cbm>0</cbm>
		<amc>12.538461538461538</amc>
		<cc>
			<method name="public void run(junit.framework.TestResult result)">1</method>
			<method name="public void setName(String name)">1</method>
			<method name="public void _init_(String name)">1</method>
			<method name="protected void runTest()">1</method>
			<method name="protected void tearDown()">1</method>
			<method name="public String getName()">1</method>
			<method name="protected void setUp()">1</method>
			<method name="public String toString()">1</method>
			<method name="public junit.framework.TestResult run()">1</method>
			<method name="public void runBare()">1</method>
			<method name="public void _init_()">1</method>
			<method name="public int countTestCases()">1</method>
			<method name="protected junit.framework.TestResult createResult()">1</method>
		</cc>
	</class>
	<class>
		<name>org.junit.Before</name>
		<wmc>0</wmc>
		<dit>1</dit>
		<noc>0</noc>
		<cbo>2</cbo>
		<rfc>0</rfc>
		<lcom>0</lcom>
		<ca>0</ca>
		<ce>2</ce>
		<npm>0</npm>
		<lcom3>2.0</lcom3>
		<loc>0</loc>
		<dam>0.0</dam>
		<moa>0</moa>
		<mfa>0.0</mfa>
		<cam>0.0</cam>
		<ic>0</ic>
		<cbm>0</cbm>
		<amc>0.0</amc>
		<cc>
		</cc>
	</class>
	<class>
		<name>org.junit.Test$None</name>
		<wmc>1</wmc>
		<dit>2</dit>
		<noc>0</noc>
		<cbo>3</cbo>
		<rfc>2</rfc>
		<lcom>0</lcom>
		<ca>0</ca>
		<ce>3</ce>
		<npm>0</npm>
		<lcom3>2.0</lcom3>
		<loc>5</loc>
		<dam>1.0</dam>
		<moa>0</moa>
		<mfa>1.0</mfa>
		<cam>1.0</cam>
		<ic>0</ic>
		<cbm>0</cbm>
		<amc>3.0</amc>
		<cc>
			<method name="private void _init_()">1</method>
		</cc>
	</class>
	<class>
		<name>org.junit.runner.manipulation.Filter</name>
		<wmc>6</wmc>
		<dit>1</dit>
		<noc>3</noc>
		<cbo>16</cbo>
		<rfc>10</rfc>
		<lcom>15</lcom>
		<ca>11</ca>
		<ce>8</ce>
		<npm>5</npm>
		<lcom3>1.0</lcom3>
		<loc>31</loc>
		<dam>0.0</dam>
		<moa>1</moa>
		<mfa>0.0</mfa>
		<cam>0.4666666666666667</cam>
		<ic>0</ic>
		<cbm>0</cbm>
		<amc>4.0</amc>
		<cc>
			<method name="public static org.junit.runner.manipulation.Filter matchMethodDescription(org.junit.runner.Description desiredDescription)">1</method>
			<method name="public void apply(Object child)">1</method>
			<method name="static void _clinit_()">1</method>
			<method name="public abstract String describe()">1</method>
			<method name="public void _init_()">1</method>
			<method name="public abstract boolean shouldRun(org.junit.runner.Description)">1</method>
		</cc>
	</class>
	<class>
		<name>org.junit.runner.notification.RunNotifier$SafeNotifier</name>
		<wmc>4</wmc>
		<dit>1</dit>
		<noc>7</noc>
		<cbo>17</cbo>
		<rfc>12</rfc>
		<lcom>4</lcom>
		<ca>7</ca>
		<ce>11</ce>
		<npm>0</npm>
		<lcom3>0.3333333333333333</lcom3>
		<loc>56</loc>
		<dam>0.0</dam>
		<moa>1</moa>
		<mfa>0.0</mfa>
		<cam>0.5</cam>
		<ic>0</ic>
		<cbm>0</cbm>
		<amc>12.75</amc>
		<cc>
			<method name="void _init_(org.junit.runner.notification.RunNotifier x0, org.junit.runner.notification.RunNotifier$1 x1)">1</method>
			<method name="private void _init_(org.junit.runner.notification.RunNotifier)">1</method>
			<method name="void run()">2</method>
			<method name="protected abstract void notifyListener(org.junit.runner.notification.RunListener)">1</method>
		</cc>
	</class>
	<class>
		<name>org.junit.Test</name>
		<wmc>2</wmc>
		<dit>1</dit>
		<noc>0</noc>
		<cbo>6</cbo>
		<rfc>2</rfc>
		<lcom>1</lcom>
		<ca>2</ca>
		<ce>4</ce>
		<npm>2</npm>
		<lcom3>2.0</lcom3>
		<loc>2</loc>
		<dam>0.0</dam>
		<moa>0</moa>
		<mfa>0.0</mfa>
		<cam>1.0</cam>
		<ic>0</ic>
		<cbm>0</cbm>
		<amc>0.0</amc>
		<cc>
			<method name="public abstract long timeout()">1</method>
			<method name="public abstract Class expected()">1</method>
		</cc>
	</class>
	<class>
		<name>junit.framework.JUnit4TestCaseFacade</name>
		<wmc>5</wmc>
		<dit>1</dit>
		<noc>0</noc>
		<cbo>9</cbo>
		<rfc>8</rfc>
		<lcom>8</lcom>
		<ca>1</ca>
		<ce>8</ce>
		<npm>4</npm>
		<lcom3>0.5</lcom3>
		<loc>26</loc>
		<dam>1.0</dam>
		<moa>1</moa>
		<mfa>0.0</mfa>
		<cam>0.4666666666666667</cam>
		<ic>0</ic>
		<cbm>0</cbm>
		<amc>4.0</amc>
		<cc>
			<method name="public String toString()">1</method>
			<method name="public void run(junit.framework.TestResult result)">1</method>
			<method name="void _init_(org.junit.runner.Description description)">1</method>
			<method name="public org.junit.runner.Description getDescription()">1</method>
			<method name="public int countTestCases()">1</method>
		</cc>
	</class>
	<class>
		<name>org.hamcrest.Matcher</name>
		<wmc>2</wmc>
		<dit>1</dit>
		<noc>0</noc>
		<cbo>31</cbo>
		<rfc>2</rfc>
		<lcom>1</lcom>
		<ca>28</ca>
		<ce>3</ce>
		<npm>2</npm>
		<lcom3>2.0</lcom3>
		<loc>2</loc>
		<dam>0.0</dam>
		<moa>0</moa>
		<mfa>0.0</mfa>
		<cam>0.75</cam>
		<ic>0</ic>
		<cbm>0</cbm>
		<amc>0.0</amc>
		<cc>
			<method name="public abstract boolean matches(Object)">1</method>
			<method name="public abstract void _dont_implement_Matcher___instead_extend_BaseMatcher_()">1</method>
		</cc>
	</class>
	<class>
		<name>org.junit.internal.requests.FilterRequest</name>
		<wmc>2</wmc>
		<dit>0</dit>
		<noc>0</noc>
		<cbo>11</cbo>
		<rfc>10</rfc>
		<lcom>0</lcom>
		<ca>1</ca>
		<ce>11</ce>
		<npm>2</npm>
		<lcom3>0.0</lcom3>
		<loc>48</loc>
		<dam>1.0</dam>
		<moa>2</moa>
		<mfa>0.0</mfa>
		<cam>0.6666666666666666</cam>
		<ic>0</ic>
		<cbm>0</cbm>
		<amc>22.0</amc>
		<cc>
			<method name="public void _init_(org.junit.runner.Request classRequest, org.junit.runner.manipulation.Filter filter)">1</method>
			<method name="public org.junit.runner.Runner getRunner()">1</method>
		</cc>
	</class>
	<class>
		<name>org.junit.experimental.theories.internal.AllMembersSupplier$MethodParameterValue</name>
		<wmc>4</wmc>
		<dit>0</dit>
		<noc>0</noc>
		<cbo>12</cbo>
		<rfc>9</rfc>
		<lcom>0</lcom>
		<ca>1</ca>
		<ce>11</ce>
		<npm>2</npm>
		<lcom3>0.0</lcom3>
		<loc>43</loc>
		<dam>1.0</dam>
		<moa>1</moa>
		<mfa>0.0</mfa>
		<cam>0.5833333333333334</cam>
		<ic>0</ic>
		<cbm>0</cbm>
		<amc>9.5</amc>
		<cc>
			<method name="public String getDescription()">1</method>
			<method name="void _init_(org.junit.runners.model.FrameworkMethod x0, org.junit.experimental.theories.internal.AllMembersSupplier$1 x1)">1</method>
			<method name="public Object getValue()">1</method>
			<method name="private void _init_(org.junit.runners.model.FrameworkMethod dataPointMethod)">1</method>
		</cc>
	</class>
	<class>
		<name>org.junit.experimental.categories.Categories$ExcludeCategory</name>
		<wmc>1</wmc>
		<dit>1</dit>
		<noc>0</noc>
		<cbo>4</cbo>
		<rfc>1</rfc>
		<lcom>0</lcom>
		<ca>1</ca>
		<ce>3</ce>
		<npm>1</npm>
		<lcom3>2.0</lcom3>
		<loc>1</loc>
		<dam>0.0</dam>
		<moa>0</moa>
		<mfa>0.0</mfa>
		<cam>1.0</cam>
		<ic>0</ic>
		<cbm>0</cbm>
		<amc>0.0</amc>
		<cc>
			<method name="public abstract Class value()">1</method>
		</cc>
	</class>
	<class>
		<name>org.junit.ComparisonFailure</name>
		<wmc>4</wmc>
		<dit>4</dit>
		<noc>0</noc>
		<cbo>6</cbo>
		<rfc>8</rfc>
		<lcom>0</lcom>
		<ca>1</ca>
		<ce>5</ce>
		<npm>4</npm>
		<lcom3>0.8333333333333334</lcom3>
		<loc>36</loc>
		<dam>1.0</dam>
		<moa>0</moa>
		<mfa>0.875</mfa>
		<cam>0.625</cam>
		<ic>1</ic>
		<cbm>1</cbm>
		<amc>7.0</amc>
		<cc>
			<method name="public String getExpected()">1</method>
			<method name="public String getActual()">1</method>
			<method name="public String getMessage()">1</method>
			<method name="public void _init_(String message, String expected, String actual)">1</method>
		</cc>
	</class>
	<class>
		<name>org.junit.internal.runners.MethodRoadie$1$1</name>
		<wmc>2</wmc>
		<dit>1</dit>
		<noc>0</noc>
		<cbo>6</cbo>
		<rfc>4</rfc>
		<lcom>0</lcom>
		<ca>1</ca>
		<ce>6</ce>
		<npm>1</npm>
		<lcom3>0.0</lcom3>
		<loc>15</loc>
		<dam>0.0</dam>
		<moa>1</moa>
		<mfa>0.0</mfa>
		<cam>0.75</cam>
		<ic>0</ic>
		<cbm>0</cbm>
		<amc>6.0</amc>
		<cc>
			<method name="public Object call()">1</method>
			<method name="void _init_(org.junit.internal.runners.MethodRoadie$1)">1</method>
		</cc>
	</class>
	<class>
		<name>org.junit.runners.model.RunnerBuilder</name>
		<wmc>7</wmc>
		<dit>1</dit>
		<noc>8</noc>
		<cbo>26</cbo>
		<rfc>17</rfc>
		<lcom>15</lcom>
		<ca>14</ca>
		<ce>12</ce>
		<npm>4</npm>
		<lcom3>0.5</lcom3>
		<loc>104</loc>
		<dam>1.0</dam>
		<moa>0</moa>
		<mfa>0.0</mfa>
		<cam>0.6666666666666666</cam>
		<ic>0</ic>
		<cbm>0</cbm>
		<amc>13.714285714285714</amc>
		<cc>
			<method name="public org.junit.runner.Runner safeRunnerForClass(Class testClass)">1</method>
			<method name="Class addParent(Class parent)">1</method>
			<method name="void removeParent(Class klass)">1</method>
			<method name="private java.util.List runners(Class[] children)">3</method>
			<method name="public java.util.List runners(Class parent, Class[] children)">1</method>
			<method name="public abstract org.junit.runner.Runner runnerForClass(Class)">1</method>
			<method name="public void _init_()">1</method>
		</cc>
	</class>
	<class>
		<name>org.junit.runner.manipulation.Filterable</name>
		<wmc>1</wmc>
		<dit>1</dit>
		<noc>0</noc>
		<cbo>8</cbo>
		<rfc>1</rfc>
		<lcom>0</lcom>
		<ca>5</ca>
		<ce>4</ce>
		<npm>1</npm>
		<lcom3>2.0</lcom3>
		<loc>1</loc>
		<dam>0.0</dam>
		<moa>0</moa>
		<mfa>0.0</mfa>
		<cam>1.0</cam>
		<ic>0</ic>
		<cbm>0</cbm>
		<amc>0.0</amc>
		<cc>
			<method name="public abstract void filter(org.junit.runner.manipulation.Filter)">1</method>
		</cc>
	</class>
	<class>
		<name>org.junit.experimental.theories.Theories$TheoryAnchor$1$1</name>
		<wmc>2</wmc>
		<dit>0</dit>
		<noc>0</noc>
		<cbo>8</cbo>
		<rfc>9</rfc>
		<lcom>0</lcom>
		<ca>1</ca>
		<ce>8</ce>
		<npm>1</npm>
		<lcom3>0.0</lcom3>
		<loc>43</loc>
		<dam>0.0</dam>
		<moa>2</moa>
		<mfa>0.0</mfa>
		<cam>0.6666666666666666</cam>
		<ic>0</ic>
		<cbm>0</cbm>
		<amc>19.5</amc>
		<cc>
			<method name="void _init_(org.junit.experimental.theories.Theories$TheoryAnchor$1, org.junit.runners.model.Statement)">1</method>
			<method name="public void evaluate()">1</method>
		</cc>
	</class>
	<class>
		<name>org.junit.experimental.max.MaxHistory$1</name>
		<wmc>0</wmc>
		<dit>1</dit>
		<noc>0</noc>
		<cbo>4</cbo>
		<rfc>0</rfc>
		<lcom>0</lcom>
		<ca>3</ca>
		<ce>1</ce>
		<npm>0</npm>
		<lcom3>2.0</lcom3>
		<loc>0</loc>
		<dam>0.0</dam>
		<moa>0</moa>
		<mfa>0.0</mfa>
		<cam>0.0</cam>
		<ic>0</ic>
		<cbm>0</cbm>
		<amc>0.0</amc>
		<cc>
		</cc>
	</class>
	<class>
		<name>org.junit.runner.notification.RunNotifier$1</name>
		<wmc>2</wmc>
		<dit>0</dit>
		<noc>0</noc>
		<cbo>13</cbo>
		<rfc>4</rfc>
		<lcom>0</lcom>
		<ca>8</ca>
		<ce>7</ce>
		<npm>0</npm>
		<lcom3>0.5</lcom3>
		<loc>20</loc>
		<dam>0.0</dam>
		<moa>2</moa>
		<mfa>0.0</mfa>
		<cam>0.625</cam>
		<ic>0</ic>
		<cbm>0</cbm>
		<amc>8.0</amc>
		<cc>
			<method name="void _init_(org.junit.runner.notification.RunNotifier, org.junit.runner.Description)">1</method>
			<method name="protected void notifyListener(org.junit.runner.notification.RunListener each)">1</method>
		</cc>
	</class>
	<class>
		<name>org.junit.internal.runners.model.EachTestNotifier</name>
		<wmc>7</wmc>
		<dit>1</dit>
		<noc>0</noc>
		<cbo>12</cbo>
		<rfc>18</rfc>
		<lcom>0</lcom>
		<ca>2</ca>
		<ce>10</ce>
		<npm>6</npm>
		<lcom3>0.0</lcom3>
		<loc>80</loc>
		<dam>1.0</dam>
		<moa>2</moa>
		<mfa>0.0</mfa>
		<cam>0.2857142857142857</cam>
		<ic>0</ic>
		<cbm>0</cbm>
		<amc>10.142857142857142</amc>
		<cc>
			<method name="public void _init_(org.junit.runner.notification.RunNotifier notifier, org.junit.runner.Description description)">1</method>
			<method name="public void addFailedAssumption(org.junit.internal.AssumptionViolatedException e)">1</method>
			<method name="public void fireTestFinished()">1</method>
			<method name="public void fireTestStarted()">1</method>
			<method name="public void addFailure(Throwable targetException)">2</method>
			<method name="private void addMultipleFailureException(org.junit.internal.runners.model.MultipleFailureException mfe)">2</method>
			<method name="public void fireTestIgnored()">1</method>
		</cc>
	</class>
	<class>
		<name>org.junit.runner.notification.RunListener</name>
		<wmc>8</wmc>
		<dit>1</dit>
		<noc>4</noc>
		<cbo>24</cbo>
		<rfc>9</rfc>
		<lcom>28</lcom>
		<ca>19</ca>
		<ce>6</ce>
		<npm>8</npm>
		<lcom3>2.0</lcom3>
		<loc>18</loc>
		<dam>0.0</dam>
		<moa>0</moa>
		<mfa>0.0</mfa>
		<cam>0.46875</cam>
		<ic>0</ic>
		<cbm>0</cbm>
		<amc>1.25</amc>
		<cc>
			<method name="public void testFailure(org.junit.runner.notification.Failure failure)">1</method>
			<method name="public void testAssumptionFailure(org.junit.runner.notification.Failure failure)">1</method>
			<method name="public void testIgnored(org.junit.runner.Description description)">1</method>
			<method name="public void _init_()">1</method>
			<method name="public void testRunFinished(org.junit.runner.Result result)">1</method>
			<method name="public void testStarted(org.junit.runner.Description description)">1</method>
			<method name="public void testFinished(org.junit.runner.Description description)">1</method>
			<method name="public void testRunStarted(org.junit.runner.Description description)">1</method>
		</cc>
	</class>
	<class>
		<name>junit.framework.TestFailure</name>
		<wmc>7</wmc>
		<dit>1</dit>
		<noc>0</noc>
		<cbo>13</cbo>
		<rfc>20</rfc>
		<lcom>11</lcom>
		<ca>2</ca>
		<ce>11</ce>
		<npm>7</npm>
		<lcom3>0.4166666666666667</lcom3>
		<loc>74</loc>
		<dam>1.0</dam>
		<moa>1</moa>
		<mfa>0.0</mfa>
		<cam>0.42857142857142855</cam>
		<ic>0</ic>
		<cbm>0</cbm>
		<amc>9.285714285714286</amc>
		<cc>
			<method name="public void _init_(junit.framework.Test failedTest, Throwable thrownException)">1</method>
			<method name="public boolean isFailure()">1</method>
			<method name="public String toString()">1</method>
			<method name="public junit.framework.Test failedTest()">1</method>
			<method name="public Throwable thrownException()">1</method>
			<method name="public String trace()">1</method>
			<method name="public String exceptionMessage()">1</method>
		</cc>
	</class>
	<class>
		<name>org.junit.runner.Description</name>
		<wmc>24</wmc>
		<dit>1</dit>
		<noc>0</noc>
		<cbo>56</cbo>
		<rfc>48</rfc>
		<lcom>256</lcom>
		<ca>41</ca>
		<ce>15</ce>
		<npm>20</npm>
		<lcom3>0.7043478260869565</lcom3>
		<loc>276</loc>
		<dam>0.6</dam>
		<moa>2</moa>
		<mfa>0.0</mfa>
		<cam>0.2318840579710145</cam>
		<ic>1</ic>
		<cbm>1</cbm>
		<amc>10.291666666666666</amc>
		<cc>
			<method name="public static org.junit.runner.Description createSuiteDescription(Class testClass)">1</method>
			<method name="public boolean isSuite()">2</method>
			<method name="public Class getTestClass()">2</method>
			<method name="public int testCount()">3</method>
			<method name="public String getClassName()">2</method>
			<method name="public String getMethodName()">1</method>
			<method name="public static org.junit.runner.Description createTestDescription(Class clazz, String name)">1</method>
			<method name="public java.util.ArrayList getChildren()">1</method>
			<method name="private String parseMethod()">2</method>
			<method name="public java.lang.annotation.Annotation getAnnotation(Class annotationType)">3</method>
			<method name="public String toString()">1</method>
			<method name="public int hashCode()">1</method>
			<method name="public void addChild(org.junit.runner.Description description)">1</method>
			<method name="public boolean isTest()">1</method>
			<method name="private java.util.regex.Matcher methodStringMatcher()">1</method>
			<method name="public String getDisplayName()">1</method>
			<method name="public boolean equals(Object obj)">4</method>
			<method name="static void _clinit_()">1</method>
			<method name="public java.util.Collection getAnnotations()">1</method>
			<method name="public static transient org.junit.runner.Description createTestDescription(Class clazz, String name, java.lang.annotation.Annotation[] annotations)">1</method>
			<method name="private transient void _init_(String displayName, java.lang.annotation.Annotation[] annotations)">1</method>
			<method name="public boolean isEmpty()">1</method>
			<method name="public org.junit.runner.Description childlessCopy()">1</method>
			<method name="public static transient org.junit.runner.Description createSuiteDescription(String name, java.lang.annotation.Annotation[] annotations)">2</method>
		</cc>
	</class>
	<class>
		<name>org.junit.experimental.max.MaxCore$1$1</name>
		<wmc>1</wmc>
		<dit>0</dit>
		<noc>0</noc>
		<cbo>7</cbo>
		<rfc>2</rfc>
		<lcom>0</lcom>
		<ca>1</ca>
		<ce>7</ce>
		<npm>0</npm>
		<lcom3>2.0</lcom3>
		<loc>10</loc>
		<dam>0.0</dam>
		<moa>1</moa>
		<mfa>0.0</mfa>
		<cam>1.0</cam>
		<ic>0</ic>
		<cbm>0</cbm>
		<amc>8.0</amc>
		<cc>
			<method name="void _init_(org.junit.experimental.max.MaxCore$1, Class x0, java.util.List x1)">1</method>
		</cc>
	</class>
	<class>
		<name>org.junit.runner.notification.Failure</name>
		<wmc>7</wmc>
		<dit>1</dit>
		<noc>0</noc>
		<cbo>27</cbo>
		<rfc>20</rfc>
		<lcom>9</lcom>
		<ca>17</ca>
		<ce>10</ce>
		<npm>7</npm>
		<lcom3>0.4166666666666667</lcom3>
		<loc>74</loc>
		<dam>1.0</dam>
		<moa>1</moa>
		<mfa>0.0</mfa>
		<cam>0.42857142857142855</cam>
		<ic>0</ic>
		<cbm>0</cbm>
		<amc>9.285714285714286</amc>
		<cc>
			<method name="public String getTestHeader()">1</method>
			<method name="public String toString()">1</method>
			<method name="public org.junit.runner.Description getDescription()">1</method>
			<method name="public String getMessage()">1</method>
			<method name="public Throwable getException()">1</method>
			<method name="public void _init_(org.junit.runner.Description description, Throwable thrownException)">1</method>
			<method name="public String getTrace()">1</method>
		</cc>
	</class>
	<class>
		<name>org.junit.internal.runners.statements.FailOnTimeout</name>
		<wmc>5</wmc>
		<dit>0</dit>
		<noc>0</noc>
		<cbo>12</cbo>
		<rfc>14</rfc>
		<lcom>0</lcom>
		<ca>3</ca>
		<ce>10</ce>
		<npm>2</npm>
		<lcom3>0.625</lcom3>
		<loc>78</loc>
		<dam>1.0</dam>
		<moa>1</moa>
		<mfa>0.0</mfa>
		<cam>0.3</cam>
		<ic>0</ic>
		<cbm>0</cbm>
		<amc>13.8</amc>
		<cc>
			<method name="static org.junit.runners.model.Statement access$000(org.junit.internal.runners.statements.FailOnTimeout x0)">1</method>
			<method name="static boolean access$102(org.junit.internal.runners.statements.FailOnTimeout x0, boolean x1)">1</method>
			<method name="static Throwable access$202(org.junit.internal.runners.statements.FailOnTimeout x0, Throwable x1)">1</method>
			<method name="public void _init_(org.junit.runners.model.Statement next, long timeout)">1</method>
			<method name="public void evaluate()">1</method>
		</cc>
	</class>
	<class>
		<name>org.junit.internal.builders.AllDefaultPossibilitiesBuilder</name>
		<wmc>7</wmc>
		<dit>0</dit>
		<noc>0</noc>
		<cbo>18</cbo>
		<rfc>19</rfc>
		<lcom>19</lcom>
		<ca>3</ca>
		<ce>15</ce>
		<npm>2</npm>
		<lcom3>0.6666666666666666</lcom3>
		<loc>92</loc>
		<dam>1.0</dam>
		<moa>0</moa>
		<mfa>0.0</mfa>
		<cam>0.42857142857142855</cam>
		<ic>0</ic>
		<cbm>0</cbm>
		<amc>12.0</amc>
		<cc>
			<method name="public void _init_(boolean canUseSuiteMethod)">1</method>
			<method name="protected org.junit.internal.builders.JUnit3Builder junit3Builder()">1</method>
			<method name="protected org.junit.internal.builders.JUnit4Builder junit4Builder()">1</method>
			<method name="protected org.junit.internal.builders.IgnoredBuilder ignoredBuilder()">1</method>
			<method name="protected org.junit.runners.model.RunnerBuilder suiteMethodBuilder()">2</method>
			<method name="protected org.junit.internal.builders.AnnotatedBuilder annotatedBuilder()">1</method>
			<method name="public org.junit.runner.Runner runnerForClass(Class testClass)">1</method>
		</cc>
	</class>
	<class>
		<name>org.junit.runner.notification.RunNotifier$6</name>
		<wmc>2</wmc>
		<dit>0</dit>
		<noc>0</noc>
		<cbo>8</cbo>
		<rfc>4</rfc>
		<lcom>0</lcom>
		<ca>1</ca>
		<ce>8</ce>
		<npm>0</npm>
		<lcom3>0.5</lcom3>
		<loc>20</loc>
		<dam>0.0</dam>
		<moa>2</moa>
		<mfa>0.0</mfa>
		<cam>0.625</cam>
		<ic>0</ic>
		<cbm>0</cbm>
		<amc>8.0</amc>
		<cc>
			<method name="void _init_(org.junit.runner.notification.RunNotifier, org.junit.runner.Description)">1</method>
			<method name="protected void notifyListener(org.junit.runner.notification.RunListener each)">1</method>
		</cc>
	</class>
	<class>
		<name>org.junit.runner.notification.RunNotifier$7</name>
		<wmc>2</wmc>
		<dit>0</dit>
		<noc>0</noc>
		<cbo>8</cbo>
		<rfc>4</rfc>
		<lcom>0</lcom>
		<ca>1</ca>
		<ce>8</ce>
		<npm>0</npm>
		<lcom3>0.5</lcom3>
		<loc>20</loc>
		<dam>0.0</dam>
		<moa>2</moa>
		<mfa>0.0</mfa>
		<cam>0.625</cam>
		<ic>0</ic>
		<cbm>0</cbm>
		<amc>8.0</amc>
		<cc>
			<method name="void _init_(org.junit.runner.notification.RunNotifier, org.junit.runner.Description)">1</method>
			<method name="protected void notifyListener(org.junit.runner.notification.RunListener each)">1</method>
		</cc>
	</class>
	<class>
		<name>org.hamcrest.SelfDescribing</name>
		<wmc>1</wmc>
		<dit>1</dit>
		<noc>0</noc>
		<cbo>17</cbo>
		<rfc>1</rfc>
		<lcom>0</lcom>
		<ca>15</ca>
		<ce>3</ce>
		<npm>1</npm>
		<lcom3>2.0</lcom3>
		<loc>1</loc>
		<dam>0.0</dam>
		<moa>0</moa>
		<mfa>0.0</mfa>
		<cam>1.0</cam>
		<ic>0</ic>
		<cbm>0</cbm>
		<amc>0.0</amc>
		<cc>
			<method name="public abstract void describeTo(org.hamcrest.Description)">1</method>
		</cc>
	</class>
	<class>
		<name>org.junit.runner.notification.RunNotifier$2</name>
		<wmc>2</wmc>
		<dit>0</dit>
		<noc>0</noc>
		<cbo>8</cbo>
		<rfc>4</rfc>
		<lcom>0</lcom>
		<ca>1</ca>
		<ce>8</ce>
		<npm>0</npm>
		<lcom3>0.5</lcom3>
		<loc>20</loc>
		<dam>0.0</dam>
		<moa>2</moa>
		<mfa>0.0</mfa>
		<cam>0.625</cam>
		<ic>0</ic>
		<cbm>0</cbm>
		<amc>8.0</amc>
		<cc>
			<method name="void _init_(org.junit.runner.notification.RunNotifier, org.junit.runner.Result)">1</method>
			<method name="protected void notifyListener(org.junit.runner.notification.RunListener each)">1</method>
		</cc>
	</class>
	<class>
		<name>org.junit.runner.notification.RunNotifier$3</name>
		<wmc>2</wmc>
		<dit>0</dit>
		<noc>0</noc>
		<cbo>8</cbo>
		<rfc>4</rfc>
		<lcom>0</lcom>
		<ca>1</ca>
		<ce>8</ce>
		<npm>0</npm>
		<lcom3>0.5</lcom3>
		<loc>20</loc>
		<dam>0.0</dam>
		<moa>2</moa>
		<mfa>0.0</mfa>
		<cam>0.625</cam>
		<ic>0</ic>
		<cbm>0</cbm>
		<amc>8.0</amc>
		<cc>
			<method name="void _init_(org.junit.runner.notification.RunNotifier, org.junit.runner.Description)">1</method>
			<method name="protected void notifyListener(org.junit.runner.notification.RunListener each)">1</method>
		</cc>
	</class>
	<class>
		<name>org.junit.runner.notification.RunNotifier$4</name>
		<wmc>2</wmc>
		<dit>0</dit>
		<noc>0</noc>
		<cbo>8</cbo>
		<rfc>4</rfc>
		<lcom>0</lcom>
		<ca>1</ca>
		<ce>8</ce>
		<npm>0</npm>
		<lcom3>0.5</lcom3>
		<loc>20</loc>
		<dam>0.0</dam>
		<moa>2</moa>
		<mfa>0.0</mfa>
		<cam>0.625</cam>
		<ic>0</ic>
		<cbm>0</cbm>
		<amc>8.0</amc>
		<cc>
			<method name="protected void notifyListener(org.junit.runner.notification.RunListener each)">1</method>
			<method name="void _init_(org.junit.runner.notification.RunNotifier, org.junit.runner.notification.Failure)">1</method>
		</cc>
	</class>
	<class>
		<name>org.junit.runner.notification.RunNotifier$5</name>
		<wmc>2</wmc>
		<dit>0</dit>
		<noc>0</noc>
		<cbo>8</cbo>
		<rfc>4</rfc>
		<lcom>0</lcom>
		<ca>1</ca>
		<ce>8</ce>
		<npm>0</npm>
		<lcom3>0.5</lcom3>
		<loc>20</loc>
		<dam>0.0</dam>
		<moa>2</moa>
		<mfa>0.0</mfa>
		<cam>0.625</cam>
		<ic>0</ic>
		<cbm>0</cbm>
		<amc>8.0</amc>
		<cc>
			<method name="protected void notifyListener(org.junit.runner.notification.RunListener each)">1</method>
			<method name="void _init_(org.junit.runner.notification.RunNotifier, org.junit.runner.notification.Failure)">1</method>
		</cc>
	</class>
	<class>
		<name>org.junit.runners.model.Statement</name>
		<wmc>2</wmc>
		<dit>1</dit>
		<noc>14</noc>
		<cbo>29</cbo>
		<rfc>3</rfc>
		<lcom>1</lcom>
		<ca>26</ca>
		<ce>3</ce>
		<npm>2</npm>
		<lcom3>2.0</lcom3>
		<loc>5</loc>
		<dam>0.0</dam>
		<moa>0</moa>
		<mfa>0.0</mfa>
		<cam>1.0</cam>
		<ic>0</ic>
		<cbm>0</cbm>
		<amc>1.5</amc>
		<cc>
			<method name="public void _init_()">1</method>
			<method name="public abstract void evaluate()">1</method>
		</cc>
	</class>
	<class>
		<name>org.junit.rules.Verifier$1</name>
		<wmc>2</wmc>
		<dit>0</dit>
		<noc>0</noc>
		<cbo>5</cbo>
		<rfc>5</rfc>
		<lcom>0</lcom>
		<ca>1</ca>
		<ce>5</ce>
		<npm>1</npm>
		<lcom3>0.0</lcom3>
		<loc>20</loc>
		<dam>0.0</dam>
		<moa>2</moa>
		<mfa>0.0</mfa>
		<cam>0.6666666666666666</cam>
		<ic>0</ic>
		<cbm>0</cbm>
		<amc>8.0</amc>
		<cc>
			<method name="void _init_(org.junit.rules.Verifier, org.junit.runners.model.Statement)">1</method>
			<method name="public void evaluate()">1</method>
		</cc>
	</class>
	<class>
		<name>junit.framework.Test</name>
		<wmc>2</wmc>
		<dit>1</dit>
		<noc>0</noc>
		<cbo>24</cbo>
		<rfc>2</rfc>
		<lcom>1</lcom>
		<ca>22</ca>
		<ce>3</ce>
		<npm>2</npm>
		<lcom3>2.0</lcom3>
		<loc>2</loc>
		<dam>0.0</dam>
		<moa>0</moa>
		<mfa>0.0</mfa>
		<cam>0.75</cam>
		<ic>0</ic>
		<cbm>0</cbm>
		<amc>0.0</amc>
		<cc>
			<method name="public abstract int countTestCases()">1</method>
			<method name="public abstract void run(junit.framework.TestResult)">1</method>
		</cc>
	</class>
	<class>
		<name>org.junit.matchers.JUnitMatchers</name>
		<wmc>9</wmc>
		<dit>1</dit>
		<noc>0</noc>
		<cbo>9</cbo>
		<rfc>17</rfc>
		<lcom>36</lcom>
		<ca>1</ca>
		<ce>8</ce>
		<npm>9</npm>
		<lcom3>2.0</lcom3>
		<loc>40</loc>
		<dam>0.0</dam>
		<moa>0</moa>
		<mfa>0.0</mfa>
		<cam>0.16666666666666666</cam>
		<ic>0</ic>
		<cbm>0</cbm>
		<amc>3.4444444444444446</amc>
		<cc>
			<method name="public static org.junit.internal.matchers.CombinableMatcher either(org.hamcrest.Matcher matcher)">1</method>
			<method name="public static transient org.hamcrest.Matcher hasItems(Object[] elements)">1</method>
			<method name="public static org.hamcrest.Matcher containsString(String substring)">1</method>
			<method name="public static org.hamcrest.Matcher everyItem(org.hamcrest.Matcher elementMatcher)">1</method>
			<method name="public static transient org.hamcrest.Matcher hasItems(org.hamcrest.Matcher[] elementMatchers)">1</method>
			<method name="public static org.junit.internal.matchers.CombinableMatcher both(org.hamcrest.Matcher matcher)">1</method>
			<method name="public void _init_()">1</method>
			<method name="public static org.hamcrest.Matcher hasItem(org.hamcrest.Matcher elementMatcher)">1</method>
			<method name="public static org.hamcrest.Matcher hasItem(Object element)">1</method>
		</cc>
	</class>
	<class>
		<name>org.junit.rules.ErrorCollector$1</name>
		<wmc>2</wmc>
		<dit>1</dit>
		<noc>0</noc>
		<cbo>7</cbo>
		<rfc>4</rfc>
		<lcom>0</lcom>
		<ca>1</ca>
		<ce>7</ce>
		<npm>1</npm>
		<lcom3>0.33333333333333326</lcom3>
		<loc>25</loc>
		<dam>0.0</dam>
		<moa>2</moa>
		<mfa>0.0</mfa>
		<cam>0.625</cam>
		<ic>0</ic>
		<cbm>0</cbm>
		<amc>10.0</amc>
		<cc>
			<method name="public Object call()">1</method>
			<method name="void _init_(org.junit.rules.ErrorCollector, Object, org.hamcrest.Matcher)">1</method>
		</cc>
	</class>
	<class>
		<name>org.hamcrest.internal.SelfDescribingValue</name>
		<wmc>2</wmc>
		<dit>1</dit>
		<noc>0</noc>
		<cbo>5</cbo>
		<rfc>4</rfc>
		<lcom>0</lcom>
		<ca>1</ca>
		<ce>4</ce>
		<npm>2</npm>
		<lcom3>0.0</lcom3>
		<loc>15</loc>
		<dam>1.0</dam>
		<moa>0</moa>
		<mfa>0.0</mfa>
		<cam>0.6666666666666666</cam>
		<ic>0</ic>
		<cbm>0</cbm>
		<amc>6.0</amc>
		<cc>
			<method name="public void _init_(Object value)">1</method>
			<method name="public void describeTo(org.hamcrest.Description description)">1</method>
		</cc>
	</class>
	<class>
		<name>junit.framework.JUnit4TestAdapter</name>
		<wmc>12</wmc>
		<dit>1</dit>
		<noc>0</noc>
		<cbo>21</cbo>
		<rfc>32</rfc>
		<lcom>26</lcom>
		<ca>1</ca>
		<ce>21</ce>
		<npm>10</npm>
		<lcom3>0.6060606060606061</lcom3>
		<loc>119</loc>
		<dam>1.0</dam>
		<moa>2</moa>
		<mfa>0.0</mfa>
		<cam>0.23809523809523808</cam>
		<ic>0</ic>
		<cbm>0</cbm>
		<amc>8.666666666666666</amc>
		<cc>
			<method name="public String toString()">1</method>
			<method name="public void run(junit.framework.TestResult result)">1</method>
			<method name="private org.junit.runner.Description removeIgnored(org.junit.runner.Description description)">3</method>
			<method name="public void sort(org.junit.runner.manipulation.Sorter sorter)">1</method>
			<method name="public Class getTestClass()">1</method>
			<method name="public void _init_(Class newTestClass)">1</method>
			<method name="public org.junit.runner.Description getDescription()">1</method>
			<method name="public void _init_(Class newTestClass, junit.framework.JUnit4TestAdapterCache cache)">1</method>
			<method name="public void filter(org.junit.runner.manipulation.Filter filter)">1</method>
			<method name="private boolean isIgnored(org.junit.runner.Description description)">2</method>
			<method name="public java.util.List getTests()">1</method>
			<method name="public int countTestCases()">1</method>
		</cc>
	</class>
	<class>
		<name>org.junit.experimental.categories.Categories$CategoryFilter</name>
		<wmc>8</wmc>
		<dit>0</dit>
		<noc>0</noc>
		<cbo>15</cbo>
		<rfc>27</rfc>
		<lcom>22</lcom>
		<ca>1</ca>
		<ce>14</ce>
		<npm>4</npm>
		<lcom3>0.5</lcom3>
		<loc>158</loc>
		<dam>1.0</dam>
		<moa>0</moa>
		<mfa>0.0</mfa>
		<cam>0.5833333333333334</cam>
		<ic>0</ic>
		<cbm>0</cbm>
		<amc>18.5</amc>
		<cc>
			<method name="public String describe()">1</method>
			<method name="private boolean hasCorrectCategoryAnnotation(org.junit.runner.Description description)">6</method>
			<method name="private Class[] directCategories(org.junit.runner.Description description)">2</method>
			<method name="public static org.junit.experimental.categories.Categories$CategoryFilter include(Class categoryType)">1</method>
			<method name="private java.util.List categories(org.junit.runner.Description description)">1</method>
			<method name="public boolean shouldRun(org.junit.runner.Description description)">3</method>
			<method name="public void _init_(Class includedCategory, Class excludedCategory)">1</method>
			<method name="private org.junit.runner.Description parentDescription(org.junit.runner.Description description)">1</method>
		</cc>
	</class>
	<class>
		<name>org.junit.internal.runners.TestClass</name>
		<wmc>12</wmc>
		<dit>1</dit>
		<noc>0</noc>
		<cbo>17</cbo>
		<rfc>29</rfc>
		<lcom>46</lcom>
		<ca>4</ca>
		<ce>13</ce>
		<npm>6</npm>
		<lcom3>0.36363636363636365</lcom3>
		<loc>194</loc>
		<dam>1.0</dam>
		<moa>0</moa>
		<mfa>0.0</mfa>
		<cam>0.3958333333333333</cam>
		<ic>0</ic>
		<cbm>0</cbm>
		<amc>15.083333333333334</amc>
		<cc>
			<method name="public java.util.List getTestMethods()">1</method>
			<method name="public java.util.List getAnnotatedMethods(Class annotationClass)">5</method>
			<method name="private boolean isShadowed(java.lang.reflect.Method method, java.util.List results)">2</method>
			<method name="private java.util.List getSuperClasses(Class testClass)">2</method>
			<method name="public Class getJavaClass()">1</method>
			<method name="java.util.List getBefores()">1</method>
			<method name="private boolean isShadowed(java.lang.reflect.Method current, java.lang.reflect.Method previous)">5</method>
			<method name="public void _init_(Class klass)">1</method>
			<method name="java.util.List getAfters()">1</method>
			<method name="public String getName()">1</method>
			<method name="public java.lang.reflect.Constructor getConstructor()">1</method>
			<method name="private boolean runsTopToBottom(Class annotation)">3</method>
		</cc>
	</class>
	<class>
		<name>org.junit.experimental.ParallelComputer</name>
		<wmc>6</wmc>
		<dit>0</dit>
		<noc>0</noc>
		<cbo>11</cbo>
		<rfc>11</rfc>
		<lcom>11</lcom>
		<ca>0</ca>
		<ce>11</ce>
		<npm>4</npm>
		<lcom3>0.4</lcom3>
		<loc>66</loc>
		<dam>1.0</dam>
		<moa>0</moa>
		<mfa>0.0</mfa>
		<cam>0.25</cam>
		<ic>0</ic>
		<cbm>0</cbm>
		<amc>9.666666666666666</amc>
		<cc>
			<method name="protected org.junit.runner.Runner getRunner(org.junit.runners.model.RunnerBuilder builder, Class testClass)">1</method>
			<method name="public void _init_(boolean classes, boolean methods)">1</method>
			<method name="public static org.junit.runner.Computer classes()">1</method>
			<method name="public org.junit.runner.Runner getSuite(org.junit.runners.model.RunnerBuilder builder, Class[] classes)">1</method>
			<method name="public static org.junit.runner.Computer methods()">1</method>
			<method name="private static org.junit.runner.Runner parallelize(org.junit.runner.Runner runner)">2</method>
		</cc>
	</class>
	<class>
		<name>org.junit.rules.ExternalResource$1</name>
		<wmc>2</wmc>
		<dit>0</dit>
		<noc>0</noc>
		<cbo>5</cbo>
		<rfc>6</rfc>
		<lcom>0</lcom>
		<ca>1</ca>
		<ce>5</ce>
		<npm>1</npm>
		<lcom3>0.0</lcom3>
		<loc>30</loc>
		<dam>0.0</dam>
		<moa>2</moa>
		<mfa>0.0</mfa>
		<cam>0.6666666666666666</cam>
		<ic>0</ic>
		<cbm>0</cbm>
		<amc>13.0</amc>
		<cc>
			<method name="void _init_(org.junit.rules.ExternalResource, org.junit.runners.model.Statement)">1</method>
			<method name="public void evaluate()">1</method>
		</cc>
	</class>
	<class>
		<name>org.junit.internal.runners.MethodValidator</name>
		<wmc>7</wmc>
		<dit>1</dit>
		<noc>0</noc>
		<cbo>17</cbo>
		<rfc>32</rfc>
		<lcom>0</lcom>
		<ca>1</ca>
		<ce>16</ce>
		<npm>6</npm>
		<lcom3>0.08333333333333333</lcom3>
		<loc>234</loc>
		<dam>1.0</dam>
		<moa>1</moa>
		<mfa>0.0</mfa>
		<cam>0.35714285714285715</cam>
		<ic>0</ic>
		<cbm>0</cbm>
		<amc>32.142857142857146</amc>
		<cc>
			<method name="private void validateTestMethods(Class annotation, boolean isStatic)">7</method>
			<method name="public void assertValid()">1</method>
			<method name="public void validateInstanceMethods()">2</method>
			<method name="public void _init_(org.junit.internal.runners.TestClass testClass)">1</method>
			<method name="public void validateStaticMethods()">1</method>
			<method name="public java.util.List validateMethodsForDefaultRunner()">1</method>
			<method name="public void validateNoArgConstructor()">1</method>
		</cc>
	</class>
	<class>
		<name>org.junit.experimental.theories.Theories$TheoryAnchor$1</name>
		<wmc>5</wmc>
		<dit>0</dit>
		<noc>0</noc>
		<cbo>14</cbo>
		<rfc>14</rfc>
		<lcom>4</lcom>
		<ca>2</ca>
		<ce>14</ce>
		<npm>2</npm>
		<lcom3>0.5</lcom3>
		<loc>47</loc>
		<dam>0.0</dam>
		<moa>2</moa>
		<mfa>0.0</mfa>
		<cam>0.34285714285714286</cam>
		<ic>0</ic>
		<cbm>0</cbm>
		<amc>8.0</amc>
		<cc>
			<method name="public org.junit.runners.model.Statement methodBlock(org.junit.runners.model.FrameworkMethod method)">1</method>
			<method name="public Object createTest()">1</method>
			<method name="protected org.junit.runners.model.Statement methodInvoker(org.junit.runners.model.FrameworkMethod method, Object test)">1</method>
			<method name="protected void collectInitializationErrors(java.util.List errors)">1</method>
			<method name="void _init_(org.junit.experimental.theories.Theories$TheoryAnchor, Class x0, org.junit.experimental.theories.internal.Assignments)">1</method>
		</cc>
	</class>
	<class>
		<name>org.junit.runner.Result$Listener</name>
		<wmc>8</wmc>
		<dit>0</dit>
		<noc>0</noc>
		<cbo>11</cbo>
		<rfc>18</rfc>
		<lcom>0</lcom>
		<ca>1</ca>
		<ce>11</ce>
		<npm>6</npm>
		<lcom3>0.14285714285714285</lcom3>
		<loc>57</loc>
		<dam>0.0</dam>
		<moa>1</moa>
		<mfa>0.0</mfa>
		<cam>0.425</cam>
		<ic>0</ic>
		<cbm>0</cbm>
		<amc>6.0</amc>
		<cc>
			<method name="public void testFailure(org.junit.runner.notification.Failure failure)">1</method>
			<method name="private void _init_(org.junit.runner.Result)">1</method>
			<method name="public void testAssumptionFailure(org.junit.runner.notification.Failure failure)">1</method>
			<method name="public void testIgnored(org.junit.runner.Description description)">1</method>
			<method name="void _init_(org.junit.runner.Result x0, org.junit.runner.Result$1 x1)">1</method>
			<method name="public void testRunFinished(org.junit.runner.Result result)">1</method>
			<method name="public void testFinished(org.junit.runner.Description description)">1</method>
			<method name="public void testRunStarted(org.junit.runner.Description description)">1</method>
		</cc>
	</class>
	<class>
		<name>org.junit.internal.ExactComparisonCriteria</name>
		<wmc>2</wmc>
		<dit>0</dit>
		<noc>0</noc>
		<cbo>4</cbo>
		<rfc>4</rfc>
		<lcom>1</lcom>
		<ca>1</ca>
		<ce>4</ce>
		<npm>1</npm>
		<lcom3>2.0</lcom3>
		<loc>9</loc>
		<dam>0.0</dam>
		<moa>0</moa>
		<mfa>0.0</mfa>
		<cam>0.75</cam>
		<ic>0</ic>
		<cbm>0</cbm>
		<amc>3.5</amc>
		<cc>
			<method name="public void _init_()">1</method>
			<method name="protected void assertElementsEqual(Object expected, Object actual)">1</method>
		</cc>
	</class>
	<class>
		<name>org.junit.Assume</name>
		<wmc>5</wmc>
		<dit>1</dit>
		<noc>0</noc>
		<cbo>10</cbo>
		<rfc>14</rfc>
		<lcom>10</lcom>
		<ca>0</ca>
		<ce>10</ce>
		<npm>5</npm>
		<lcom3>2.0</lcom3>
		<loc>36</loc>
		<dam>0.0</dam>
		<moa>0</moa>
		<mfa>0.0</mfa>
		<cam>0.2</cam>
		<ic>0</ic>
		<cbm>0</cbm>
		<amc>6.2</amc>
		<cc>
			<method name="public static void assumeNoException(Throwable t)">1</method>
			<method name="public static void assumeThat(Object actual, org.hamcrest.Matcher matcher)">2</method>
			<method name="public static transient void assumeNotNull(Object[] objects)">1</method>
			<method name="public void _init_()">1</method>
			<method name="public static void assumeTrue(boolean b)">1</method>
		</cc>
	</class>
	<class>
		<name>org.junit.experimental.theories.Theories$TheoryAnchor$2</name>
		<wmc>2</wmc>
		<dit>0</dit>
		<noc>0</noc>
		<cbo>8</cbo>
		<rfc>6</rfc>
		<lcom>0</lcom>
		<ca>1</ca>
		<ce>8</ce>
		<npm>1</npm>
		<lcom3>0.0</lcom3>
		<loc>38</loc>
		<dam>0.0</dam>
		<moa>3</moa>
		<mfa>0.0</mfa>
		<cam>0.6</cam>
		<ic>0</ic>
		<cbm>0</cbm>
		<amc>16.0</amc>
		<cc>
			<method name="void _init_(org.junit.experimental.theories.Theories$TheoryAnchor, org.junit.experimental.theories.internal.Assignments, org.junit.runners.model.FrameworkMethod, Object)">1</method>
			<method name="public void evaluate()">1</method>
		</cc>
	</class>
	<class>
		<name>org.junit.internal.matchers.Each$1</name>
		<wmc>3</wmc>
		<dit>0</dit>
		<noc>0</noc>
		<cbo>7</cbo>
		<rfc>7</rfc>
		<lcom>0</lcom>
		<ca>1</ca>
		<ce>6</ce>
		<npm>2</npm>
		<lcom3>0.5</lcom3>
		<loc>28</loc>
		<dam>0.0</dam>
		<moa>2</moa>
		<mfa>0.0</mfa>
		<cam>0.5</cam>
		<ic>0</ic>
		<cbm>0</cbm>
		<amc>7.666666666666667</amc>
		<cc>
			<method name="public boolean matches(Object item)">1</method>
			<method name="public void describeTo(org.hamcrest.Description description)">1</method>
			<method name="void _init_(org.hamcrest.Matcher, org.hamcrest.Matcher)">1</method>
		</cc>
	</class>
	<class>
		<name>org.junit.internal.JUnitSystem</name>
		<wmc>2</wmc>
		<dit>1</dit>
		<noc>0</noc>
		<cbo>6</cbo>
		<rfc>2</rfc>
		<lcom>1</lcom>
		<ca>3</ca>
		<ce>3</ce>
		<npm>2</npm>
		<lcom3>2.0</lcom3>
		<loc>2</loc>
		<dam>0.0</dam>
		<moa>0</moa>
		<mfa>0.0</mfa>
		<cam>0.75</cam>
		<ic>0</ic>
		<cbm>0</cbm>
		<amc>0.0</amc>
		<cc>
			<method name="public abstract void exit(int)">1</method>
			<method name="public abstract java.io.PrintStream out()">1</method>
		</cc>
	</class>
	<class>
		<name>org.junit.internal.runners.ClassRoadie</name>
		<wmc>6</wmc>
		<dit>1</dit>
		<noc>0</noc>
		<cbo>15</cbo>
		<rfc>18</rfc>
		<lcom>5</lcom>
		<ca>1</ca>
		<ce>14</ce>
		<npm>2</npm>
		<lcom3>0.45</lcom3>
		<loc>130</loc>
		<dam>1.0</dam>
		<moa>3</moa>
		<mfa>0.0</mfa>
		<cam>0.3055555555555556</cam>
		<ic>0</ic>
		<cbm>0</cbm>
		<amc>20.0</amc>
		<cc>
			<method name="public void runProtected()">1</method>
			<method name="public void _init_(org.junit.runner.notification.RunNotifier notifier, org.junit.internal.runners.TestClass testClass, org.junit.runner.Description description, Runnable runnable)">1</method>
			<method name="private void runBefores()">1</method>
			<method name="private void runAfters()">2</method>
			<method name="protected void addFailure(Throwable targetException)">1</method>
			<method name="protected void runUnprotected()">1</method>
		</cc>
	</class>
	<class>
		<name>org.junit.internal.builders.JUnit3Builder</name>
		<wmc>3</wmc>
		<dit>0</dit>
		<noc>0</noc>
		<cbo>8</cbo>
		<rfc>6</rfc>
		<lcom>3</lcom>
		<ca>1</ca>
		<ce>7</ce>
		<npm>2</npm>
		<lcom3>2.0</lcom3>
		<loc>21</loc>
		<dam>0.0</dam>
		<moa>0</moa>
		<mfa>0.0</mfa>
		<cam>0.8333333333333334</cam>
		<ic>0</ic>
		<cbm>0</cbm>
		<amc>6.0</amc>
		<cc>
			<method name="boolean isPre4Test(Class testClass)">1</method>
			<method name="public void _init_()">1</method>
			<method name="public org.junit.runner.Runner runnerForClass(Class testClass)">1</method>
		</cc>
	</class>
	<class>
		<name>org.junit.runners.model.FrameworkMethod</name>
		<wmc>14</wmc>
		<dit>0</dit>
		<noc>0</noc>
		<cbo>36</cbo>
		<rfc>39</rfc>
		<lcom>0</lcom>
		<ca>23</ca>
		<ce>14</ce>
		<npm>13</npm>
		<lcom3>0.07692307692307693</lcom3>
		<loc>259</loc>
		<dam>0.0</dam>
		<moa>0</moa>
		<mfa>0.0</mfa>
		<cam>0.20634920634920634</cam>
		<ic>0</ic>
		<cbm>0</cbm>
		<amc>17.428571428571427</amc>
		<cc>
			<method name="public void validatePublicVoid(boolean isStatic, java.util.List errors)">6</method>
			<method name="public void validatePublicVoidNoArg(boolean isStatic, java.util.List errors)">2</method>
			<method name="public boolean isShadowedBy(org.junit.runners.model.FrameworkMethod other)">5</method>
			<method name="public transient Object invokeExplosively(Object target, Object[] params)">1</method>
			<method name="public String getName()">1</method>
			<method name="public java.lang.reflect.Method getMethod()">1</method>
			<method name="private Class[] getParameterTypes()">1</method>
			<method name="public java.lang.annotation.Annotation getAnnotation(Class annotationType)">1</method>
			<method name="public java.lang.annotation.Annotation[] getAnnotations()">1</method>
			<method name="public void _init_(java.lang.reflect.Method method)">1</method>
			<method name="public int hashCode()">1</method>
			<method name="public boolean producesType(Class type)">3</method>
			<method name="public boolean equals(Object obj)">2</method>
			<method name="public volatile boolean isShadowedBy(org.junit.runners.model.FrameworkMember x0)">1</method>
		</cc>
	</class>
	<class>
		<name>org.junit.internal.builders.IgnoredBuilder</name>
		<wmc>2</wmc>
		<dit>0</dit>
		<noc>0</noc>
		<cbo>8</cbo>
		<rfc>5</rfc>
		<lcom>1</lcom>
		<ca>1</ca>
		<ce>7</ce>
		<npm>2</npm>
		<lcom3>2.0</lcom3>
		<loc>16</loc>
		<dam>0.0</dam>
		<moa>0</moa>
		<mfa>0.0</mfa>
		<cam>0.75</cam>
		<ic>0</ic>
		<cbm>0</cbm>
		<amc>7.0</amc>
		<cc>
			<method name="public void _init_()">1</method>
			<method name="public org.junit.runner.Runner runnerForClass(Class testClass)">2</method>
		</cc>
	</class>
	<class>
		<name>org.junit.internal.runners.statements.FailOnTimeout$1</name>
		<wmc>2</wmc>
		<dit>2</dit>
		<noc>0</noc>
		<cbo>6</cbo>
		<rfc>7</rfc>
		<lcom>0</lcom>
		<ca>1</ca>
		<ce>6</ce>
		<npm>1</npm>
		<lcom3>0.0</lcom3>
		<loc>26</loc>
		<dam>0.0</dam>
		<moa>1</moa>
		<mfa>0.9846153846153847</mfa>
		<cam>0.75</cam>
		<ic>0</ic>
		<cbm>0</cbm>
		<amc>11.5</amc>
		<cc>
			<method name="void _init_(org.junit.internal.runners.statements.FailOnTimeout)">1</method>
			<method name="public void run()">1</method>
		</cc>
	</class>
	<class>
		<name>org.junit.runners.JUnit4</name>
		<wmc>1</wmc>
		<dit>0</dit>
		<noc>0</noc>
		<cbo>5</cbo>
		<rfc>2</rfc>
		<lcom>0</lcom>
		<ca>0</ca>
		<ce>5</ce>
		<npm>1</npm>
		<lcom3>2.0</lcom3>
		<loc>5</loc>
		<dam>0.0</dam>
		<moa>0</moa>
		<mfa>0.0</mfa>
		<cam>1.0</cam>
		<ic>0</ic>
		<cbm>0</cbm>
		<amc>4.0</amc>
		<cc>
			<method name="public void _init_(Class klass)">1</method>
		</cc>
	</class>
	<class>
		<name>org.junit.internal.runners.JUnit4ClassRunner$1</name>
		<wmc>2</wmc>
		<dit>1</dit>
		<noc>0</noc>
		<cbo>5</cbo>
		<rfc>4</rfc>
		<lcom>0</lcom>
		<ca>1</ca>
		<ce>5</ce>
		<npm>1</npm>
		<lcom3>0.0</lcom3>
		<loc>19</loc>
		<dam>0.0</dam>
		<moa>2</moa>
		<mfa>0.0</mfa>
		<cam>0.6666666666666666</cam>
		<ic>0</ic>
		<cbm>0</cbm>
		<amc>7.5</amc>
		<cc>
			<method name="void _init_(org.junit.internal.runners.JUnit4ClassRunner, org.junit.runner.notification.RunNotifier)">1</method>
			<method name="public void run()">1</method>
		</cc>
	</class>
	<class>
		<name>org.hamcrest.internal.ArrayIterator</name>
		<wmc>4</wmc>
		<dit>1</dit>
		<noc>0</noc>
		<cbo>9</cbo>
		<rfc>11</rfc>
		<lcom>0</lcom>
		<ca>1</ca>
		<ce>8</ce>
		<npm>4</npm>
		<lcom3>0.3333333333333333</lcom3>
		<loc>50</loc>
		<dam>1.0</dam>
		<moa>0</moa>
		<mfa>0.0</mfa>
		<cam>0.625</cam>
		<ic>0</ic>
		<cbm>0</cbm>
		<amc>11.0</amc>
		<cc>
			<method name="public boolean hasNext()">2</method>
			<method name="public void remove()">1</method>
			<method name="public void _init_(Object array)">2</method>
			<method name="public Object next()">1</method>
		</cc>
	</class>
	<class>
		<name>org.junit.internal.runners.JUnit4ClassRunner$2</name>
		<wmc>3</wmc>
		<dit>1</dit>
		<noc>0</noc>
		<cbo>7</cbo>
		<rfc>6</rfc>
		<lcom>1</lcom>
		<ca>1</ca>
		<ce>7</ce>
		<npm>2</npm>
		<lcom3>0.0</lcom3>
		<loc>33</loc>
		<dam>0.0</dam>
		<moa>2</moa>
		<mfa>0.0</mfa>
		<cam>0.4666666666666667</cam>
		<ic>0</ic>
		<cbm>0</cbm>
		<amc>9.333333333333334</amc>
		<cc>
			<method name="void _init_(org.junit.internal.runners.JUnit4ClassRunner, org.junit.runner.manipulation.Sorter)">1</method>
			<method name="public volatile int compare(Object x0, Object x1)">1</method>
			<method name="public int compare(java.lang.reflect.Method o1, java.lang.reflect.Method o2)">1</method>
		</cc>
	</class>
	<class>
		<name>org.junit.Ignore</name>
		<wmc>1</wmc>
		<dit>1</dit>
		<noc>0</noc>
		<cbo>3</cbo>
		<rfc>1</rfc>
		<lcom>0</lcom>
		<ca>0</ca>
		<ce>3</ce>
		<npm>1</npm>
		<lcom3>2.0</lcom3>
		<loc>1</loc>
		<dam>0.0</dam>
		<moa>0</moa>
		<mfa>0.0</mfa>
		<cam>1.0</cam>
		<ic>0</ic>
		<cbm>0</cbm>
		<amc>0.0</amc>
		<cc>
			<method name="public abstract String value()">1</method>
		</cc>
	</class>
	<class>
		<name>junit.framework.Assert</name>
		<wmc>39</wmc>
		<dit>1</dit>
		<noc>2</noc>
		<cbo>18</cbo>
		<rfc>61</rfc>
		<lcom>741</lcom>
		<ca>3</ca>
		<ce>15</ce>
		<npm>38</npm>
		<lcom3>2.0</lcom3>
		<loc>416</loc>
		<dam>0.0</dam>
		<moa>0</moa>
		<mfa>0.0</mfa>
		<cam>0.13053613053613053</cam>
		<ic>0</ic>
		<cbm>0</cbm>
		<amc>9.666666666666666</amc>
		<cc>
			<method name="public static void assertFalse(String message, boolean condition)">2</method>
			<method name="public static void assertEquals(long expected, long actual)">1</method>
			<method name="public static void assertEquals(String message, boolean expected, boolean actual)">1</method>
			<method name="public static void assertNotNull(Object object)">1</method>
			<method name="public static void assertTrue(boolean condition)">1</method>
			<method name="public static void assertEquals(String message, byte expected, byte actual)">1</method>
			<method name="public static void assertEquals(String message, Object expected, Object actual)">5</method>
			<method name="public static void assertEquals(boolean expected, boolean actual)">1</method>
			<method name="protected void _init_()">1</method>
			<method name="public static void fail(String message)">1</method>
			<method name="public static void assertEquals(int expected, int actual)">1</method>
			<method name="public static String format(String message, Object expected, Object actual)">2</method>
			<method name="public static void assertNotSame(Object expected, Object actual)">1</method>
			<method name="public static void assertNotNull(String message, Object object)">2</method>
			<method name="public static void assertFalse(boolean condition)">1</method>
			<method name="public static void assertNull(Object object)">1</method>
			<method name="public static void assertEquals(short expected, short actual)">1</method>
			<method name="public static void fail()">1</method>
			<method name="public static void assertSame(Object expected, Object actual)">1</method>
			<method name="public static void failNotSame(String message, Object expected, Object actual)">2</method>
			<method name="public static void assertEquals(Object expected, Object actual)">1</method>
			<method name="public static void assertEquals(byte expected, byte actual)">1</method>
			<method name="public static void assertEquals(float expected, float actual, float delta)">1</method>
			<method name="public static void assertEquals(String message, long expected, long actual)">1</method>
			<method name="public static void assertEquals(String message, short expected, short actual)">1</method>
			<method name="public static void assertTrue(String message, boolean condition)">2</method>
			<method name="public static void failNotEquals(String message, Object expected, Object actual)">1</method>
			<method name="public static void assertEquals(String message, String expected, String actual)">5</method>
			<method name="public static void assertSame(String message, Object expected, Object actual)">2</method>
			<method name="public static void assertEquals(char expected, char actual)">1</method>
			<method name="public static void assertNull(String message, Object object)">2</method>
			<method name="public static void assertEquals(String expected, String actual)">1</method>
			<method name="public static void assertEquals(String message, float expected, float actual, float delta)">3</method>
			<method name="public static void failSame(String message)">2</method>
			<method name="public static void assertNotSame(String message, Object expected, Object actual)">2</method>
			<method name="public static void assertEquals(double expected, double actual, double delta)">1</method>
			<method name="public static void assertEquals(String message, char expected, char actual)">1</method>
			<method name="public static void assertEquals(String message, double expected, double actual, double delta)">3</method>
			<method name="public static void assertEquals(String message, int expected, int actual)">1</method>
		</cc>
	</class>
	<class>
		<name>junit.extensions.TestDecorator</name>
		<wmc>6</wmc>
		<dit>0</dit>
		<noc>2</noc>
		<cbo>9</cbo>
		<rfc>10</rfc>
		<lcom>0</lcom>
		<ca>3</ca>
		<ce>6</ce>
		<npm>6</npm>
		<lcom3>0.0</lcom3>
		<loc>33</loc>
		<dam>1.0</dam>
		<moa>1</moa>
		<mfa>0.0</mfa>
		<cam>0.5</cam>
		<ic>0</ic>
		<cbm>0</cbm>
		<amc>4.333333333333333</amc>
		<cc>
			<method name="public String toString()">1</method>
			<method name="public void basicRun(junit.framework.TestResult result)">1</method>
			<method name="public void run(junit.framework.TestResult result)">1</method>
			<method name="public junit.framework.Test getTest()">1</method>
			<method name="public void _init_(junit.framework.Test test)">1</method>
			<method name="public int countTestCases()">1</method>
		</cc>
	</class>
	<class>
		<name>org.junit.experimental.theories.ParametersSuppliedBy</name>
		<wmc>1</wmc>
		<dit>1</dit>
		<noc>0</noc>
		<cbo>4</cbo>
		<rfc>1</rfc>
		<lcom>0</lcom>
		<ca>1</ca>
		<ce>3</ce>
		<npm>1</npm>
		<lcom3>2.0</lcom3>
		<loc>1</loc>
		<dam>0.0</dam>
		<moa>0</moa>
		<mfa>0.0</mfa>
		<cam>1.0</cam>
		<ic>0</ic>
		<cbm>0</cbm>
		<amc>0.0</amc>
		<cc>
			<method name="public abstract Class value()">1</method>
		</cc>
	</class>
	<class>
		<name>org.junit.internal.matchers.StringContains</name>
		<wmc>4</wmc>
		<dit>0</dit>
		<noc>0</noc>
		<cbo>6</cbo>
		<rfc>6</rfc>
		<lcom>6</lcom>
		<ca>1</ca>
		<ce>5</ce>
		<npm>2</npm>
		<lcom3>2.0</lcom3>
		<loc>24</loc>
		<dam>0.0</dam>
		<moa>0</moa>
		<mfa>0.0</mfa>
		<cam>0.75</cam>
		<ic>0</ic>
		<cbm>0</cbm>
		<amc>5.0</amc>
		<cc>
			<method name="protected boolean evalSubstringOf(String s)">2</method>
			<method name="protected String relationship()">1</method>
			<method name="public static org.hamcrest.Matcher containsString(String substring)">1</method>
			<method name="public void _init_(String substring)">1</method>
		</cc>
	</class>
	<class>
		<name>org.junit.runner.Result</name>
		<wmc>14</wmc>
		<dit>1</dit>
		<noc>0</noc>
		<cbo>17</cbo>
		<rfc>21</rfc>
		<lcom>59</lcom>
		<ca>10</ca>
		<ce>9</ce>
		<npm>8</npm>
		<lcom3>0.8307692307692308</lcom3>
		<loc>97</loc>
		<dam>1.0</dam>
		<moa>0</moa>
		<mfa>0.0</mfa>
		<cam>0.38095238095238093</cam>
		<ic>0</ic>
		<cbm>0</cbm>
		<amc>5.571428571428571</amc>
		<cc>
			<method name="public long getRunTime()">1</method>
			<method name="static long access$002(org.junit.runner.Result x0, long x1)">1</method>
			<method name="public int getFailureCount()">1</method>
			<method name="static long access$114(org.junit.runner.Result x0, long x1)">1</method>
			<method name="static java.util.List access$300(org.junit.runner.Result x0)">1</method>
			<method name="static java.util.concurrent.atomic.AtomicInteger access$400(org.junit.runner.Result x0)">1</method>
			<method name="static long access$000(org.junit.runner.Result x0)">1</method>
			<method name="public int getRunCount()">1</method>
			<method name="public int getIgnoreCount()">1</method>
			<method name="public boolean wasSuccessful()">2</method>
			<method name="public java.util.List getFailures()">1</method>
			<method name="public org.junit.runner.notification.RunListener createListener()">1</method>
			<method name="static java.util.concurrent.atomic.AtomicInteger access$200(org.junit.runner.Result x0)">1</method>
			<method name="public void _init_()">1</method>
		</cc>
	</class>
	<class>
		<name>org.junit.runner.JUnitCore</name>
		<wmc>15</wmc>
		<dit>1</dit>
		<noc>0</noc>
		<cbo>28</cbo>
		<rfc>50</rfc>
		<lcom>93</lcom>
		<ca>3</ca>
		<ce>26</ce>
		<npm>14</npm>
		<lcom3>0.35714285714285715</lcom3>
		<loc>238</loc>
		<dam>1.0</dam>
		<moa>1</moa>
		<mfa>0.0</mfa>
		<cam>0.1925925925925926</cam>
		<ic>0</ic>
		<cbm>0</cbm>
		<amc>14.8</amc>
		<cc>
			<method name="public org.junit.runner.Result run(org.junit.runner.Request request)">1</method>
			<method name="public void addListener(org.junit.runner.notification.RunListener listener)">1</method>
			<method name="public static transient void main(String[] args)">1</method>
			<method name="static org.junit.runner.Computer defaultComputer()">1</method>
			<method name="public static transient void runMainAndExit(org.junit.internal.JUnitSystem system, String[] args)">2</method>
			<method name="public void removeListener(org.junit.runner.notification.RunListener listener)">1</method>
			<method name="public static transient org.junit.runner.Result runClasses(Class[] classes)">1</method>
			<method name="public transient org.junit.runner.Result run(org.junit.runner.Computer computer, Class[] classes)">1</method>
			<method name="public org.junit.runner.Result run(junit.framework.Test test)">1</method>
			<method name="public transient org.junit.runner.Result run(Class[] classes)">1</method>
			<method name="public String getVersion()">1</method>
			<method name="public transient org.junit.runner.Result runMain(org.junit.internal.JUnitSystem system, String[] args)">3</method>
			<method name="public org.junit.runner.Result run(org.junit.runner.Runner runner)">1</method>
			<method name="public void _init_()">1</method>
			<method name="public static transient org.junit.runner.Result runClasses(org.junit.runner.Computer computer, Class[] classes)">1</method>
		</cc>
	</class>
	<class>
		<name>org.hamcrest.StringDescription</name>
		<wmc>7</wmc>
		<dit>0</dit>
		<noc>0</noc>
		<cbo>16</cbo>
		<rfc>14</rfc>
		<lcom>9</lcom>
		<ca>4</ca>
		<ce>12</ce>
		<npm>5</npm>
		<lcom3>0.0</lcom3>
		<loc>62</loc>
		<dam>1.0</dam>
		<moa>0</moa>
		<mfa>0.0</mfa>
		<cam>0.2857142857142857</cam>
		<ic>0</ic>
		<cbm>0</cbm>
		<amc>7.714285714285714</amc>
		<cc>
			<method name="public String toString()">1</method>
			<method name="public void _init_(Appendable out)">1</method>
			<method name="public static String asString(org.hamcrest.SelfDescribing selfDescribing)">1</method>
			<method name="protected void append(char c)">1</method>
			<method name="protected void append(String str)">1</method>
			<method name="public void _init_()">1</method>
			<method name="public static String toString(org.hamcrest.SelfDescribing value)">1</method>
		</cc>
	</class>
	<class>
		<name>org.junit.experimental.theories.Theories$TheoryAnchor</name>
		<wmc>13</wmc>
		<dit>0</dit>
		<noc>0</noc>
		<cbo>28</cbo>
		<rfc>38</rfc>
		<lcom>48</lcom>
		<ca>4</ca>
		<ce>26</ce>
		<npm>2</npm>
		<lcom3>0.7083333333333334</lcom3>
		<loc>159</loc>
		<dam>1.0</dam>
		<moa>2</moa>
		<mfa>0.0</mfa>
		<cam>0.23076923076923078</cam>
		<ic>0</ic>
		<cbm>0</cbm>
		<amc>10.923076923076923</amc>
		<cc>
			<method name="protected void handleAssumptionViolation(org.junit.internal.AssumptionViolatedException e)">1</method>
			<method name="private boolean nullsOk()">2</method>
			<method name="protected transient void reportParameterizedError(Throwable e, Object[] params)">1</method>
			<method name="static org.junit.runners.model.Statement access$100(org.junit.experimental.theories.Theories$TheoryAnchor x0, org.junit.runners.model.FrameworkMethod x1, org.junit.experimental.theories.internal.Assignments x2, Object x3)">1</method>
			<method name="private org.junit.runners.model.Statement methodCompletesWithParameters(org.junit.runners.model.FrameworkMethod method, org.junit.experimental.theories.internal.Assignments complete, Object freshInstance)">1</method>
			<method name="protected void runWithIncompleteAssignment(org.junit.experimental.theories.internal.Assignments incomplete)">1</method>
			<method name="static boolean access$000(org.junit.experimental.theories.Theories$TheoryAnchor x0)">1</method>
			<method name="public void _init_(org.junit.runners.model.FrameworkMethod method, org.junit.runners.model.TestClass testClass)">1</method>
			<method name="private org.junit.runners.model.TestClass getTestClass()">1</method>
			<method name="protected void handleDataPointSuccess()">1</method>
			<method name="public void evaluate()">1</method>
			<method name="protected void runWithCompleteAssignment(org.junit.experimental.theories.internal.Assignments complete)">1</method>
			<method name="protected void runWithAssignment(org.junit.experimental.theories.internal.Assignments parameterAssignment)">1</method>
		</cc>
	</class>
	<class>
		<name>junit.extensions.TestSetup$1</name>
		<wmc>2</wmc>
		<dit>1</dit>
		<noc>0</noc>
		<cbo>6</cbo>
		<rfc>6</rfc>
		<lcom>0</lcom>
		<ca>1</ca>
		<ce>6</ce>
		<npm>1</npm>
		<lcom3>0.0</lcom3>
		<loc>25</loc>
		<dam>0.0</dam>
		<moa>2</moa>
		<mfa>0.0</mfa>
		<cam>0.6666666666666666</cam>
		<ic>0</ic>
		<cbm>0</cbm>
		<amc>10.5</amc>
		<cc>
			<method name="void _init_(junit.extensions.TestSetup, junit.framework.TestResult)">1</method>
			<method name="public void protect()">1</method>
		</cc>
	</class>
	<class>
		<name>junit.textui.TestRunner</name>
		<wmc>18</wmc>
		<dit>0</dit>
		<noc>0</noc>
		<cbo>17</cbo>
		<rfc>47</rfc>
		<lcom>141</lcom>
		<ca>0</ca>
		<ce>17</ce>
		<npm>14</npm>
		<lcom3>0.9264705882352942</lcom3>
		<loc>293</loc>
		<dam>0.25</dam>
		<moa>1</moa>
		<mfa>0.0</mfa>
		<cam>0.18888888888888888</cam>
		<ic>0</ic>
		<cbm>0</cbm>
		<amc>15.055555555555555</amc>
		<cc>
			<method name="public void testEnded(String testName)">1</method>
			<method name="public void setPrinter(junit.textui.ResultPrinter printer)">1</method>
			<method name="public static void main(String[] args)">2</method>
			<method name="public static void run(Class testClass)">1</method>
			<method name="public junit.framework.TestResult doRun(junit.framework.Test test)">1</method>
			<method name="protected void runFailed(String message)">1</method>
			<method name="public void _init_(java.io.PrintStream writer)">1</method>
			<method name="public void testFailed(int status, junit.framework.Test test, Throwable t)">1</method>
			<method name="protected junit.framework.TestResult createTestResult()">1</method>
			<method name="public junit.framework.TestResult start(String[] args)">1</method>
			<method name="public static junit.framework.TestResult run(junit.framework.Test test)">1</method>
			<method name="public static void runAndWait(junit.framework.Test suite)">1</method>
			<method name="public junit.framework.TestResult doRun(junit.framework.Test suite, boolean wait)">1</method>
			<method name="protected junit.framework.TestResult runSingleMethod(String testCase, String method, boolean wait)">1</method>
			<method name="public void _init_(junit.textui.ResultPrinter printer)">1</method>
			<method name="public void _init_()">1</method>
			<method name="protected void pause(boolean wait)">2</method>
			<method name="public void testStarted(String testName)">1</method>
		</cc>
	</class>
	<class>
		<name>org.junit.internal.InexactComparisonCriteria</name>
		<wmc>2</wmc>
		<dit>0</dit>
		<noc>0</noc>
		<cbo>6</cbo>
		<rfc>6</rfc>
		<lcom>0</lcom>
		<ca>1</ca>
		<ce>6</ce>
		<npm>1</npm>
		<lcom3>0.0</lcom3>
		<loc>34</loc>
		<dam>0.0</dam>
		<moa>0</moa>
		<mfa>0.0</mfa>
		<cam>0.6666666666666666</cam>
		<ic>0</ic>
		<cbm>0</cbm>
		<amc>15.5</amc>
		<cc>
			<method name="public void _init_(double delta)">1</method>
			<method name="protected void assertElementsEqual(Object expected, Object actual)">2</method>
		</cc>
	</class>
	<class>
		<name>org.junit.runners.model.RunnerScheduler</name>
		<wmc>2</wmc>
		<dit>1</dit>
		<noc>0</noc>
		<cbo>7</cbo>
		<rfc>2</rfc>
		<lcom>1</lcom>
		<ca>4</ca>
		<ce>3</ce>
		<npm>2</npm>
		<lcom3>2.0</lcom3>
		<loc>2</loc>
		<dam>0.0</dam>
		<moa>0</moa>
		<mfa>0.0</mfa>
		<cam>0.75</cam>
		<ic>0</ic>
		<cbm>0</cbm>
		<amc>0.0</amc>
		<cc>
			<method name="public abstract void schedule(Runnable)">1</method>
			<method name="public abstract void finished()">1</method>
		</cc>
	</class>
	<class>
		<name>org.junit.internal.AssumptionViolatedException</name>
		<wmc>4</wmc>
		<dit>4</dit>
		<noc>0</noc>
		<cbo>18</cbo>
		<rfc>13</rfc>
		<lcom>4</lcom>
		<ca>8</ca>
		<ce>10</ce>
		<npm>4</npm>
		<lcom3>0.6666666666666666</lcom3>
		<loc>66</loc>
		<dam>1.0</dam>
		<moa>1</moa>
		<mfa>0.9130434782608695</mfa>
		<cam>0.4</cam>
		<ic>1</ic>
		<cbm>1</cbm>
		<amc>14.75</amc>
		<cc>
			<method name="public void _init_(Object value, org.hamcrest.Matcher matcher)">2</method>
			<method name="public void _init_(String assumption)">1</method>
			<method name="public void describeTo(org.hamcrest.Description description)">2</method>
			<method name="public String getMessage()">1</method>
		</cc>
	</class>
	<class>
		<name>org.junit.experimental.theories.ParameterSupplier</name>
		<wmc>2</wmc>
		<dit>1</dit>
		<noc>2</noc>
		<cbo>7</cbo>
		<rfc>3</rfc>
		<lcom>1</lcom>
		<ca>3</ca>
		<ce>4</ce>
		<npm>2</npm>
		<lcom3>2.0</lcom3>
		<loc>5</loc>
		<dam>0.0</dam>
		<moa>0</moa>
		<mfa>0.0</mfa>
		<cam>0.75</cam>
		<ic>0</ic>
		<cbm>0</cbm>
		<amc>1.5</amc>
		<cc>
			<method name="public void _init_()">1</method>
			<method name="public abstract java.util.List getValueSources(org.junit.experimental.theories.ParameterSignature)">1</method>
		</cc>
	</class>
	<class>
		<name>org.hamcrest.core.Is</name>
		<wmc>6</wmc>
		<dit>0</dit>
		<noc>0</noc>
		<cbo>11</cbo>
		<rfc>12</rfc>
		<lcom>9</lcom>
		<ca>1</ca>
		<ce>10</ce>
		<npm>6</npm>
		<lcom3>0.0</lcom3>
		<loc>39</loc>
		<dam>1.0</dam>
		<moa>1</moa>
		<mfa>0.0</mfa>
		<cam>0.3</cam>
		<ic>0</ic>
		<cbm>0</cbm>
		<amc>5.333333333333333</amc>
		<cc>
			<method name="public static org.hamcrest.Matcher is(Class type)">1</method>
			<method name="public boolean matches(Object arg)">1</method>
			<method name="public void _init_(org.hamcrest.Matcher matcher)">1</method>
			<method name="public static org.hamcrest.Matcher is(org.hamcrest.Matcher matcher)">1</method>
			<method name="public void describeTo(org.hamcrest.Description description)">1</method>
			<method name="public static org.hamcrest.Matcher is(Object value)">1</method>
		</cc>
	</class>
	<class>
		<name>org.junit.internal.matchers.Each</name>
		<wmc>2</wmc>
		<dit>1</dit>
		<noc>0</noc>
		<cbo>8</cbo>
		<rfc>6</rfc>
		<lcom>1</lcom>
		<ca>2</ca>
		<ce>6</ce>
		<npm>2</npm>
		<lcom3>2.0</lcom3>
		<loc>16</loc>
		<dam>0.0</dam>
		<moa>0</moa>
		<mfa>0.0</mfa>
		<cam>0.5</cam>
		<ic>0</ic>
		<cbm>0</cbm>
		<amc>7.0</amc>
		<cc>
			<method name="public static org.hamcrest.Matcher each(org.hamcrest.Matcher individual)">1</method>
			<method name="public void _init_()">1</method>
		</cc>
	</class>
	<class>
		<name>org.junit.experimental.max.MaxCore</name>
		<wmc>13</wmc>
		<dit>1</dit>
		<noc>0</noc>
		<cbo>28</cbo>
		<rfc>51</rfc>
		<lcom>72</lcom>
		<ca>1</ca>
		<ce>28</ce>
		<npm>7</npm>
		<lcom3>0.8333333333333334</lcom3>
		<loc>233</loc>
		<dam>1.0</dam>
		<moa>1</moa>
		<mfa>0.0</mfa>
		<cam>0.25</cam>
		<ic>0</ic>
		<cbm>0</cbm>
		<amc>16.76923076923077</amc>
		<cc>
			<method name="private java.util.List findLeaves(org.junit.runner.Request request)">1</method>
			<method name="public static org.junit.experimental.max.MaxCore storedLocally(java.io.File storedResults)">1</method>
			<method name="public org.junit.runner.Result run(org.junit.runner.Request request)">1</method>
			<method name="private org.junit.runner.Request constructLeafRequest(java.util.List leaves)">2</method>
			<method name="private void _init_(java.io.File storedResults)">1</method>
			<method name="public java.util.List sortedLeavesForTest(org.junit.runner.Request request)">1</method>
			<method name="private org.junit.runner.Runner buildRunner(org.junit.runner.Description each)">5</method>
			<method name="public org.junit.runner.Result run(org.junit.runner.Request request, org.junit.runner.JUnitCore core)">1</method>
			<method name="public static org.junit.experimental.max.MaxCore forFolder(String folderName)">1</method>
			<method name="private Class getMalformedTestClass(org.junit.runner.Description each)">1</method>
			<method name="public org.junit.runner.Request sortRequest(org.junit.runner.Request request)">2</method>
			<method name="private void findLeaves(org.junit.runner.Description parent, org.junit.runner.Description description, java.util.List results)">4</method>
			<method name="public org.junit.runner.Result run(Class testClass)">1</method>
		</cc>
	</class>
	<class>
		<name>org.junit.runners.BlockJUnit4ClassRunner</name>
		<wmc>31</wmc>
		<dit>0</dit>
		<noc>4</noc>
		<cbo>37</cbo>
		<rfc>81</rfc>
		<lcom>465</lcom>
		<ca>6</ca>
		<ce>32</ce>
		<npm>1</npm>
		<lcom3>2.0</lcom3>
		<loc>472</loc>
		<dam>0.0</dam>
		<moa>0</moa>
		<mfa>0.0</mfa>
		<cam>0.23870967741935484</cam>
		<ic>0</ic>
		<cbm>0</cbm>
		<amc>14.225806451612904</amc>
		<cc>
			<method name="protected java.util.List computeTestMethods()">1</method>
			<method name="protected org.junit.runners.model.Statement withAfters(org.junit.runners.model.FrameworkMethod method, Object target, org.junit.runners.model.Statement statement)">2</method>
			<method name="private void validateRuleField(java.lang.reflect.Field field, java.util.List errors)">3</method>
			<method name="private void validateFields(java.util.List errors)">2</method>
			<method name="protected void validateTestMethods(java.util.List errors)">1</method>
			<method name="private org.junit.internal.runners.model.EachTestNotifier makeNotifier(org.junit.runners.model.FrameworkMethod method, org.junit.runner.notification.RunNotifier notifier)">1</method>
			<method name="private long getTimeout(org.junit.Test annotation)">2</method>
			<method name="protected volatile void runChild(Object x0, org.junit.runner.notification.RunNotifier x1)">1</method>
			<method name="protected java.util.List getChildren()">1</method>
			<method name="protected void validateZeroArgConstructor(java.util.List errors)">3</method>
			<method name="private boolean hasOneConstructor()">2</method>
			<method name="protected void collectInitializationErrors(java.util.List errors)">1</method>
			<method name="private boolean expectsException(org.junit.Test annotation)">2</method>
			<method name="protected org.junit.runners.model.Statement possiblyExpectingExceptions(org.junit.runners.model.FrameworkMethod method, Object test, org.junit.runners.model.Statement next)">2</method>
			<method name="protected void validateConstructor(java.util.List errors)">1</method>
			<method name="protected Object createTest()">1</method>
			<method name="protected org.junit.runners.model.Statement methodBlock(org.junit.runners.model.FrameworkMethod method)">1</method>
			<method name="protected org.junit.runner.Description describeChild(org.junit.runners.model.FrameworkMethod method)">1</method>
			<method name="protected void runChild(org.junit.runners.model.FrameworkMethod method, org.junit.runner.notification.RunNotifier notifier)">2</method>
			<method name="protected void validateOnlyOneConstructor(java.util.List errors)">2</method>
			<method name="protected org.junit.runners.model.Statement methodInvoker(org.junit.runners.model.FrameworkMethod method, Object test)">1</method>
			<method name="private org.junit.runners.model.Statement withRules(org.junit.runners.model.FrameworkMethod method, Object target, org.junit.runners.model.Statement statement)">2</method>
			<method name="protected org.junit.runners.model.Statement withPotentialTimeout(org.junit.runners.model.FrameworkMethod method, Object test, org.junit.runners.model.Statement next)">2</method>
			<method name="protected volatile org.junit.runner.Description describeChild(Object x0)">1</method>
			<method name="private void runIgnored(org.junit.internal.runners.model.EachTestNotifier eachNotifier)">1</method>
			<method name="public void _init_(Class klass)">1</method>
			<method name="protected void validateInstanceMethods(java.util.List errors)">2</method>
			<method name="protected org.junit.runners.model.Statement withBefores(org.junit.runners.model.FrameworkMethod method, Object target, org.junit.runners.model.Statement statement)">2</method>
			<method name="private void runNotIgnored(org.junit.runners.model.FrameworkMethod method, org.junit.internal.runners.model.EachTestNotifier eachNotifier)">1</method>
			<method name="protected String testName(org.junit.runners.model.FrameworkMethod method)">1</method>
			<method name="private Class getExpectedException(org.junit.Test annotation)">3</method>
		</cc>
	</class>
	<class>
		<name>junit.framework.ComparisonFailure</name>
		<wmc>4</wmc>
		<dit>0</dit>
		<noc>0</noc>
		<cbo>6</cbo>
		<rfc>8</rfc>
		<lcom>0</lcom>
		<ca>1</ca>
		<ce>5</ce>
		<npm>4</npm>
		<lcom3>0.8333333333333334</lcom3>
		<loc>36</loc>
		<dam>1.0</dam>
		<moa>0</moa>
		<mfa>0.0</mfa>
		<cam>0.625</cam>
		<ic>0</ic>
		<cbm>0</cbm>
		<amc>7.0</amc>
		<cc>
			<method name="public String getExpected()">1</method>
			<method name="public String getActual()">1</method>
			<method name="public String getMessage()">1</method>
			<method name="public void _init_(String message, String expected, String actual)">1</method>
		</cc>
	</class>
	<class>
		<name>org.junit.internal.runners.JUnit38ClassRunner$1</name>
		<wmc>0</wmc>
		<dit>1</dit>
		<noc>0</noc>
		<cbo>3</cbo>
		<rfc>0</rfc>
		<lcom>0</lcom>
		<ca>2</ca>
		<ce>1</ce>
		<npm>0</npm>
		<lcom3>2.0</lcom3>
		<loc>0</loc>
		<dam>0.0</dam>
		<moa>0</moa>
		<mfa>0.0</mfa>
		<cam>0.0</cam>
		<ic>0</ic>
		<cbm>0</cbm>
		<amc>0.0</amc>
		<cc>
		</cc>
	</class>
	<class>
		<name>org.junit.runners.model.FrameworkMember</name>
		<wmc>4</wmc>
		<dit>1</dit>
		<noc>2</noc>
		<cbo>8</cbo>
		<rfc>8</rfc>
		<lcom>6</lcom>
		<ca>3</ca>
		<ce>5</ce>
		<npm>0</npm>
		<lcom3>2.0</lcom3>
		<loc>26</loc>
		<dam>0.0</dam>
		<moa>0</moa>
		<mfa>0.0</mfa>
		<cam>0.5</cam>
		<ic>0</ic>
		<cbm>0</cbm>
		<amc>5.5</amc>
		<cc>
			<method name="void _init_()">1</method>
			<method name="boolean isShadowedBy(java.util.List members)">2</method>
			<method name="abstract java.lang.annotation.Annotation[] getAnnotations()">1</method>
			<method name="abstract boolean isShadowedBy(org.junit.runners.model.FrameworkMember)">1</method>
		</cc>
	</class>
	<class>
		<name>org.junit.experimental.results.ResultMatchers$1</name>
		<wmc>4</wmc>
		<dit>0</dit>
		<noc>0</noc>
		<cbo>8</cbo>
		<rfc>11</rfc>
		<lcom>0</lcom>
		<ca>1</ca>
		<ce>7</ce>
		<npm>3</npm>
		<lcom3>0.0</lcom3>
		<loc>40</loc>
		<dam>0.0</dam>
		<moa>0</moa>
		<mfa>0.0</mfa>
		<cam>0.4</cam>
		<ic>0</ic>
		<cbm>0</cbm>
		<amc>8.75</amc>
		<cc>
			<method name="public boolean matchesSafely(org.junit.experimental.results.PrintableResult item)">2</method>
			<method name="public volatile boolean matchesSafely(Object x0)">1</method>
			<method name="public void describeTo(org.hamcrest.Description description)">1</method>
			<method name="void _init_(int)">1</method>
		</cc>
	</class>
	<class>
		<name>org.junit.experimental.theories.Theory</name>
		<wmc>1</wmc>
		<dit>1</dit>
		<noc>0</noc>
		<cbo>4</cbo>
		<rfc>1</rfc>
		<lcom>0</lcom>
		<ca>1</ca>
		<ce>3</ce>
		<npm>1</npm>
		<lcom3>2.0</lcom3>
		<loc>1</loc>
		<dam>0.0</dam>
		<moa>0</moa>
		<mfa>0.0</mfa>
		<cam>1.0</cam>
		<ic>0</ic>
		<cbm>0</cbm>
		<amc>0.0</amc>
		<cc>
			<method name="public abstract boolean nullsAccepted()">1</method>
		</cc>
	</class>
	<class>
		<name>org.junit.experimental.results.ResultMatchers$2</name>
		<wmc>3</wmc>
		<dit>0</dit>
		<noc>0</noc>
		<cbo>9</cbo>
		<rfc>12</rfc>
		<lcom>0</lcom>
		<ca>1</ca>
		<ce>9</ce>
		<npm>2</npm>
		<lcom3>0.0</lcom3>
		<loc>38</loc>
		<dam>0.0</dam>
		<moa>0</moa>
		<mfa>0.0</mfa>
		<cam>0.5</cam>
		<ic>0</ic>
		<cbm>0</cbm>
		<amc>11.333333333333334</amc>
		<cc>
			<method name="public boolean matches(Object item)">3</method>
			<method name="public void describeTo(org.hamcrest.Description description)">1</method>
			<method name="void _init_(String)">1</method>
		</cc>
	</class>
	<class>
		<name>org.junit.internal.builders.JUnit4Builder</name>
		<wmc>2</wmc>
		<dit>0</dit>
		<noc>0</noc>
		<cbo>8</cbo>
		<rfc>4</rfc>
		<lcom>1</lcom>
		<ca>1</ca>
		<ce>7</ce>
		<npm>2</npm>
		<lcom3>2.0</lcom3>
		<loc>10</loc>
		<dam>0.0</dam>
		<moa>0</moa>
		<mfa>0.0</mfa>
		<cam>0.75</cam>
		<ic>0</ic>
		<cbm>0</cbm>
		<amc>4.0</amc>
		<cc>
			<method name="public void _init_()">1</method>
			<method name="public org.junit.runner.Runner runnerForClass(Class testClass)">1</method>
		</cc>
	</class>
	<class>
		<name>org.junit.experimental.results.ResultMatchers$3</name>
		<wmc>3</wmc>
		<dit>0</dit>
		<noc>0</noc>
		<cbo>8</cbo>
		<rfc>10</rfc>
		<lcom>0</lcom>
		<ca>1</ca>
		<ce>7</ce>
		<npm>2</npm>
		<lcom3>0.0</lcom3>
		<loc>29</loc>
		<dam>0.0</dam>
		<moa>0</moa>
		<mfa>0.0</mfa>
		<cam>0.5</cam>
		<ic>0</ic>
		<cbm>0</cbm>
		<amc>8.333333333333334</amc>
		<cc>
			<method name="public boolean matches(Object item)">1</method>
			<method name="public void describeTo(org.hamcrest.Description description)">1</method>
			<method name="void _init_(String)">1</method>
		</cc>
	</class>
	<class>
		<name>org.junit.internal.builders.SuiteMethodBuilder</name>
		<wmc>3</wmc>
		<dit>0</dit>
		<noc>0</noc>
		<cbo>11</cbo>
		<rfc>6</rfc>
		<lcom>3</lcom>
		<ca>1</ca>
		<ce>10</ce>
		<npm>3</npm>
		<lcom3>2.0</lcom3>
		<loc>29</loc>
		<dam>0.0</dam>
		<moa>0</moa>
		<mfa>0.0</mfa>
		<cam>0.8333333333333334</cam>
		<ic>0</ic>
		<cbm>0</cbm>
		<amc>8.666666666666666</amc>
		<cc>
			<method name="public boolean hasSuiteMethod(Class testClass)">1</method>
			<method name="public void _init_()">1</method>
			<method name="public org.junit.runner.Runner runnerForClass(Class each)">1</method>
		</cc>
	</class>
	<class>
		<name>org.junit.runners.BlockJUnit4ClassRunner$1</name>
		<wmc>2</wmc>
		<dit>0</dit>
		<noc>0</noc>
		<cbo>6</cbo>
		<rfc>4</rfc>
		<lcom>0</lcom>
		<ca>1</ca>
		<ce>6</ce>
		<npm>0</npm>
		<lcom3>0.0</lcom3>
		<loc>13</loc>
		<dam>0.0</dam>
		<moa>1</moa>
		<mfa>0.0</mfa>
		<cam>0.75</cam>
		<ic>0</ic>
		<cbm>0</cbm>
		<amc>5.0</amc>
		<cc>
			<method name="protected Object runReflectiveCall()">1</method>
			<method name="void _init_(org.junit.runners.BlockJUnit4ClassRunner)">1</method>
		</cc>
	</class>
	<class>
		<name>org.junit.experimental.ParallelComputer$1</name>
		<wmc>3</wmc>
		<dit>1</dit>
		<noc>0</noc>
		<cbo>14</cbo>
		<rfc>14</rfc>
		<lcom>0</lcom>
		<ca>2</ca>
		<ce>13</ce>
		<npm>2</npm>
		<lcom3>0.25</lcom3>
		<loc>49</loc>
		<dam>1.0</dam>
		<moa>0</moa>
		<mfa>0.0</mfa>
		<cam>0.6666666666666666</cam>
		<ic>0</ic>
		<cbm>0</cbm>
		<amc>14.666666666666666</amc>
		<cc>
			<method name="void _init_()">1</method>
			<method name="public void schedule(Runnable childStatement)">1</method>
			<method name="public void finished()">2</method>
		</cc>
	</class>
	<class>
		<name>org.junit.internal.runners.JUnit38ClassRunner$OldTestClassAdaptingListener</name>
		<wmc>9</wmc>
		<dit>1</dit>
		<noc>0</noc>
		<cbo>15</cbo>
		<rfc>19</rfc>
		<lcom>24</lcom>
		<ca>1</ca>
		<ce>15</ce>
		<npm>4</npm>
		<lcom3>0.625</lcom3>
		<loc>87</loc>
		<dam>0.5</dam>
		<moa>2</moa>
		<mfa>0.0</mfa>
		<cam>0.36507936507936506</cam>
		<ic>0</ic>
		<cbm>0</cbm>
		<amc>8.444444444444445</amc>
		<cc>
			<method name="public void addFailure(junit.framework.Test test, junit.framework.AssertionFailedError t)">1</method>
			<method name="private org.junit.runner.Description asDescription(junit.framework.Test test)">2</method>
			<method name="private Class getEffectiveClass(junit.framework.Test test)">1</method>
			<method name="public void startTest(junit.framework.Test test)">1</method>
			<method name="private void _init_(org.junit.internal.runners.JUnit38ClassRunner, org.junit.runner.notification.RunNotifier notifier)">1</method>
			<method name="public void addError(junit.framework.Test test, Throwable t)">1</method>
			<method name="public void endTest(junit.framework.Test test)">1</method>
			<method name="private String getName(junit.framework.Test test)">2</method>
			<method name="void _init_(org.junit.internal.runners.JUnit38ClassRunner x0, org.junit.runner.notification.RunNotifier x1, org.junit.internal.runners.JUnit38ClassRunner$1 x2)">1</method>
		</cc>
	</class>
	<class>
		<name>org.junit.internal.runners.MethodRoadie$1</name>
		<wmc>2</wmc>
		<dit>1</dit>
		<noc>0</noc>
		<cbo>16</cbo>
		<rfc>14</rfc>
		<lcom>0</lcom>
		<ca>2</ca>
		<ce>16</ce>
		<npm>1</npm>
		<lcom3>0.0</lcom3>
		<loc>67</loc>
		<dam>0.0</dam>
		<moa>1</moa>
		<mfa>0.0</mfa>
		<cam>0.6666666666666666</cam>
		<ic>0</ic>
		<cbm>0</cbm>
		<amc>31.5</amc>
		<cc>
			<method name="void _init_(org.junit.internal.runners.MethodRoadie, long)">1</method>
			<method name="public void run()">2</method>
		</cc>
	</class>
	<class>
		<name>org.junit.internal.runners.MethodRoadie$2</name>
		<wmc>2</wmc>
		<dit>1</dit>
		<noc>0</noc>
		<cbo>4</cbo>
		<rfc>4</rfc>
		<lcom>0</lcom>
		<ca>1</ca>
		<ce>4</ce>
		<npm>1</npm>
		<lcom3>0.0</lcom3>
		<loc>13</loc>
		<dam>0.0</dam>
		<moa>1</moa>
		<mfa>0.0</mfa>
		<cam>0.75</cam>
		<ic>0</ic>
		<cbm>0</cbm>
		<amc>5.0</amc>
		<cc>
			<method name="void _init_(org.junit.internal.runners.MethodRoadie)">1</method>
			<method name="public void run()">1</method>
		</cc>
	</class>
	<class>
		<name>org.junit.runners.ParentRunner$3</name>
		<wmc>2</wmc>
		<dit>1</dit>
		<noc>0</noc>
		<cbo>5</cbo>
		<rfc>4</rfc>
		<lcom>0</lcom>
		<ca>1</ca>
		<ce>5</ce>
		<npm>1</npm>
		<lcom3>0.0</lcom3>
		<loc>25</loc>
		<dam>0.0</dam>
		<moa>2</moa>
		<mfa>0.0</mfa>
		<cam>0.625</cam>
		<ic>0</ic>
		<cbm>0</cbm>
		<amc>10.0</amc>
		<cc>
			<method name="void _init_(org.junit.runners.ParentRunner, Object, org.junit.runner.notification.RunNotifier)">1</method>
			<method name="public void run()">1</method>
		</cc>
	</class>
	<class>
		<name>org.junit.runners.ParentRunner$4</name>
		<wmc>2</wmc>
		<dit>1</dit>
		<noc>0</noc>
		<cbo>6</cbo>
		<rfc>6</rfc>
		<lcom>0</lcom>
		<ca>1</ca>
		<ce>6</ce>
		<npm>1</npm>
		<lcom3>0.0</lcom3>
		<loc>22</loc>
		<dam>0.0</dam>
		<moa>1</moa>
		<mfa>0.0</mfa>
		<cam>0.6666666666666666</cam>
		<ic>0</ic>
		<cbm>0</cbm>
		<amc>9.5</amc>
		<cc>
			<method name="public int compare(Object o1, Object o2)">1</method>
			<method name="void _init_(org.junit.runners.ParentRunner)">1</method>
		</cc>
	</class>
	<class>
		<name>org.junit.runners.ParentRunner$1</name>
		<wmc>3</wmc>
		<dit>1</dit>
		<noc>0</noc>
		<cbo>5</cbo>
		<rfc>5</rfc>
		<lcom>3</lcom>
		<ca>1</ca>
		<ce>5</ce>
		<npm>2</npm>
		<lcom3>1.0</lcom3>
		<loc>14</loc>
		<dam>0.0</dam>
		<moa>1</moa>
		<mfa>0.0</mfa>
		<cam>0.5555555555555556</cam>
		<ic>0</ic>
		<cbm>0</cbm>
		<amc>3.3333333333333335</amc>
		<cc>
			<method name="void _init_(org.junit.runners.ParentRunner)">1</method>
			<method name="public void schedule(Runnable childStatement)">1</method>
			<method name="public void finished()">1</method>
		</cc>
	</class>
	<class>
		<name>org.junit.runners.ParentRunner$2</name>
		<wmc>2</wmc>
		<dit>0</dit>
		<noc>0</noc>
		<cbo>5</cbo>
		<rfc>4</rfc>
		<lcom>0</lcom>
		<ca>1</ca>
		<ce>5</ce>
		<npm>1</npm>
		<lcom3>0.0</lcom3>
		<loc>19</loc>
		<dam>0.0</dam>
		<moa>2</moa>
		<mfa>0.0</mfa>
		<cam>0.6666666666666666</cam>
		<ic>0</ic>
		<cbm>0</cbm>
		<amc>7.5</amc>
		<cc>
			<method name="void _init_(org.junit.runners.ParentRunner, org.junit.runner.notification.RunNotifier)">1</method>
			<method name="public void evaluate()">1</method>
		</cc>
	</class>
	<class>
		<name>org.junit.experimental.categories.Category</name>
		<wmc>1</wmc>
		<dit>1</dit>
		<noc>0</noc>
		<cbo>4</cbo>
		<rfc>1</rfc>
		<lcom>0</lcom>
		<ca>1</ca>
		<ce>3</ce>
		<npm>1</npm>
		<lcom3>2.0</lcom3>
		<loc>1</loc>
		<dam>0.0</dam>
		<moa>0</moa>
		<mfa>0.0</mfa>
		<cam>1.0</cam>
		<ic>0</ic>
		<cbm>0</cbm>
		<amc>0.0</amc>
		<cc>
			<method name="public abstract Class[] value()">1</method>
		</cc>
	</class>
	<class>
		<name>org.hamcrest.core.DescribedAs</name>
		<wmc>5</wmc>
		<dit>0</dit>
		<noc>0</noc>
		<cbo>12</cbo>
		<rfc>20</rfc>
		<lcom>4</lcom>
		<ca>1</ca>
		<ce>11</ce>
		<npm>4</npm>
		<lcom3>0.5625</lcom3>
		<loc>87</loc>
		<dam>1.0</dam>
		<moa>1</moa>
		<mfa>0.0</mfa>
		<cam>0.4583333333333333</cam>
		<ic>0</ic>
		<cbm>0</cbm>
		<amc>15.6</amc>
		<cc>
			<method name="public static transient org.hamcrest.Matcher describedAs(String description, org.hamcrest.Matcher matcher, Object[] values)">1</method>
			<method name="static void _clinit_()">1</method>
			<method name="public void describeTo(org.hamcrest.Description description)">3</method>
			<method name="public void _init_(String descriptionTemplate, org.hamcrest.Matcher matcher, Object[] values)">1</method>
			<method name="public boolean matches(Object o)">1</method>
		</cc>
	</class>
	<class>
		<name>org.junit.internal.runners.MethodRoadie</name>
		<wmc>9</wmc>
		<dit>1</dit>
		<noc>0</noc>
		<cbo>24</cbo>
		<rfc>40</rfc>
		<lcom>12</lcom>
		<ca>4</ca>
		<ce>22</ce>
		<npm>4</npm>
		<lcom3>0.40625</lcom3>
		<loc>276</loc>
		<dam>1.0</dam>
		<moa>3</moa>
		<mfa>0.0</mfa>
		<cam>0.2222222222222222</cam>
		<ic>0</ic>
		<cbm>0</cbm>
		<amc>29.22222222222222</amc>
		<cc>
			<method name="private void runWithTimeout(long timeout)">1</method>
			<method name="protected void runTestMethod()">3</method>
			<method name="public void runTest()">1</method>
			<method name="public void _init_(Object test, org.junit.internal.runners.TestMethod method, org.junit.runner.notification.RunNotifier notifier, org.junit.runner.Description description)">1</method>
			<method name="private void runBefores()">1</method>
			<method name="public void run()">3</method>
			<method name="private void runAfters()">2</method>
			<method name="protected void addFailure(Throwable e)">1</method>
			<method name="public void runBeforesThenTestThenAfters(Runnable test)">1</method>
		</cc>
	</class>
	<class>
		<name>org.junit.runners.Suite</name>
		<wmc>12</wmc>
		<dit>0</dit>
		<noc>4</noc>
		<cbo>21</cbo>
		<rfc>23</rfc>
		<lcom>64</lcom>
		<ca>6</ca>
		<ce>15</ce>
		<npm>3</npm>
		<lcom3>0.7272727272727273</lcom3>
		<loc>110</loc>
		<dam>1.0</dam>
		<moa>0</moa>
		<mfa>0.0</mfa>
		<cam>0.2916666666666667</cam>
		<ic>0</ic>
		<cbm>0</cbm>
		<amc>8.083333333333334</amc>
		<cc>
			<method name="protected java.util.List getChildren()">1</method>
			<method name="protected void runChild(org.junit.runner.Runner runner, org.junit.runner.notification.RunNotifier notifier)">1</method>
			<method name="protected volatile org.junit.runner.Description describeChild(Object x0)">1</method>
			<method name="protected void _init_(org.junit.runners.model.RunnerBuilder builder, Class klass, Class[] suiteClasses)">1</method>
			<method name="protected org.junit.runner.Description describeChild(org.junit.runner.Runner child)">1</method>
			<method name="public static org.junit.runner.Runner emptySuite()">1</method>
			<method name="private static Class[] getAnnotatedClasses(Class klass)">1</method>
			<method name="public void _init_(org.junit.runners.model.RunnerBuilder builder, Class[] classes)">1</method>
			<method name="protected void _init_(Class klass, Class[] suiteClasses)">1</method>
			<method name="public void _init_(Class klass, org.junit.runners.model.RunnerBuilder builder)">1</method>
			<method name="protected void _init_(Class klass, java.util.List runners)">1</method>
			<method name="protected volatile void runChild(Object x0, org.junit.runner.notification.RunNotifier x1)">1</method>
		</cc>
	</class>
	<class>
		<name>org.junit.experimental.theories.internal.Assignments</name>
		<wmc>14</wmc>
		<dit>1</dit>
		<noc>0</noc>
		<cbo>24</cbo>
		<rfc>33</rfc>
		<lcom>41</lcom>
		<ca>4</ca>
		<ce>20</ce>
		<npm>12</npm>
		<lcom3>0.5128205128205129</lcom3>
		<loc>215</loc>
		<dam>1.0</dam>
		<moa>1</moa>
		<mfa>0.0</mfa>
		<cam>0.23214285714285715</cam>
		<ic>0</ic>
		<cbm>0</cbm>
		<amc>14.142857142857142</amc>
		<cc>
			<method name="public Object[] getMethodArguments(boolean nullsOk)">1</method>
			<method name="private int getConstructorParameterCount()">1</method>
			<method name="public org.junit.experimental.theories.internal.Assignments assignNext(org.junit.experimental.theories.PotentialAssignment source)">1</method>
			<method name="public Object[] getActualValues(int start, int stop, boolean nullsOk)">1</method>
			<method name="public org.junit.experimental.theories.ParameterSignature nextUnassigned()">1</method>
			<method name="public org.junit.experimental.theories.ParameterSupplier getSupplier(org.junit.experimental.theories.ParameterSignature unassigned)">1</method>
			<method name="public org.junit.experimental.theories.ParameterSupplier getAnnotatedSupplier(org.junit.experimental.theories.ParameterSignature unassigned)">1</method>
			<method name="public boolean isComplete()">2</method>
			<method name="public Object[] getArgumentStrings(boolean nullsOk)">1</method>
			<method name="public Object[] getAllArguments(boolean nullsOk)">1</method>
			<method name="public static org.junit.experimental.theories.internal.Assignments allUnassigned(java.lang.reflect.Method testMethod, org.junit.runners.model.TestClass testClass)">1</method>
			<method name="public java.util.List potentialsForNextUnassigned()">1</method>
			<method name="private void _init_(java.util.List assigned, java.util.List unassigned, org.junit.runners.model.TestClass testClass)">1</method>
			<method name="public Object[] getConstructorArguments(boolean nullsOk)">1</method>
		</cc>
	</class>
	<class>
		<name>org.junit.internal.builders.IgnoredClassRunner</name>
		<wmc>3</wmc>
		<dit>0</dit>
		<noc>0</noc>
		<cbo>7</cbo>
		<rfc>6</rfc>
		<lcom>1</lcom>
		<ca>1</ca>
		<ce>6</ce>
		<npm>3</npm>
		<lcom3>0.0</lcom3>
		<loc>19</loc>
		<dam>1.0</dam>
		<moa>0</moa>
		<mfa>0.0</mfa>
		<cam>0.5555555555555556</cam>
		<ic>0</ic>
		<cbm>0</cbm>
		<amc>5.0</amc>
		<cc>
			<method name="public void _init_(Class testClass)">1</method>
			<method name="public void run(org.junit.runner.notification.RunNotifier notifier)">1</method>
			<method name="public org.junit.runner.Description getDescription()">1</method>
		</cc>
	</class>
	<class>
		<name>org.junit.runner.manipulation.Sorter$1</name>
		<wmc>3</wmc>
		<dit>1</dit>
		<noc>0</noc>
		<cbo>5</cbo>
		<rfc>4</rfc>
		<lcom>3</lcom>
		<ca>1</ca>
		<ce>4</ce>
		<npm>2</npm>
		<lcom3>2.0</lcom3>
		<loc>15</loc>
		<dam>0.0</dam>
		<moa>0</moa>
		<mfa>0.0</mfa>
		<cam>0.5555555555555556</cam>
		<ic>0</ic>
		<cbm>0</cbm>
		<amc>4.0</amc>
		<cc>
			<method name="void _init_()">1</method>
			<method name="public volatile int compare(Object x0, Object x1)">1</method>
			<method name="public int compare(org.junit.runner.Description o1, org.junit.runner.Description o2)">1</method>
		</cc>
	</class>
	<class>
		<name>org.junit.internal.matchers.TypeSafeMatcher</name>
		<wmc>6</wmc>
		<dit>0</dit>
		<noc>4</noc>
		<cbo>11</cbo>
		<rfc>16</rfc>
		<lcom>9</lcom>
		<ca>4</ca>
		<ce>7</ce>
		<npm>2</npm>
		<lcom3>0.6</lcom3>
		<loc>92</loc>
		<dam>1.0</dam>
		<moa>0</moa>
		<mfa>0.0</mfa>
		<cam>0.375</cam>
		<ic>0</ic>
		<cbm>0</cbm>
		<amc>14.166666666666666</amc>
		<cc>
			<method name="protected void _init_()">1</method>
			<method name="protected void _init_(Class expectedType)">1</method>
			<method name="private static Class findExpectedType(Class fromClass)">4</method>
			<method name="public abstract boolean matchesSafely(Object)">1</method>
			<method name="private static boolean isMatchesSafelyMethod(java.lang.reflect.Method method)">4</method>
			<method name="public final boolean matches(Object item)">4</method>
		</cc>
	</class>
	<class>
		<name>org.junit.experimental.theories.suppliers.TestedOnSupplier</name>
		<wmc>2</wmc>
		<dit>0</dit>
		<noc>0</noc>
		<cbo>13</cbo>
		<rfc>11</rfc>
		<lcom>1</lcom>
		<ca>0</ca>
		<ce>13</ce>
		<npm>2</npm>
		<lcom3>2.0</lcom3>
		<loc>49</loc>
		<dam>0.0</dam>
		<moa>0</moa>
		<mfa>0.0</mfa>
		<cam>0.75</cam>
		<ic>0</ic>
		<cbm>0</cbm>
		<amc>23.5</amc>
		<cc>
			<method name="public void _init_()">1</method>
			<method name="public java.util.List getValueSources(org.junit.experimental.theories.ParameterSignature sig)">2</method>
		</cc>
	</class>
	<class>
		<name>org.junit.internal.runners.FailedBefore</name>
		<wmc>1</wmc>
		<dit>3</dit>
		<noc>0</noc>
		<cbo>5</cbo>
		<rfc>2</rfc>
		<lcom>0</lcom>
		<ca>2</ca>
		<ce>3</ce>
		<npm>0</npm>
		<lcom3>2.0</lcom3>
		<loc>5</loc>
		<dam>1.0</dam>
		<moa>0</moa>
		<mfa>1.0</mfa>
		<cam>1.0</cam>
		<ic>0</ic>
		<cbm>0</cbm>
		<amc>3.0</amc>
		<cc>
			<method name="void _init_()">1</method>
		</cc>
	</class>
	<class>
		<name>org.junit.internal.RealSystem</name>
		<wmc>3</wmc>
		<dit>1</dit>
		<noc>0</noc>
		<cbo>6</cbo>
		<rfc>5</rfc>
		<lcom>3</lcom>
		<ca>1</ca>
		<ce>5</ce>
		<npm>3</npm>
		<lcom3>2.0</lcom3>
		<loc>11</loc>
		<dam>0.0</dam>
		<moa>0</moa>
		<mfa>0.0</mfa>
		<cam>0.6666666666666666</cam>
		<ic>0</ic>
		<cbm>0</cbm>
		<amc>2.6666666666666665</amc>
		<cc>
			<method name="public java.io.PrintStream out()">1</method>
			<method name="public void exit(int code)">1</method>
			<method name="public void _init_()">1</method>
		</cc>
	</class>
	<class>
		<name>org.junit.runners.model.FrameworkField</name>
		<wmc>6</wmc>
		<dit>0</dit>
		<noc>0</noc>
		<cbo>10</cbo>
		<rfc>11</rfc>
		<lcom>3</lcom>
		<ca>2</ca>
		<ce>8</ce>
		<npm>5</npm>
		<lcom3>0.0</lcom3>
		<loc>38</loc>
		<dam>1.0</dam>
		<moa>0</moa>
		<mfa>0.0</mfa>
		<cam>0.3333333333333333</cam>
		<ic>0</ic>
		<cbm>0</cbm>
		<amc>5.166666666666667</amc>
		<cc>
			<method name="void _init_(java.lang.reflect.Field field)">1</method>
			<method name="public java.lang.reflect.Field getField()">1</method>
			<method name="public Object get(Object target)">1</method>
			<method name="public volatile boolean isShadowedBy(org.junit.runners.model.FrameworkMember x0)">1</method>
			<method name="public java.lang.annotation.Annotation[] getAnnotations()">1</method>
			<method name="public boolean isShadowedBy(org.junit.runners.model.FrameworkField otherMember)">1</method>
		</cc>
	</class>
	<class>
		<name>org.junit.internal.matchers.CombinableMatcher</name>
		<wmc>5</wmc>
		<dit>0</dit>
		<noc>0</noc>
		<cbo>9</cbo>
		<rfc>10</rfc>
		<lcom>0</lcom>
		<ca>2</ca>
		<ce>7</ce>
		<npm>5</npm>
		<lcom3>0.0</lcom3>
		<loc>55</loc>
		<dam>1.0</dam>
		<moa>1</moa>
		<mfa>0.0</mfa>
		<cam>0.5</cam>
		<ic>0</ic>
		<cbm>0</cbm>
		<amc>9.8</amc>
		<cc>
			<method name="public boolean matches(Object item)">1</method>
			<method name="public void _init_(org.hamcrest.Matcher matcher)">1</method>
			<method name="public void describeTo(org.hamcrest.Description description)">1</method>
			<method name="public org.junit.internal.matchers.CombinableMatcher or(org.hamcrest.Matcher matcher)">1</method>
			<method name="public org.junit.internal.matchers.CombinableMatcher and(org.hamcrest.Matcher matcher)">1</method>
		</cc>
	</class>
	<class>
		<name>org.junit.internal.runners.statements.RunAfters</name>
		<wmc>2</wmc>
		<dit>0</dit>
		<noc>0</noc>
		<cbo>11</cbo>
		<rfc>12</rfc>
		<lcom>0</lcom>
		<ca>2</ca>
		<ce>9</ce>
		<npm>2</npm>
		<lcom3>0.0</lcom3>
		<loc>114</loc>
		<dam>1.0</dam>
		<moa>1</moa>
		<mfa>0.0</mfa>
		<cam>0.625</cam>
		<ic>0</ic>
		<cbm>0</cbm>
		<amc>54.5</amc>
		<cc>
			<method name="public void _init_(org.junit.runners.model.Statement next, java.util.List afters, Object target)">1</method>
			<method name="public void evaluate()">1</method>
		</cc>
	</class>
	<class>
		<name>org.junit.experimental.max.MaxHistory$RememberingListener</name>
		<wmc>6</wmc>
		<dit>0</dit>
		<noc>0</noc>
		<cbo>13</cbo>
		<rfc>18</rfc>
		<lcom>0</lcom>
		<ca>1</ca>
		<ce>13</ce>
		<npm>4</npm>
		<lcom3>0.4</lcom3>
		<loc>64</loc>
		<dam>0.6666666666666666</dam>
		<moa>1</moa>
		<mfa>0.0</mfa>
		<cam>0.3611111111111111</cam>
		<ic>0</ic>
		<cbm>0</cbm>
		<amc>9.166666666666666</amc>
		<cc>
			<method name="public void testFailure(org.junit.runner.notification.Failure failure)">1</method>
			<method name="void _init_(org.junit.experimental.max.MaxHistory x0, org.junit.experimental.max.MaxHistory$1 x1)">1</method>
			<method name="private void _init_(org.junit.experimental.max.MaxHistory)">1</method>
			<method name="public void testRunFinished(org.junit.runner.Result result)">1</method>
			<method name="public void testStarted(org.junit.runner.Description description)">1</method>
			<method name="public void testFinished(org.junit.runner.Description description)">1</method>
		</cc>
	</class>
	<class>
		<name>org.junit.experimental.theories.internal.ParameterizedAssertionError</name>
		<wmc>5</wmc>
		<dit>4</dit>
		<noc>0</noc>
		<cbo>11</cbo>
		<rfc>18</rfc>
		<lcom>10</lcom>
		<ca>1</ca>
		<ce>10</ce>
		<npm>4</npm>
		<lcom3>1.25</lcom3>
		<loc>70</loc>
		<dam>1.0</dam>
		<moa>0</moa>
		<mfa>0.84</mfa>
		<cam>0.36666666666666664</cam>
		<ic>0</ic>
		<cbm>0</cbm>
		<amc>12.8</amc>
		<cc>
			<method name="private static String stringValueOf(Object next)">1</method>
			<method name="public static transient String join(String delimiter, Object[] params)">1</method>
			<method name="public static String join(String delimiter, java.util.Collection values)">2</method>
			<method name="public boolean equals(Object obj)">1</method>
			<method name="public transient void _init_(Throwable targetException, String methodName, Object[] params)">1</method>
		</cc>
	</class>
	<class>
		<name>org.hamcrest.BaseMatcher</name>
		<wmc>3</wmc>
		<dit>1</dit>
		<noc>15</noc>
		<cbo>21</cbo>
		<rfc>5</rfc>
		<lcom>3</lcom>
		<ca>15</ca>
		<ce>6</ce>
		<npm>3</npm>
		<lcom3>2.0</lcom3>
		<loc>10</loc>
		<dam>0.0</dam>
		<moa>0</moa>
		<mfa>0.0</mfa>
		<cam>1.0</cam>
		<ic>0</ic>
		<cbm>0</cbm>
		<amc>2.3333333333333335</amc>
		<cc>
			<method name="public String toString()">1</method>
			<method name="public void _init_()">1</method>
			<method name="public final void _dont_implement_Matcher___instead_extend_BaseMatcher_()">1</method>
		</cc>
	</class>
	<class>
		<name>org.junit.rules.TestWatchman</name>
		<wmc>6</wmc>
		<dit>1</dit>
		<noc>1</noc>
		<cbo>8</cbo>
		<rfc>8</rfc>
		<lcom>15</lcom>
		<ca>2</ca>
		<ce>7</ce>
		<npm>6</npm>
		<lcom3>2.0</lcom3>
		<loc>20</loc>
		<dam>0.0</dam>
		<moa>0</moa>
		<mfa>0.0</mfa>
		<cam>0.4666666666666667</cam>
		<ic>0</ic>
		<cbm>0</cbm>
		<amc>2.3333333333333335</amc>
		<cc>
			<method name="public void finished(org.junit.runners.model.FrameworkMethod method)">1</method>
			<method name="public org.junit.runners.model.Statement apply(org.junit.runners.model.Statement base, org.junit.runners.model.FrameworkMethod method, Object target)">1</method>
			<method name="public void succeeded(org.junit.runners.model.FrameworkMethod method)">1</method>
			<method name="public void starting(org.junit.runners.model.FrameworkMethod method)">1</method>
			<method name="public void failed(Throwable e, org.junit.runners.model.FrameworkMethod method)">1</method>
			<method name="public void _init_()">1</method>
		</cc>
	</class>
	<class>
		<name>org.junit.runner.Describable</name>
		<wmc>1</wmc>
		<dit>1</dit>
		<noc>0</noc>
		<cbo>7</cbo>
		<rfc>1</rfc>
		<lcom>0</lcom>
		<ca>5</ca>
		<ce>2</ce>
		<npm>1</npm>
		<lcom3>2.0</lcom3>
		<loc>1</loc>
		<dam>0.0</dam>
		<moa>0</moa>
		<mfa>0.0</mfa>
		<cam>1.0</cam>
		<ic>0</ic>
		<cbm>0</cbm>
		<amc>0.0</amc>
		<cc>
			<method name="public abstract org.junit.runner.Description getDescription()">1</method>
		</cc>
	</class>
	<class>
		<name>org.junit.runner.Runner</name>
		<wmc>4</wmc>
		<dit>1</dit>
		<noc>5</noc>
		<cbo>31</cbo>
		<rfc>6</rfc>
		<lcom>6</lcom>
		<ca>26</ca>
		<ce>5</ce>
		<npm>4</npm>
		<lcom3>2.0</lcom3>
		<loc>11</loc>
		<dam>0.0</dam>
		<moa>0</moa>
		<mfa>0.0</mfa>
		<cam>0.625</cam>
		<ic>0</ic>
		<cbm>0</cbm>
		<amc>1.75</amc>
		<cc>
			<method name="public abstract void run(org.junit.runner.notification.RunNotifier)">1</method>
			<method name="public int testCount()">1</method>
			<method name="public abstract org.junit.runner.Description getDescription()">1</method>
			<method name="public void _init_()">1</method>
		</cc>
	</class>
	<class>
		<name>org.junit.rules.TestName</name>
		<wmc>3</wmc>
		<dit>0</dit>
		<noc>0</noc>
		<cbo>5</cbo>
		<rfc>5</rfc>
		<lcom>1</lcom>
		<ca>0</ca>
		<ce>5</ce>
		<npm>3</npm>
		<lcom3>0.5</lcom3>
		<loc>15</loc>
		<dam>1.0</dam>
		<moa>0</moa>
		<mfa>0.0</mfa>
		<cam>0.6666666666666666</cam>
		<ic>0</ic>
		<cbm>0</cbm>
		<amc>3.6666666666666665</amc>
		<cc>
			<method name="public String getMethodName()">1</method>
			<method name="public void starting(org.junit.runners.model.FrameworkMethod method)">1</method>
			<method name="public void _init_()">1</method>
		</cc>
	</class>
	<class>
		<name>org.hamcrest.internal.SelfDescribingValueIterator</name>
		<wmc>5</wmc>
		<dit>1</dit>
		<noc>0</noc>
		<cbo>6</cbo>
		<rfc>9</rfc>
		<lcom>0</lcom>
		<ca>1</ca>
		<ce>5</ce>
		<npm>5</npm>
		<lcom3>0.0</lcom3>
		<loc>30</loc>
		<dam>1.0</dam>
		<moa>0</moa>
		<mfa>0.0</mfa>
		<cam>0.6</cam>
		<ic>0</ic>
		<cbm>0</cbm>
		<amc>4.8</amc>
		<cc>
			<method name="public boolean hasNext()">1</method>
			<method name="public void remove()">1</method>
			<method name="public void _init_(java.util.Iterator values)">1</method>
			<method name="public volatile Object next()">1</method>
			<method name="public org.hamcrest.SelfDescribing next()">1</method>
		</cc>
	</class>
	<class>
		<name>org.junit.runners.model.InitializationError</name>
		<wmc>4</wmc>
		<dit>3</dit>
		<noc>0</noc>
		<cbo>22</cbo>
		<rfc>7</rfc>
		<lcom>4</lcom>
		<ca>15</ca>
		<ce>7</ce>
		<npm>4</npm>
		<lcom3>0.6666666666666666</lcom3>
		<loc>32</loc>
		<dam>1.0</dam>
		<moa>0</moa>
		<mfa>0.9545454545454546</mfa>
		<cam>0.4375</cam>
		<ic>0</ic>
		<cbm>0</cbm>
		<amc>6.5</amc>
		<cc>
			<method name="public void _init_(String string)">1</method>
			<method name="public void _init_(java.util.List errors)">1</method>
			<method name="public java.util.List getCauses()">1</method>
			<method name="public void _init_(Throwable error)">1</method>
		</cc>
	</class>
	<class>
		<name>org.hamcrest.core.IsSame</name>
		<wmc>4</wmc>
		<dit>0</dit>
		<noc>0</noc>
		<cbo>7</cbo>
		<rfc>7</rfc>
		<lcom>0</lcom>
		<ca>1</ca>
		<ce>6</ce>
		<npm>4</npm>
		<lcom3>0.0</lcom3>
		<loc>34</loc>
		<dam>1.0</dam>
		<moa>0</moa>
		<mfa>0.0</mfa>
		<cam>0.5833333333333334</cam>
		<ic>0</ic>
		<cbm>0</cbm>
		<amc>7.25</amc>
		<cc>
			<method name="public boolean matches(Object arg)">2</method>
			<method name="public void _init_(Object object)">1</method>
			<method name="public void describeTo(org.hamcrest.Description description)">1</method>
			<method name="public static org.hamcrest.Matcher sameInstance(Object object)">1</method>
		</cc>
	</class>
	<class>
		<name>org.junit.internal.TextListener</name>
		<wmc>12</wmc>
		<dit>0</dit>
		<noc>0</noc>
		<cbo>15</cbo>
		<rfc>35</rfc>
		<lcom>46</lcom>
		<ca>2</ca>
		<ce>13</ce>
		<npm>6</npm>
		<lcom3>0.18181818181818182</lcom3>
		<loc>229</loc>
		<dam>1.0</dam>
		<moa>0</moa>
		<mfa>0.0</mfa>
		<cam>0.25</cam>
		<ic>0</ic>
		<cbm>0</cbm>
		<amc>18.0</amc>
		<cc>
			<method name="public void testFailure(org.junit.runner.notification.Failure failure)">1</method>
			<method name="public void testIgnored(org.junit.runner.Description description)">1</method>
			<method name="protected void printFooter(org.junit.runner.Result result)">3</method>
			<method name="protected String elapsedTimeAsString(long runTime)">1</method>
			<method name="private java.io.PrintStream getWriter()">1</method>
			<method name="protected void printFailure(org.junit.runner.notification.Failure each, String prefix)">1</method>
			<method name="public void _init_(org.junit.internal.JUnitSystem system)">1</method>
			<method name="public void testRunFinished(org.junit.runner.Result result)">1</method>
			<method name="public void testStarted(org.junit.runner.Description description)">1</method>
			<method name="public void _init_(java.io.PrintStream writer)">1</method>
			<method name="protected void printHeader(long runTime)">1</method>
			<method name="protected void printFailures(org.junit.runner.Result result)">4</method>
		</cc>
	</class>
	<class>
		<name>org.junit.internal.runners.TestMethod</name>
		<wmc>9</wmc>
		<dit>1</dit>
		<noc>0</noc>
		<cbo>14</cbo>
		<rfc>17</rfc>
		<lcom>10</lcom>
		<ca>2</ca>
		<ce>12</ce>
		<npm>4</npm>
		<lcom3>0.5</lcom3>
		<loc>96</loc>
		<dam>1.0</dam>
		<moa>1</moa>
		<mfa>0.0</mfa>
		<cam>0.28888888888888886</cam>
		<ic>0</ic>
		<cbm>0</cbm>
		<amc>9.444444444444445</amc>
		<cc>
			<method name="boolean isUnexpected(Throwable exception)">2</method>
			<method name="public void invoke(Object test)">1</method>
			<method name="public long getTimeout()">2</method>
			<method name="java.util.List getBefores()">1</method>
			<method name="java.util.List getAfters()">1</method>
			<method name="public void _init_(java.lang.reflect.Method method, org.junit.internal.runners.TestClass testClass)">1</method>
			<method name="boolean expectsException()">2</method>
			<method name="public boolean isIgnored()">2</method>
			<method name="protected Class getExpectedException()">3</method>
		</cc>
	</class>
	<class>
		<name>org.junit.runners.Parameterized$Parameters</name>
		<wmc>0</wmc>
		<dit>1</dit>
		<noc>0</noc>
		<cbo>2</cbo>
		<rfc>0</rfc>
		<lcom>0</lcom>
		<ca>0</ca>
		<ce>2</ce>
		<npm>0</npm>
		<lcom3>2.0</lcom3>
		<loc>0</loc>
		<dam>0.0</dam>
		<moa>0</moa>
		<mfa>0.0</mfa>
		<cam>0.0</cam>
		<ic>0</ic>
		<cbm>0</cbm>
		<amc>0.0</amc>
		<cc>
		</cc>
	</class>
	<class>
		<name>junit.framework.AssertionFailedError</name>
		<wmc>2</wmc>
		<dit>4</dit>
		<noc>1</noc>
		<cbo>12</cbo>
		<rfc>4</rfc>
		<lcom>1</lcom>
		<ca>8</ca>
		<ce>4</ce>
		<npm>2</npm>
		<lcom3>2.0</lcom3>
		<loc>10</loc>
		<dam>1.0</dam>
		<moa>0</moa>
		<mfa>1.0</mfa>
		<cam>0.75</cam>
		<ic>0</ic>
		<cbm>0</cbm>
		<amc>3.5</amc>
		<cc>
			<method name="public void _init_(String message)">1</method>
			<method name="public void _init_()">1</method>
		</cc>
	</class>
	<class>
		<name>junit.framework.JUnit4TestAdapterCache</name>
		<wmc>7</wmc>
		<dit>3</dit>
		<noc>0</noc>
		<cbo>17</cbo>
		<rfc>27</rfc>
		<lcom>19</lcom>
		<ca>2</ca>
		<ce>17</ce>
		<npm>5</npm>
		<lcom3>1.0</lcom3>
		<loc>125</loc>
		<dam>1.0</dam>
		<moa>1</moa>
		<mfa>0.9285714285714286</mfa>
		<cam>0.4166666666666667</cam>
		<ic>0</ic>
		<cbm>0</cbm>
		<amc>16.571428571428573</amc>
		<cc>
			<method name="junit.framework.Test createTest(org.junit.runner.Description description)">3</method>
			<method name="public junit.framework.Test asTest(org.junit.runner.Description description)">3</method>
			<method name="public static junit.framework.JUnit4TestAdapterCache getDefault()">1</method>
			<method name="public org.junit.runner.notification.RunNotifier getNotifier(junit.framework.TestResult result, junit.framework.JUnit4TestAdapter adapter)">1</method>
			<method name="static void _clinit_()">1</method>
			<method name="public void _init_()">1</method>
			<method name="public java.util.List asTestList(org.junit.runner.Description description)">3</method>
		</cc>
	</class>
	<class>
		<name>junit.framework.TestSuite$1</name>
		<wmc>2</wmc>
		<dit>0</dit>
		<noc>0</noc>
		<cbo>5</cbo>
		<rfc>4</rfc>
		<lcom>0</lcom>
		<ca>1</ca>
		<ce>4</ce>
		<npm>0</npm>
		<lcom3>0.0</lcom3>
		<loc>14</loc>
		<dam>0.0</dam>
		<moa>0</moa>
		<mfa>0.0</mfa>
		<cam>0.75</cam>
		<ic>0</ic>
		<cbm>0</cbm>
		<amc>5.5</amc>
		<cc>
			<method name="protected void runTest()">1</method>
			<method name="void _init_(String x0, String)">1</method>
		</cc>
	</class>
	<class>
		<name>junit.framework.TestListener</name>
		<wmc>4</wmc>
		<dit>1</dit>
		<noc>0</noc>
		<cbo>11</cbo>
		<rfc>4</rfc>
		<lcom>6</lcom>
		<ca>6</ca>
		<ce>5</ce>
		<npm>4</npm>
		<lcom3>2.0</lcom3>
		<loc>4</loc>
		<dam>0.0</dam>
		<moa>0</moa>
		<mfa>0.0</mfa>
		<cam>0.625</cam>
		<ic>0</ic>
		<cbm>0</cbm>
		<amc>0.0</amc>
		<cc>
			<method name="public abstract void addError(junit.framework.Test, Throwable)">1</method>
			<method name="public abstract void addFailure(junit.framework.Test, junit.framework.AssertionFailedError)">1</method>
			<method name="public abstract void endTest(junit.framework.Test)">1</method>
			<method name="public abstract void startTest(junit.framework.Test)">1</method>
		</cc>
	</class>
	<class>
		<name>org.junit.runners.ParentRunner</name>
		<wmc>26</wmc>
		<dit>0</dit>
		<noc>2</noc>
		<cbo>37</cbo>
		<rfc>58</rfc>
		<lcom>265</lcom>
		<ca>7</ca>
		<ce>34</ce>
		<npm>6</npm>
		<lcom3>0.81</lcom3>
		<loc>344</loc>
		<dam>1.0</dam>
		<moa>4</moa>
		<mfa>0.0</mfa>
		<cam>0.16433566433566432</cam>
		<ic>0</ic>
		<cbm>0</cbm>
		<amc>12.076923076923077</amc>
		<cc>
			<method name="protected org.junit.runners.model.Statement withBeforeClasses(org.junit.runners.model.Statement statement)">2</method>
			<method name="protected String getName()">1</method>
			<method name="protected org.junit.runners.model.Statement childrenInvoker(org.junit.runner.notification.RunNotifier notifier)">1</method>
			<method name="private void sortChild(Object child)">1</method>
			<method name="private java.util.Comparator comparator()">1</method>
			<method name="protected abstract java.util.List getChildren()">1</method>
			<method name="protected void validatePublicVoidNoArgMethods(Class annotation, boolean isStatic, java.util.List errors)">2</method>
			<method name="private void runChildren(org.junit.runner.notification.RunNotifier notifier)">2</method>
			<method name="static org.junit.runner.manipulation.Sorter access$100(org.junit.runners.ParentRunner x0)">1</method>
			<method name="protected org.junit.runners.model.Statement withAfterClasses(org.junit.runners.model.Statement statement)">2</method>
			<method name="private java.util.List getFilteredChildren()">2</method>
			<method name="private void filterChild(Object child)">1</method>
			<method name="protected org.junit.runners.model.Statement classBlock(org.junit.runner.notification.RunNotifier notifier)">1</method>
			<method name="private boolean shouldRun(Object each)">3</method>
			<method name="protected void collectInitializationErrors(java.util.List errors)">1</method>
			<method name="public void setScheduler(org.junit.runners.model.RunnerScheduler scheduler)">1</method>
			<method name="protected abstract void runChild(Object, org.junit.runner.notification.RunNotifier)">1</method>
			<method name="public void sort(org.junit.runner.manipulation.Sorter sorter)">1</method>
			<method name="static void access$000(org.junit.runners.ParentRunner x0, org.junit.runner.notification.RunNotifier x1)">1</method>
			<method name="public void filter(org.junit.runner.manipulation.Filter filter)">1</method>
			<method name="private void validate()">1</method>
			<method name="protected abstract org.junit.runner.Description describeChild(Object)">1</method>
			<method name="public void run(org.junit.runner.notification.RunNotifier notifier)">1</method>
			<method name="protected void _init_(Class testClass)">1</method>
			<method name="public org.junit.runner.Description getDescription()">2</method>
			<method name="public final org.junit.runners.model.TestClass getTestClass()">1</method>
		</cc>
	</class>
	<class>
		<name>org.junit.experimental.runners.Enclosed</name>
		<wmc>1</wmc>
		<dit>0</dit>
		<noc>0</noc>
		<cbo>6</cbo>
		<rfc>3</rfc>
		<lcom>0</lcom>
		<ca>0</ca>
		<ce>6</ce>
		<npm>1</npm>
		<lcom3>2.0</lcom3>
		<loc>8</loc>
		<dam>0.0</dam>
		<moa>0</moa>
		<mfa>0.0</mfa>
		<cam>1.0</cam>
		<ic>0</ic>
		<cbm>0</cbm>
		<amc>7.0</amc>
		<cc>
			<method name="public void _init_(Class klass, org.junit.runners.model.RunnerBuilder builder)">1</method>
		</cc>
	</class>
	<class>
		<name>org.junit.Assert</name>
		<wmc>50</wmc>
		<dit>1</dit>
		<noc>0</noc>
		<cbo>23</cbo>
		<rfc>76</rfc>
		<lcom>1225</lcom>
		<ca>8</ca>
		<ce>17</ce>
		<npm>42</npm>
		<lcom3>2.0</lcom3>
		<loc>527</loc>
		<dam>0.0</dam>
		<moa>0</moa>
		<mfa>0.0</mfa>
		<cam>0.1</cam>
		<ic>0</ic>
		<cbm>0</cbm>
		<amc>9.54</amc>
		<cc>
			<method name="public static void assertNotSame(Object unexpected, Object actual)">1</method>
			<method name="public static void assertNotSame(String message, Object unexpected, Object actual)">2</method>
			<method name="public static void assertNotNull(Object object)">1</method>
			<method name="private static void internalArrayEquals(String message, Object expecteds, Object actuals)">1</method>
			<method name="public static void assertEquals(String message, Object expected, Object actual)">8</method>
			<method name="public static void assertArrayEquals(String message, short[] expecteds, short[] actuals)">1</method>
			<method name="public static void assertArrayEquals(String message, float[] expecteds, float[] actuals, float delta)">1</method>
			<method name="public static void assertEquals(double expected, double actual)">1</method>
			<method name="public static void assertArrayEquals(double[] expecteds, double[] actuals, double delta)">1</method>
			<method name="public static void assertEquals(String message, double expected, double actual)">1</method>
			<method name="public static void fail()">1</method>
			<method name="public static void assertArrayEquals(String message, char[] expecteds, char[] actuals)">1</method>
			<method name="public static void assertEquals(Object[] expecteds, Object[] actuals)">1</method>
			<method name="public static void assertArrayEquals(int[] expecteds, int[] actuals)">1</method>
			<method name="static String format(String message, Object expected, Object actual)">4</method>
			<method name="public static void assertArrayEquals(String message, byte[] expecteds, byte[] actuals)">1</method>
			<method name="public static void assertArrayEquals(byte[] expecteds, byte[] actuals)">1</method>
			<method name="private static void failNotEquals(String message, Object expected, Object actual)">1</method>
			<method name="public static void assertArrayEquals(Object[] expecteds, Object[] actuals)">1</method>
			<method name="public static void assertArrayEquals(short[] expecteds, short[] actuals)">1</method>
			<method name="public static void assertEquals(double expected, double actual, double delta)">1</method>
			<method name="public static void assertArrayEquals(String message, Object[] expecteds, Object[] actuals)">1</method>
			<method name="public static void assertArrayEquals(String message, double[] expecteds, double[] actuals, double delta)">1</method>
			<method name="public static void assertEquals(String message, double expected, double actual, double delta)">3</method>
			<method name="public static void assertEquals(String message, Object[] expecteds, Object[] actuals)">1</method>
			<method name="public static void assertFalse(String message, boolean condition)">2</method>
			<method name="public static void assertEquals(long expected, long actual)">1</method>
			<method name="public static void assertTrue(boolean condition)">1</method>
			<method name="private static String formatClassAndValue(Object value, String valueString)">2</method>
			<method name="private static boolean isEquals(Object expected, Object actual)">1</method>
			<method name="private static void failNotSame(String message, Object expected, Object actual)">2</method>
			<method name="protected void _init_()">1</method>
			<method name="public static void assertArrayEquals(char[] expecteds, char[] actuals)">1</method>
			<method name="public static void fail(String message)">2</method>
			<method name="public static void assertNotNull(String message, Object object)">2</method>
			<method name="public static void assertThat(Object actual, org.hamcrest.Matcher matcher)">1</method>
			<method name="public static void assertFalse(boolean condition)">1</method>
			<method name="public static void assertNull(Object object)">1</method>
			<method name="public static void assertSame(Object expected, Object actual)">1</method>
			<method name="public static void assertEquals(Object expected, Object actual)">1</method>
			<method name="public static void assertThat(String reason, Object actual, org.hamcrest.Matcher matcher)">2</method>
			<method name="public static void assertEquals(String message, long expected, long actual)">1</method>
			<method name="public static void assertTrue(String message, boolean condition)">2</method>
			<method name="public static void assertArrayEquals(float[] expecteds, float[] actuals, float delta)">1</method>
			<method name="public static void assertSame(String message, Object expected, Object actual)">2</method>
			<method name="public static void assertArrayEquals(String message, int[] expecteds, int[] actuals)">1</method>
			<method name="public static void assertArrayEquals(String message, long[] expecteds, long[] actuals)">1</method>
			<method name="public static void assertNull(String message, Object object)">2</method>
			<method name="private static void failSame(String message)">2</method>
			<method name="public static void assertArrayEquals(long[] expecteds, long[] actuals)">1</method>
		</cc>
	</class>
	<class>
		<name>org.junit.experimental.max.MaxCore$1</name>
		<wmc>2</wmc>
		<dit>0</dit>
		<noc>0</noc>
		<cbo>11</cbo>
		<rfc>5</rfc>
		<lcom>0</lcom>
		<ca>2</ca>
		<ce>11</ce>
		<npm>1</npm>
		<lcom3>0.5</lcom3>
		<loc>29</loc>
		<dam>0.0</dam>
		<moa>1</moa>
		<mfa>0.0</mfa>
		<cam>0.6666666666666666</cam>
		<ic>0</ic>
		<cbm>0</cbm>
		<amc>12.5</amc>
		<cc>
			<method name="void _init_(org.junit.experimental.max.MaxCore, java.util.List)">1</method>
			<method name="public org.junit.runner.Runner getRunner()">1</method>
		</cc>
	</class>
	<class>
		<name>org.hamcrest.core.IsNull</name>
		<wmc>7</wmc>
		<dit>0</dit>
		<noc>0</noc>
		<cbo>9</cbo>
		<rfc>10</rfc>
		<lcom>21</lcom>
		<ca>1</ca>
		<ce>8</ce>
		<npm>7</npm>
		<lcom3>2.0</lcom3>
		<loc>32</loc>
		<dam>0.0</dam>
		<moa>0</moa>
		<mfa>0.0</mfa>
		<cam>0.25</cam>
		<ic>0</ic>
		<cbm>0</cbm>
		<amc>3.5714285714285716</amc>
		<cc>
			<method name="public static org.hamcrest.Matcher notNullValue()">1</method>
			<method name="public static org.hamcrest.Matcher nullValue()">1</method>
			<method name="public static org.hamcrest.Matcher nullValue(Class type)">1</method>
			<method name="public void describeTo(org.hamcrest.Description description)">1</method>
			<method name="public static org.hamcrest.Matcher notNullValue(Class type)">1</method>
			<method name="public void _init_()">1</method>
			<method name="public boolean matches(Object o)">2</method>
		</cc>
	</class>
	<class>
		<name>junit.framework.Protectable</name>
		<wmc>1</wmc>
		<dit>1</dit>
		<noc>0</noc>
		<cbo>7</cbo>
		<rfc>1</rfc>
		<lcom>0</lcom>
		<ca>4</ca>
		<ce>3</ce>
		<npm>1</npm>
		<lcom3>2.0</lcom3>
		<loc>1</loc>
		<dam>0.0</dam>
		<moa>0</moa>
		<mfa>0.0</mfa>
		<cam>1.0</cam>
		<ic>0</ic>
		<cbm>0</cbm>
		<amc>0.0</amc>
		<cc>
			<method name="public abstract void protect()">1</method>
		</cc>
	</class>
	<class>
		<name>org.hamcrest.CoreMatchers</name>
		<wmc>21</wmc>
		<dit>1</dit>
		<noc>0</noc>
		<cbo>20</cbo>
		<rfc>42</rfc>
		<lcom>210</lcom>
		<ca>4</ca>
		<ce>16</ce>
		<npm>21</npm>
		<lcom3>2.0</lcom3>
		<loc>83</loc>
		<dam>0.0</dam>
		<moa>0</moa>
		<mfa>0.0</mfa>
		<cam>0.11904761904761904</cam>
		<ic>0</ic>
		<cbm>0</cbm>
		<amc>2.9523809523809526</amc>
		<cc>
			<method name="public static org.hamcrest.Matcher is(Class type)">1</method>
			<method name="public static transient org.hamcrest.Matcher describedAs(String description, org.hamcrest.Matcher matcher, Object[] values)">1</method>
			<method name="public static org.hamcrest.Matcher instanceOf(Class type)">1</method>
			<method name="public static transient org.hamcrest.Matcher allOf(org.hamcrest.Matcher[] matchers)">1</method>
			<method name="public static org.hamcrest.Matcher allOf(Iterable matchers)">1</method>
			<method name="public static org.hamcrest.Matcher notNullValue(Class type)">1</method>
			<method name="public static org.hamcrest.Matcher is(Object value)">1</method>
			<method name="public static transient org.hamcrest.Matcher anyOf(org.hamcrest.Matcher[] matchers)">1</method>
			<method name="public static org.hamcrest.Matcher anything(String description)">1</method>
			<method name="public static org.hamcrest.Matcher anyOf(Iterable matchers)">1</method>
			<method name="public static org.hamcrest.Matcher not(org.hamcrest.Matcher matcher)">1</method>
			<method name="public static org.hamcrest.Matcher not(Object value)">1</method>
			<method name="public static org.hamcrest.Matcher notNullValue()">1</method>
			<method name="public static org.hamcrest.Matcher nullValue()">1</method>
			<method name="public static org.hamcrest.Matcher nullValue(Class type)">1</method>
			<method name="public static org.hamcrest.Matcher anything()">1</method>
			<method name="public static org.hamcrest.Matcher is(org.hamcrest.Matcher matcher)">1</method>
			<method name="public static org.hamcrest.Matcher equalTo(Object operand)">1</method>
			<method name="public void _init_()">1</method>
			<method name="public static org.hamcrest.Matcher any(Class type)">1</method>
			<method name="public static org.hamcrest.Matcher sameInstance(Object object)">1</method>
		</cc>
	</class>
	<class>
		<name>org.junit.internal.runners.JUnit4ClassRunner</name>
		<wmc>18</wmc>
		<dit>0</dit>
		<noc>0</noc>
		<cbo>32</cbo>
		<rfc>54</rfc>
		<lcom>91</lcom>
		<ca>2</ca>
		<ce>32</ce>
		<npm>5</npm>
		<lcom3>0.5</lcom3>
		<loc>241</loc>
		<dam>1.0</dam>
		<moa>1</moa>
		<mfa>0.0</mfa>
		<cam>0.2222222222222222</cam>
		<ic>0</ic>
		<cbm>0</cbm>
		<amc>12.277777777777779</amc>
		<cc>
			<method name="protected Object createTest()">1</method>
			<method name="protected java.lang.annotation.Annotation[] classAnnotations()">1</method>
			<method name="public void sort(org.junit.runner.manipulation.Sorter sorter)">1</method>
			<method name="protected void runMethods(org.junit.runner.notification.RunNotifier notifier)">2</method>
			<method name="private void testAborted(org.junit.runner.notification.RunNotifier notifier, org.junit.runner.Description description, Throwable e)">1</method>
			<method name="protected org.junit.runner.Description methodDescription(java.lang.reflect.Method method)">1</method>
			<method name="protected String getName()">1</method>
			<method name="public void filter(org.junit.runner.manipulation.Filter filter)">1</method>
			<method name="protected java.util.List getTestMethods()">1</method>
			<method name="protected String testName(java.lang.reflect.Method method)">1</method>
			<method name="protected void invokeTestMethod(java.lang.reflect.Method method, org.junit.runner.notification.RunNotifier notifier)">1</method>
			<method name="protected java.lang.annotation.Annotation[] testAnnotations(java.lang.reflect.Method method)">1</method>
			<method name="protected org.junit.internal.runners.TestClass getTestClass()">1</method>
			<method name="protected void validate()">1</method>
			<method name="public void run(org.junit.runner.notification.RunNotifier notifier)">1</method>
			<method name="public org.junit.runner.Description getDescription()">2</method>
			<method name="public void _init_(Class klass)">1</method>
			<method name="protected org.junit.internal.runners.TestMethod wrapMethod(java.lang.reflect.Method method)">1</method>
		</cc>
	</class>
	<class>
		<name>org.junit.rules.MethodRule</name>
		<wmc>1</wmc>
		<dit>1</dit>
		<noc>0</noc>
		<cbo>9</cbo>
		<rfc>1</rfc>
		<lcom>0</lcom>
		<ca>6</ca>
		<ce>3</ce>
		<npm>1</npm>
		<lcom3>2.0</lcom3>
		<loc>1</loc>
		<dam>0.0</dam>
		<moa>0</moa>
		<mfa>0.0</mfa>
		<cam>1.0</cam>
		<ic>0</ic>
		<cbm>0</cbm>
		<amc>0.0</amc>
		<cc>
			<method name="public abstract org.junit.runners.model.Statement apply(org.junit.runners.model.Statement, org.junit.runners.model.FrameworkMethod, Object)">1</method>
		</cc>
	</class>
	<class>
		<name>org.junit.experimental.ParallelComputer$1$1</name>
		<wmc>2</wmc>
		<dit>1</dit>
		<noc>0</noc>
		<cbo>6</cbo>
		<rfc>4</rfc>
		<lcom>0</lcom>
		<ca>1</ca>
		<ce>6</ce>
		<npm>1</npm>
		<lcom3>0.5</lcom3>
		<loc>18</loc>
		<dam>0.0</dam>
		<moa>1</moa>
		<mfa>0.0</mfa>
		<cam>0.6666666666666666</cam>
		<ic>0</ic>
		<cbm>0</cbm>
		<amc>7.0</amc>
		<cc>
			<method name="public Object call()">1</method>
			<method name="void _init_(org.junit.experimental.ParallelComputer$1, Runnable)">1</method>
		</cc>
	</class>
	<class>
		<name>junit.framework.ComparisonCompactor</name>
		<wmc>8</wmc>
		<dit>1</dit>
		<noc>0</noc>
		<cbo>7</cbo>
		<rfc>19</rfc>
		<lcom>0</lcom>
		<ca>1</ca>
		<ce>6</ce>
		<npm>2</npm>
		<lcom3>0.6785714285714286</lcom3>
		<loc>274</loc>
		<dam>1.0</dam>
		<moa>0</moa>
		<mfa>0.0</mfa>
		<cam>0.5</cam>
		<ic>0</ic>
		<cbm>0</cbm>
		<amc>32.25</amc>
		<cc>
			<method name="private String compactString(String source)">3</method>
			<method name="private void findCommonPrefix()">3</method>
			<method name="public void _init_(int contextLength, String expected, String actual)">1</method>
			<method name="private String computeCommonSuffix()">2</method>
			<method name="private boolean areStringsEqual()">1</method>
			<method name="public String compact(String message)">4</method>
			<method name="private String computeCommonPrefix()">2</method>
			<method name="private void findCommonSuffix()">4</method>
		</cc>
	</class>
	<class>
		<name>org.junit.experimental.theories.PotentialAssignment$CouldNotGenerateValueException</name>
		<wmc>1</wmc>
		<dit>3</dit>
		<noc>0</noc>
		<cbo>8</cbo>
		<rfc>2</rfc>
		<lcom>0</lcom>
		<ca>5</ca>
		<ce>3</ce>
		<npm>1</npm>
		<lcom3>2.0</lcom3>
		<loc>5</loc>
		<dam>1.0</dam>
		<moa>0</moa>
		<mfa>1.0</mfa>
		<cam>1.0</cam>
		<ic>0</ic>
		<cbm>0</cbm>
		<amc>3.0</amc>
		<cc>
			<method name="public void _init_()">1</method>
		</cc>
	</class>
	<class>
		<name>junit.framework.TestResult$1</name>
		<wmc>2</wmc>
		<dit>1</dit>
		<noc>0</noc>
		<cbo>6</cbo>
		<rfc>4</rfc>
		<lcom>0</lcom>
		<ca>1</ca>
		<ce>6</ce>
		<npm>1</npm>
		<lcom3>0.5</lcom3>
		<loc>17</loc>
		<dam>0.0</dam>
		<moa>2</moa>
		<mfa>0.0</mfa>
		<cam>0.6666666666666666</cam>
		<ic>0</ic>
		<cbm>0</cbm>
		<amc>6.5</amc>
		<cc>
			<method name="void _init_(junit.framework.TestResult, junit.framework.TestCase)">1</method>
			<method name="public void protect()">1</method>
		</cc>
	</class>
	<class>
		<name>org.junit.runners.model.TestClass</name>
		<wmc>12</wmc>
		<dit>1</dit>
		<noc>0</noc>
		<cbo>29</cbo>
		<rfc>41</rfc>
		<lcom>42</lcom>
		<ca>9</ca>
		<ce>20</ce>
		<npm>8</npm>
		<lcom3>0.7878787878787878</lcom3>
		<loc>278</loc>
		<dam>1.0</dam>
		<moa>0</moa>
		<mfa>0.0</mfa>
		<cam>0.38333333333333336</cam>
		<ic>0</ic>
		<cbm>0</cbm>
		<amc>21.916666666666668</amc>
		<cc>
			<method name="private java.util.List getAnnotatedMembers(java.util.Map map, Class type)">2</method>
			<method name="public java.util.List getAnnotatedMethods(Class annotationClass)">1</method>
			<method name="public java.util.List getAnnotatedFieldValues(Object test, Class annotationClass, Class valueClass)">2</method>
			<method name="public java.util.List getAnnotatedFields(Class annotationClass)">1</method>
			<method name="private java.util.List getSuperClasses(Class testClass)">2</method>
			<method name="public Class getJavaClass()">1</method>
			<method name="private void addToAnnotationLists(org.junit.runners.model.FrameworkMember member, java.util.Map map)">4</method>
			<method name="public void _init_(Class klass)">5</method>
			<method name="public String getName()">2</method>
			<method name="public java.lang.reflect.Constructor getOnlyConstructor()">1</method>
			<method name="private boolean runsTopToBottom(Class annotation)">3</method>
			<method name="public java.lang.annotation.Annotation[] getAnnotations()">2</method>
		</cc>
	</class>
	<class>
		<name>org.junit.runner.manipulation.Sortable</name>
		<wmc>1</wmc>
		<dit>1</dit>
		<noc>0</noc>
		<cbo>7</cbo>
		<rfc>1</rfc>
		<lcom>0</lcom>
		<ca>5</ca>
		<ce>3</ce>
		<npm>1</npm>
		<lcom3>2.0</lcom3>
		<loc>1</loc>
		<dam>0.0</dam>
		<moa>0</moa>
		<mfa>0.0</mfa>
		<cam>1.0</cam>
		<ic>0</ic>
		<cbm>0</cbm>
		<amc>0.0</amc>
		<cc>
			<method name="public abstract void sort(org.junit.runner.manipulation.Sorter)">1</method>
		</cc>
	</class>
	<class>
		<name>org.junit.experimental.theories.DataPoint</name>
		<wmc>0</wmc>
		<dit>1</dit>
		<noc>0</noc>
		<cbo>2</cbo>
		<rfc>0</rfc>
		<lcom>0</lcom>
		<ca>0</ca>
		<ce>2</ce>
		<npm>0</npm>
		<lcom3>2.0</lcom3>
		<loc>0</loc>
		<dam>0.0</dam>
		<moa>0</moa>
		<mfa>0.0</mfa>
		<cam>0.0</cam>
		<ic>0</ic>
		<cbm>0</cbm>
		<amc>0.0</amc>
		<cc>
		</cc>
	</class>
	<class>
		<name>org.junit.runner.Computer</name>
		<wmc>4</wmc>
		<dit>1</dit>
		<noc>1</noc>
		<cbo>12</cbo>
		<rfc>8</rfc>
		<lcom>6</lcom>
		<ca>4</ca>
		<ce>9</ce>
		<npm>3</npm>
		<lcom3>2.0</lcom3>
		<loc>25</loc>
		<dam>0.0</dam>
		<moa>0</moa>
		<mfa>0.0</mfa>
		<cam>0.4375</cam>
		<ic>0</ic>
		<cbm>0</cbm>
		<amc>5.25</amc>
		<cc>
			<method name="protected org.junit.runner.Runner getRunner(org.junit.runners.model.RunnerBuilder builder, Class testClass)">1</method>
			<method name="public org.junit.runner.Runner getSuite(org.junit.runners.model.RunnerBuilder builder, Class[] classes)">1</method>
			<method name="public static org.junit.runner.Computer serial()">1</method>
			<method name="public void _init_()">1</method>
		</cc>
	</class>
	<class>
		<name>junit.framework.TestResult</name>
		<wmc>18</wmc>
		<dit>1</dit>
		<noc>0</noc>
		<cbo>31</cbo>
		<rfc>36</rfc>
		<lcom>105</lcom>
		<ca>17</ca>
		<ce>17</ce>
		<npm>16</npm>
		<lcom3>0.7176470588235294</lcom3>
		<loc>246</loc>
		<dam>1.0</dam>
		<moa>0</moa>
		<mfa>0.0</mfa>
		<cam>0.23015873015873015</cam>
		<ic>0</ic>
		<cbm>0</cbm>
		<amc>12.38888888888889</amc>
		<cc>
			<method name="public void runProtected(junit.framework.Test test, junit.framework.Protectable p)">1</method>
			<method name="public synchronized boolean wasSuccessful()">3</method>
			<method name="public synchronized void addError(junit.framework.Test test, Throwable t)">2</method>
			<method name="public synchronized void addListener(junit.framework.TestListener listener)">1</method>
			<method name="public synchronized int runCount()">1</method>
			<method name="public synchronized void removeListener(junit.framework.TestListener listener)">1</method>
			<method name="public synchronized java.util.Enumeration errors()">1</method>
			<method name="public void startTest(junit.framework.Test test)">2</method>
			<method name="public synchronized int failureCount()">1</method>
			<method name="public synchronized java.util.Enumeration failures()">1</method>
			<method name="protected void run(junit.framework.TestCase test)">1</method>
			<method name="private synchronized java.util.List cloneListeners()">1</method>
			<method name="public synchronized boolean shouldStop()">1</method>
			<method name="public void _init_()">1</method>
			<method name="public synchronized void addFailure(junit.framework.Test test, junit.framework.AssertionFailedError t)">2</method>
			<method name="public void endTest(junit.framework.Test test)">2</method>
			<method name="public synchronized void stop()">1</method>
			<method name="public synchronized int errorCount()">1</method>
		</cc>
	</class>
	<class>
		<name>org.junit.After</name>
		<wmc>0</wmc>
		<dit>1</dit>
		<noc>0</noc>
		<cbo>2</cbo>
		<rfc>0</rfc>
		<lcom>0</lcom>
		<ca>0</ca>
		<ce>2</ce>
		<npm>0</npm>
		<lcom3>2.0</lcom3>
		<loc>0</loc>
		<dam>0.0</dam>
		<moa>0</moa>
		<mfa>0.0</mfa>
		<cam>0.0</cam>
		<ic>0</ic>
		<cbm>0</cbm>
		<amc>0.0</amc>
		<cc>
		</cc>
	</class>
	<class>
		<name>junit.runner.BaseTestRunner</name>
		<wmc>31</wmc>
		<dit>1</dit>
		<noc>1</noc>
		<cbo>37</cbo>
		<rfc>80</rfc>
		<lcom>449</lcom>
		<ca>2</ca>
		<ce>35</ce>
		<npm>19</npm>
		<lcom3>0.9066666666666666</lcom3>
		<loc>546</loc>
		<dam>0.2</dam>
		<moa>0</moa>
		<mfa>0.0</mfa>
		<cam>0.14666666666666667</cam>
		<ic>0</ic>
		<cbm>0</cbm>
		<amc>16.451612903225808</amc>
		<cc>
			<method name="public abstract void testFailed(int, junit.framework.Test, Throwable)">1</method>
			<method name="public synchronized void addError(junit.framework.Test test, Throwable t)">1</method>
			<method name="protected boolean useReloadingTestSuiteLoader()">3</method>
			<method name="static boolean filterLine(String line)">3</method>
			<method name="public static void setPreference(String key, String value)">1</method>
			<method name="private static java.io.File getPreferencesFile()">1</method>
			<method name="public synchronized void startTest(junit.framework.Test test)">1</method>
			<method name="protected static java.util.Properties getPreferences()">2</method>
			<method name="public static String getFilteredTrace(String stack)">3</method>
			<method name="public synchronized void endTest(junit.framework.Test test)">1</method>
			<method name="protected Class loadSuiteClass(String suiteClassName)">1</method>
			<method name="public String elapsedTimeAsString(long runTime)">1</method>
			<method name="protected static void setPreferences(java.util.Properties preferences)">1</method>
			<method name="public synchronized void addFailure(junit.framework.Test test, junit.framework.AssertionFailedError t)">1</method>
			<method name="public static int getPreference(String key, int dflt)">2</method>
			<method name="public static void savePreferences()">1</method>
			<method name="public String extractClassName(String className)">2</method>
			<method name="public static String getPreference(String key)">1</method>
			<method name="protected void clearStatus()">1</method>
			<method name="private static void readPreferences()">1</method>
			<method name="public junit.framework.Test getTest(String suiteClassName)">4</method>
			<method name="protected abstract void runFailed(String)">1</method>
			<method name="public abstract void testStarted(String)">1</method>
			<method name="protected String processArguments(String[] args)">6</method>
			<method name="public void setLoading(boolean enable)">1</method>
			<method name="protected static boolean showStackRaw()">3</method>
			<method name="public static String truncate(String s)">3</method>
			<method name="static void _clinit_()">1</method>
			<method name="public void _init_()">1</method>
			<method name="public abstract void testEnded(String)">1</method>
			<method name="public static String getFilteredTrace(Throwable t)">1</method>
		</cc>
	</class>
	<class>
		<name>org.junit.internal.builders.AnnotatedBuilder</name>
		<wmc>3</wmc>
		<dit>0</dit>
		<noc>0</noc>
		<cbo>13</cbo>
		<rfc>11</rfc>
		<lcom>1</lcom>
		<ca>1</ca>
		<ce>12</ce>
		<npm>3</npm>
		<lcom3>0.75</lcom3>
		<loc>90</loc>
		<dam>1.0</dam>
		<moa>1</moa>
		<mfa>0.0</mfa>
		<cam>0.6666666666666666</cam>
		<ic>0</ic>
		<cbm>0</cbm>
		<amc>28.333333333333332</amc>
		<cc>
			<method name="public org.junit.runner.Runner buildRunner(Class runnerClass, Class testClass)">1</method>
			<method name="public void _init_(org.junit.runners.model.RunnerBuilder suiteBuilder)">1</method>
			<method name="public org.junit.runner.Runner runnerForClass(Class testClass)">1</method>
		</cc>
	</class>
	<class>
		<name>org.junit.internal.runners.statements.Fail</name>
		<wmc>2</wmc>
		<dit>0</dit>
		<noc>0</noc>
		<cbo>5</cbo>
		<rfc>3</rfc>
		<lcom>0</lcom>
		<ca>1</ca>
		<ce>4</ce>
		<npm>2</npm>
		<lcom3>0.0</lcom3>
		<loc>12</loc>
		<dam>1.0</dam>
		<moa>0</moa>
		<mfa>0.0</mfa>
		<cam>0.75</cam>
		<ic>0</ic>
		<cbm>0</cbm>
		<amc>4.5</amc>
		<cc>
			<method name="public void _init_(Throwable e)">1</method>
			<method name="public void evaluate()">1</method>
		</cc>
	</class>
	<class>
		<name>org.junit.runners.Parameterized</name>
		<wmc>5</wmc>
		<dit>0</dit>
		<noc>0</noc>
		<cbo>17</cbo>
		<rfc>27</rfc>
		<lcom>8</lcom>
		<ca>1</ca>
		<ce>17</ce>
		<npm>1</npm>
		<lcom3>0.75</lcom3>
		<loc>98</loc>
		<dam>1.0</dam>
		<moa>0</moa>
		<mfa>0.0</mfa>
		<cam>0.45</cam>
		<ic>0</ic>
		<cbm>0</cbm>
		<amc>18.4</amc>
		<cc>
			<method name="protected java.util.List getChildren()">1</method>
			<method name="static org.junit.runners.model.FrameworkMethod access$000(org.junit.runners.Parameterized x0, org.junit.runners.model.TestClass x1)">1</method>
			<method name="private java.util.List getParametersList(org.junit.runners.model.TestClass klass)">1</method>
			<method name="public void _init_(Class klass)">1</method>
			<method name="private org.junit.runners.model.FrameworkMethod getParametersMethod(org.junit.runners.model.TestClass testClass)">1</method>
		</cc>
	</class>
	<class>
		<name>org.junit.runner.manipulation.Sorter</name>
		<wmc>5</wmc>
		<dit>1</dit>
		<noc>0</noc>
		<cbo>13</cbo>
		<rfc>9</rfc>
		<lcom>8</lcom>
		<ca>8</ca>
		<ce>6</ce>
		<npm>4</npm>
		<lcom3>0.625</lcom3>
		<loc>44</loc>
		<dam>0.5</dam>
		<moa>1</moa>
		<mfa>0.0</mfa>
		<cam>0.5</cam>
		<ic>0</ic>
		<cbm>0</cbm>
		<amc>7.4</amc>
		<cc>
			<method name="public void apply(Object object)">2</method>
			<method name="public void _init_(java.util.Comparator comparator)">1</method>
			<method name="public volatile int compare(Object x0, Object x1)">1</method>
			<method name="public int compare(org.junit.runner.Description o1, org.junit.runner.Description o2)">1</method>
			<method name="static void _clinit_()">1</method>
		</cc>
	</class>
	<class>
		<name>org.junit.internal.matchers.IsCollectionContaining</name>
		<wmc>8</wmc>
		<dit>0</dit>
		<noc>0</noc>
		<cbo>15</cbo>
		<rfc>19</rfc>
		<lcom>22</lcom>
		<ca>2</ca>
		<ce>13</ce>
		<npm>8</npm>
		<lcom3>0.0</lcom3>
		<loc>116</loc>
		<dam>1.0</dam>
		<moa>1</moa>
		<mfa>0.0</mfa>
		<cam>0.21428571428571427</cam>
		<ic>0</ic>
		<cbm>0</cbm>
		<amc>13.375</amc>
		<cc>
			<method name="public static transient org.hamcrest.Matcher hasItems(Object[] elements)">2</method>
			<method name="public volatile boolean matchesSafely(Object x0)">1</method>
			<method name="public static transient org.hamcrest.Matcher hasItems(org.hamcrest.Matcher[] elementMatchers)">2</method>
			<method name="public void describeTo(org.hamcrest.Description description)">1</method>
			<method name="public static org.hamcrest.Matcher hasItem(org.hamcrest.Matcher elementMatcher)">1</method>
			<method name="public void _init_(org.hamcrest.Matcher elementMatcher)">1</method>
			<method name="public boolean matchesSafely(Iterable collection)">2</method>
			<method name="public static org.hamcrest.Matcher hasItem(Object element)">1</method>
		</cc>
	</class>
	<class>
		<name>org.junit.internal.runners.ErrorReportingRunner</name>
		<wmc>6</wmc>
		<dit>0</dit>
		<noc>0</noc>
		<cbo>19</cbo>
		<rfc>21</rfc>
		<lcom>5</lcom>
		<ca>4</ca>
		<ce>15</ce>
		<npm>3</npm>
		<lcom3>0.5</lcom3>
		<loc>112</loc>
		<dam>1.0</dam>
		<moa>0</moa>
		<mfa>0.0</mfa>
		<cam>0.5416666666666666</cam>
		<ic>0</ic>
		<cbm>0</cbm>
		<amc>17.333333333333332</amc>
		<cc>
			<method name="private void runCause(Throwable child, org.junit.runner.notification.RunNotifier notifier)">1</method>
			<method name="private java.util.List getCauses(Throwable cause)">4</method>
			<method name="public void run(org.junit.runner.notification.RunNotifier notifier)">2</method>
			<method name="public void _init_(Class testClass, Throwable cause)">1</method>
			<method name="public org.junit.runner.Description getDescription()">2</method>
			<method name="private org.junit.runner.Description describeCause(Throwable child)">1</method>
		</cc>
	</class>
	<class>
		<name>org.junit.experimental.results.ResultMatchers</name>
		<wmc>5</wmc>
		<dit>1</dit>
		<noc>0</noc>
		<cbo>7</cbo>
		<rfc>9</rfc>
		<lcom>10</lcom>
		<ca>1</ca>
		<ce>7</ce>
		<npm>5</npm>
		<lcom3>2.0</lcom3>
		<loc>26</loc>
		<dam>0.0</dam>
		<moa>0</moa>
		<mfa>0.0</mfa>
		<cam>0.26666666666666666</cam>
		<ic>0</ic>
		<cbm>0</cbm>
		<amc>4.2</amc>
		<cc>
			<method name="public static org.hamcrest.Matcher failureCountIs(int count)">1</method>
			<method name="public static org.hamcrest.Matcher hasFailureContaining(String string)">1</method>
			<method name="public static org.hamcrest.Matcher isSuccessful()">1</method>
			<method name="public void _init_()">1</method>
			<method name="public static org.hamcrest.Matcher hasSingleFailureContaining(String string)">1</method>
		</cc>
	</class>
	<class>
		<name>org.junit.runners.AllTests</name>
		<wmc>1</wmc>
		<dit>0</dit>
		<noc>0</noc>
		<cbo>5</cbo>
		<rfc>2</rfc>
		<lcom>0</lcom>
		<ca>0</ca>
		<ce>5</ce>
		<npm>1</npm>
		<lcom3>2.0</lcom3>
		<loc>5</loc>
		<dam>0.0</dam>
		<moa>0</moa>
		<mfa>0.0</mfa>
		<cam>1.0</cam>
		<ic>0</ic>
		<cbm>0</cbm>
		<amc>4.0</amc>
		<cc>
			<method name="public void _init_(Class klass)">1</method>
		</cc>
	</class>
	<class>
		<name>org.junit.runners.Suite$SuiteClasses</name>
		<wmc>1</wmc>
		<dit>1</dit>
		<noc>0</noc>
		<cbo>4</cbo>
		<rfc>1</rfc>
		<lcom>0</lcom>
		<ca>1</ca>
		<ce>3</ce>
		<npm>1</npm>
		<lcom3>2.0</lcom3>
		<loc>1</loc>
		<dam>0.0</dam>
		<moa>0</moa>
		<mfa>0.0</mfa>
		<cam>1.0</cam>
		<ic>0</ic>
		<cbm>0</cbm>
		<amc>0.0</amc>
		<cc>
			<method name="public abstract Class[] value()">1</method>
		</cc>
	</class>
	<class>
		<name>org.junit.runner.manipulation.NoTestsRemainException</name>
		<wmc>1</wmc>
		<dit>3</dit>
		<noc>0</noc>
		<cbo>11</cbo>
		<rfc>2</rfc>
		<lcom>0</lcom>
		<ca>8</ca>
		<ce>3</ce>
		<npm>1</npm>
		<lcom3>2.0</lcom3>
		<loc>5</loc>
		<dam>1.0</dam>
		<moa>0</moa>
		<mfa>1.0</mfa>
		<cam>1.0</cam>
		<ic>0</ic>
		<cbm>0</cbm>
		<amc>3.0</amc>
		<cc>
			<method name="public void _init_()">1</method>
		</cc>
	</class>
	<class>
		<name>org.junit.experimental.theories.internal.AllMembersSupplier</name>
		<wmc>7</wmc>
		<dit>0</dit>
		<noc>0</noc>
		<cbo>24</cbo>
		<rfc>37</rfc>
		<lcom>9</lcom>
		<ca>1</ca>
		<ce>23</ce>
		<npm>2</npm>
		<lcom3>0.3333333333333333</lcom3>
		<loc>193</loc>
		<dam>1.0</dam>
		<moa>1</moa>
		<mfa>0.0</mfa>
		<cam>0.3673469387755102</cam>
		<ic>0</ic>
		<cbm>0</cbm>
		<amc>26.428571428571427</amc>
		<cc>
			<method name="private void addMultiPointMethods(java.util.List list)">2</method>
			<method name="private void addFields(org.junit.experimental.theories.ParameterSignature sig, java.util.List list)">7</method>
			<method name="public void _init_(org.junit.runners.model.TestClass type)">1</method>
			<method name="private Object getStaticFieldValue(java.lang.reflect.Field field)">1</method>
			<method name="private void addSinglePointMethods(org.junit.experimental.theories.ParameterSignature sig, java.util.List list)">2</method>
			<method name="public java.util.List getValueSources(org.junit.experimental.theories.ParameterSignature sig)">1</method>
			<method name="private void addArrayValues(String name, java.util.List list, Object array)">2</method>
		</cc>
	</class>
	<class>
		<name>org.junit.rules.ExpectedException$1</name>
		<wmc>4</wmc>
		<dit>0</dit>
		<noc>0</noc>
		<cbo>9</cbo>
		<rfc>9</rfc>
		<lcom>0</lcom>
		<ca>1</ca>
		<ce>9</ce>
		<npm>3</npm>
		<lcom3>0.5</lcom3>
		<loc>36</loc>
		<dam>0.0</dam>
		<moa>2</moa>
		<mfa>0.0</mfa>
		<cam>0.375</cam>
		<ic>0</ic>
		<cbm>0</cbm>
		<amc>7.5</amc>
		<cc>
			<method name="void _init_(org.junit.rules.ExpectedException, org.hamcrest.Matcher)">1</method>
			<method name="public boolean matchesSafely(Throwable item)">1</method>
			<method name="public volatile boolean matchesSafely(Object x0)">1</method>
			<method name="public void describeTo(org.hamcrest.Description description)">1</method>
		</cc>
	</class>
	<class>
		<name>org.junit.runner.notification.StoppedByUserException</name>
		<wmc>1</wmc>
		<dit>4</dit>
		<noc>0</noc>
		<cbo>5</cbo>
		<rfc>2</rfc>
		<lcom>0</lcom>
		<ca>2</ca>
		<ce>3</ce>
		<npm>1</npm>
		<lcom3>2.0</lcom3>
		<loc>5</loc>
		<dam>1.0</dam>
		<moa>0</moa>
		<mfa>1.0</mfa>
		<cam>1.0</cam>
		<ic>0</ic>
		<cbm>0</cbm>
		<amc>3.0</amc>
		<cc>
			<method name="public void _init_()">1</method>
		</cc>
	</class>
	<class>
		<name>org.junit.experimental.theories.suppliers.TestedOn</name>
		<wmc>1</wmc>
		<dit>1</dit>
		<noc>0</noc>
		<cbo>4</cbo>
		<rfc>1</rfc>
		<lcom>0</lcom>
		<ca>1</ca>
		<ce>3</ce>
		<npm>1</npm>
		<lcom3>2.0</lcom3>
		<loc>1</loc>
		<dam>0.0</dam>
		<moa>0</moa>
		<mfa>0.0</mfa>
		<cam>1.0</cam>
		<ic>0</ic>
		<cbm>0</cbm>
		<amc>0.0</amc>
		<cc>
			<method name="public abstract int[] ints()">1</method>
		</cc>
	</class>
	<class>
		<name>org.junit.experimental.theories.DataPoints</name>
		<wmc>0</wmc>
		<dit>1</dit>
		<noc>0</noc>
		<cbo>2</cbo>
		<rfc>0</rfc>
		<lcom>0</lcom>
		<ca>0</ca>
		<ce>2</ce>
		<npm>0</npm>
		<lcom3>2.0</lcom3>
		<loc>0</loc>
		<dam>0.0</dam>
		<moa>0</moa>
		<mfa>0.0</mfa>
		<cam>0.0</cam>
		<ic>0</ic>
		<cbm>0</cbm>
		<amc>0.0</amc>
		<cc>
		</cc>
	</class>
	<class>
		<name>org.junit.experimental.categories.Categories</name>
		<wmc>3</wmc>
		<dit>0</dit>
		<noc>0</noc>
		<cbo>13</cbo>
		<rfc>10</rfc>
		<lcom>3</lcom>
		<ca>0</ca>
		<ce>13</ce>
		<npm>1</npm>
		<lcom3>2.0</lcom3>
		<loc>50</loc>
		<dam>0.0</dam>
		<moa>0</moa>
		<mfa>0.0</mfa>
		<cam>0.7777777777777778</cam>
		<ic>0</ic>
		<cbm>0</cbm>
		<amc>15.666666666666666</amc>
		<cc>
			<method name="private Class getExcludedCategory(Class klass)">2</method>
			<method name="private Class getIncludedCategory(Class klass)">2</method>
			<method name="public void _init_(Class klass, org.junit.runners.model.RunnerBuilder builder)">1</method>
		</cc>
	</class>
	<class>
		<name>junit.runner.TestRunListener</name>
		<wmc>6</wmc>
		<dit>1</dit>
		<noc>0</noc>
		<cbo>3</cbo>
		<rfc>6</rfc>
		<lcom>15</lcom>
		<ca>0</ca>
		<ce>3</ce>
		<npm>6</npm>
		<lcom3>1.2</lcom3>
		<loc>8</loc>
		<dam>0.0</dam>
		<moa>0</moa>
		<mfa>0.0</mfa>
		<cam>0.5833333333333334</cam>
		<ic>0</ic>
		<cbm>0</cbm>
		<amc>0.0</amc>
		<cc>
			<method name="public abstract void testRunStarted(String, int)">1</method>
			<method name="public abstract void testStarted(String)">1</method>
			<method name="public abstract void testRunEnded(long)">1</method>
			<method name="public abstract void testRunStopped(long)">1</method>
			<method name="public abstract void testEnded(String)">1</method>
			<method name="public abstract void testFailed(int, String, String)">1</method>
		</cc>
	</class>
	<class>
		<name>org.junit.experimental.max.MaxHistory</name>
		<wmc>12</wmc>
		<dit>1</dit>
		<noc>0</noc>
		<cbo>25</cbo>
		<rfc>34</rfc>
		<lcom>46</lcom>
		<ca>3</ca>
		<ce>24</ce>
		<npm>3</npm>
		<lcom3>0.7954545454545454</lcom3>
		<loc>157</loc>
		<dam>1.0</dam>
		<moa>0</moa>
		<mfa>0.0</mfa>
		<cam>0.3333333333333333</cam>
		<ic>0</ic>
		<cbm>0</cbm>
		<amc>11.75</amc>
		<cc>
			<method name="void putTestDuration(org.junit.runner.Description description, long duration)">1</method>
			<method name="private void save()">1</method>
			<method name="boolean isNewTest(org.junit.runner.Description key)">2</method>
			<method name="private static org.junit.experimental.max.MaxHistory readHistory(java.io.File storedResults)">1</method>
			<method name="Long getFailureTimestamp(org.junit.runner.Description key)">1</method>
			<method name="public org.junit.runner.notification.RunListener listener()">1</method>
			<method name="public java.util.Comparator testComparator()">1</method>
			<method name="void putTestFailureTimestamp(org.junit.runner.Description key, long end)">1</method>
			<method name="static void access$000(org.junit.experimental.max.MaxHistory x0)">1</method>
			<method name="Long getTestDuration(org.junit.runner.Description key)">1</method>
			<method name="private void _init_(java.io.File storedResults)">1</method>
			<method name="public static org.junit.experimental.max.MaxHistory forFolder(java.io.File file)">2</method>
		</cc>
	</class>
	<class>
		<name>org.junit.BeforeClass</name>
		<wmc>0</wmc>
		<dit>1</dit>
		<noc>0</noc>
		<cbo>2</cbo>
		<rfc>0</rfc>
		<lcom>0</lcom>
		<ca>0</ca>
		<ce>2</ce>
		<npm>0</npm>
		<lcom3>2.0</lcom3>
		<loc>0</loc>
		<dam>0.0</dam>
		<moa>0</moa>
		<mfa>0.0</mfa>
		<cam>0.0</cam>
		<ic>0</ic>
		<cbm>0</cbm>
		<amc>0.0</amc>
		<cc>
		</cc>
	</class>
	<class>
		<name>org.junit.internal.runners.statements.RunBefores</name>
		<wmc>2</wmc>
		<dit>0</dit>
		<noc>0</noc>
		<cbo>9</cbo>
		<rfc>8</rfc>
		<lcom>0</lcom>
		<ca>2</ca>
		<ce>7</ce>
		<npm>2</npm>
		<lcom3>0.0</lcom3>
		<loc>40</loc>
		<dam>1.0</dam>
		<moa>1</moa>
		<mfa>0.0</mfa>
		<cam>0.625</cam>
		<ic>0</ic>
		<cbm>0</cbm>
		<amc>17.5</amc>
		<cc>
			<method name="public void _init_(org.junit.runners.model.Statement next, java.util.List befores, Object target)">1</method>
			<method name="public void evaluate()">1</method>
		</cc>
	</class>
	<class>
		<name>org.junit.internal.runners.JUnit38ClassRunner</name>
		<wmc>11</wmc>
		<dit>0</dit>
		<noc>1</noc>
		<cbo>27</cbo>
		<rfc>37</rfc>
		<lcom>53</lcom>
		<ca>5</ca>
		<ce>23</ce>
		<npm>7</npm>
		<lcom3>0.4</lcom3>
		<loc>230</loc>
		<dam>1.0</dam>
		<moa>1</moa>
		<mfa>0.0</mfa>
		<cam>0.23376623376623376</cam>
		<ic>0</ic>
		<cbm>0</cbm>
		<amc>19.818181818181817</amc>
		<cc>
			<method name="private junit.framework.Test getTest()">1</method>
			<method name="public void sort(org.junit.runner.manipulation.Sorter sorter)">2</method>
			<method name="public void run(org.junit.runner.notification.RunNotifier notifier)">1</method>
			<method name="private void setTest(junit.framework.Test test)">1</method>
			<method name="public org.junit.runner.Description getDescription()">1</method>
			<method name="private static org.junit.runner.Description makeDescription(junit.framework.Test test)">7</method>
			<method name="public junit.framework.TestListener createAdaptingListener(org.junit.runner.notification.RunNotifier notifier)">1</method>
			<method name="public void filter(org.junit.runner.manipulation.Filter filter)">1</method>
			<method name="public void _init_(Class klass)">1</method>
			<method name="public void _init_(junit.framework.Test test)">1</method>
			<method name="private static String createSuiteDescription(junit.framework.TestSuite ts)">2</method>
		</cc>
	</class>
	<class>
		<name>org.junit.runner.manipulation.Filter$1</name>
		<wmc>3</wmc>
		<dit>0</dit>
		<noc>0</noc>
		<cbo>5</cbo>
		<rfc>4</rfc>
		<lcom>3</lcom>
		<ca>1</ca>
		<ce>5</ce>
		<npm>2</npm>
		<lcom3>2.0</lcom3>
		<loc>10</loc>
		<dam>0.0</dam>
		<moa>0</moa>
		<mfa>0.0</mfa>
		<cam>0.6666666666666666</cam>
		<ic>0</ic>
		<cbm>0</cbm>
		<amc>2.3333333333333335</amc>
		<cc>
			<method name="void _init_()">1</method>
			<method name="public String describe()">1</method>
			<method name="public boolean shouldRun(org.junit.runner.Description description)">1</method>
		</cc>
	</class>
	<class>
		<name>org.hamcrest.core.AnyOf</name>
		<wmc>5</wmc>
		<dit>0</dit>
		<noc>0</noc>
		<cbo>11</cbo>
		<rfc>12</rfc>
		<lcom>4</lcom>
		<ca>1</ca>
		<ce>10</ce>
		<npm>5</npm>
		<lcom3>0.25</lcom3>
		<loc>50</loc>
		<dam>1.0</dam>
		<moa>0</moa>
		<mfa>0.0</mfa>
		<cam>0.32</cam>
		<ic>0</ic>
		<cbm>0</cbm>
		<amc>8.8</amc>
		<cc>
			<method name="public static org.hamcrest.Matcher anyOf(Iterable matchers)">1</method>
			<method name="public void _init_(Iterable matchers)">1</method>
			<method name="public void describeTo(org.hamcrest.Description description)">1</method>
			<method name="public static transient org.hamcrest.Matcher anyOf(org.hamcrest.Matcher[] matchers)">1</method>
			<method name="public boolean matches(Object o)">2</method>
		</cc>
	</class>
	<class>
		<name>org.junit.runner.manipulation.Filter$2</name>
		<wmc>3</wmc>
		<dit>0</dit>
		<noc>0</noc>
		<cbo>7</cbo>
		<rfc>12</rfc>
		<lcom>0</lcom>
		<ca>1</ca>
		<ce>7</ce>
		<npm>2</npm>
		<lcom3>0.0</lcom3>
		<loc>49</loc>
		<dam>0.0</dam>
		<moa>1</moa>
		<mfa>0.0</mfa>
		<cam>0.8333333333333334</cam>
		<ic>0</ic>
		<cbm>0</cbm>
		<amc>15.0</amc>
		<cc>
			<method name="public String describe()">1</method>
			<method name="void _init_(org.junit.runner.Description)">1</method>
			<method name="public boolean shouldRun(org.junit.runner.Description description)">3</method>
		</cc>
	</class>
	<class>
		<name>junit.extensions.RepeatedTest</name>
		<wmc>4</wmc>
		<dit>0</dit>
		<noc>0</noc>
		<cbo>8</cbo>
		<rfc>13</rfc>
		<lcom>0</lcom>
		<ca>0</ca>
		<ce>8</ce>
		<npm>4</npm>
		<lcom3>0.3333333333333333</lcom3>
		<loc>51</loc>
		<dam>1.0</dam>
		<moa>0</moa>
		<mfa>0.0</mfa>
		<cam>0.4375</cam>
		<ic>0</ic>
		<cbm>0</cbm>
		<amc>11.5</amc>
		<cc>
			<method name="public String toString()">1</method>
			<method name="public void run(junit.framework.TestResult result)">3</method>
			<method name="public void _init_(junit.framework.Test test, int repeat)">2</method>
			<method name="public int countTestCases()">1</method>
		</cc>
	</class>
	<class>
		<name>org.junit.experimental.theories.PotentialAssignment</name>
		<wmc>4</wmc>
		<dit>1</dit>
		<noc>2</noc>
		<cbo>10</cbo>
		<rfc>6</rfc>
		<lcom>6</lcom>
		<ca>6</ca>
		<ce>5</ce>
		<npm>4</npm>
		<lcom3>2.0</lcom3>
		<loc>13</loc>
		<dam>0.0</dam>
		<moa>0</moa>
		<mfa>0.0</mfa>
		<cam>0.4166666666666667</cam>
		<ic>0</ic>
		<cbm>0</cbm>
		<amc>2.25</amc>
		<cc>
			<method name="public abstract Object getValue()">1</method>
			<method name="public abstract String getDescription()">1</method>
			<method name="public void _init_()">1</method>
			<method name="public static org.junit.experimental.theories.PotentialAssignment forValue(String name, Object value)">1</method>
		</cc>
	</class>
	<class>
		<name>org.hamcrest.core.IsAnything</name>
		<wmc>7</wmc>
		<dit>0</dit>
		<noc>0</noc>
		<cbo>8</cbo>
		<rfc>9</rfc>
		<lcom>19</lcom>
		<ca>1</ca>
		<ce>7</ce>
		<npm>7</npm>
		<lcom3>0.16666666666666666</lcom3>
		<loc>39</loc>
		<dam>1.0</dam>
		<moa>0</moa>
		<mfa>0.0</mfa>
		<cam>0.2571428571428571</cam>
		<ic>0</ic>
		<cbm>0</cbm>
		<amc>4.428571428571429</amc>
		<cc>
			<method name="public static org.hamcrest.Matcher anything()">1</method>
			<method name="public void _init_(String description)">1</method>
			<method name="public void describeTo(org.hamcrest.Description description)">1</method>
			<method name="public void _init_()">1</method>
			<method name="public static org.hamcrest.Matcher any(Class type)">1</method>
			<method name="public boolean matches(Object o)">1</method>
			<method name="public static org.hamcrest.Matcher anything(String description)">1</method>
		</cc>
	</class>
	<class>
		<name>org.hamcrest.Factory</name>
		<wmc>0</wmc>
		<dit>1</dit>
		<noc>0</noc>
		<cbo>2</cbo>
		<rfc>0</rfc>
		<lcom>0</lcom>
		<ca>0</ca>
		<ce>2</ce>
		<npm>0</npm>
		<lcom3>2.0</lcom3>
		<loc>0</loc>
		<dam>0.0</dam>
		<moa>0</moa>
		<mfa>0.0</mfa>
		<cam>0.0</cam>
		<ic>0</ic>
		<cbm>0</cbm>
		<amc>0.0</amc>
		<cc>
		</cc>
	</class>
	<class>
		<name>org.junit.rules.ExpectedException</name>
		<wmc>9</wmc>
		<dit>1</dit>
		<noc>0</noc>
		<cbo>13</cbo>
		<rfc>16</rfc>
		<lcom>30</lcom>
		<ca>2</ca>
		<ce>13</ce>
		<npm>6</npm>
		<lcom3>0.375</lcom3>
		<loc>66</loc>
		<dam>1.0</dam>
		<moa>1</moa>
		<mfa>0.0</mfa>
		<cam>0.2222222222222222</cam>
		<ic>0</ic>
		<cbm>0</cbm>
		<amc>6.222222222222222</amc>
		<cc>
			<method name="public void expectMessage(String substring)">1</method>
			<method name="public org.junit.runners.model.Statement apply(org.junit.runners.model.Statement base, org.junit.runners.model.FrameworkMethod method, Object target)">1</method>
			<method name="public void expectMessage(org.hamcrest.Matcher matcher)">1</method>
			<method name="private org.hamcrest.Matcher hasMessage(org.hamcrest.Matcher matcher)">1</method>
			<method name="public static org.junit.rules.ExpectedException none()">1</method>
			<method name="private void _init_()">1</method>
			<method name="public void expect(org.hamcrest.Matcher matcher)">2</method>
			<method name="public void expect(Class type)">1</method>
			<method name="static org.hamcrest.Matcher access$000(org.junit.rules.ExpectedException x0)">1</method>
		</cc>
	</class>
	<class>
		<name>org.hamcrest.core.IsInstanceOf</name>
		<wmc>4</wmc>
		<dit>0</dit>
		<noc>0</noc>
		<cbo>9</cbo>
		<rfc>8</rfc>
		<lcom>0</lcom>
		<ca>2</ca>
		<ce>7</ce>
		<npm>4</npm>
		<lcom3>0.0</lcom3>
		<loc>30</loc>
		<dam>1.0</dam>
		<moa>0</moa>
		<mfa>0.0</mfa>
		<cam>0.4375</cam>
		<ic>0</ic>
		<cbm>0</cbm>
		<amc>6.25</amc>
		<cc>
			<method name="public static org.hamcrest.Matcher instanceOf(Class type)">1</method>
			<method name="public boolean matches(Object item)">1</method>
			<method name="public void describeTo(org.hamcrest.Description description)">1</method>
			<method name="public void _init_(Class theClass)">1</method>
		</cc>
	</class>
	<class>
		<name>org.hamcrest.Description</name>
		<wmc>6</wmc>
		<dit>1</dit>
		<noc>0</noc>
		<cbo>27</cbo>
		<rfc>6</rfc>
		<lcom>15</lcom>
		<ca>24</ca>
		<ce>4</ce>
		<npm>6</npm>
		<lcom3>2.0</lcom3>
		<loc>6</loc>
		<dam>0.0</dam>
		<moa>0</moa>
		<mfa>0.0</mfa>
		<cam>0.4166666666666667</cam>
		<ic>0</ic>
		<cbm>0</cbm>
		<amc>0.0</amc>
		<cc>
			<method name="public abstract org.hamcrest.Description appendValue(Object)">1</method>
			<method name="public abstract org.hamcrest.Description appendDescriptionOf(org.hamcrest.SelfDescribing)">1</method>
			<method name="public abstract org.hamcrest.Description appendList(String, String, String, Iterable)">1</method>
			<method name="public abstract org.hamcrest.Description appendText(String)">1</method>
			<method name="public abstract org.hamcrest.Description appendValueList(String, String, String, Iterable)">1</method>
			<method name="public transient abstract org.hamcrest.Description appendValueList(String, String, String, Object[])">1</method>
		</cc>
	</class>
	<class>
		<name>org.junit.internal.runners.model.MultipleFailureException</name>
		<wmc>3</wmc>
		<dit>3</dit>
		<noc>0</noc>
		<cbo>8</cbo>
		<rfc>7</rfc>
		<lcom>1</lcom>
		<ca>3</ca>
		<ce>5</ce>
		<npm>3</npm>
		<lcom3>0.75</lcom3>
		<loc>32</loc>
		<dam>1.0</dam>
		<moa>0</moa>
		<mfa>0.9130434782608695</mfa>
		<cam>0.6666666666666666</cam>
		<ic>0</ic>
		<cbm>0</cbm>
		<amc>9.0</amc>
		<cc>
			<method name="public static void assertEmpty(java.util.List errors)">1</method>
			<method name="public void _init_(java.util.List errors)">1</method>
			<method name="public java.util.List getFailures()">1</method>
		</cc>
	</class>
	<class>
		<name>junit.runner.Version</name>
		<wmc>3</wmc>
		<dit>1</dit>
		<noc>0</noc>
		<cbo>7</cbo>
		<rfc>5</rfc>
		<lcom>3</lcom>
		<ca>2</ca>
		<ce>5</ce>
		<npm>2</npm>
		<lcom3>2.0</lcom3>
		<loc>12</loc>
		<dam>0.0</dam>
		<moa>0</moa>
		<mfa>0.0</mfa>
		<cam>0.3333333333333333</cam>
		<ic>0</ic>
		<cbm>0</cbm>
		<amc>3.0</amc>
		<cc>
			<method name="public static void main(String[] args)">1</method>
			<method name="private void _init_()">1</method>
			<method name="public static String id()">1</method>
		</cc>
	</class>
	<class>
		<name>org.junit.experimental.max.MaxHistory$TestComparator</name>
		<wmc>5</wmc>
		<dit>1</dit>
		<noc>0</noc>
		<cbo>7</cbo>
		<rfc>11</rfc>
		<lcom>4</lcom>
		<ca>1</ca>
		<ce>7</ce>
		<npm>2</npm>
		<lcom3>0.0</lcom3>
		<loc>71</loc>
		<dam>0.0</dam>
		<moa>1</moa>
		<mfa>0.0</mfa>
		<cam>0.44</cam>
		<ic>0</ic>
		<cbm>0</cbm>
		<amc>13.0</amc>
		<cc>
			<method name="void _init_(org.junit.experimental.max.MaxHistory x0, org.junit.experimental.max.MaxHistory$1 x1)">1</method>
			<method name="private Long getFailure(org.junit.runner.Description key)">2</method>
			<method name="public volatile int compare(Object x0, Object x1)">1</method>
			<method name="public int compare(org.junit.runner.Description o1, org.junit.runner.Description o2)">4</method>
			<method name="private void _init_(org.junit.experimental.max.MaxHistory)">1</method>
		</cc>
	</class>
	<class>
		<name>org.junit.internal.runners.statements.ExpectException</name>
		<wmc>2</wmc>
		<dit>0</dit>
		<noc>0</noc>
		<cbo>10</cbo>
		<rfc>12</rfc>
		<lcom>0</lcom>
		<ca>1</ca>
		<ce>9</ce>
		<npm>2</npm>
		<lcom3>0.0</lcom3>
		<loc>70</loc>
		<dam>1.0</dam>
		<moa>1</moa>
		<mfa>0.0</mfa>
		<cam>0.6666666666666666</cam>
		<ic>0</ic>
		<cbm>0</cbm>
		<amc>33.0</amc>
		<cc>
			<method name="public void _init_(org.junit.runners.model.Statement next, Class expected)">1</method>
			<method name="public void evaluate()">1</method>
		</cc>
	</class>
	<class>
		<name>org.junit.internal.runners.model.ReflectiveCallable</name>
		<wmc>3</wmc>
		<dit>1</dit>
		<noc>2</noc>
		<cbo>6</cbo>
		<rfc>5</rfc>
		<lcom>3</lcom>
		<ca>2</ca>
		<ce>4</ce>
		<npm>2</npm>
		<lcom3>2.0</lcom3>
		<loc>13</loc>
		<dam>0.0</dam>
		<moa>0</moa>
		<mfa>0.0</mfa>
		<cam>1.0</cam>
		<ic>0</ic>
		<cbm>0</cbm>
		<amc>3.3333333333333335</amc>
		<cc>
			<method name="public Object run()">1</method>
			<method name="protected abstract Object runReflectiveCall()">1</method>
			<method name="public void _init_()">1</method>
		</cc>
	</class>
	<class>
		<name>org.junit.experimental.max.CouldNotReadCoreException</name>
		<wmc>1</wmc>
		<dit>3</dit>
		<noc>0</noc>
		<cbo>5</cbo>
		<rfc>2</rfc>
		<lcom>0</lcom>
		<ca>1</ca>
		<ce>4</ce>
		<npm>1</npm>
		<lcom3>2.0</lcom3>
		<loc>6</loc>
		<dam>1.0</dam>
		<moa>0</moa>
		<mfa>1.0</mfa>
		<cam>1.0</cam>
		<ic>0</ic>
		<cbm>0</cbm>
		<amc>4.0</amc>
		<cc>
			<method name="public void _init_(Throwable e)">1</method>
		</cc>
	</class>
	<class>
		<name>org.junit.Rule</name>
		<wmc>0</wmc>
		<dit>1</dit>
		<noc>0</noc>
		<cbo>2</cbo>
		<rfc>0</rfc>
		<lcom>0</lcom>
		<ca>0</ca>
		<ce>2</ce>
		<npm>0</npm>
		<lcom3>2.0</lcom3>
		<loc>0</loc>
		<dam>0.0</dam>
		<moa>0</moa>
		<mfa>0.0</mfa>
		<cam>0.0</cam>
		<ic>0</ic>
		<cbm>0</cbm>
		<amc>0.0</amc>
		<cc>
		</cc>
	</class>
	<class>
		<name>org.junit.runner.notification.RunNotifier</name>
		<wmc>13</wmc>
		<dit>1</dit>
		<noc>0</noc>
		<cbo>37</cbo>
		<rfc>34</rfc>
		<lcom>52</lcom>
		<ca>27</ca>
		<ce>17</ce>
		<npm>12</npm>
		<lcom3>0.75</lcom3>
		<loc>108</loc>
		<dam>1.0</dam>
		<moa>0</moa>
		<mfa>0.0</mfa>
		<cam>0.2948717948717949</cam>
		<ic>0</ic>
		<cbm>0</cbm>
		<amc>7.153846153846154</amc>
		<cc>
			<method name="public void fireTestFailure(org.junit.runner.notification.Failure failure)">1</method>
			<method name="public void addFirstListener(org.junit.runner.notification.RunListener listener)">1</method>
			<method name="public void fireTestFinished(org.junit.runner.Description description)">1</method>
			<method name="static java.util.List access$000(org.junit.runner.notification.RunNotifier x0)">1</method>
			<method name="public void fireTestIgnored(org.junit.runner.Description description)">1</method>
			<method name="public void addListener(org.junit.runner.notification.RunListener listener)">1</method>
			<method name="public void fireTestRunFinished(org.junit.runner.Result result)">1</method>
			<method name="public void fireTestRunStarted(org.junit.runner.Description description)">1</method>
			<method name="public void removeListener(org.junit.runner.notification.RunListener listener)">1</method>
			<method name="public void pleaseStop()">1</method>
			<method name="public void fireTestStarted(org.junit.runner.Description description)">1</method>
			<method name="public void _init_()">1</method>
			<method name="public void fireTestAssumptionFailed(org.junit.runner.notification.Failure failure)">1</method>
		</cc>
	</class>
	<class>
		<name>org.junit.rules.TemporaryFolder</name>
		<wmc>9</wmc>
		<dit>0</dit>
		<noc>0</noc>
		<cbo>7</cbo>
		<rfc>16</rfc>
		<lcom>16</lcom>
		<ca>0</ca>
		<ce>7</ce>
		<npm>6</npm>
		<lcom3>0.25</lcom3>
		<loc>93</loc>
		<dam>1.0</dam>
		<moa>0</moa>
		<mfa>0.0</mfa>
		<cam>0.4444444444444444</cam>
		<ic>0</ic>
		<cbm>0</cbm>
		<amc>9.222222222222221</amc>
		<cc>
			<method name="public java.io.File getRoot()">1</method>
			<method name="public java.io.File newFolder(String folderName)">1</method>
			<method name="protected void before()">1</method>
			<method name="protected void after()">1</method>
			<method name="public void delete()">1</method>
			<method name="private void recursiveDelete(java.io.File file)">3</method>
			<method name="public void _init_()">1</method>
			<method name="public void create()">1</method>
			<method name="public java.io.File newFile(String fileName)">1</method>
		</cc>
	</class>

	<class>
		<name>org.junit.runner.Request</name>
		<wmc>12</wmc>
		<dit>1</dit>
		<noc>5</noc>
		<cbo>23</cbo>
		<rfc>25</rfc>
		<lcom>66</lcom>
		<ca>8</ca>
		<ce>20</ce>
		<npm>12</npm>
		<lcom3>2.0</lcom3>
		<loc>87</loc>
		<dam>0.0</dam>
		<moa>0</moa>
		<mfa>0.0</mfa>
		<cam>0.15</cam>
		<ic>0</ic>
		<cbm>0</cbm>
		<amc>6.25</amc>
		<cc>
			<method name="public static org.junit.runner.Request classWithoutSuiteMethod(Class clazz)">1</method>
			<method name="public org.junit.runner.Request filterWith(org.junit.runner.Description desiredDescription)">1</method>
			<method name="public static org.junit.runner.Request method(Class clazz, String methodName)">1</method>
			<method name="public static org.junit.runner.Request runner(org.junit.runner.Runner runner)">1</method>
			<method name="public abstract org.junit.runner.Runner getRunner()">1</method>
			<method name="public static org.junit.runner.Request aClass(Class clazz)">1</method>
			<method name="public static transient org.junit.runner.Request classes(Class[] classes)">1</method>
			<method name="public org.junit.runner.Request filterWith(org.junit.runner.manipulation.Filter filter)">1</method>
			<method name="public void _init_()">1</method>
			<method name="public static org.junit.runner.Request errorReport(Class klass, Throwable cause)">1</method>
			<method name="public static transient org.junit.runner.Request classes(org.junit.runner.Computer computer, Class[] classes)">1</method>
			<method name="public org.junit.runner.Request sortWith(java.util.Comparator comparator)">1</method>
		</cc>
	</class>
	<class>
		<name>org.junit.experimental.theories.ParameterSignature</name>
		<wmc>12</wmc>
		<dit>1</dit>
		<noc>0</noc>
		<cbo>14</cbo>
		<rfc>30</rfc>
		<lcom>54</lcom>
		<ca>4</ca>
		<ce>10</ce>
		<npm>9</npm>
		<lcom3>0.6363636363636364</lcom3>
		<loc>173</loc>
		<dam>1.0</dam>
		<moa>0</moa>
		<mfa>0.0</mfa>
		<cam>0.23958333333333334</cam>
		<ic>0</ic>
		<cbm>0</cbm>
		<amc>13.25</amc>
		<cc>
			<method name="public Class getType()">1</method>
			<method name="public static java.util.ArrayList signatures(java.lang.reflect.Method method)">1</method>
			<method name="public java.lang.annotation.Annotation findDeepAnnotation(Class annotationType)">1</method>
			<method name="private java.lang.annotation.Annotation findDeepAnnotation(java.lang.annotation.Annotation[] annotations, Class annotationType, int depth)">5</method>
			<method name="private static java.util.ArrayList signatures(Class[] parameterTypes, java.lang.annotation.Annotation[][] parameterAnnotations)">2</method>
			<method name="private void _init_(Class type, java.lang.annotation.Annotation[] annotations)">1</method>
			<method name="public boolean hasAnnotation(Class type)">2</method>
			<method name="public boolean canAcceptType(Class candidate)">1</method>
			<method name="public java.util.List getAnnotations()">1</method>
			<method name="public boolean canAcceptArrayType(Class type)">3</method>
			<method name="public java.lang.annotation.Annotation getAnnotation(Class annotationType)">2</method>
			<method name="public static java.util.List signatures(java.lang.reflect.Constructor constructor)">1</method>
		</cc>
	</class>
	<class>
		<name>org.junit.internal.matchers.SubstringMatcher</name>
		<wmc>6</wmc>
		<dit>0</dit>
		<noc>1</noc>
		<cbo>6</cbo>
		<rfc>9</rfc>
		<lcom>13</lcom>
		<ca>1</ca>
		<ce>5</ce>
		<npm>3</npm>
		<lcom3>0.8</lcom3>
		<loc>35</loc>
		<dam>1.0</dam>
		<moa>0</moa>
		<mfa>0.0</mfa>
		<cam>0.4583333333333333</cam>
		<ic>0</ic>
		<cbm>0</cbm>
		<amc>4.666666666666667</amc>
		<cc>
			<method name="protected abstract String relationship()">1</method>
			<method name="protected void _init_(String substring)">1</method>
			<method name="public volatile boolean matchesSafely(Object x0)">1</method>
			<method name="public boolean matchesSafely(String item)">1</method>
			<method name="public void describeTo(org.hamcrest.Description description)">1</method>
			<method name="protected abstract boolean evalSubstringOf(String)">1</method>
		</cc>
	</class>
	<class>
		<name>org.junit.rules.ExpectedException$ExpectedExceptionStatement</name>
		<wmc>2</wmc>
		<dit>0</dit>
		<noc>0</noc>
		<cbo>12</cbo>
		<rfc>11</rfc>
		<lcom>0</lcom>
		<ca>1</ca>
		<ce>12</ce>
		<npm>2</npm>
		<lcom3>0.0</lcom3>
		<loc>50</loc>
		<dam>0.5</dam>
		<moa>2</moa>
		<mfa>0.0</mfa>
		<cam>0.6666666666666666</cam>
		<ic>0</ic>
		<cbm>0</cbm>
		<amc>23.0</amc>
		<cc>
			<method name="public void evaluate()">1</method>
			<method name="public void _init_(org.junit.rules.ExpectedException, org.junit.runners.model.Statement base)">1</method>
		</cc>
	</class>
	<class>
		<name>org.junit.internal.builders.NullBuilder</name>
		<wmc>2</wmc>
		<dit>0</dit>
		<noc>0</noc>
		<cbo>7</cbo>
		<rfc>3</rfc>
		<lcom>1</lcom>
		<ca>1</ca>
		<ce>6</ce>
		<npm>2</npm>
		<lcom3>2.0</lcom3>
		<loc>7</loc>
		<dam>0.0</dam>
		<moa>0</moa>
		<mfa>0.0</mfa>
		<cam>0.75</cam>
		<ic>0</ic>
		<cbm>0</cbm>
		<amc>2.5</amc>
		<cc>
			<method name="public void _init_()">1</method>
			<method name="public org.junit.runner.Runner runnerForClass(Class each)">1</method>
		</cc>
	</class>
	<class>
		<name>junit.framework.TestSuite</name>
		<wmc>26</wmc>
		<dit>1</dit>
		<noc>1</noc>
		<cbo>32</cbo>
		<rfc>69</rfc>
		<lcom>209</lcom>
		<ca>6</ca>
		<ce>26</ce>
		<npm>20</npm>
		<lcom3>0.52</lcom3>
		<loc>527</loc>
		<dam>1.0</dam>
		<moa>0</moa>
		<mfa>0.0</mfa>
		<cam>0.18461538461538463</cam>
		<ic>0</ic>
		<cbm>0</cbm>
		<amc>19.192307692307693</amc>
		<cc>
			<method name="public void setName(String name)">1</method>
			<method name="private void addTestsFromTestCase(Class theClass)">5</method>
			<method name="public void _init_(String name)">1</method>
			<method name="public junit.framework.Test testAt(int index)">1</method>
			<method name="private boolean isTestMethod(java.lang.reflect.Method m)">4</method>
			<method name="public void addTest(junit.framework.Test test)">1</method>
			<method name="public java.util.Enumeration tests()">1</method>
			<method name="public void runTest(junit.framework.Test test, junit.framework.TestResult result)">1</method>
			<method name="public String toString()">2</method>
			<method name="public void _init_(Class theClass, String name)">1</method>
			<method name="private void addTestMethod(java.lang.reflect.Method m, java.util.List names, Class theClass)">4</method>
			<method name="private static String exceptionToString(Throwable t)">1</method>
			<method name="private boolean isPublicTestMethod(java.lang.reflect.Method m)">3</method>
			<method name="public static junit.framework.Test warning(String message)">1</method>
			<method name="public void run(junit.framework.TestResult result)">3</method>
			<method name="public static junit.framework.Test createTest(Class theClass, String name)">2</method>
			<method name="public static java.lang.reflect.Constructor getTestConstructor(Class theClass)">1</method>
			<method name="public int testCount()">1</method>
			<method name="public transient void _init_(Class[] classes)">2</method>
			<method name="public String getName()">1</method>
			<method name="public void _init_(Class[] classes, String name)">1</method>
			<method name="public void _init_()">1</method>
			<method name="private junit.framework.Test testCaseForClass(Class each)">2</method>
			<method name="public void addTestSuite(Class testClass)">1</method>
			<method name="public int countTestCases()">2</method>
			<method name="public void _init_(Class theClass)">1</method>
		</cc>
	</class>
	<class>
		<name>org.junit.ComparisonFailure$ComparisonCompactor</name>
		<wmc>9</wmc>
		<dit>1</dit>
		<noc>0</noc>
		<cbo>7</cbo>
		<rfc>20</rfc>
		<lcom>0</lcom>
		<ca>1</ca>
		<ce>6</ce>
		<npm>1</npm>
		<lcom3>0.65625</lcom3>
		<loc>279</loc>
		<dam>1.0</dam>
		<moa>0</moa>
		<mfa>0.0</mfa>
		<cam>0.3888888888888889</cam>
		<ic>0</ic>
		<cbm>0</cbm>
		<amc>29.11111111111111</amc>
		<cc>
			<method name="static String access$000(org.junit.ComparisonFailure$ComparisonCompactor x0, String x1)">1</method>
			<method name="private String compact(String message)">4</method>
			<method name="private String compactString(String source)">3</method>
			<method name="private void findCommonPrefix()">3</method>
			<method name="public void _init_(int contextLength, String expected, String actual)">1</method>
			<method name="private String computeCommonSuffix()">2</method>
			<method name="private boolean areStringsEqual()">1</method>
			<method name="private String computeCommonPrefix()">2</method>
			<method name="private void findCommonSuffix()">4</method>
		</cc>
	</class>
	<class>
		<name>org.junit.experimental.categories.Categories$IncludeCategory</name>
		<wmc>1</wmc>
		<dit>1</dit>
		<noc>0</noc>
		<cbo>4</cbo>
		<rfc>1</rfc>
		<lcom>0</lcom>
		<ca>1</ca>
		<ce>3</ce>
		<npm>1</npm>
		<lcom3>2.0</lcom3>
		<loc>1</loc>
		<dam>0.0</dam>
		<moa>0</moa>
		<mfa>0.0</mfa>
		<cam>1.0</cam>
		<ic>0</ic>
		<cbm>0</cbm>
		<amc>0.0</amc>
		<cc>
			<method name="public abstract Class value()">1</method>
		</cc>
	</class>
	<class>
		<name>org.junit.runner.Result$1</name>
		<wmc>0</wmc>
		<dit>1</dit>
		<noc>0</noc>
		<cbo>3</cbo>
		<rfc>0</rfc>
		<lcom>0</lcom>
		<ca>2</ca>
		<ce>1</ce>
		<npm>0</npm>
		<lcom3>2.0</lcom3>
		<loc>0</loc>
		<dam>0.0</dam>
		<moa>0</moa>
		<mfa>0.0</mfa>
		<cam>0.0</cam>
		<ic>0</ic>
		<cbm>0</cbm>
		<amc>0.0</amc>
		<cc>
		</cc>
	</class>
	<class>
		<name>org.junit.runners.model.FrameworkMethod$1</name>
		<wmc>2</wmc>
		<dit>0</dit>
		<noc>0</noc>
		<cbo>8</cbo>
		<rfc>4</rfc>
		<lcom>0</lcom>
		<ca>1</ca>
		<ce>8</ce>
		<npm>0</npm>
		<lcom3>0.0</lcom3>
		<loc>26</loc>
		<dam>0.0</dam>
		<moa>1</moa>
		<mfa>0.0</mfa>
		<cam>0.625</cam>
		<ic>0</ic>
		<cbm>0</cbm>
		<amc>10.5</amc>
		<cc>
			<method name="void _init_(org.junit.runners.model.FrameworkMethod, Object, Object[])">1</method>
			<method name="protected Object runReflectiveCall()">1</method>
		</cc>
	</class>
	<class>
		<name>junit.framework.JUnit4TestAdapterCache$1</name>
		<wmc>4</wmc>
		<dit>0</dit>
		<noc>0</noc>
		<cbo>10</cbo>
		<rfc>11</rfc>
		<lcom>0</lcom>
		<ca>1</ca>
		<ce>10</ce>
		<npm>3</npm>
		<lcom3>0.0</lcom3>
		<loc>42</loc>
		<dam>0.0</dam>
		<moa>2</moa>
		<mfa>0.0</mfa>
		<cam>0.45</cam>
		<ic>0</ic>
		<cbm>0</cbm>
		<amc>9.0</amc>
		<cc>
			<method name="public void testFailure(org.junit.runner.notification.Failure failure)">1</method>
			<method name="void _init_(junit.framework.JUnit4TestAdapterCache, junit.framework.TestResult)">1</method>
			<method name="public void testStarted(org.junit.runner.Description description)">1</method>
			<method name="public void testFinished(org.junit.runner.Description description)">1</method>
		</cc>
	</class>
	<class>
		<name>org.junit.AfterClass</name>
		<wmc>0</wmc>
		<dit>1</dit>
		<noc>0</noc>
		<cbo>2</cbo>
		<rfc>0</rfc>
		<lcom>0</lcom>
		<ca>0</ca>
		<ce>2</ce>
		<npm>0</npm>
		<lcom3>2.0</lcom3>
		<loc>0</loc>
		<dam>0.0</dam>
		<moa>0</moa>
		<mfa>0.0</mfa>
		<cam>0.0</cam>
		<ic>0</ic>
		<cbm>0</cbm>
		<amc>0.0</amc>
		<cc>
		</cc>
	</class>
	<class>
		<name>org.junit.internal.requests.SortingRequest</name>
		<wmc>2</wmc>
		<dit>0</dit>
		<noc>0</noc>
		<cbo>7</cbo>
		<rfc>6</rfc>
		<lcom>0</lcom>
		<ca>2</ca>
		<ce>6</ce>
		<npm>2</npm>
		<lcom3>0.0</lcom3>
		<loc>26</loc>
		<dam>1.0</dam>
		<moa>1</moa>
		<mfa>0.0</mfa>
		<cam>0.6666666666666666</cam>
		<ic>0</ic>
		<cbm>0</cbm>
		<amc>11.0</amc>
		<cc>
			<method name="public void _init_(org.junit.runner.Request request, java.util.Comparator comparator)">1</method>
			<method name="public org.junit.runner.Runner getRunner()">1</method>
		</cc>
	</class>
	<class>
		<name>junit.extensions.TestSetup</name>
		<wmc>4</wmc>
		<dit>0</dit>
		<noc>0</noc>
		<cbo>8</cbo>
		<rfc>7</rfc>
		<lcom>6</lcom>
		<ca>1</ca>
		<ce>8</ce>
		<npm>2</npm>
		<lcom3>2.0</lcom3>
		<loc>21</loc>
		<dam>0.0</dam>
		<moa>0</moa>
		<mfa>0.0</mfa>
		<cam>0.5</cam>
		<ic>0</ic>
		<cbm>0</cbm>
		<amc>4.25</amc>
		<cc>
			<method name="public void run(junit.framework.TestResult result)">1</method>
			<method name="protected void tearDown()">1</method>
			<method name="public void _init_(junit.framework.Test test)">1</method>
			<method name="protected void setUp()">1</method>
		</cc>
	</class>
	<class>
		<name>org.junit.internal.ArrayComparisonFailure</name>
		<wmc>4</wmc>
		<dit>4</dit>
		<noc>0</noc>
		<cbo>11</cbo>
		<rfc>17</rfc>
		<lcom>0</lcom>
		<ca>2</ca>
		<ce>9</ce>
		<npm>4</npm>
		<lcom3>0.5</lcom3>
		<loc>89</loc>
		<dam>1.0</dam>
		<moa>0</moa>
		<mfa>0.875</mfa>
		<cam>0.5</cam>
		<ic>1</ic>
		<cbm>2</cbm>
		<amc>20.25</amc>
		<cc>
			<method name="public String toString()">1</method>
			<method name="public void _init_(String message, AssertionError cause, int index)">1</method>
			<method name="public String getMessage()">3</method>
			<method name="public void addDimension(int index)">1</method>
		</cc>
	</class>
	<class>
		<name>org.junit.experimental.theories.internal.AllMembersSupplier$1</name>
		<wmc>0</wmc>
		<dit>1</dit>
		<noc>0</noc>
		<cbo>3</cbo>
		<rfc>0</rfc>
		<lcom>0</lcom>
		<ca>2</ca>
		<ce>1</ce>
		<npm>0</npm>
		<lcom3>2.0</lcom3>
		<loc>0</loc>
		<dam>0.0</dam>
		<moa>0</moa>
		<mfa>0.0</mfa>
		<cam>0.0</cam>
		<ic>0</ic>
		<cbm>0</cbm>
		<amc>0.0</amc>
		<cc>
		</cc>
	</class>
	<class>
		<name>org.junit.runner.Request$1</name>
		<wmc>2</wmc>
		<dit>0</dit>
		<noc>0</noc>
		<cbo>4</cbo>
		<rfc>3</rfc>
		<lcom>0</lcom>
		<ca>1</ca>
		<ce>4</ce>
		<npm>1</npm>
		<lcom3>0.0</lcom3>
		<loc>12</loc>
		<dam>0.0</dam>
		<moa>1</moa>
		<mfa>0.0</mfa>
		<cam>0.75</cam>
		<ic>0</ic>
		<cbm>0</cbm>
		<amc>4.5</amc>
		<cc>
			<method name="void _init_(org.junit.runner.Runner)">1</method>
			<method name="public org.junit.runner.Runner getRunner()">1</method>
		</cc>
	</class>
	<class>
		<name>org.junit.runner.Computer$1</name>
		<wmc>2</wmc>
		<dit>0</dit>
		<noc>0</noc>
		<cbo>7</cbo>
		<rfc>4</rfc>
		<lcom>0</lcom>
		<ca>1</ca>
		<ce>7</ce>
		<npm>1</npm>
		<lcom3>0.0</lcom3>
		<loc>20</loc>
		<dam>0.0</dam>
		<moa>2</moa>
		<mfa>0.0</mfa>
		<cam>0.625</cam>
		<ic>0</ic>
		<cbm>0</cbm>
		<amc>8.0</amc>
		<cc>
			<method name="void _init_(org.junit.runner.Computer, org.junit.runners.model.RunnerBuilder)">1</method>
			<method name="public org.junit.runner.Runner runnerForClass(Class testClass)">1</method>
		</cc>
	</class>
	<class>
		<name>org.junit.rules.ErrorCollector</name>
		<wmc>5</wmc>
		<dit>0</dit>
		<noc>0</noc>
		<cbo>10</cbo>
		<rfc>11</rfc>
		<lcom>4</lcom>
		<ca>1</ca>
		<ce>10</ce>
		<npm>4</npm>
		<lcom3>0.25</lcom3>
		<loc>43</loc>
		<dam>1.0</dam>
		<moa>0</moa>
		<mfa>0.0</mfa>
		<cam>0.36</cam>
		<ic>0</ic>
		<cbm>0</cbm>
		<amc>7.4</amc>
		<cc>
			<method name="protected void verify()">1</method>
			<method name="public void addError(Throwable error)">1</method>
			<method name="public void checkThat(Object value, org.hamcrest.Matcher matcher)">1</method>
			<method name="public Object checkSucceeds(java.util.concurrent.Callable callable)">1</method>
			<method name="public void _init_()">1</method>
		</cc>
	</class>
	<class>
		<name>org.junit.internal.runners.InitializationError</name>
		<wmc>4</wmc>
		<dit>3</dit>
		<noc>0</noc>
		<cbo>10</cbo>
		<rfc>7</rfc>
		<lcom>4</lcom>
		<ca>3</ca>
		<ce>7</ce>
		<npm>4</npm>
		<lcom3>0.6666666666666666</lcom3>
		<loc>32</loc>
		<dam>1.0</dam>
		<moa>0</moa>
		<mfa>0.9545454545454546</mfa>
		<cam>0.4375</cam>
		<ic>0</ic>
		<cbm>0</cbm>
		<amc>6.5</amc>
		<cc>
			<method name="public void _init_(String string)">1</method>
			<method name="public void _init_(java.util.List errors)">1</method>
			<method name="public transient void _init_(Throwable[] errors)">1</method>
			<method name="public java.util.List getCauses()">1</method>
		</cc>
	</class>
	<class>
		<name>org.junit.rules.Verifier</name>
		<wmc>3</wmc>
		<dit>1</dit>
		<noc>1</noc>
		<cbo>8</cbo>
		<rfc>5</rfc>
		<lcom>3</lcom>
		<ca>2</ca>
		<ce>7</ce>
		<npm>2</npm>
		<lcom3>2.0</lcom3>
		<loc>13</loc>
		<dam>0.0</dam>
		<moa>0</moa>
		<mfa>0.0</mfa>
		<cam>0.5</cam>
		<ic>0</ic>
		<cbm>0</cbm>
		<amc>3.3333333333333335</amc>
		<cc>
			<method name="protected void verify()">1</method>
			<method name="public org.junit.runners.model.Statement apply(org.junit.runners.model.Statement base, org.junit.runners.model.FrameworkMethod method, Object target)">1</method>
			<method name="public void _init_()">1</method>
		</cc>
	</class>
	<class>
		<name>org.junit.rules.ExternalResource</name>
		<wmc>4</wmc>
		<dit>1</dit>
		<noc>1</noc>
		<cbo>8</cbo>
		<rfc>6</rfc>
		<lcom>6</lcom>
		<ca>2</ca>
		<ce>7</ce>
		<npm>2</npm>
		<lcom3>2.0</lcom3>
		<loc>15</loc>
		<dam>0.0</dam>
		<moa>0</moa>
		<mfa>0.0</mfa>
		<cam>0.4375</cam>
		<ic>0</ic>
		<cbm>0</cbm>
		<amc>2.75</amc>
		<cc>
			<method name="protected void before()">1</method>
			<method name="protected void after()">1</method>
			<method name="public void _init_()">1</method>
			<method name="public final org.junit.runners.model.Statement apply(org.junit.runners.model.Statement base, org.junit.runners.model.FrameworkMethod method, Object target)">1</method>
		</cc>
	</class>
	<class>
		<name>org.junit.experimental.results.FailureList</name>
		<wmc>2</wmc>
		<dit>1</dit>
		<noc>0</noc>
		<cbo>11</cbo>
		<rfc>10</rfc>
		<lcom>0</lcom>
		<ca>1</ca>
		<ce>10</ce>
		<npm>2</npm>
		<lcom3>0.0</lcom3>
		<loc>40</loc>
		<dam>1.0</dam>
		<moa>0</moa>
		<mfa>0.0</mfa>
		<cam>0.75</cam>
		<ic>0</ic>
		<cbm>0</cbm>
		<amc>18.5</amc>
		<cc>
			<method name="public org.junit.runner.Result result()">2</method>
			<method name="public void _init_(java.util.List failures)">1</method>
		</cc>
	</class>
	<class>
		<name>org.junit.experimental.theories.PotentialAssignment$1</name>
		<wmc>4</wmc>
		<dit>0</dit>
		<noc>0</noc>
		<cbo>5</cbo>
		<rfc>6</rfc>
		<lcom>0</lcom>
		<ca>1</ca>
		<ce>5</ce>
		<npm>3</npm>
		<lcom3>0.5</lcom3>
		<loc>31</loc>
		<dam>0.0</dam>
		<moa>0</moa>
		<mfa>0.0</mfa>
		<cam>0.5</cam>
		<ic>0</ic>
		<cbm>0</cbm>
		<amc>6.25</amc>
		<cc>
			<method name="public String toString()">1</method>
			<method name="public String getDescription()">1</method>
			<method name="public Object getValue()">1</method>
			<method name="void _init_(Object, String)">1</method>
		</cc>
	</class>
	<class>
		<name>junit.textui.ResultPrinter</name>
		<wmc>17</wmc>
		<dit>1</dit>
		<noc>0</noc>
		<cbo>15</cbo>
		<rfc>39</rfc>
		<lcom>132</lcom>
		<ca>1</ca>
		<ce>14</ce>
		<npm>7</npm>
		<lcom3>0.65625</lcom3>
		<loc>276</loc>
		<dam>0.0</dam>
		<moa>0</moa>
		<mfa>0.0</mfa>
		<cam>0.20855614973262032</cam>
		<ic>0</ic>
		<cbm>0</cbm>
		<amc>15.117647058823529</amc>
		<cc>
			<method name="public java.io.PrintStream getWriter()">1</method>
			<method name="protected void printDefects(java.util.Enumeration booBoos, int count, String type)">4</method>
			<method name="void printWaitPrompt()">1</method>
			<method name="public void addError(junit.framework.Test test, Throwable t)">1</method>
			<method name="protected void printErrors(junit.framework.TestResult result)">1</method>
			<method name="public void printDefect(junit.framework.TestFailure booBoo, int count)">1</method>
			<method name="public void _init_(java.io.PrintStream writer)">1</method>
			<method name="public void addFailure(junit.framework.Test test, junit.framework.AssertionFailedError t)">1</method>
			<method name="protected void printFooter(junit.framework.TestResult result)">3</method>
			<method name="public void startTest(junit.framework.Test test)">2</method>
			<method name="protected void printFailures(junit.framework.TestResult result)">1</method>
			<method name="protected void printDefectTrace(junit.framework.TestFailure booBoo)">1</method>
			<method name="protected String elapsedTimeAsString(long runTime)">1</method>
			<method name="public void endTest(junit.framework.Test test)">1</method>
			<method name="synchronized void print(junit.framework.TestResult result, long runTime)">1</method>
			<method name="protected void printHeader(long runTime)">1</method>
			<method name="protected void printDefectHeader(junit.framework.TestFailure booBoo, int count)">1</method>
		</cc>
	</class>
	<class>
		<name>org.junit.internal.runners.SuiteMethod</name>
		<wmc>2</wmc>
		<dit>0</dit>
		<noc>1</noc>
		<cbo>14</cbo>
		<rfc>13</rfc>
		<lcom>1</lcom>
		<ca>2</ca>
		<ce>12</ce>
		<npm>2</npm>
		<lcom3>2.0</lcom3>
		<loc>48</loc>
		<dam>0.0</dam>
		<moa>0</moa>
		<mfa>0.0</mfa>
		<cam>0.75</cam>
		<ic>0</ic>
		<cbm>0</cbm>
		<amc>23.0</amc>
		<cc>
			<method name="public void _init_(Class klass)">1</method>
			<method name="public static junit.framework.Test testFromSuiteMethod(Class klass)">1</method>
		</cc>
	</class>
	<class>
		<name>junit.extensions.ActiveTestSuite$1</name>
		<wmc>2</wmc>
		<dit>2</dit>
		<noc>0</noc>
		<cbo>6</cbo>
		<rfc>5</rfc>
		<lcom>0</lcom>
		<ca>1</ca>
		<ce>6</ce>
		<npm>1</npm>
		<lcom3>0.0</lcom3>
		<loc>33</loc>
		<dam>0.0</dam>
		<moa>3</moa>
		<mfa>0.9846153846153847</mfa>
		<cam>0.625</cam>
		<ic>0</ic>
		<cbm>0</cbm>
		<amc>14.0</amc>
		<cc>
			<method name="void _init_(junit.extensions.ActiveTestSuite, junit.framework.Test, junit.framework.TestResult)">1</method>
			<method name="public void run()">1</method>
		</cc>
	</class>
	<class>
		<name>org.junit.runner.RunWith</name>
		<wmc>1</wmc>
		<dit>1</dit>
		<noc>0</noc>
		<cbo>4</cbo>
		<rfc>1</rfc>
		<lcom>0</lcom>
		<ca>1</ca>
		<ce>3</ce>
		<npm>1</npm>
		<lcom3>2.0</lcom3>
		<loc>1</loc>
		<dam>0.0</dam>
		<moa>0</moa>
		<mfa>0.0</mfa>
		<cam>1.0</cam>
		<ic>0</ic>
		<cbm>0</cbm>
		<amc>0.0</amc>
		<cc>
			<method name="public abstract Class value()">1</method>
		</cc>
	</class>
	<class>
		<name>org.junit.experimental.results.PrintableResult</name>
		<wmc>6</wmc>
		<dit>1</dit>
		<noc>0</noc>
		<cbo>13</cbo>
		<rfc>17</rfc>
		<lcom>9</lcom>
		<ca>1</ca>
		<ce>12</ce>
		<npm>4</npm>
		<lcom3>0.2</lcom3>
		<loc>58</loc>
		<dam>1.0</dam>
		<moa>1</moa>
		<mfa>0.0</mfa>
		<cam>0.375</cam>
		<ic>0</ic>
		<cbm>0</cbm>
		<amc>8.5</amc>
		<cc>
			<method name="public String toString()">1</method>
			<method name="public void _init_(java.util.List failures)">1</method>
			<method name="public static org.junit.experimental.results.PrintableResult testResult(Class type)">1</method>
			<method name="private void _init_(Class type)">1</method>
			<method name="private void _init_(org.junit.runner.Result result)">1</method>
			<method name="public int failureCount()">1</method>
		</cc>
	</class>
	<class>
		<name>org.junit.internal.runners.statements.InvokeMethod</name>
		<wmc>2</wmc>
		<dit>0</dit>
		<noc>0</noc>
		<cbo>6</cbo>
		<rfc>4</rfc>
		<lcom>0</lcom>
		<ca>1</ca>
		<ce>5</ce>
		<npm>2</npm>
		<lcom3>0.0</lcom3>
		<loc>22</loc>
		<dam>1.0</dam>
		<moa>1</moa>
		<mfa>0.0</mfa>
		<cam>0.6666666666666666</cam>
		<ic>0</ic>
		<cbm>0</cbm>
		<amc>9.0</amc>
		<cc>
			<method name="public void evaluate()">1</method>
			<method name="public void _init_(org.junit.runners.model.FrameworkMethod testMethod, Object target)">1</method>
		</cc>
	</class>
	<class>
		<name>org.junit.rules.TestWatchman$1</name>
		<wmc>2</wmc>
		<dit>0</dit>
		<noc>0</noc>
		<cbo>6</cbo>
		<rfc>8</rfc>
		<lcom>0</lcom>
		<ca>1</ca>
		<ce>6</ce>
		<npm>1</npm>
		<lcom3>0.0</lcom3>
		<loc>54</loc>
		<dam>0.0</dam>
		<moa>3</moa>
		<mfa>0.0</mfa>
		<cam>0.625</cam>
		<ic>0</ic>
		<cbm>0</cbm>
		<amc>24.5</amc>
		<cc>
			<method name="void _init_(org.junit.rules.TestWatchman, org.junit.runners.model.FrameworkMethod, org.junit.runners.model.Statement)">1</method>
			<method name="public void evaluate()">1</method>
		</cc>
	</class>
	<class>
		<name>org.junit.runners.Parameterized$TestClassRunnerForParameters</name>
		<wmc>7</wmc>
		<dit>0</dit>
		<noc>0</noc>
		<cbo>16</cbo>
		<rfc>20</rfc>
		<lcom>9</lcom>
		<ca>1</ca>
		<ce>16</ce>
		<npm>1</npm>
		<lcom3>0.5555555555555556</lcom3>
		<loc>96</loc>
		<dam>0.6666666666666666</dam>
		<moa>1</moa>
		<mfa>0.0</mfa>
		<cam>0.2857142857142857</cam>
		<ic>0</ic>
		<cbm>0</cbm>
		<amc>12.285714285714286</amc>
		<cc>
			<method name="protected void validateConstructor(java.util.List errors)">1</method>
			<method name="public Object createTest()">1</method>
			<method name="private Object[] computeParams()">1</method>
			<method name="protected String getName()">1</method>
			<method name="protected org.junit.runners.model.Statement classBlock(org.junit.runner.notification.RunNotifier notifier)">1</method>
			<method name="void _init_(org.junit.runners.Parameterized, Class type, java.util.List parameterList, int i)">1</method>
			<method name="protected String testName(org.junit.runners.model.FrameworkMethod method)">1</method>
		</cc>
	</class>
	<class>
		<name>junit.extensions.ActiveTestSuite</name>
		<wmc>8</wmc>
		<dit>0</dit>
		<noc>0</noc>
		<cbo>10</cbo>
		<rfc>18</rfc>
		<lcom>22</lcom>
		<ca>1</ca>
		<ce>10</ce>
		<npm>7</npm>
		<lcom3>0.7142857142857143</lcom3>
		<loc>64</loc>
		<dam>1.0</dam>
		<moa>0</moa>
		<mfa>0.0</mfa>
		<cam>0.375</cam>
		<ic>0</ic>
		<cbm>0</cbm>
		<amc>6.875</amc>
		<cc>
			<method name="public synchronized void runFinished()">1</method>
			<method name="public void run(junit.framework.TestResult result)">1</method>
			<method name="public void _init_(String name)">1</method>
			<method name="public void _init_(Class theClass, String name)">1</method>
			<method name="synchronized void waitUntilFinished()">2</method>
			<method name="public void _init_()">1</method>
			<method name="public void runTest(junit.framework.Test test, junit.framework.TestResult result)">1</method>
			<method name="public void _init_(Class theClass)">1</method>
		</cc>
	</class>
	<class>
		<name>org.junit.experimental.theories.Theories</name>
		<wmc>7</wmc>
		<dit>0</dit>
		<noc>0</noc>
		<cbo>18</cbo>
		<rfc>33</rfc>
		<lcom>21</lcom>
		<ca>0</ca>
		<ce>18</ce>
		<npm>2</npm>
		<lcom3>2.0</lcom3>
		<loc>120</loc>
		<dam>0.0</dam>
		<moa>0</moa>
		<mfa>0.0</mfa>
		<cam>0.4642857142857143</cam>
		<ic>0</ic>
		<cbm>0</cbm>
		<amc>16.142857142857142</amc>
		<cc>
			<method name="protected void validateConstructor(java.util.List errors)">1</method>
			<method name="protected java.util.List computeTestMethods()">1</method>
			<method name="private void validateDataPointFields(java.util.List errors)">4</method>
			<method name="public org.junit.runners.model.Statement methodBlock(org.junit.runners.model.FrameworkMethod method)">1</method>
			<method name="public void _init_(Class klass)">1</method>
			<method name="protected void collectInitializationErrors(java.util.List errors)">1</method>
			<method name="protected void validateTestMethods(java.util.List errors)">3</method>
		</cc>
	</class>
	<class>
		<name>org.junit.internal.ComparisonCriteria</name>
		<wmc>5</wmc>
		<dit>1</dit>
		<noc>2</noc>
		<cbo>11</cbo>
		<rfc>17</rfc>
		<lcom>10</lcom>
		<ca>2</ca>
		<ce>9</ce>
		<npm>2</npm>
		<lcom3>2.0</lcom3>
		<loc>138</loc>
		<dam>0.0</dam>
		<moa>0</moa>
		<mfa>0.0</mfa>
		<cam>0.7333333333333333</cam>
		<ic>0</ic>
		<cbm>0</cbm>
		<amc>26.6</amc>
		<cc>
			<method name="public void arrayEquals(String message, Object expecteds, Object actuals)">1</method>
			<method name="private boolean isArray(Object expected)">3</method>
			<method name="private int assertArraysAreSameLength(Object expecteds, Object actuals, String header)">4</method>
			<method name="protected abstract void assertElementsEqual(Object, Object)">1</method>
			<method name="public void _init_()">1</method>
		</cc>
	</class>
	<class>
		<name>org.junit.internal.requests.ClassRequest</name>
		<wmc>3</wmc>
		<dit>0</dit>
		<noc>0</noc>
		<cbo>6</cbo>
		<rfc>6</rfc>
		<lcom>1</lcom>
		<ca>1</ca>
		<ce>6</ce>
		<npm>3</npm>
		<lcom3>0.0</lcom3>
		<loc>28</loc>
		<dam>1.0</dam>
		<moa>0</moa>
		<mfa>0.0</mfa>
		<cam>0.6666666666666666</cam>
		<ic>0</ic>
		<cbm>0</cbm>
		<amc>7.666666666666667</amc>
		<cc>
			<method name="public void _init_(Class testClass)">1</method>
			<method name="public void _init_(Class testClass, boolean canUseSuiteMethod)">1</method>
			<method name="public org.junit.runner.Runner getRunner()">1</method>
		</cc>
	</class>
	<class>
		<name>org.junit.rules.Timeout</name>
		<wmc>2</wmc>
		<dit>1</dit>
		<noc>0</noc>
		<cbo>6</cbo>
		<rfc>4</rfc>
		<lcom>0</lcom>
		<ca>0</ca>
		<ce>6</ce>
		<npm>2</npm>
		<lcom3>0.0</lcom3>
		<loc>17</loc>
		<dam>1.0</dam>
		<moa>0</moa>
		<mfa>0.0</mfa>
		<cam>0.6</cam>
		<ic>0</ic>
		<cbm>0</cbm>
		<amc>7.0</amc>
		<cc>
			<method name="public org.junit.runners.model.Statement apply(org.junit.runners.model.Statement base, org.junit.runners.model.FrameworkMethod method, Object target)">1</method>
			<method name="public void _init_(int millis)">1</method>
		</cc>
	</class>
	<class>
		<name>junit.framework.TestCase</name>
		<wmc>13</wmc>
		<dit>0</dit>
		<noc>1</noc>
		<cbo>20</cbo>
		<rfc>30</rfc>
		<lcom>58</lcom>
		<ca>6</ca>
		<ce>15</ce>
		<npm>9</npm>
		<lcom3>0.5</lcom3>
		<loc>177</loc>
		<dam>1.0</dam>
		<moa>0</moa>
		<mfa>0.0</mfa>
		<cam>0.41025641025641024</cam>
		<ic>0</ic>
		<cbm>0</cbm>
		<amc>12.538461538461538</amc>
		<cc>
			<method name="public void run(junit.framework.TestResult result)">1</method>
			<method name="public void setName(String name)">1</method>
			<method name="public void _init_(String name)">1</method>
			<method name="protected void runTest()">1</method>
			<method name="protected void tearDown()">1</method>
			<method name="public String getName()">1</method>
			<method name="protected void setUp()">1</method>
			<method name="public String toString()">1</method>
			<method name="public junit.framework.TestResult run()">1</method>
			<method name="public void runBare()">1</method>
			<method name="public void _init_()">1</method>
			<method name="public int countTestCases()">1</method>
			<method name="protected junit.framework.TestResult createResult()">1</method>
		</cc>
	</class>
	<class>
		<name>org.junit.Before</name>
		<wmc>0</wmc>
		<dit>1</dit>
		<noc>0</noc>
		<cbo>2</cbo>
		<rfc>0</rfc>
		<lcom>0</lcom>
		<ca>0</ca>
		<ce>2</ce>
		<npm>0</npm>
		<lcom3>2.0</lcom3>
		<loc>0</loc>
		<dam>0.0</dam>
		<moa>0</moa>
		<mfa>0.0</mfa>
		<cam>0.0</cam>
		<ic>0</ic>
		<cbm>0</cbm>
		<amc>0.0</amc>
		<cc>
		</cc>
	</class>
	<class>
		<name>org.junit.Test$None</name>
		<wmc>1</wmc>
		<dit>2</dit>
		<noc>0</noc>
		<cbo>3</cbo>
		<rfc>2</rfc>
		<lcom>0</lcom>
		<ca>0</ca>
		<ce>3</ce>
		<npm>0</npm>
		<lcom3>2.0</lcom3>
		<loc>5</loc>
		<dam>1.0</dam>
		<moa>0</moa>
		<mfa>1.0</mfa>
		<cam>1.0</cam>
		<ic>0</ic>
		<cbm>0</cbm>
		<amc>3.0</amc>
		<cc>
			<method name="private void _init_()">1</method>
		</cc>
	</class>
	<class>
		<name>org.junit.runner.manipulation.Filter</name>
		<wmc>6</wmc>
		<dit>1</dit>
		<noc>3</noc>
		<cbo>16</cbo>
		<rfc>10</rfc>
		<lcom>15</lcom>
		<ca>11</ca>
		<ce>8</ce>
		<npm>5</npm>
		<lcom3>1.0</lcom3>
		<loc>31</loc>
		<dam>0.0</dam>
		<moa>1</moa>
		<mfa>0.0</mfa>
		<cam>0.4666666666666667</cam>
		<ic>0</ic>
		<cbm>0</cbm>
		<amc>4.0</amc>
		<cc>
			<method name="public static org.junit.runner.manipulation.Filter matchMethodDescription(org.junit.runner.Description desiredDescription)">1</method>
			<method name="public void apply(Object child)">1</method>
			<method name="static void _clinit_()">1</method>
			<method name="public abstract String describe()">1</method>
			<method name="public void _init_()">1</method>
			<method name="public abstract boolean shouldRun(org.junit.runner.Description)">1</method>
		</cc>
	</class>
	<class>
		<name>org.junit.runner.notification.RunNotifier$SafeNotifier</name>
		<wmc>4</wmc>
		<dit>1</dit>
		<noc>7</noc>
		<cbo>17</cbo>
		<rfc>12</rfc>
		<lcom>4</lcom>
		<ca>7</ca>
		<ce>11</ce>
		<npm>0</npm>
		<lcom3>0.3333333333333333</lcom3>
		<loc>56</loc>
		<dam>0.0</dam>
		<moa>1</moa>
		<mfa>0.0</mfa>
		<cam>0.5</cam>
		<ic>0</ic>
		<cbm>0</cbm>
		<amc>12.75</amc>
		<cc>
			<method name="void _init_(org.junit.runner.notification.RunNotifier x0, org.junit.runner.notification.RunNotifier$1 x1)">1</method>
			<method name="private void _init_(org.junit.runner.notification.RunNotifier)">1</method>
			<method name="void run()">2</method>
			<method name="protected abstract void notifyListener(org.junit.runner.notification.RunListener)">1</method>
		</cc>
	</class>
	<class>
		<name>org.junit.Test</name>
		<wmc>2</wmc>
		<dit>1</dit>
		<noc>0</noc>
		<cbo>6</cbo>
		<rfc>2</rfc>
		<lcom>1</lcom>
		<ca>2</ca>
		<ce>4</ce>
		<npm>2</npm>
		<lcom3>2.0</lcom3>
		<loc>2</loc>
		<dam>0.0</dam>
		<moa>0</moa>
		<mfa>0.0</mfa>
		<cam>1.0</cam>
		<ic>0</ic>
		<cbm>0</cbm>
		<amc>0.0</amc>
		<cc>
			<method name="public abstract long timeout()">1</method>
			<method name="public abstract Class expected()">1</method>
		</cc>
	</class>
	<class>
		<name>junit.framework.JUnit4TestCaseFacade</name>
		<wmc>5</wmc>
		<dit>1</dit>
		<noc>0</noc>
		<cbo>9</cbo>
		<rfc>8</rfc>
		<lcom>8</lcom>
		<ca>1</ca>
		<ce>8</ce>
		<npm>4</npm>
		<lcom3>0.5</lcom3>
		<loc>26</loc>
		<dam>1.0</dam>
		<moa>1</moa>
		<mfa>0.0</mfa>
		<cam>0.4666666666666667</cam>
		<ic>0</ic>
		<cbm>0</cbm>
		<amc>4.0</amc>
		<cc>
			<method name="public String toString()">1</method>
			<method name="public void run(junit.framework.TestResult result)">1</method>
			<method name="void _init_(org.junit.runner.Description description)">1</method>
			<method name="public org.junit.runner.Description getDescription()">1</method>
			<method name="public int countTestCases()">1</method>
		</cc>
	</class>
	<class>
		<name>org.junit.internal.requests.FilterRequest</name>
		<wmc>2</wmc>
		<dit>0</dit>
		<noc>0</noc>
		<cbo>11</cbo>
		<rfc>10</rfc>
		<lcom>0</lcom>
		<ca>1</ca>
		<ce>11</ce>
		<npm>2</npm>
		<lcom3>0.0</lcom3>
		<loc>48</loc>
		<dam>1.0</dam>
		<moa>2</moa>
		<mfa>0.0</mfa>
		<cam>0.6666666666666666</cam>
		<ic>0</ic>
		<cbm>0</cbm>
		<amc>22.0</amc>
		<cc>
			<method name="public void _init_(org.junit.runner.Request classRequest, org.junit.runner.manipulation.Filter filter)">1</method>
			<method name="public org.junit.runner.Runner getRunner()">1</method>
		</cc>
	</class>
	<class>
		<name>org.junit.experimental.theories.internal.AllMembersSupplier$MethodParameterValue</name>
		<wmc>4</wmc>
		<dit>0</dit>
		<noc>0</noc>
		<cbo>12</cbo>
		<rfc>9</rfc>
		<lcom>0</lcom>
		<ca>1</ca>
		<ce>11</ce>
		<npm>2</npm>
		<lcom3>0.0</lcom3>
		<loc>43</loc>
		<dam>1.0</dam>
		<moa>1</moa>
		<mfa>0.0</mfa>
		<cam>0.5833333333333334</cam>
		<ic>0</ic>
		<cbm>0</cbm>
		<amc>9.5</amc>
		<cc>
			<method name="public String getDescription()">1</method>
			<method name="void _init_(org.junit.runners.model.FrameworkMethod x0, org.junit.experimental.theories.internal.AllMembersSupplier$1 x1)">1</method>
			<method name="public Object getValue()">1</method>
			<method name="private void _init_(org.junit.runners.model.FrameworkMethod dataPointMethod)">1</method>
		</cc>
	</class>
	<class>
		<name>org.junit.experimental.categories.Categories$ExcludeCategory</name>
		<wmc>1</wmc>
		<dit>1</dit>
		<noc>0</noc>
		<cbo>4</cbo>
		<rfc>1</rfc>
		<lcom>0</lcom>
		<ca>1</ca>
		<ce>3</ce>
		<npm>1</npm>
		<lcom3>2.0</lcom3>
		<loc>1</loc>
		<dam>0.0</dam>
		<moa>0</moa>
		<mfa>0.0</mfa>
		<cam>1.0</cam>
		<ic>0</ic>
		<cbm>0</cbm>
		<amc>0.0</amc>
		<cc>
			<method name="public abstract Class value()">1</method>
		</cc>
	</class>
	<class>
		<name>org.junit.ComparisonFailure</name>
		<wmc>4</wmc>
		<dit>4</dit>
		<noc>0</noc>
		<cbo>6</cbo>
		<rfc>8</rfc>
		<lcom>0</lcom>
		<ca>1</ca>
		<ce>5</ce>
		<npm>4</npm>
		<lcom3>0.8333333333333334</lcom3>
		<loc>36</loc>
		<dam>1.0</dam>
		<moa>0</moa>
		<mfa>0.875</mfa>
		<cam>0.625</cam>
		<ic>1</ic>
		<cbm>1</cbm>
		<amc>7.0</amc>
		<cc>
			<method name="public String getExpected()">1</method>
			<method name="public String getActual()">1</method>
			<method name="public String getMessage()">1</method>
			<method name="public void _init_(String message, String expected, String actual)">1</method>
		</cc>
	</class>
	<class>
		<name>org.junit.internal.runners.MethodRoadie$1$1</name>
		<wmc>2</wmc>
		<dit>1</dit>
		<noc>0</noc>
		<cbo>6</cbo>
		<rfc>4</rfc>
		<lcom>0</lcom>
		<ca>1</ca>
		<ce>6</ce>
		<npm>1</npm>
		<lcom3>0.0</lcom3>
		<loc>15</loc>
		<dam>0.0</dam>
		<moa>1</moa>
		<mfa>0.0</mfa>
		<cam>0.75</cam>
		<ic>0</ic>
		<cbm>0</cbm>
		<amc>6.0</amc>
		<cc>
			<method name="public Object call()">1</method>
			<method name="void _init_(org.junit.internal.runners.MethodRoadie$1)">1</method>
		</cc>
	</class>
	<class>
		<name>org.junit.runners.model.RunnerBuilder</name>
		<wmc>7</wmc>
		<dit>1</dit>
		<noc>8</noc>
		<cbo>26</cbo>
		<rfc>17</rfc>
		<lcom>15</lcom>
		<ca>14</ca>
		<ce>12</ce>
		<npm>4</npm>
		<lcom3>0.5</lcom3>
		<loc>104</loc>
		<dam>1.0</dam>
		<moa>0</moa>
		<mfa>0.0</mfa>
		<cam>0.6666666666666666</cam>
		<ic>0</ic>
		<cbm>0</cbm>
		<amc>13.714285714285714</amc>
		<cc>
			<method name="public org.junit.runner.Runner safeRunnerForClass(Class testClass)">1</method>
			<method name="Class addParent(Class parent)">1</method>
			<method name="void removeParent(Class klass)">1</method>
			<method name="private java.util.List runners(Class[] children)">3</method>
			<method name="public java.util.List runners(Class parent, Class[] children)">1</method>
			<method name="public abstract org.junit.runner.Runner runnerForClass(Class)">1</method>
			<method name="public void _init_()">1</method>
		</cc>
	</class>
	<class>
		<name>org.junit.runner.manipulation.Filterable</name>
		<wmc>1</wmc>
		<dit>1</dit>
		<noc>0</noc>
		<cbo>8</cbo>
		<rfc>1</rfc>
		<lcom>0</lcom>
		<ca>5</ca>
		<ce>4</ce>
		<npm>1</npm>
		<lcom3>2.0</lcom3>
		<loc>1</loc>
		<dam>0.0</dam>
		<moa>0</moa>
		<mfa>0.0</mfa>
		<cam>1.0</cam>
		<ic>0</ic>
		<cbm>0</cbm>
		<amc>0.0</amc>
		<cc>
			<method name="public abstract void filter(org.junit.runner.manipulation.Filter)">1</method>
		</cc>
	</class>
	<class>
		<name>org.junit.experimental.theories.Theories$TheoryAnchor$1$1</name>
		<wmc>2</wmc>
		<dit>0</dit>
		<noc>0</noc>
		<cbo>8</cbo>
		<rfc>9</rfc>
		<lcom>0</lcom>
		<ca>1</ca>
		<ce>8</ce>
		<npm>1</npm>
		<lcom3>0.0</lcom3>
		<loc>43</loc>
		<dam>0.0</dam>
		<moa>2</moa>
		<mfa>0.0</mfa>
		<cam>0.6666666666666666</cam>
		<ic>0</ic>
		<cbm>0</cbm>
		<amc>19.5</amc>
		<cc>
			<method name="void _init_(org.junit.experimental.theories.Theories$TheoryAnchor$1, org.junit.runners.model.Statement)">1</method>
			<method name="public void evaluate()">1</method>
		</cc>
	</class>
	<class>
		<name>org.junit.experimental.max.MaxHistory$1</name>
		<wmc>0</wmc>
		<dit>1</dit>
		<noc>0</noc>
		<cbo>4</cbo>
		<rfc>0</rfc>
		<lcom>0</lcom>
		<ca>3</ca>
		<ce>1</ce>
		<npm>0</npm>
		<lcom3>2.0</lcom3>
		<loc>0</loc>
		<dam>0.0</dam>
		<moa>0</moa>
		<mfa>0.0</mfa>
		<cam>0.0</cam>
		<ic>0</ic>
		<cbm>0</cbm>
		<amc>0.0</amc>
		<cc>
		</cc>
	</class>
	<class>
		<name>org.junit.runner.notification.RunNotifier$1</name>
		<wmc>2</wmc>
		<dit>0</dit>
		<noc>0</noc>
		<cbo>13</cbo>
		<rfc>4</rfc>
		<lcom>0</lcom>
		<ca>8</ca>
		<ce>7</ce>
		<npm>0</npm>
		<lcom3>0.5</lcom3>
		<loc>20</loc>
		<dam>0.0</dam>
		<moa>2</moa>
		<mfa>0.0</mfa>
		<cam>0.625</cam>
		<ic>0</ic>
		<cbm>0</cbm>
		<amc>8.0</amc>
		<cc>
			<method name="void _init_(org.junit.runner.notification.RunNotifier, org.junit.runner.Description)">1</method>
			<method name="protected void notifyListener(org.junit.runner.notification.RunListener each)">1</method>
		</cc>
	</class>
	<class>
		<name>org.junit.internal.runners.model.EachTestNotifier</name>
		<wmc>7</wmc>
		<dit>1</dit>
		<noc>0</noc>
		<cbo>12</cbo>
		<rfc>18</rfc>
		<lcom>0</lcom>
		<ca>2</ca>
		<ce>10</ce>
		<npm>6</npm>
		<lcom3>0.0</lcom3>
		<loc>80</loc>
		<dam>1.0</dam>
		<moa>2</moa>
		<mfa>0.0</mfa>
		<cam>0.2857142857142857</cam>
		<ic>0</ic>
		<cbm>0</cbm>
		<amc>10.142857142857142</amc>
		<cc>
			<method name="public void _init_(org.junit.runner.notification.RunNotifier notifier, org.junit.runner.Description description)">1</method>
			<method name="public void addFailedAssumption(org.junit.internal.AssumptionViolatedException e)">1</method>
			<method name="public void fireTestFinished()">1</method>
			<method name="public void fireTestStarted()">1</method>
			<method name="public void addFailure(Throwable targetException)">2</method>
			<method name="private void addMultipleFailureException(org.junit.internal.runners.model.MultipleFailureException mfe)">2</method>
			<method name="public void fireTestIgnored()">1</method>
		</cc>
	</class>
	<class>
		<name>org.junit.runner.notification.RunListener</name>
		<wmc>8</wmc>
		<dit>1</dit>
		<noc>4</noc>
		<cbo>24</cbo>
		<rfc>9</rfc>
		<lcom>28</lcom>
		<ca>19</ca>
		<ce>6</ce>
		<npm>8</npm>
		<lcom3>2.0</lcom3>
		<loc>18</loc>
		<dam>0.0</dam>
		<moa>0</moa>
		<mfa>0.0</mfa>
		<cam>0.46875</cam>
		<ic>0</ic>
		<cbm>0</cbm>
		<amc>1.25</amc>
		<cc>
			<method name="public void testFailure(org.junit.runner.notification.Failure failure)">1</method>
			<method name="public void testAssumptionFailure(org.junit.runner.notification.Failure failure)">1</method>
			<method name="public void testIgnored(org.junit.runner.Description description)">1</method>
			<method name="public void _init_()">1</method>
			<method name="public void testRunFinished(org.junit.runner.Result result)">1</method>
			<method name="public void testStarted(org.junit.runner.Description description)">1</method>
			<method name="public void testFinished(org.junit.runner.Description description)">1</method>
			<method name="public void testRunStarted(org.junit.runner.Description description)">1</method>
		</cc>
	</class>
	<class>
		<name>junit.framework.TestFailure</name>
		<wmc>7</wmc>
		<dit>1</dit>
		<noc>0</noc>
		<cbo>13</cbo>
		<rfc>20</rfc>
		<lcom>11</lcom>
		<ca>2</ca>
		<ce>11</ce>
		<npm>7</npm>
		<lcom3>0.4166666666666667</lcom3>
		<loc>74</loc>
		<dam>1.0</dam>
		<moa>1</moa>
		<mfa>0.0</mfa>
		<cam>0.42857142857142855</cam>
		<ic>0</ic>
		<cbm>0</cbm>
		<amc>9.285714285714286</amc>
		<cc>
			<method name="public void _init_(junit.framework.Test failedTest, Throwable thrownException)">1</method>
			<method name="public boolean isFailure()">1</method>
			<method name="public String toString()">1</method>
			<method name="public junit.framework.Test failedTest()">1</method>
			<method name="public Throwable thrownException()">1</method>
			<method name="public String trace()">1</method>
			<method name="public String exceptionMessage()">1</method>
		</cc>
	</class>
	<class>
		<name>org.junit.runner.Description</name>
		<wmc>24</wmc>
		<dit>1</dit>
		<noc>0</noc>
		<cbo>56</cbo>
		<rfc>48</rfc>
		<lcom>256</lcom>
		<ca>41</ca>
		<ce>15</ce>
		<npm>20</npm>
		<lcom3>0.7043478260869565</lcom3>
		<loc>276</loc>
		<dam>0.6</dam>
		<moa>2</moa>
		<mfa>0.0</mfa>
		<cam>0.2318840579710145</cam>
		<ic>1</ic>
		<cbm>1</cbm>
		<amc>10.291666666666666</amc>
		<cc>
			<method name="public static org.junit.runner.Description createSuiteDescription(Class testClass)">1</method>
			<method name="public boolean isSuite()">2</method>
			<method name="public Class getTestClass()">2</method>
			<method name="public int testCount()">3</method>
			<method name="public String getClassName()">2</method>
			<method name="public String getMethodName()">1</method>
			<method name="public static org.junit.runner.Description createTestDescription(Class clazz, String name)">1</method>
			<method name="public java.util.ArrayList getChildren()">1</method>
			<method name="private String parseMethod()">2</method>
			<method name="public java.lang.annotation.Annotation getAnnotation(Class annotationType)">3</method>
			<method name="public String toString()">1</method>
			<method name="public int hashCode()">1</method>
			<method name="public void addChild(org.junit.runner.Description description)">1</method>
			<method name="public boolean isTest()">1</method>
			<method name="private java.util.regex.Matcher methodStringMatcher()">1</method>
			<method name="public String getDisplayName()">1</method>
			<method name="public boolean equals(Object obj)">4</method>
			<method name="static void _clinit_()">1</method>
			<method name="public java.util.Collection getAnnotations()">1</method>
			<method name="public static transient org.junit.runner.Description createTestDescription(Class clazz, String name, java.lang.annotation.Annotation[] annotations)">1</method>
			<method name="private transient void _init_(String displayName, java.lang.annotation.Annotation[] annotations)">1</method>
			<method name="public boolean isEmpty()">1</method>
			<method name="public org.junit.runner.Description childlessCopy()">1</method>
			<method name="public static transient org.junit.runner.Description createSuiteDescription(String name, java.lang.annotation.Annotation[] annotations)">2</method>
		</cc>
	</class>
	<class>
		<name>org.junit.experimental.max.MaxCore$1$1</name>
		<wmc>1</wmc>
		<dit>0</dit>
		<noc>0</noc>
		<cbo>7</cbo>
		<rfc>2</rfc>
		<lcom>0</lcom>
		<ca>1</ca>
		<ce>7</ce>
		<npm>0</npm>
		<lcom3>2.0</lcom3>
		<loc>10</loc>
		<dam>0.0</dam>
		<moa>1</moa>
		<mfa>0.0</mfa>
		<cam>1.0</cam>
		<ic>0</ic>
		<cbm>0</cbm>
		<amc>8.0</amc>
		<cc>
			<method name="void _init_(org.junit.experimental.max.MaxCore$1, Class x0, java.util.List x1)">1</method>
		</cc>
	</class>
	<class>
		<name>org.junit.runner.notification.Failure</name>
		<wmc>7</wmc>
		<dit>1</dit>
		<noc>0</noc>
		<cbo>27</cbo>
		<rfc>20</rfc>
		<lcom>9</lcom>
		<ca>17</ca>
		<ce>10</ce>
		<npm>7</npm>
		<lcom3>0.4166666666666667</lcom3>
		<loc>74</loc>
		<dam>1.0</dam>
		<moa>1</moa>
		<mfa>0.0</mfa>
		<cam>0.42857142857142855</cam>
		<ic>0</ic>
		<cbm>0</cbm>
		<amc>9.285714285714286</amc>
		<cc>
			<method name="public String getTestHeader()">1</method>
			<method name="public String toString()">1</method>
			<method name="public org.junit.runner.Description getDescription()">1</method>
			<method name="public String getMessage()">1</method>
			<method name="public Throwable getException()">1</method>
			<method name="public void _init_(org.junit.runner.Description description, Throwable thrownException)">1</method>
			<method name="public String getTrace()">1</method>
		</cc>
	</class>
	<class>
		<name>org.junit.internal.runners.statements.FailOnTimeout</name>
		<wmc>5</wmc>
		<dit>0</dit>
		<noc>0</noc>
		<cbo>12</cbo>
		<rfc>14</rfc>
		<lcom>0</lcom>
		<ca>3</ca>
		<ce>10</ce>
		<npm>2</npm>
		<lcom3>0.625</lcom3>
		<loc>78</loc>
		<dam>1.0</dam>
		<moa>1</moa>
		<mfa>0.0</mfa>
		<cam>0.3</cam>
		<ic>0</ic>
		<cbm>0</cbm>
		<amc>13.8</amc>
		<cc>
			<method name="static org.junit.runners.model.Statement access$000(org.junit.internal.runners.statements.FailOnTimeout x0)">1</method>
			<method name="static boolean access$102(org.junit.internal.runners.statements.FailOnTimeout x0, boolean x1)">1</method>
			<method name="static Throwable access$202(org.junit.internal.runners.statements.FailOnTimeout x0, Throwable x1)">1</method>
			<method name="public void _init_(org.junit.runners.model.Statement next, long timeout)">1</method>
			<method name="public void evaluate()">1</method>
		</cc>
	</class>
	<class>
		<name>org.junit.internal.builders.AllDefaultPossibilitiesBuilder</name>
		<wmc>7</wmc>
		<dit>0</dit>
		<noc>0</noc>
		<cbo>18</cbo>
		<rfc>19</rfc>
		<lcom>19</lcom>
		<ca>3</ca>
		<ce>15</ce>
		<npm>2</npm>
		<lcom3>0.6666666666666666</lcom3>
		<loc>92</loc>
		<dam>1.0</dam>
		<moa>0</moa>
		<mfa>0.0</mfa>
		<cam>0.42857142857142855</cam>
		<ic>0</ic>
		<cbm>0</cbm>
		<amc>12.0</amc>
		<cc>
			<method name="public void _init_(boolean canUseSuiteMethod)">1</method>
			<method name="protected org.junit.internal.builders.JUnit3Builder junit3Builder()">1</method>
			<method name="protected org.junit.internal.builders.JUnit4Builder junit4Builder()">1</method>
			<method name="protected org.junit.internal.builders.IgnoredBuilder ignoredBuilder()">1</method>
			<method name="protected org.junit.runners.model.RunnerBuilder suiteMethodBuilder()">2</method>
			<method name="protected org.junit.internal.builders.AnnotatedBuilder annotatedBuilder()">1</method>
			<method name="public org.junit.runner.Runner runnerForClass(Class testClass)">1</method>
		</cc>
	</class>
	<class>
		<name>org.junit.runner.notification.RunNotifier$6</name>
		<wmc>2</wmc>
		<dit>0</dit>
		<noc>0</noc>
		<cbo>8</cbo>
		<rfc>4</rfc>
		<lcom>0</lcom>
		<ca>1</ca>
		<ce>8</ce>
		<npm>0</npm>
		<lcom3>0.5</lcom3>
		<loc>20</loc>
		<dam>0.0</dam>
		<moa>2</moa>
		<mfa>0.0</mfa>
		<cam>0.625</cam>
		<ic>0</ic>
		<cbm>0</cbm>
		<amc>8.0</amc>
		<cc>
			<method name="void _init_(org.junit.runner.notification.RunNotifier, org.junit.runner.Description)">1</method>
			<method name="protected void notifyListener(org.junit.runner.notification.RunListener each)">1</method>
		</cc>
	</class>
	<class>
		<name>org.junit.runner.notification.RunNotifier$7</name>
		<wmc>2</wmc>
		<dit>0</dit>
		<noc>0</noc>
		<cbo>8</cbo>
		<rfc>4</rfc>
		<lcom>0</lcom>
		<ca>1</ca>
		<ce>8</ce>
		<npm>0</npm>
		<lcom3>0.5</lcom3>
		<loc>20</loc>
		<dam>0.0</dam>
		<moa>2</moa>
		<mfa>0.0</mfa>
		<cam>0.625</cam>
		<ic>0</ic>
		<cbm>0</cbm>
		<amc>8.0</amc>
		<cc>
			<method name="void _init_(org.junit.runner.notification.RunNotifier, org.junit.runner.Description)">1</method>
			<method name="protected void notifyListener(org.junit.runner.notification.RunListener each)">1</method>
		</cc>
	</class>
	<class>
		<name>org.junit.runner.notification.RunNotifier$2</name>
		<wmc>2</wmc>
		<dit>0</dit>
		<noc>0</noc>
		<cbo>8</cbo>
		<rfc>4</rfc>
		<lcom>0</lcom>
		<ca>1</ca>
		<ce>8</ce>
		<npm>0</npm>
		<lcom3>0.5</lcom3>
		<loc>20</loc>
		<dam>0.0</dam>
		<moa>2</moa>
		<mfa>0.0</mfa>
		<cam>0.625</cam>
		<ic>0</ic>
		<cbm>0</cbm>
		<amc>8.0</amc>
		<cc>
			<method name="void _init_(org.junit.runner.notification.RunNotifier, org.junit.runner.Result)">1</method>
			<method name="protected void notifyListener(org.junit.runner.notification.RunListener each)">1</method>
		</cc>
	</class>
	<class>
		<name>org.junit.runner.notification.RunNotifier$3</name>
		<wmc>2</wmc>
		<dit>0</dit>
		<noc>0</noc>
		<cbo>8</cbo>
		<rfc>4</rfc>
		<lcom>0</lcom>
		<ca>1</ca>
		<ce>8</ce>
		<npm>0</npm>
		<lcom3>0.5</lcom3>
		<loc>20</loc>
		<dam>0.0</dam>
		<moa>2</moa>
		<mfa>0.0</mfa>
		<cam>0.625</cam>
		<ic>0</ic>
		<cbm>0</cbm>
		<amc>8.0</amc>
		<cc>
			<method name="void _init_(org.junit.runner.notification.RunNotifier, org.junit.runner.Description)">1</method>
			<method name="protected void notifyListener(org.junit.runner.notification.RunListener each)">1</method>
		</cc>
	</class>
	<class>
		<name>org.junit.runner.notification.RunNotifier$4</name>
		<wmc>2</wmc>
		<dit>0</dit>
		<noc>0</noc>
		<cbo>8</cbo>
		<rfc>4</rfc>
		<lcom>0</lcom>
		<ca>1</ca>
		<ce>8</ce>
		<npm>0</npm>
		<lcom3>0.5</lcom3>
		<loc>20</loc>
		<dam>0.0</dam>
		<moa>2</moa>
		<mfa>0.0</mfa>
		<cam>0.625</cam>
		<ic>0</ic>
		<cbm>0</cbm>
		<amc>8.0</amc>
		<cc>
			<method name="protected void notifyListener(org.junit.runner.notification.RunListener each)">1</method>
			<method name="void _init_(org.junit.runner.notification.RunNotifier, org.junit.runner.notification.Failure)">1</method>
		</cc>
	</class>
	<class>
		<name>org.junit.runner.notification.RunNotifier$5</name>
		<wmc>2</wmc>
		<dit>0</dit>
		<noc>0</noc>
		<cbo>8</cbo>
		<rfc>4</rfc>
		<lcom>0</lcom>
		<ca>1</ca>
		<ce>8</ce>
		<npm>0</npm>
		<lcom3>0.5</lcom3>
		<loc>20</loc>
		<dam>0.0</dam>
		<moa>2</moa>
		<mfa>0.0</mfa>
		<cam>0.625</cam>
		<ic>0</ic>
		<cbm>0</cbm>
		<amc>8.0</amc>
		<cc>
			<method name="protected void notifyListener(org.junit.runner.notification.RunListener each)">1</method>
			<method name="void _init_(org.junit.runner.notification.RunNotifier, org.junit.runner.notification.Failure)">1</method>
		</cc>
	</class>
	<class>
		<name>org.junit.runners.model.Statement</name>
		<wmc>2</wmc>
		<dit>1</dit>
		<noc>14</noc>
		<cbo>29</cbo>
		<rfc>3</rfc>
		<lcom>1</lcom>
		<ca>26</ca>
		<ce>3</ce>
		<npm>2</npm>
		<lcom3>2.0</lcom3>
		<loc>5</loc>
		<dam>0.0</dam>
		<moa>0</moa>
		<mfa>0.0</mfa>
		<cam>1.0</cam>
		<ic>0</ic>
		<cbm>0</cbm>
		<amc>1.5</amc>
		<cc>
			<method name="public void _init_()">1</method>
			<method name="public abstract void evaluate()">1</method>
		</cc>
	</class>
	<class>
		<name>org.junit.rules.Verifier$1</name>
		<wmc>2</wmc>
		<dit>0</dit>
		<noc>0</noc>
		<cbo>5</cbo>
		<rfc>5</rfc>
		<lcom>0</lcom>
		<ca>1</ca>
		<ce>5</ce>
		<npm>1</npm>
		<lcom3>0.0</lcom3>
		<loc>20</loc>
		<dam>0.0</dam>
		<moa>2</moa>
		<mfa>0.0</mfa>
		<cam>0.6666666666666666</cam>
		<ic>0</ic>
		<cbm>0</cbm>
		<amc>8.0</amc>
		<cc>
			<method name="void _init_(org.junit.rules.Verifier, org.junit.runners.model.Statement)">1</method>
			<method name="public void evaluate()">1</method>
		</cc>
	</class>
	<class>
		<name>junit.framework.Test</name>
		<wmc>2</wmc>
		<dit>1</dit>
		<noc>0</noc>
		<cbo>24</cbo>
		<rfc>2</rfc>
		<lcom>1</lcom>
		<ca>22</ca>
		<ce>3</ce>
		<npm>2</npm>
		<lcom3>2.0</lcom3>
		<loc>2</loc>
		<dam>0.0</dam>
		<moa>0</moa>
		<mfa>0.0</mfa>
		<cam>0.75</cam>
		<ic>0</ic>
		<cbm>0</cbm>
		<amc>0.0</amc>
		<cc>
			<method name="public abstract int countTestCases()">1</method>
			<method name="public abstract void run(junit.framework.TestResult)">1</method>
		</cc>
	</class>
	<class>
		<name>org.junit.matchers.JUnitMatchers</name>
		<wmc>9</wmc>
		<dit>1</dit>
		<noc>0</noc>
		<cbo>9</cbo>
		<rfc>17</rfc>
		<lcom>36</lcom>
		<ca>1</ca>
		<ce>8</ce>
		<npm>9</npm>
		<lcom3>2.0</lcom3>
		<loc>40</loc>
		<dam>0.0</dam>
		<moa>0</moa>
		<mfa>0.0</mfa>
		<cam>0.16666666666666666</cam>
		<ic>0</ic>
		<cbm>0</cbm>
		<amc>3.4444444444444446</amc>
		<cc>
			<method name="public static org.junit.internal.matchers.CombinableMatcher either(org.hamcrest.Matcher matcher)">1</method>
			<method name="public static transient org.hamcrest.Matcher hasItems(Object[] elements)">1</method>
			<method name="public static org.hamcrest.Matcher containsString(String substring)">1</method>
			<method name="public static org.hamcrest.Matcher everyItem(org.hamcrest.Matcher elementMatcher)">1</method>
			<method name="public static transient org.hamcrest.Matcher hasItems(org.hamcrest.Matcher[] elementMatchers)">1</method>
			<method name="public static org.junit.internal.matchers.CombinableMatcher both(org.hamcrest.Matcher matcher)">1</method>
			<method name="public void _init_()">1</method>
			<method name="public static org.hamcrest.Matcher hasItem(org.hamcrest.Matcher elementMatcher)">1</method>
			<method name="public static org.hamcrest.Matcher hasItem(Object element)">1</method>
		</cc>
	</class>
	<class>
		<name>org.junit.rules.ErrorCollector$1</name>
		<wmc>2</wmc>
		<dit>1</dit>
		<noc>0</noc>
		<cbo>7</cbo>
		<rfc>4</rfc>
		<lcom>0</lcom>
		<ca>1</ca>
		<ce>7</ce>
		<npm>1</npm>
		<lcom3>0.33333333333333326</lcom3>
		<loc>25</loc>
		<dam>0.0</dam>
		<moa>1</moa>
		<mfa>0.0</mfa>
		<cam>0.625</cam>
		<ic>0</ic>
		<cbm>0</cbm>
		<amc>10.0</amc>
		<cc>
			<method name="public Object call()">1</method>
			<method name="void _init_(org.junit.rules.ErrorCollector, Object, org.hamcrest.Matcher)">1</method>
		</cc>
	</class>
	<class>
		<name>junit.framework.JUnit4TestAdapter</name>
		<wmc>12</wmc>
		<dit>1</dit>
		<noc>0</noc>
		<cbo>21</cbo>
		<rfc>32</rfc>
		<lcom>26</lcom>
		<ca>1</ca>
		<ce>21</ce>
		<npm>10</npm>
		<lcom3>0.6060606060606061</lcom3>
		<loc>119</loc>
		<dam>1.0</dam>
		<moa>2</moa>
		<mfa>0.0</mfa>
		<cam>0.23809523809523808</cam>
		<ic>0</ic>
		<cbm>0</cbm>
		<amc>8.666666666666666</amc>
		<cc>
			<method name="public String toString()">1</method>
			<method name="public void run(junit.framework.TestResult result)">1</method>
			<method name="private org.junit.runner.Description removeIgnored(org.junit.runner.Description description)">3</method>
			<method name="public void sort(org.junit.runner.manipulation.Sorter sorter)">1</method>
			<method name="public Class getTestClass()">1</method>
			<method name="public void _init_(Class newTestClass)">1</method>
			<method name="public org.junit.runner.Description getDescription()">1</method>
			<method name="public void _init_(Class newTestClass, junit.framework.JUnit4TestAdapterCache cache)">1</method>
			<method name="public void filter(org.junit.runner.manipulation.Filter filter)">1</method>
			<method name="private boolean isIgnored(org.junit.runner.Description description)">2</method>
			<method name="public java.util.List getTests()">1</method>
			<method name="public int countTestCases()">1</method>
		</cc>
	</class>
	<class>
		<name>org.junit.experimental.categories.Categories$CategoryFilter</name>
		<wmc>8</wmc>
		<dit>0</dit>
		<noc>0</noc>
		<cbo>15</cbo>
		<rfc>27</rfc>
		<lcom>22</lcom>
		<ca>1</ca>
		<ce>14</ce>
		<npm>4</npm>
		<lcom3>0.5</lcom3>
		<loc>158</loc>
		<dam>1.0</dam>
		<moa>0</moa>
		<mfa>0.0</mfa>
		<cam>0.5833333333333334</cam>
		<ic>0</ic>
		<cbm>0</cbm>
		<amc>18.5</amc>
		<cc>
			<method name="public String describe()">1</method>
			<method name="private boolean hasCorrectCategoryAnnotation(org.junit.runner.Description description)">6</method>
			<method name="private Class[] directCategories(org.junit.runner.Description description)">2</method>
			<method name="public static org.junit.experimental.categories.Categories$CategoryFilter include(Class categoryType)">1</method>
			<method name="private java.util.List categories(org.junit.runner.Description description)">1</method>
			<method name="public boolean shouldRun(org.junit.runner.Description description)">3</method>
			<method name="public void _init_(Class includedCategory, Class excludedCategory)">1</method>
			<method name="private org.junit.runner.Description parentDescription(org.junit.runner.Description description)">1</method>
		</cc>
	</class>
	<class>
		<name>org.junit.internal.runners.TestClass</name>
		<wmc>12</wmc>
		<dit>1</dit>
		<noc>0</noc>
		<cbo>17</cbo>
		<rfc>29</rfc>
		<lcom>46</lcom>
		<ca>4</ca>
		<ce>13</ce>
		<npm>6</npm>
		<lcom3>0.36363636363636365</lcom3>
		<loc>194</loc>
		<dam>1.0</dam>
		<moa>0</moa>
		<mfa>0.0</mfa>
		<cam>0.3958333333333333</cam>
		<ic>0</ic>
		<cbm>0</cbm>
		<amc>15.083333333333334</amc>
		<cc>
			<method name="public java.util.List getTestMethods()">1</method>
			<method name="public java.util.List getAnnotatedMethods(Class annotationClass)">5</method>
			<method name="private boolean isShadowed(java.lang.reflect.Method method, java.util.List results)">2</method>
			<method name="private java.util.List getSuperClasses(Class testClass)">2</method>
			<method name="public Class getJavaClass()">1</method>
			<method name="java.util.List getBefores()">1</method>
			<method name="private boolean isShadowed(java.lang.reflect.Method current, java.lang.reflect.Method previous)">5</method>
			<method name="public void _init_(Class klass)">1</method>
			<method name="java.util.List getAfters()">1</method>
			<method name="public String getName()">1</method>
			<method name="public java.lang.reflect.Constructor getConstructor()">1</method>
			<method name="private boolean runsTopToBottom(Class annotation)">3</method>
		</cc>
	</class>
	<class>
		<name>org.junit.experimental.ParallelComputer</name>
		<wmc>6</wmc>
		<dit>0</dit>
		<noc>0</noc>
		<cbo>11</cbo>
		<rfc>11</rfc>
		<lcom>11</lcom>
		<ca>0</ca>
		<ce>11</ce>
		<npm>4</npm>
		<lcom3>0.4</lcom3>
		<loc>66</loc>
		<dam>1.0</dam>
		<moa>0</moa>
		<mfa>0.0</mfa>
		<cam>0.25</cam>
		<ic>0</ic>
		<cbm>0</cbm>
		<amc>9.666666666666666</amc>
		<cc>
			<method name="protected org.junit.runner.Runner getRunner(org.junit.runners.model.RunnerBuilder builder, Class testClass)">1</method>
			<method name="public void _init_(boolean classes, boolean methods)">1</method>
			<method name="public static org.junit.runner.Computer classes()">1</method>
			<method name="public org.junit.runner.Runner getSuite(org.junit.runners.model.RunnerBuilder builder, Class[] classes)">1</method>
			<method name="public static org.junit.runner.Computer methods()">1</method>
			<method name="private static org.junit.runner.Runner parallelize(org.junit.runner.Runner runner)">2</method>
		</cc>
	</class>
	<class>
		<name>org.junit.rules.ExternalResource$1</name>
		<wmc>2</wmc>
		<dit>0</dit>
		<noc>0</noc>
		<cbo>5</cbo>
		<rfc>6</rfc>
		<lcom>0</lcom>
		<ca>1</ca>
		<ce>5</ce>
		<npm>1</npm>
		<lcom3>0.0</lcom3>
		<loc>30</loc>
		<dam>0.0</dam>
		<moa>2</moa>
		<mfa>0.0</mfa>
		<cam>0.6666666666666666</cam>
		<ic>0</ic>
		<cbm>0</cbm>
		<amc>13.0</amc>
		<cc>
			<method name="void _init_(org.junit.rules.ExternalResource, org.junit.runners.model.Statement)">1</method>
			<method name="public void evaluate()">1</method>
		</cc>
	</class>
	<class>
		<name>org.junit.internal.runners.MethodValidator</name>
		<wmc>7</wmc>
		<dit>1</dit>
		<noc>0</noc>
		<cbo>17</cbo>
		<rfc>32</rfc>
		<lcom>0</lcom>
		<ca>1</ca>
		<ce>16</ce>
		<npm>6</npm>
		<lcom3>0.08333333333333333</lcom3>
		<loc>234</loc>
		<dam>1.0</dam>
		<moa>1</moa>
		<mfa>0.0</mfa>
		<cam>0.35714285714285715</cam>
		<ic>0</ic>
		<cbm>0</cbm>
		<amc>32.142857142857146</amc>
		<cc>
			<method name="private void validateTestMethods(Class annotation, boolean isStatic)">7</method>
			<method name="public void assertValid()">1</method>
			<method name="public void validateInstanceMethods()">2</method>
			<method name="public void _init_(org.junit.internal.runners.TestClass testClass)">1</method>
			<method name="public void validateStaticMethods()">1</method>
			<method name="public java.util.List validateMethodsForDefaultRunner()">1</method>
			<method name="public void validateNoArgConstructor()">1</method>
		</cc>
	</class>
	<class>
		<name>org.junit.experimental.theories.Theories$TheoryAnchor$1</name>
		<wmc>5</wmc>
		<dit>0</dit>
		<noc>0</noc>
		<cbo>14</cbo>
		<rfc>14</rfc>
		<lcom>4</lcom>
		<ca>2</ca>
		<ce>14</ce>
		<npm>2</npm>
		<lcom3>0.5</lcom3>
		<loc>47</loc>
		<dam>0.0</dam>
		<moa>2</moa>
		<mfa>0.0</mfa>
		<cam>0.34285714285714286</cam>
		<ic>0</ic>
		<cbm>0</cbm>
		<amc>8.0</amc>
		<cc>
			<method name="public org.junit.runners.model.Statement methodBlock(org.junit.runners.model.FrameworkMethod method)">1</method>
			<method name="public Object createTest()">1</method>
			<method name="protected org.junit.runners.model.Statement methodInvoker(org.junit.runners.model.FrameworkMethod method, Object test)">1</method>
			<method name="protected void collectInitializationErrors(java.util.List errors)">1</method>
			<method name="void _init_(org.junit.experimental.theories.Theories$TheoryAnchor, Class x0, org.junit.experimental.theories.internal.Assignments)">1</method>
		</cc>
	</class>
	<class>
		<name>org.junit.runner.Result$Listener</name>
		<wmc>8</wmc>
		<dit>0</dit>
		<noc>0</noc>
		<cbo>11</cbo>
		<rfc>18</rfc>
		<lcom>0</lcom>
		<ca>1</ca>
		<ce>11</ce>
		<npm>6</npm>
		<lcom3>0.14285714285714285</lcom3>
		<loc>57</loc>
		<dam>0.0</dam>
		<moa>1</moa>
		<mfa>0.0</mfa>
		<cam>0.425</cam>
		<ic>0</ic>
		<cbm>0</cbm>
		<amc>6.0</amc>
		<cc>
			<method name="public void testFailure(org.junit.runner.notification.Failure failure)">1</method>
			<method name="private void _init_(org.junit.runner.Result)">1</method>
			<method name="public void testAssumptionFailure(org.junit.runner.notification.Failure failure)">1</method>
			<method name="public void testIgnored(org.junit.runner.Description description)">1</method>
			<method name="void _init_(org.junit.runner.Result x0, org.junit.runner.Result$1 x1)">1</method>
			<method name="public void testRunFinished(org.junit.runner.Result result)">1</method>
			<method name="public void testFinished(org.junit.runner.Description description)">1</method>
			<method name="public void testRunStarted(org.junit.runner.Description description)">1</method>
		</cc>
	</class>
	<class>
		<name>org.junit.internal.ExactComparisonCriteria</name>
		<wmc>2</wmc>
		<dit>0</dit>
		<noc>0</noc>
		<cbo>4</cbo>
		<rfc>4</rfc>
		<lcom>1</lcom>
		<ca>1</ca>
		<ce>4</ce>
		<npm>1</npm>
		<lcom3>2.0</lcom3>
		<loc>9</loc>
		<dam>0.0</dam>
		<moa>0</moa>
		<mfa>0.0</mfa>
		<cam>0.75</cam>
		<ic>0</ic>
		<cbm>0</cbm>
		<amc>3.5</amc>
		<cc>
			<method name="public void _init_()">1</method>
			<method name="protected void assertElementsEqual(Object expected, Object actual)">1</method>
		</cc>
	</class>
	<class>
		<name>org.junit.Assume</name>
		<wmc>5</wmc>
		<dit>1</dit>
		<noc>0</noc>
		<cbo>10</cbo>
		<rfc>14</rfc>
		<lcom>10</lcom>
		<ca>0</ca>
		<ce>10</ce>
		<npm>5</npm>
		<lcom3>2.0</lcom3>
		<loc>36</loc>
		<dam>0.0</dam>
		<moa>0</moa>
		<mfa>0.0</mfa>
		<cam>0.2</cam>
		<ic>0</ic>
		<cbm>0</cbm>
		<amc>6.2</amc>
		<cc>
			<method name="public static void assumeNoException(Throwable t)">1</method>
			<method name="public static void assumeThat(Object actual, org.hamcrest.Matcher matcher)">2</method>
			<method name="public static transient void assumeNotNull(Object[] objects)">1</method>
			<method name="public void _init_()">1</method>
			<method name="public static void assumeTrue(boolean b)">1</method>
		</cc>
	</class>
	<class>
		<name>org.junit.experimental.theories.Theories$TheoryAnchor$2</name>
		<wmc>2</wmc>
		<dit>0</dit>
		<noc>0</noc>
		<cbo>8</cbo>
		<rfc>6</rfc>
		<lcom>0</lcom>
		<ca>1</ca>
		<ce>8</ce>
		<npm>1</npm>
		<lcom3>0.0</lcom3>
		<loc>38</loc>
		<dam>0.0</dam>
		<moa>3</moa>
		<mfa>0.0</mfa>
		<cam>0.6</cam>
		<ic>0</ic>
		<cbm>0</cbm>
		<amc>16.0</amc>
		<cc>
			<method name="void _init_(org.junit.experimental.theories.Theories$TheoryAnchor, org.junit.experimental.theories.internal.Assignments, org.junit.runners.model.FrameworkMethod, Object)">1</method>
			<method name="public void evaluate()">1</method>
		</cc>
	</class>
	<class>
		<name>org.junit.internal.matchers.Each$1</name>
		<wmc>3</wmc>
		<dit>0</dit>
		<noc>0</noc>
		<cbo>7</cbo>
		<rfc>7</rfc>
		<lcom>0</lcom>
		<ca>1</ca>
		<ce>6</ce>
		<npm>2</npm>
		<lcom3>0.5</lcom3>
		<loc>28</loc>
		<dam>0.0</dam>
		<moa>0</moa>
		<mfa>0.0</mfa>
		<cam>0.5</cam>
		<ic>0</ic>
		<cbm>0</cbm>
		<amc>7.666666666666667</amc>
		<cc>
			<method name="public boolean matches(Object item)">1</method>
			<method name="public void describeTo(org.hamcrest.Description description)">1</method>
			<method name="void _init_(org.hamcrest.Matcher, org.hamcrest.Matcher)">1</method>
		</cc>
	</class>
	<class>
		<name>org.junit.internal.JUnitSystem</name>
		<wmc>2</wmc>
		<dit>1</dit>
		<noc>0</noc>
		<cbo>6</cbo>
		<rfc>2</rfc>
		<lcom>1</lcom>
		<ca>3</ca>
		<ce>3</ce>
		<npm>2</npm>
		<lcom3>2.0</lcom3>
		<loc>2</loc>
		<dam>0.0</dam>
		<moa>0</moa>
		<mfa>0.0</mfa>
		<cam>0.75</cam>
		<ic>0</ic>
		<cbm>0</cbm>
		<amc>0.0</amc>
		<cc>
			<method name="public abstract void exit(int)">1</method>
			<method name="public abstract java.io.PrintStream out()">1</method>
		</cc>
	</class>
	<class>
		<name>org.junit.internal.runners.ClassRoadie</name>
		<wmc>6</wmc>
		<dit>1</dit>
		<noc>0</noc>
		<cbo>15</cbo>
		<rfc>18</rfc>
		<lcom>5</lcom>
		<ca>1</ca>
		<ce>14</ce>
		<npm>2</npm>
		<lcom3>0.45</lcom3>
		<loc>130</loc>
		<dam>1.0</dam>
		<moa>3</moa>
		<mfa>0.0</mfa>
		<cam>0.3055555555555556</cam>
		<ic>0</ic>
		<cbm>0</cbm>
		<amc>20.0</amc>
		<cc>
			<method name="public void runProtected()">1</method>
			<method name="public void _init_(org.junit.runner.notification.RunNotifier notifier, org.junit.internal.runners.TestClass testClass, org.junit.runner.Description description, Runnable runnable)">1</method>
			<method name="private void runBefores()">1</method>
			<method name="private void runAfters()">2</method>
			<method name="protected void addFailure(Throwable targetException)">1</method>
			<method name="protected void runUnprotected()">1</method>
		</cc>
	</class>
	<class>
		<name>org.junit.internal.builders.JUnit3Builder</name>
		<wmc>3</wmc>
		<dit>0</dit>
		<noc>0</noc>
		<cbo>8</cbo>
		<rfc>6</rfc>
		<lcom>3</lcom>
		<ca>1</ca>
		<ce>7</ce>
		<npm>2</npm>
		<lcom3>2.0</lcom3>
		<loc>21</loc>
		<dam>0.0</dam>
		<moa>0</moa>
		<mfa>0.0</mfa>
		<cam>0.8333333333333334</cam>
		<ic>0</ic>
		<cbm>0</cbm>
		<amc>6.0</amc>
		<cc>
			<method name="boolean isPre4Test(Class testClass)">1</method>
			<method name="public void _init_()">1</method>
			<method name="public org.junit.runner.Runner runnerForClass(Class testClass)">1</method>
		</cc>
	</class>
	<class>
		<name>org.junit.runners.model.FrameworkMethod</name>
		<wmc>14</wmc>
		<dit>0</dit>
		<noc>0</noc>
		<cbo>36</cbo>
		<rfc>39</rfc>
		<lcom>0</lcom>
		<ca>23</ca>
		<ce>14</ce>
		<npm>13</npm>
		<lcom3>0.07692307692307693</lcom3>
		<loc>259</loc>
		<dam>0.0</dam>
		<moa>0</moa>
		<mfa>0.0</mfa>
		<cam>0.20634920634920634</cam>
		<ic>0</ic>
		<cbm>0</cbm>
		<amc>17.428571428571427</amc>
		<cc>
			<method name="public void validatePublicVoid(boolean isStatic, java.util.List errors)">6</method>
			<method name="public void validatePublicVoidNoArg(boolean isStatic, java.util.List errors)">2</method>
			<method name="public boolean isShadowedBy(org.junit.runners.model.FrameworkMethod other)">5</method>
			<method name="public transient Object invokeExplosively(Object target, Object[] params)">1</method>
			<method name="public String getName()">1</method>
			<method name="public java.lang.reflect.Method getMethod()">1</method>
			<method name="private Class[] getParameterTypes()">1</method>
			<method name="public java.lang.annotation.Annotation getAnnotation(Class annotationType)">1</method>
			<method name="public java.lang.annotation.Annotation[] getAnnotations()">1</method>
			<method name="public void _init_(java.lang.reflect.Method method)">1</method>
			<method name="public int hashCode()">1</method>
			<method name="public boolean producesType(Class type)">3</method>
			<method name="public boolean equals(Object obj)">2</method>
			<method name="public volatile boolean isShadowedBy(org.junit.runners.model.FrameworkMember x0)">1</method>
		</cc>
	</class>
	<class>
		<name>org.junit.internal.builders.IgnoredBuilder</name>
		<wmc>2</wmc>
		<dit>0</dit>
		<noc>0</noc>
		<cbo>8</cbo>
		<rfc>5</rfc>
		<lcom>1</lcom>
		<ca>1</ca>
		<ce>7</ce>
		<npm>2</npm>
		<lcom3>2.0</lcom3>
		<loc>16</loc>
		<dam>0.0</dam>
		<moa>0</moa>
		<mfa>0.0</mfa>
		<cam>0.75</cam>
		<ic>0</ic>
		<cbm>0</cbm>
		<amc>7.0</amc>
		<cc>
			<method name="public void _init_()">1</method>
			<method name="public org.junit.runner.Runner runnerForClass(Class testClass)">2</method>
		</cc>
	</class>
	<class>
		<name>org.junit.internal.runners.statements.FailOnTimeout$1</name>
		<wmc>2</wmc>
		<dit>2</dit>
		<noc>0</noc>
		<cbo>6</cbo>
		<rfc>7</rfc>
		<lcom>0</lcom>
		<ca>1</ca>
		<ce>6</ce>
		<npm>1</npm>
		<lcom3>0.0</lcom3>
		<loc>26</loc>
		<dam>0.0</dam>
		<moa>1</moa>
		<mfa>0.9846153846153847</mfa>
		<cam>0.75</cam>
		<ic>0</ic>
		<cbm>0</cbm>
		<amc>11.5</amc>
		<cc>
			<method name="void _init_(org.junit.internal.runners.statements.FailOnTimeout)">1</method>
			<method name="public void run()">1</method>
		</cc>
	</class>
	<class>
		<name>org.junit.runners.JUnit4</name>
		<wmc>1</wmc>
		<dit>0</dit>
		<noc>0</noc>
		<cbo>5</cbo>
		<rfc>2</rfc>
		<lcom>0</lcom>
		<ca>0</ca>
		<ce>5</ce>
		<npm>1</npm>
		<lcom3>2.0</lcom3>
		<loc>5</loc>
		<dam>0.0</dam>
		<moa>0</moa>
		<mfa>0.0</mfa>
		<cam>1.0</cam>
		<ic>0</ic>
		<cbm>0</cbm>
		<amc>4.0</amc>
		<cc>
			<method name="public void _init_(Class klass)">1</method>
		</cc>
	</class>
	<class>
		<name>org.junit.internal.runners.JUnit4ClassRunner$1</name>
		<wmc>2</wmc>
		<dit>1</dit>
		<noc>0</noc>
		<cbo>5</cbo>
		<rfc>4</rfc>
		<lcom>0</lcom>
		<ca>1</ca>
		<ce>5</ce>
		<npm>1</npm>
		<lcom3>0.0</lcom3>
		<loc>19</loc>
		<dam>0.0</dam>
		<moa>2</moa>
		<mfa>0.0</mfa>
		<cam>0.6666666666666666</cam>
		<ic>0</ic>
		<cbm>0</cbm>
		<amc>7.5</amc>
		<cc>
			<method name="void _init_(org.junit.internal.runners.JUnit4ClassRunner, org.junit.runner.notification.RunNotifier)">1</method>
			<method name="public void run()">1</method>
		</cc>
	</class>
	<class>
		<name>org.junit.internal.runners.JUnit4ClassRunner$2</name>
		<wmc>3</wmc>
		<dit>1</dit>
		<noc>0</noc>
		<cbo>7</cbo>
		<rfc>6</rfc>
		<lcom>1</lcom>
		<ca>1</ca>
		<ce>7</ce>
		<npm>2</npm>
		<lcom3>0.0</lcom3>
		<loc>33</loc>
		<dam>0.0</dam>
		<moa>2</moa>
		<mfa>0.0</mfa>
		<cam>0.4666666666666667</cam>
		<ic>0</ic>
		<cbm>0</cbm>
		<amc>9.333333333333334</amc>
		<cc>
			<method name="void _init_(org.junit.internal.runners.JUnit4ClassRunner, org.junit.runner.manipulation.Sorter)">1</method>
			<method name="public volatile int compare(Object x0, Object x1)">1</method>
			<method name="public int compare(java.lang.reflect.Method o1, java.lang.reflect.Method o2)">1</method>
		</cc>
	</class>
	<class>
		<name>org.junit.Ignore</name>
		<wmc>1</wmc>
		<dit>1</dit>
		<noc>0</noc>
		<cbo>3</cbo>
		<rfc>1</rfc>
		<lcom>0</lcom>
		<ca>0</ca>
		<ce>3</ce>
		<npm>1</npm>
		<lcom3>2.0</lcom3>
		<loc>1</loc>
		<dam>0.0</dam>
		<moa>0</moa>
		<mfa>0.0</mfa>
		<cam>1.0</cam>
		<ic>0</ic>
		<cbm>0</cbm>
		<amc>0.0</amc>
		<cc>
			<method name="public abstract String value()">1</method>
		</cc>
	</class>
	<class>
		<name>junit.framework.Assert</name>
		<wmc>39</wmc>
		<dit>1</dit>
		<noc>2</noc>
		<cbo>18</cbo>
		<rfc>61</rfc>
		<lcom>741</lcom>
		<ca>3</ca>
		<ce>15</ce>
		<npm>38</npm>
		<lcom3>2.0</lcom3>
		<loc>416</loc>
		<dam>0.0</dam>
		<moa>0</moa>
		<mfa>0.0</mfa>
		<cam>0.13053613053613053</cam>
		<ic>0</ic>
		<cbm>0</cbm>
		<amc>9.666666666666666</amc>
		<cc>
			<method name="public static void assertFalse(String message, boolean condition)">2</method>
			<method name="public static void assertEquals(long expected, long actual)">1</method>
			<method name="public static void assertEquals(String message, boolean expected, boolean actual)">1</method>
			<method name="public static void assertNotNull(Object object)">1</method>
			<method name="public static void assertTrue(boolean condition)">1</method>
			<method name="public static void assertEquals(String message, byte expected, byte actual)">1</method>
			<method name="public static void assertEquals(String message, Object expected, Object actual)">5</method>
			<method name="public static void assertEquals(boolean expected, boolean actual)">1</method>
			<method name="protected void _init_()">1</method>
			<method name="public static void fail(String message)">1</method>
			<method name="public static void assertEquals(int expected, int actual)">1</method>
			<method name="public static String format(String message, Object expected, Object actual)">2</method>
			<method name="public static void assertNotSame(Object expected, Object actual)">1</method>
			<method name="public static void assertNotNull(String message, Object object)">2</method>
			<method name="public static void assertFalse(boolean condition)">1</method>
			<method name="public static void assertNull(Object object)">1</method>
			<method name="public static void assertEquals(short expected, short actual)">1</method>
			<method name="public static void fail()">1</method>
			<method name="public static void assertSame(Object expected, Object actual)">1</method>
			<method name="public static void failNotSame(String message, Object expected, Object actual)">2</method>
			<method name="public static void assertEquals(Object expected, Object actual)">1</method>
			<method name="public static void assertEquals(byte expected, byte actual)">1</method>
			<method name="public static void assertEquals(float expected, float actual, float delta)">1</method>
			<method name="public static void assertEquals(String message, long expected, long actual)">1</method>
			<method name="public static void assertEquals(String message, short expected, short actual)">1</method>
			<method name="public static void assertTrue(String message, boolean condition)">2</method>
			<method name="public static void failNotEquals(String message, Object expected, Object actual)">1</method>
			<method name="public static void assertEquals(String message, String expected, String actual)">5</method>
			<method name="public static void assertSame(String message, Object expected, Object actual)">2</method>
			<method name="public static void assertEquals(char expected, char actual)">1</method>
			<method name="public static void assertNull(String message, Object object)">2</method>
			<method name="public static void assertEquals(String expected, String actual)">1</method>
			<method name="public static void assertEquals(String message, float expected, float actual, float delta)">3</method>
			<method name="public static void failSame(String message)">2</method>
			<method name="public static void assertNotSame(String message, Object expected, Object actual)">2</method>
			<method name="public static void assertEquals(double expected, double actual, double delta)">1</method>
			<method name="public static void assertEquals(String message, char expected, char actual)">1</method>
			<method name="public static void assertEquals(String message, double expected, double actual, double delta)">3</method>
			<method name="public static void assertEquals(String message, int expected, int actual)">1</method>
		</cc>
	</class>
	<class>
		<name>junit.extensions.TestDecorator</name>
		<wmc>6</wmc>
		<dit>0</dit>
		<noc>2</noc>
		<cbo>9</cbo>
		<rfc>10</rfc>
		<lcom>0</lcom>
		<ca>3</ca>
		<ce>6</ce>
		<npm>6</npm>
		<lcom3>0.0</lcom3>
		<loc>33</loc>
		<dam>1.0</dam>
		<moa>1</moa>
		<mfa>0.0</mfa>
		<cam>0.5</cam>
		<ic>0</ic>
		<cbm>0</cbm>
		<amc>4.333333333333333</amc>
		<cc>
			<method name="public String toString()">1</method>
			<method name="public void basicRun(junit.framework.TestResult result)">1</method>
			<method name="public void run(junit.framework.TestResult result)">1</method>
			<method name="public junit.framework.Test getTest()">1</method>
			<method name="public void _init_(junit.framework.Test test)">1</method>
			<method name="public int countTestCases()">1</method>
		</cc>
	</class>
	<class>
		<name>org.junit.experimental.theories.ParametersSuppliedBy</name>
		<wmc>1</wmc>
		<dit>1</dit>
		<noc>0</noc>
		<cbo>4</cbo>
		<rfc>1</rfc>
		<lcom>0</lcom>
		<ca>1</ca>
		<ce>3</ce>
		<npm>1</npm>
		<lcom3>2.0</lcom3>
		<loc>1</loc>
		<dam>0.0</dam>
		<moa>0</moa>
		<mfa>0.0</mfa>
		<cam>1.0</cam>
		<ic>0</ic>
		<cbm>0</cbm>
		<amc>0.0</amc>
		<cc>
			<method name="public abstract Class value()">1</method>
		</cc>
	</class>
	<class>
		<name>org.junit.internal.matchers.StringContains</name>
		<wmc>4</wmc>
		<dit>0</dit>
		<noc>0</noc>
		<cbo>6</cbo>
		<rfc>6</rfc>
		<lcom>6</lcom>
		<ca>1</ca>
		<ce>5</ce>
		<npm>2</npm>
		<lcom3>2.0</lcom3>
		<loc>24</loc>
		<dam>0.0</dam>
		<moa>0</moa>
		<mfa>0.0</mfa>
		<cam>0.75</cam>
		<ic>0</ic>
		<cbm>0</cbm>
		<amc>5.0</amc>
		<cc>
			<method name="protected boolean evalSubstringOf(String s)">2</method>
			<method name="protected String relationship()">1</method>
			<method name="public static org.hamcrest.Matcher containsString(String substring)">1</method>
			<method name="public void _init_(String substring)">1</method>
		</cc>
	</class>
	<class>
		<name>org.junit.runner.Result</name>
		<wmc>14</wmc>
		<dit>1</dit>
		<noc>0</noc>
		<cbo>17</cbo>
		<rfc>21</rfc>
		<lcom>59</lcom>
		<ca>10</ca>
		<ce>9</ce>
		<npm>8</npm>
		<lcom3>0.8307692307692308</lcom3>
		<loc>97</loc>
		<dam>1.0</dam>
		<moa>0</moa>
		<mfa>0.0</mfa>
		<cam>0.38095238095238093</cam>
		<ic>0</ic>
		<cbm>0</cbm>
		<amc>5.571428571428571</amc>
		<cc>
			<method name="public long getRunTime()">1</method>
			<method name="static long access$002(org.junit.runner.Result x0, long x1)">1</method>
			<method name="public int getFailureCount()">1</method>
			<method name="static long access$114(org.junit.runner.Result x0, long x1)">1</method>
			<method name="static java.util.List access$300(org.junit.runner.Result x0)">1</method>
			<method name="static java.util.concurrent.atomic.AtomicInteger access$400(org.junit.runner.Result x0)">1</method>
			<method name="static long access$000(org.junit.runner.Result x0)">1</method>
			<method name="public int getRunCount()">1</method>
			<method name="public int getIgnoreCount()">1</method>
			<method name="public boolean wasSuccessful()">2</method>
			<method name="public java.util.List getFailures()">1</method>
			<method name="public org.junit.runner.notification.RunListener createListener()">1</method>
			<method name="static java.util.concurrent.atomic.AtomicInteger access$200(org.junit.runner.Result x0)">1</method>
			<method name="public void _init_()">1</method>
		</cc>
	</class>
	<class>
		<name>org.junit.runner.JUnitCore</name>
		<wmc>15</wmc>
		<dit>1</dit>
		<noc>0</noc>
		<cbo>28</cbo>
		<rfc>50</rfc>
		<lcom>93</lcom>
		<ca>3</ca>
		<ce>26</ce>
		<npm>14</npm>
		<lcom3>0.35714285714285715</lcom3>
		<loc>238</loc>
		<dam>1.0</dam>
		<moa>1</moa>
		<mfa>0.0</mfa>
		<cam>0.1925925925925926</cam>
		<ic>0</ic>
		<cbm>0</cbm>
		<amc>14.8</amc>
		<cc>
			<method name="public org.junit.runner.Result run(org.junit.runner.Request request)">1</method>
			<method name="public void addListener(org.junit.runner.notification.RunListener listener)">1</method>
			<method name="public static transient void main(String[] args)">1</method>
			<method name="static org.junit.runner.Computer defaultComputer()">1</method>
			<method name="public static transient void runMainAndExit(org.junit.internal.JUnitSystem system, String[] args)">2</method>
			<method name="public void removeListener(org.junit.runner.notification.RunListener listener)">1</method>
			<method name="public static transient org.junit.runner.Result runClasses(Class[] classes)">1</method>
			<method name="public transient org.junit.runner.Result run(org.junit.runner.Computer computer, Class[] classes)">1</method>
			<method name="public org.junit.runner.Result run(junit.framework.Test test)">1</method>
			<method name="public transient org.junit.runner.Result run(Class[] classes)">1</method>
			<method name="public String getVersion()">1</method>
			<method name="public transient org.junit.runner.Result runMain(org.junit.internal.JUnitSystem system, String[] args)">3</method>
			<method name="public org.junit.runner.Result run(org.junit.runner.Runner runner)">1</method>
			<method name="public void _init_()">1</method>
			<method name="public static transient org.junit.runner.Result runClasses(org.junit.runner.Computer computer, Class[] classes)">1</method>
		</cc>
	</class>
	<class>
		<name>org.junit.experimental.theories.Theories$TheoryAnchor</name>
		<wmc>13</wmc>
		<dit>0</dit>
		<noc>0</noc>
		<cbo>28</cbo>
		<rfc>38</rfc>
		<lcom>48</lcom>
		<ca>4</ca>
		<ce>26</ce>
		<npm>2</npm>
		<lcom3>0.7083333333333334</lcom3>
		<loc>159</loc>
		<dam>1.0</dam>
		<moa>2</moa>
		<mfa>0.0</mfa>
		<cam>0.23076923076923078</cam>
		<ic>0</ic>
		<cbm>0</cbm>
		<amc>10.923076923076923</amc>
		<cc>
			<method name="protected void handleAssumptionViolation(org.junit.internal.AssumptionViolatedException e)">1</method>
			<method name="private boolean nullsOk()">2</method>
			<method name="protected transient void reportParameterizedError(Throwable e, Object[] params)">1</method>
			<method name="static org.junit.runners.model.Statement access$100(org.junit.experimental.theories.Theories$TheoryAnchor x0, org.junit.runners.model.FrameworkMethod x1, org.junit.experimental.theories.internal.Assignments x2, Object x3)">1</method>
			<method name="private org.junit.runners.model.Statement methodCompletesWithParameters(org.junit.runners.model.FrameworkMethod method, org.junit.experimental.theories.internal.Assignments complete, Object freshInstance)">1</method>
			<method name="protected void runWithIncompleteAssignment(org.junit.experimental.theories.internal.Assignments incomplete)">1</method>
			<method name="static boolean access$000(org.junit.experimental.theories.Theories$TheoryAnchor x0)">1</method>
			<method name="public void _init_(org.junit.runners.model.FrameworkMethod method, org.junit.runners.model.TestClass testClass)">1</method>
			<method name="private org.junit.runners.model.TestClass getTestClass()">1</method>
			<method name="protected void handleDataPointSuccess()">1</method>
			<method name="public void evaluate()">1</method>
			<method name="protected void runWithCompleteAssignment(org.junit.experimental.theories.internal.Assignments complete)">1</method>
			<method name="protected void runWithAssignment(org.junit.experimental.theories.internal.Assignments parameterAssignment)">1</method>
		</cc>
	</class>
	<class>
		<name>junit.extensions.TestSetup$1</name>
		<wmc>2</wmc>
		<dit>1</dit>
		<noc>0</noc>
		<cbo>6</cbo>
		<rfc>6</rfc>
		<lcom>0</lcom>
		<ca>1</ca>
		<ce>6</ce>
		<npm>1</npm>
		<lcom3>0.0</lcom3>
		<loc>25</loc>
		<dam>0.0</dam>
		<moa>2</moa>
		<mfa>0.0</mfa>
		<cam>0.6666666666666666</cam>
		<ic>0</ic>
		<cbm>0</cbm>
		<amc>10.5</amc>
		<cc>
			<method name="void _init_(junit.extensions.TestSetup, junit.framework.TestResult)">1</method>
			<method name="public void protect()">1</method>
		</cc>
	</class>
	<class>
		<name>junit.textui.TestRunner</name>
		<wmc>18</wmc>
		<dit>0</dit>
		<noc>0</noc>
		<cbo>17</cbo>
		<rfc>47</rfc>
		<lcom>141</lcom>
		<ca>0</ca>
		<ce>17</ce>
		<npm>14</npm>
		<lcom3>0.9264705882352942</lcom3>
		<loc>293</loc>
		<dam>0.25</dam>
		<moa>1</moa>
		<mfa>0.0</mfa>
		<cam>0.18888888888888888</cam>
		<ic>0</ic>
		<cbm>0</cbm>
		<amc>15.055555555555555</amc>
		<cc>
			<method name="public void testEnded(String testName)">1</method>
			<method name="public void setPrinter(junit.textui.ResultPrinter printer)">1</method>
			<method name="public static void main(String[] args)">2</method>
			<method name="public static void run(Class testClass)">1</method>
			<method name="public junit.framework.TestResult doRun(junit.framework.Test test)">1</method>
			<method name="protected void runFailed(String message)">1</method>
			<method name="public void _init_(java.io.PrintStream writer)">1</method>
			<method name="public void testFailed(int status, junit.framework.Test test, Throwable t)">1</method>
			<method name="protected junit.framework.TestResult createTestResult()">1</method>
			<method name="public junit.framework.TestResult start(String[] args)">1</method>
			<method name="public static junit.framework.TestResult run(junit.framework.Test test)">1</method>
			<method name="public static void runAndWait(junit.framework.Test suite)">1</method>
			<method name="public junit.framework.TestResult doRun(junit.framework.Test suite, boolean wait)">1</method>
			<method name="protected junit.framework.TestResult runSingleMethod(String testCase, String method, boolean wait)">1</method>
			<method name="public void _init_(junit.textui.ResultPrinter printer)">1</method>
			<method name="public void _init_()">1</method>
			<method name="protected void pause(boolean wait)">2</method>
			<method name="public void testStarted(String testName)">1</method>
		</cc>
	</class>
	<class>
		<name>org.junit.internal.InexactComparisonCriteria</name>
		<wmc>2</wmc>
		<dit>0</dit>
		<noc>0</noc>
		<cbo>6</cbo>
		<rfc>6</rfc>
		<lcom>0</lcom>
		<ca>1</ca>
		<ce>6</ce>
		<npm>1</npm>
		<lcom3>0.0</lcom3>
		<loc>34</loc>
		<dam>0.0</dam>
		<moa>0</moa>
		<mfa>0.0</mfa>
		<cam>0.6666666666666666</cam>
		<ic>0</ic>
		<cbm>0</cbm>
		<amc>15.5</amc>
		<cc>
			<method name="public void _init_(double delta)">1</method>
			<method name="protected void assertElementsEqual(Object expected, Object actual)">2</method>
		</cc>
	</class>
	<class>
		<name>org.junit.runners.model.RunnerScheduler</name>
		<wmc>2</wmc>
		<dit>1</dit>
		<noc>0</noc>
		<cbo>7</cbo>
		<rfc>2</rfc>
		<lcom>1</lcom>
		<ca>4</ca>
		<ce>3</ce>
		<npm>2</npm>
		<lcom3>2.0</lcom3>
		<loc>2</loc>
		<dam>0.0</dam>
		<moa>0</moa>
		<mfa>0.0</mfa>
		<cam>0.75</cam>
		<ic>0</ic>
		<cbm>0</cbm>
		<amc>0.0</amc>
		<cc>
			<method name="public abstract void schedule(Runnable)">1</method>
			<method name="public abstract void finished()">1</method>
		</cc>
	</class>
	<class>
		<name>org.junit.internal.AssumptionViolatedException</name>
		<wmc>4</wmc>
		<dit>4</dit>
		<noc>0</noc>
		<cbo>18</cbo>
		<rfc>13</rfc>
		<lcom>4</lcom>
		<ca>8</ca>
		<ce>10</ce>
		<npm>4</npm>
		<lcom3>0.6666666666666666</lcom3>
		<loc>66</loc>
		<dam>1.0</dam>
		<moa>0</moa>
		<mfa>0.9130434782608695</mfa>
		<cam>0.4</cam>
		<ic>1</ic>
		<cbm>1</cbm>
		<amc>14.75</amc>
		<cc>
			<method name="public void _init_(Object value, org.hamcrest.Matcher matcher)">2</method>
			<method name="public void _init_(String assumption)">1</method>
			<method name="public void describeTo(org.hamcrest.Description description)">2</method>
			<method name="public String getMessage()">1</method>
		</cc>
	</class>
	<class>
		<name>org.junit.experimental.theories.ParameterSupplier</name>
		<wmc>2</wmc>
		<dit>1</dit>
		<noc>2</noc>
		<cbo>7</cbo>
		<rfc>3</rfc>
		<lcom>1</lcom>
		<ca>3</ca>
		<ce>4</ce>
		<npm>2</npm>
		<lcom3>2.0</lcom3>
		<loc>5</loc>
		<dam>0.0</dam>
		<moa>0</moa>
		<mfa>0.0</mfa>
		<cam>0.75</cam>
		<ic>0</ic>
		<cbm>0</cbm>
		<amc>1.5</amc>
		<cc>
			<method name="public void _init_()">1</method>
			<method name="public abstract java.util.List getValueSources(org.junit.experimental.theories.ParameterSignature)">1</method>
		</cc>
	</class>
	<class>
		<name>org.junit.internal.matchers.Each</name>
		<wmc>2</wmc>
		<dit>1</dit>
		<noc>0</noc>
		<cbo>8</cbo>
		<rfc>6</rfc>
		<lcom>1</lcom>
		<ca>2</ca>
		<ce>6</ce>
		<npm>2</npm>
		<lcom3>2.0</lcom3>
		<loc>16</loc>
		<dam>0.0</dam>
		<moa>0</moa>
		<mfa>0.0</mfa>
		<cam>0.5</cam>
		<ic>0</ic>
		<cbm>0</cbm>
		<amc>7.0</amc>
		<cc>
			<method name="public static org.hamcrest.Matcher each(org.hamcrest.Matcher individual)">1</method>
			<method name="public void _init_()">1</method>
		</cc>
	</class>
	<class>
		<name>org.junit.experimental.max.MaxCore</name>
		<wmc>13</wmc>
		<dit>1</dit>
		<noc>0</noc>
		<cbo>28</cbo>
		<rfc>51</rfc>
		<lcom>72</lcom>
		<ca>1</ca>
		<ce>28</ce>
		<npm>7</npm>
		<lcom3>0.8333333333333334</lcom3>
		<loc>233</loc>
		<dam>1.0</dam>
		<moa>1</moa>
		<mfa>0.0</mfa>
		<cam>0.25</cam>
		<ic>0</ic>
		<cbm>0</cbm>
		<amc>16.76923076923077</amc>
		<cc>
			<method name="private java.util.List findLeaves(org.junit.runner.Request request)">1</method>
			<method name="public static org.junit.experimental.max.MaxCore storedLocally(java.io.File storedResults)">1</method>
			<method name="public org.junit.runner.Result run(org.junit.runner.Request request)">1</method>
			<method name="private org.junit.runner.Request constructLeafRequest(java.util.List leaves)">2</method>
			<method name="private void _init_(java.io.File storedResults)">1</method>
			<method name="public java.util.List sortedLeavesForTest(org.junit.runner.Request request)">1</method>
			<method name="private org.junit.runner.Runner buildRunner(org.junit.runner.Description each)">5</method>
			<method name="public org.junit.runner.Result run(org.junit.runner.Request request, org.junit.runner.JUnitCore core)">1</method>
			<method name="public static org.junit.experimental.max.MaxCore forFolder(String folderName)">1</method>
			<method name="private Class getMalformedTestClass(org.junit.runner.Description each)">1</method>
			<method name="public org.junit.runner.Request sortRequest(org.junit.runner.Request request)">2</method>
			<method name="private void findLeaves(org.junit.runner.Description parent, org.junit.runner.Description description, java.util.List results)">4</method>
			<method name="public org.junit.runner.Result run(Class testClass)">1</method>
		</cc>
	</class>
	<class>
		<name>org.junit.runners.BlockJUnit4ClassRunner</name>
		<wmc>31</wmc>
		<dit>0</dit>
		<noc>4</noc>
		<cbo>37</cbo>
		<rfc>81</rfc>
		<lcom>465</lcom>
		<ca>6</ca>
		<ce>32</ce>
		<npm>1</npm>
		<lcom3>2.0</lcom3>
		<loc>472</loc>
		<dam>0.0</dam>
		<moa>0</moa>
		<mfa>0.0</mfa>
		<cam>0.23870967741935484</cam>
		<ic>0</ic>
		<cbm>0</cbm>
		<amc>14.225806451612904</amc>
		<cc>
			<method name="protected java.util.List computeTestMethods()">1</method>
			<method name="protected org.junit.runners.model.Statement withAfters(org.junit.runners.model.FrameworkMethod method, Object target, org.junit.runners.model.Statement statement)">2</method>
			<method name="private void validateRuleField(java.lang.reflect.Field field, java.util.List errors)">3</method>
			<method name="private void validateFields(java.util.List errors)">2</method>
			<method name="protected void validateTestMethods(java.util.List errors)">1</method>
			<method name="private org.junit.internal.runners.model.EachTestNotifier makeNotifier(org.junit.runners.model.FrameworkMethod method, org.junit.runner.notification.RunNotifier notifier)">1</method>
			<method name="private long getTimeout(org.junit.Test annotation)">2</method>
			<method name="protected volatile void runChild(Object x0, org.junit.runner.notification.RunNotifier x1)">1</method>
			<method name="protected java.util.List getChildren()">1</method>
			<method name="protected void validateZeroArgConstructor(java.util.List errors)">3</method>
			<method name="private boolean hasOneConstructor()">2</method>
			<method name="protected void collectInitializationErrors(java.util.List errors)">1</method>
			<method name="private boolean expectsException(org.junit.Test annotation)">2</method>
			<method name="protected org.junit.runners.model.Statement possiblyExpectingExceptions(org.junit.runners.model.FrameworkMethod method, Object test, org.junit.runners.model.Statement next)">2</method>
			<method name="protected void validateConstructor(java.util.List errors)">1</method>
			<method name="protected Object createTest()">1</method>
			<method name="protected org.junit.runners.model.Statement methodBlock(org.junit.runners.model.FrameworkMethod method)">1</method>
			<method name="protected org.junit.runner.Description describeChild(org.junit.runners.model.FrameworkMethod method)">1</method>
			<method name="protected void runChild(org.junit.runners.model.FrameworkMethod method, org.junit.runner.notification.RunNotifier notifier)">2</method>
			<method name="protected void validateOnlyOneConstructor(java.util.List errors)">2</method>
			<method name="protected org.junit.runners.model.Statement methodInvoker(org.junit.runners.model.FrameworkMethod method, Object test)">1</method>
			<method name="private org.junit.runners.model.Statement withRules(org.junit.runners.model.FrameworkMethod method, Object target, org.junit.runners.model.Statement statement)">2</method>
			<method name="protected org.junit.runners.model.Statement withPotentialTimeout(org.junit.runners.model.FrameworkMethod method, Object test, org.junit.runners.model.Statement next)">2</method>
			<method name="protected volatile org.junit.runner.Description describeChild(Object x0)">1</method>
			<method name="private void runIgnored(org.junit.internal.runners.model.EachTestNotifier eachNotifier)">1</method>
			<method name="public void _init_(Class klass)">1</method>
			<method name="protected void validateInstanceMethods(java.util.List errors)">2</method>
			<method name="protected org.junit.runners.model.Statement withBefores(org.junit.runners.model.FrameworkMethod method, Object target, org.junit.runners.model.Statement statement)">2</method>
			<method name="private void runNotIgnored(org.junit.runners.model.FrameworkMethod method, org.junit.internal.runners.model.EachTestNotifier eachNotifier)">1</method>
			<method name="protected String testName(org.junit.runners.model.FrameworkMethod method)">1</method>
			<method name="private Class getExpectedException(org.junit.Test annotation)">3</method>
		</cc>
	</class>
	<class>
		<name>junit.framework.ComparisonFailure</name>
		<wmc>4</wmc>
		<dit>0</dit>
		<noc>0</noc>
		<cbo>6</cbo>
		<rfc>8</rfc>
		<lcom>0</lcom>
		<ca>1</ca>
		<ce>5</ce>
		<npm>4</npm>
		<lcom3>0.8333333333333334</lcom3>
		<loc>36</loc>
		<dam>1.0</dam>
		<moa>0</moa>
		<mfa>0.0</mfa>
		<cam>0.625</cam>
		<ic>0</ic>
		<cbm>0</cbm>
		<amc>7.0</amc>
		<cc>
			<method name="public String getExpected()">1</method>
			<method name="public String getActual()">1</method>
			<method name="public String getMessage()">1</method>
			<method name="public void _init_(String message, String expected, String actual)">1</method>
		</cc>
	</class>
	<class>
		<name>org.junit.internal.runners.JUnit38ClassRunner$1</name>
		<wmc>0</wmc>
		<dit>1</dit>
		<noc>0</noc>
		<cbo>3</cbo>
		<rfc>0</rfc>
		<lcom>0</lcom>
		<ca>2</ca>
		<ce>1</ce>
		<npm>0</npm>
		<lcom3>2.0</lcom3>
		<loc>0</loc>
		<dam>0.0</dam>
		<moa>0</moa>
		<mfa>0.0</mfa>
		<cam>0.0</cam>
		<ic>0</ic>
		<cbm>0</cbm>
		<amc>0.0</amc>
		<cc>
		</cc>
	</class>
	<class>
		<name>org.junit.runners.model.FrameworkMember</name>
		<wmc>4</wmc>
		<dit>1</dit>
		<noc>2</noc>
		<cbo>8</cbo>
		<rfc>8</rfc>
		<lcom>6</lcom>
		<ca>3</ca>
		<ce>5</ce>
		<npm>0</npm>
		<lcom3>2.0</lcom3>
		<loc>26</loc>
		<dam>0.0</dam>
		<moa>0</moa>
		<mfa>0.0</mfa>
		<cam>0.5</cam>
		<ic>0</ic>
		<cbm>0</cbm>
		<amc>5.5</amc>
		<cc>
			<method name="void _init_()">1</method>
			<method name="boolean isShadowedBy(java.util.List members)">2</method>
			<method name="abstract java.lang.annotation.Annotation[] getAnnotations()">1</method>
			<method name="abstract boolean isShadowedBy(org.junit.runners.model.FrameworkMember)">1</method>
		</cc>
	</class>
	<class>
		<name>org.junit.experimental.results.ResultMatchers$1</name>
		<wmc>4</wmc>
		<dit>0</dit>
		<noc>0</noc>
		<cbo>8</cbo>
		<rfc>11</rfc>
		<lcom>0</lcom>
		<ca>1</ca>
		<ce>7</ce>
		<npm>3</npm>
		<lcom3>0.0</lcom3>
		<loc>40</loc>
		<dam>0.0</dam>
		<moa>0</moa>
		<mfa>0.0</mfa>
		<cam>0.4</cam>
		<ic>0</ic>
		<cbm>0</cbm>
		<amc>8.75</amc>
		<cc>
			<method name="public boolean matchesSafely(org.junit.experimental.results.PrintableResult item)">2</method>
			<method name="public volatile boolean matchesSafely(Object x0)">1</method>
			<method name="public void describeTo(org.hamcrest.Description description)">1</method>
			<method name="void _init_(int)">1</method>
		</cc>
	</class>
	<class>
		<name>org.junit.experimental.theories.Theory</name>
		<wmc>1</wmc>
		<dit>1</dit>
		<noc>0</noc>
		<cbo>4</cbo>
		<rfc>1</rfc>
		<lcom>0</lcom>
		<ca>1</ca>
		<ce>3</ce>
		<npm>1</npm>
		<lcom3>2.0</lcom3>
		<loc>1</loc>
		<dam>0.0</dam>
		<moa>0</moa>
		<mfa>0.0</mfa>
		<cam>1.0</cam>
		<ic>0</ic>
		<cbm>0</cbm>
		<amc>0.0</amc>
		<cc>
			<method name="public abstract boolean nullsAccepted()">1</method>
		</cc>
	</class>
	<class>
		<name>org.junit.experimental.results.ResultMatchers$2</name>
		<wmc>3</wmc>
		<dit>0</dit>
		<noc>0</noc>
		<cbo>9</cbo>
		<rfc>12</rfc>
		<lcom>0</lcom>
		<ca>1</ca>
		<ce>9</ce>
		<npm>2</npm>
		<lcom3>0.0</lcom3>
		<loc>38</loc>
		<dam>0.0</dam>
		<moa>0</moa>
		<mfa>0.0</mfa>
		<cam>0.5</cam>
		<ic>0</ic>
		<cbm>0</cbm>
		<amc>11.333333333333334</amc>
		<cc>
			<method name="public boolean matches(Object item)">3</method>
			<method name="public void describeTo(org.hamcrest.Description description)">1</method>
			<method name="void _init_(String)">1</method>
		</cc>
	</class>
	<class>
		<name>org.junit.internal.builders.JUnit4Builder</name>
		<wmc>2</wmc>
		<dit>0</dit>
		<noc>0</noc>
		<cbo>8</cbo>
		<rfc>4</rfc>
		<lcom>1</lcom>
		<ca>1</ca>
		<ce>7</ce>
		<npm>2</npm>
		<lcom3>2.0</lcom3>
		<loc>10</loc>
		<dam>0.0</dam>
		<moa>0</moa>
		<mfa>0.0</mfa>
		<cam>0.75</cam>
		<ic>0</ic>
		<cbm>0</cbm>
		<amc>4.0</amc>
		<cc>
			<method name="public void _init_()">1</method>
			<method name="public org.junit.runner.Runner runnerForClass(Class testClass)">1</method>
		</cc>
	</class>
	<class>
		<name>org.junit.experimental.results.ResultMatchers$3</name>
		<wmc>3</wmc>
		<dit>0</dit>
		<noc>0</noc>
		<cbo>8</cbo>
		<rfc>10</rfc>
		<lcom>0</lcom>
		<ca>1</ca>
		<ce>7</ce>
		<npm>2</npm>
		<lcom3>0.0</lcom3>
		<loc>29</loc>
		<dam>0.0</dam>
		<moa>0</moa>
		<mfa>0.0</mfa>
		<cam>0.5</cam>
		<ic>0</ic>
		<cbm>0</cbm>
		<amc>8.333333333333334</amc>
		<cc>
			<method name="public boolean matches(Object item)">1</method>
			<method name="public void describeTo(org.hamcrest.Description description)">1</method>
			<method name="void _init_(String)">1</method>
		</cc>
	</class>
	<class>
		<name>org.junit.internal.builders.SuiteMethodBuilder</name>
		<wmc>3</wmc>
		<dit>0</dit>
		<noc>0</noc>
		<cbo>11</cbo>
		<rfc>6</rfc>
		<lcom>3</lcom>
		<ca>1</ca>
		<ce>10</ce>
		<npm>3</npm>
		<lcom3>2.0</lcom3>
		<loc>29</loc>
		<dam>0.0</dam>
		<moa>0</moa>
		<mfa>0.0</mfa>
		<cam>0.8333333333333334</cam>
		<ic>0</ic>
		<cbm>0</cbm>
		<amc>8.666666666666666</amc>
		<cc>
			<method name="public boolean hasSuiteMethod(Class testClass)">1</method>
			<method name="public void _init_()">1</method>
			<method name="public org.junit.runner.Runner runnerForClass(Class each)">1</method>
		</cc>
	</class>
	<class>
		<name>org.junit.runners.BlockJUnit4ClassRunner$1</name>
		<wmc>2</wmc>
		<dit>0</dit>
		<noc>0</noc>
		<cbo>6</cbo>
		<rfc>4</rfc>
		<lcom>0</lcom>
		<ca>1</ca>
		<ce>6</ce>
		<npm>0</npm>
		<lcom3>0.0</lcom3>
		<loc>13</loc>
		<dam>0.0</dam>
		<moa>1</moa>
		<mfa>0.0</mfa>
		<cam>0.75</cam>
		<ic>0</ic>
		<cbm>0</cbm>
		<amc>5.0</amc>
		<cc>
			<method name="protected Object runReflectiveCall()">1</method>
			<method name="void _init_(org.junit.runners.BlockJUnit4ClassRunner)">1</method>
		</cc>
	</class>
	<class>
		<name>org.junit.experimental.ParallelComputer$1</name>
		<wmc>3</wmc>
		<dit>1</dit>
		<noc>0</noc>
		<cbo>14</cbo>
		<rfc>14</rfc>
		<lcom>0</lcom>
		<ca>2</ca>
		<ce>13</ce>
		<npm>2</npm>
		<lcom3>0.25</lcom3>
		<loc>49</loc>
		<dam>1.0</dam>
		<moa>0</moa>
		<mfa>0.0</mfa>
		<cam>0.6666666666666666</cam>
		<ic>0</ic>
		<cbm>0</cbm>
		<amc>14.666666666666666</amc>
		<cc>
			<method name="void _init_()">1</method>
			<method name="public void schedule(Runnable childStatement)">1</method>
			<method name="public void finished()">2</method>
		</cc>
	</class>
	<class>
		<name>org.junit.internal.runners.JUnit38ClassRunner$OldTestClassAdaptingListener</name>
		<wmc>9</wmc>
		<dit>1</dit>
		<noc>0</noc>
		<cbo>15</cbo>
		<rfc>19</rfc>
		<lcom>24</lcom>
		<ca>1</ca>
		<ce>15</ce>
		<npm>4</npm>
		<lcom3>0.625</lcom3>
		<loc>87</loc>
		<dam>0.5</dam>
		<moa>2</moa>
		<mfa>0.0</mfa>
		<cam>0.36507936507936506</cam>
		<ic>0</ic>
		<cbm>0</cbm>
		<amc>8.444444444444445</amc>
		<cc>
			<method name="public void addFailure(junit.framework.Test test, junit.framework.AssertionFailedError t)">1</method>
			<method name="private org.junit.runner.Description asDescription(junit.framework.Test test)">2</method>
			<method name="private Class getEffectiveClass(junit.framework.Test test)">1</method>
			<method name="public void startTest(junit.framework.Test test)">1</method>
			<method name="private void _init_(org.junit.internal.runners.JUnit38ClassRunner, org.junit.runner.notification.RunNotifier notifier)">1</method>
			<method name="public void addError(junit.framework.Test test, Throwable t)">1</method>
			<method name="public void endTest(junit.framework.Test test)">1</method>
			<method name="private String getName(junit.framework.Test test)">2</method>
			<method name="void _init_(org.junit.internal.runners.JUnit38ClassRunner x0, org.junit.runner.notification.RunNotifier x1, org.junit.internal.runners.JUnit38ClassRunner$1 x2)">1</method>
		</cc>
	</class>
	<class>
		<name>org.junit.internal.runners.MethodRoadie$1</name>
		<wmc>2</wmc>
		<dit>1</dit>
		<noc>0</noc>
		<cbo>16</cbo>
		<rfc>14</rfc>
		<lcom>0</lcom>
		<ca>2</ca>
		<ce>16</ce>
		<npm>1</npm>
		<lcom3>0.0</lcom3>
		<loc>67</loc>
		<dam>0.0</dam>
		<moa>1</moa>
		<mfa>0.0</mfa>
		<cam>0.6666666666666666</cam>
		<ic>0</ic>
		<cbm>0</cbm>
		<amc>31.5</amc>
		<cc>
			<method name="void _init_(org.junit.internal.runners.MethodRoadie, long)">1</method>
			<method name="public void run()">2</method>
		</cc>
	</class>
	<class>
		<name>org.junit.internal.runners.MethodRoadie$2</name>
		<wmc>2</wmc>
		<dit>1</dit>
		<noc>0</noc>
		<cbo>4</cbo>
		<rfc>4</rfc>
		<lcom>0</lcom>
		<ca>1</ca>
		<ce>4</ce>
		<npm>1</npm>
		<lcom3>0.0</lcom3>
		<loc>13</loc>
		<dam>0.0</dam>
		<moa>1</moa>
		<mfa>0.0</mfa>
		<cam>0.75</cam>
		<ic>0</ic>
		<cbm>0</cbm>
		<amc>5.0</amc>
		<cc>
			<method name="void _init_(org.junit.internal.runners.MethodRoadie)">1</method>
			<method name="public void run()">1</method>
		</cc>
	</class>
	<class>
		<name>org.junit.runners.ParentRunner$3</name>
		<wmc>2</wmc>
		<dit>1</dit>
		<noc>0</noc>
		<cbo>5</cbo>
		<rfc>4</rfc>
		<lcom>0</lcom>
		<ca>1</ca>
		<ce>5</ce>
		<npm>1</npm>
		<lcom3>0.0</lcom3>
		<loc>25</loc>
		<dam>0.0</dam>
		<moa>2</moa>
		<mfa>0.0</mfa>
		<cam>0.625</cam>
		<ic>0</ic>
		<cbm>0</cbm>
		<amc>10.0</amc>
		<cc>
			<method name="void _init_(org.junit.runners.ParentRunner, Object, org.junit.runner.notification.RunNotifier)">1</method>
			<method name="public void run()">1</method>
		</cc>
	</class>
	<class>
		<name>org.junit.runners.ParentRunner$4</name>
		<wmc>2</wmc>
		<dit>1</dit>
		<noc>0</noc>
		<cbo>6</cbo>
		<rfc>6</rfc>
		<lcom>0</lcom>
		<ca>1</ca>
		<ce>6</ce>
		<npm>1</npm>
		<lcom3>0.0</lcom3>
		<loc>22</loc>
		<dam>0.0</dam>
		<moa>1</moa>
		<mfa>0.0</mfa>
		<cam>0.6666666666666666</cam>
		<ic>0</ic>
		<cbm>0</cbm>
		<amc>9.5</amc>
		<cc>
			<method name="public int compare(Object o1, Object o2)">1</method>
			<method name="void _init_(org.junit.runners.ParentRunner)">1</method>
		</cc>
	</class>
	<class>
		<name>org.junit.runners.ParentRunner$1</name>
		<wmc>3</wmc>
		<dit>1</dit>
		<noc>0</noc>
		<cbo>5</cbo>
		<rfc>5</rfc>
		<lcom>3</lcom>
		<ca>1</ca>
		<ce>5</ce>
		<npm>2</npm>
		<lcom3>1.0</lcom3>
		<loc>14</loc>
		<dam>0.0</dam>
		<moa>1</moa>
		<mfa>0.0</mfa>
		<cam>0.5555555555555556</cam>
		<ic>0</ic>
		<cbm>0</cbm>
		<amc>3.3333333333333335</amc>
		<cc>
			<method name="void _init_(org.junit.runners.ParentRunner)">1</method>
			<method name="public void schedule(Runnable childStatement)">1</method>
			<method name="public void finished()">1</method>
		</cc>
	</class>
	<class>
		<name>org.junit.runners.ParentRunner$2</name>
		<wmc>2</wmc>
		<dit>0</dit>
		<noc>0</noc>
		<cbo>5</cbo>
		<rfc>4</rfc>
		<lcom>0</lcom>
		<ca>1</ca>
		<ce>5</ce>
		<npm>1</npm>
		<lcom3>0.0</lcom3>
		<loc>19</loc>
		<dam>0.0</dam>
		<moa>2</moa>
		<mfa>0.0</mfa>
		<cam>0.6666666666666666</cam>
		<ic>0</ic>
		<cbm>0</cbm>
		<amc>7.5</amc>
		<cc>
			<method name="void _init_(org.junit.runners.ParentRunner, org.junit.runner.notification.RunNotifier)">1</method>
			<method name="public void evaluate()">1</method>
		</cc>
	</class>
	<class>
		<name>org.junit.experimental.categories.Category</name>
		<wmc>1</wmc>
		<dit>1</dit>
		<noc>0</noc>
		<cbo>4</cbo>
		<rfc>1</rfc>
		<lcom>0</lcom>
		<ca>1</ca>
		<ce>3</ce>
		<npm>1</npm>
		<lcom3>2.0</lcom3>
		<loc>1</loc>
		<dam>0.0</dam>
		<moa>0</moa>
		<mfa>0.0</mfa>
		<cam>1.0</cam>
		<ic>0</ic>
		<cbm>0</cbm>
		<amc>0.0</amc>
		<cc>
			<method name="public abstract Class[] value()">1</method>
		</cc>
	</class>
	<class>
		<name>org.junit.internal.runners.MethodRoadie</name>
		<wmc>9</wmc>
		<dit>1</dit>
		<noc>0</noc>
		<cbo>24</cbo>
		<rfc>40</rfc>
		<lcom>12</lcom>
		<ca>4</ca>
		<ce>22</ce>
		<npm>4</npm>
		<lcom3>0.40625</lcom3>
		<loc>276</loc>
		<dam>1.0</dam>
		<moa>3</moa>
		<mfa>0.0</mfa>
		<cam>0.2222222222222222</cam>
		<ic>0</ic>
		<cbm>0</cbm>
		<amc>29.22222222222222</amc>
		<cc>
			<method name="private void runWithTimeout(long timeout)">1</method>
			<method name="protected void runTestMethod()">3</method>
			<method name="public void runTest()">1</method>
			<method name="public void _init_(Object test, org.junit.internal.runners.TestMethod method, org.junit.runner.notification.RunNotifier notifier, org.junit.runner.Description description)">1</method>
			<method name="private void runBefores()">1</method>
			<method name="public void run()">3</method>
			<method name="private void runAfters()">2</method>
			<method name="protected void addFailure(Throwable e)">1</method>
			<method name="public void runBeforesThenTestThenAfters(Runnable test)">1</method>
		</cc>
	</class>
	<class>
		<name>org.junit.runners.Suite</name>
		<wmc>12</wmc>
		<dit>0</dit>
		<noc>4</noc>
		<cbo>21</cbo>
		<rfc>23</rfc>
		<lcom>64</lcom>
		<ca>6</ca>
		<ce>15</ce>
		<npm>3</npm>
		<lcom3>0.7272727272727273</lcom3>
		<loc>110</loc>
		<dam>1.0</dam>
		<moa>0</moa>
		<mfa>0.0</mfa>
		<cam>0.2916666666666667</cam>
		<ic>0</ic>
		<cbm>0</cbm>
		<amc>8.083333333333334</amc>
		<cc>
			<method name="protected java.util.List getChildren()">1</method>
			<method name="protected void runChild(org.junit.runner.Runner runner, org.junit.runner.notification.RunNotifier notifier)">1</method>
			<method name="protected volatile org.junit.runner.Description describeChild(Object x0)">1</method>
			<method name="protected void _init_(org.junit.runners.model.RunnerBuilder builder, Class klass, Class[] suiteClasses)">1</method>
			<method name="protected org.junit.runner.Description describeChild(org.junit.runner.Runner child)">1</method>
			<method name="public static org.junit.runner.Runner emptySuite()">1</method>
			<method name="private static Class[] getAnnotatedClasses(Class klass)">1</method>
			<method name="public void _init_(org.junit.runners.model.RunnerBuilder builder, Class[] classes)">1</method>
			<method name="protected void _init_(Class klass, Class[] suiteClasses)">1</method>
			<method name="public void _init_(Class klass, org.junit.runners.model.RunnerBuilder builder)">1</method>
			<method name="protected void _init_(Class klass, java.util.List runners)">1</method>
			<method name="protected volatile void runChild(Object x0, org.junit.runner.notification.RunNotifier x1)">1</method>
		</cc>
	</class>
	<class>
		<name>org.junit.experimental.theories.internal.Assignments</name>
		<wmc>14</wmc>
		<dit>1</dit>
		<noc>0</noc>
		<cbo>24</cbo>
		<rfc>33</rfc>
		<lcom>41</lcom>
		<ca>4</ca>
		<ce>20</ce>
		<npm>12</npm>
		<lcom3>0.5128205128205129</lcom3>
		<loc>215</loc>
		<dam>1.0</dam>
		<moa>1</moa>
		<mfa>0.0</mfa>
		<cam>0.23214285714285715</cam>
		<ic>0</ic>
		<cbm>0</cbm>
		<amc>14.142857142857142</amc>
		<cc>
			<method name="public Object[] getMethodArguments(boolean nullsOk)">1</method>
			<method name="private int getConstructorParameterCount()">1</method>
			<method name="public org.junit.experimental.theories.internal.Assignments assignNext(org.junit.experimental.theories.PotentialAssignment source)">1</method>
			<method name="public Object[] getActualValues(int start, int stop, boolean nullsOk)">1</method>
			<method name="public org.junit.experimental.theories.ParameterSignature nextUnassigned()">1</method>
			<method name="public org.junit.experimental.theories.ParameterSupplier getSupplier(org.junit.experimental.theories.ParameterSignature unassigned)">1</method>
			<method name="public org.junit.experimental.theories.ParameterSupplier getAnnotatedSupplier(org.junit.experimental.theories.ParameterSignature unassigned)">1</method>
			<method name="public boolean isComplete()">2</method>
			<method name="public Object[] getArgumentStrings(boolean nullsOk)">1</method>
			<method name="public Object[] getAllArguments(boolean nullsOk)">1</method>
			<method name="public static org.junit.experimental.theories.internal.Assignments allUnassigned(java.lang.reflect.Method testMethod, org.junit.runners.model.TestClass testClass)">1</method>
			<method name="public java.util.List potentialsForNextUnassigned()">1</method>
			<method name="private void _init_(java.util.List assigned, java.util.List unassigned, org.junit.runners.model.TestClass testClass)">1</method>
			<method name="public Object[] getConstructorArguments(boolean nullsOk)">1</method>
		</cc>
	</class>
	<class>
		<name>org.junit.internal.builders.IgnoredClassRunner</name>
		<wmc>3</wmc>
		<dit>0</dit>
		<noc>0</noc>
		<cbo>7</cbo>
		<rfc>6</rfc>
		<lcom>1</lcom>
		<ca>1</ca>
		<ce>6</ce>
		<npm>3</npm>
		<lcom3>0.0</lcom3>
		<loc>19</loc>
		<dam>1.0</dam>
		<moa>0</moa>
		<mfa>0.0</mfa>
		<cam>0.5555555555555556</cam>
		<ic>0</ic>
		<cbm>0</cbm>
		<amc>5.0</amc>
		<cc>
			<method name="public void _init_(Class testClass)">1</method>
			<method name="public void run(org.junit.runner.notification.RunNotifier notifier)">1</method>
			<method name="public org.junit.runner.Description getDescription()">1</method>
		</cc>
	</class>
	<class>
		<name>org.junit.runner.manipulation.Sorter$1</name>
		<wmc>3</wmc>
		<dit>1</dit>
		<noc>0</noc>
		<cbo>5</cbo>
		<rfc>4</rfc>
		<lcom>3</lcom>
		<ca>1</ca>
		<ce>4</ce>
		<npm>2</npm>
		<lcom3>2.0</lcom3>
		<loc>15</loc>
		<dam>0.0</dam>
		<moa>0</moa>
		<mfa>0.0</mfa>
		<cam>0.5555555555555556</cam>
		<ic>0</ic>
		<cbm>0</cbm>
		<amc>4.0</amc>
		<cc>
			<method name="void _init_()">1</method>
			<method name="public volatile int compare(Object x0, Object x1)">1</method>
			<method name="public int compare(org.junit.runner.Description o1, org.junit.runner.Description o2)">1</method>
		</cc>
	</class>
	<class>
		<name>org.junit.internal.matchers.TypeSafeMatcher</name>
		<wmc>6</wmc>
		<dit>0</dit>
		<noc>4</noc>
		<cbo>11</cbo>
		<rfc>16</rfc>
		<lcom>9</lcom>
		<ca>4</ca>
		<ce>7</ce>
		<npm>2</npm>
		<lcom3>0.6</lcom3>
		<loc>92</loc>
		<dam>1.0</dam>
		<moa>0</moa>
		<mfa>0.0</mfa>
		<cam>0.375</cam>
		<ic>0</ic>
		<cbm>0</cbm>
		<amc>14.166666666666666</amc>
		<cc>
			<method name="protected void _init_()">1</method>
			<method name="protected void _init_(Class expectedType)">1</method>
			<method name="private static Class findExpectedType(Class fromClass)">4</method>
			<method name="public abstract boolean matchesSafely(Object)">1</method>
			<method name="private static boolean isMatchesSafelyMethod(java.lang.reflect.Method method)">4</method>
			<method name="public final boolean matches(Object item)">4</method>
		</cc>
	</class>
	<class>
		<name>org.junit.experimental.theories.suppliers.TestedOnSupplier</name>
		<wmc>2</wmc>
		<dit>0</dit>
		<noc>0</noc>
		<cbo>13</cbo>
		<rfc>11</rfc>
		<lcom>1</lcom>
		<ca>0</ca>
		<ce>13</ce>
		<npm>2</npm>
		<lcom3>2.0</lcom3>
		<loc>49</loc>
		<dam>0.0</dam>
		<moa>0</moa>
		<mfa>0.0</mfa>
		<cam>0.75</cam>
		<ic>0</ic>
		<cbm>0</cbm>
		<amc>23.5</amc>
		<cc>
			<method name="public void _init_()">1</method>
			<method name="public java.util.List getValueSources(org.junit.experimental.theories.ParameterSignature sig)">2</method>
		</cc>
	</class>
	<class>
		<name>org.junit.internal.runners.FailedBefore</name>
		<wmc>1</wmc>
		<dit>3</dit>
		<noc>0</noc>
		<cbo>5</cbo>
		<rfc>2</rfc>
		<lcom>0</lcom>
		<ca>2</ca>
		<ce>3</ce>
		<npm>0</npm>
		<lcom3>2.0</lcom3>
		<loc>5</loc>
		<dam>1.0</dam>
		<moa>0</moa>
		<mfa>1.0</mfa>
		<cam>1.0</cam>
		<ic>0</ic>
		<cbm>0</cbm>
		<amc>3.0</amc>
		<cc>
			<method name="void _init_()">1</method>
		</cc>
	</class>
	<class>
		<name>org.junit.internal.RealSystem</name>
		<wmc>3</wmc>
		<dit>1</dit>
		<noc>0</noc>
		<cbo>6</cbo>
		<rfc>5</rfc>
		<lcom>3</lcom>
		<ca>1</ca>
		<ce>5</ce>
		<npm>3</npm>
		<lcom3>2.0</lcom3>
		<loc>11</loc>
		<dam>0.0</dam>
		<moa>0</moa>
		<mfa>0.0</mfa>
		<cam>0.6666666666666666</cam>
		<ic>0</ic>
		<cbm>0</cbm>
		<amc>2.6666666666666665</amc>
		<cc>
			<method name="public java.io.PrintStream out()">1</method>
			<method name="public void exit(int code)">1</method>
			<method name="public void _init_()">1</method>
		</cc>
	</class>
	<class>
		<name>org.junit.runners.model.FrameworkField</name>
		<wmc>6</wmc>
		<dit>0</dit>
		<noc>0</noc>
		<cbo>10</cbo>
		<rfc>11</rfc>
		<lcom>3</lcom>
		<ca>2</ca>
		<ce>8</ce>
		<npm>5</npm>
		<lcom3>0.0</lcom3>
		<loc>38</loc>
		<dam>1.0</dam>
		<moa>0</moa>
		<mfa>0.0</mfa>
		<cam>0.3333333333333333</cam>
		<ic>0</ic>
		<cbm>0</cbm>
		<amc>5.166666666666667</amc>
		<cc>
			<method name="void _init_(java.lang.reflect.Field field)">1</method>
			<method name="public java.lang.reflect.Field getField()">1</method>
			<method name="public Object get(Object target)">1</method>
			<method name="public volatile boolean isShadowedBy(org.junit.runners.model.FrameworkMember x0)">1</method>
			<method name="public java.lang.annotation.Annotation[] getAnnotations()">1</method>
			<method name="public boolean isShadowedBy(org.junit.runners.model.FrameworkField otherMember)">1</method>
		</cc>
	</class>
	<class>
		<name>org.junit.internal.matchers.CombinableMatcher</name>
		<wmc>5</wmc>
		<dit>0</dit>
		<noc>0</noc>
		<cbo>9</cbo>
		<rfc>10</rfc>
		<lcom>0</lcom>
		<ca>2</ca>
		<ce>7</ce>
		<npm>5</npm>
		<lcom3>0.0</lcom3>
		<loc>55</loc>
		<dam>1.0</dam>
		<moa>0</moa>
		<mfa>0.0</mfa>
		<cam>0.5</cam>
		<ic>0</ic>
		<cbm>0</cbm>
		<amc>9.8</amc>
		<cc>
			<method name="public boolean matches(Object item)">1</method>
			<method name="public void _init_(org.hamcrest.Matcher matcher)">1</method>
			<method name="public void describeTo(org.hamcrest.Description description)">1</method>
			<method name="public org.junit.internal.matchers.CombinableMatcher or(org.hamcrest.Matcher matcher)">1</method>
			<method name="public org.junit.internal.matchers.CombinableMatcher and(org.hamcrest.Matcher matcher)">1</method>
		</cc>
	</class>
	<class>
		<name>org.junit.internal.runners.statements.RunAfters</name>
		<wmc>2</wmc>
		<dit>0</dit>
		<noc>0</noc>
		<cbo>11</cbo>
		<rfc>12</rfc>
		<lcom>0</lcom>
		<ca>2</ca>
		<ce>9</ce>
		<npm>2</npm>
		<lcom3>0.0</lcom3>
		<loc>114</loc>
		<dam>1.0</dam>
		<moa>1</moa>
		<mfa>0.0</mfa>
		<cam>0.625</cam>
		<ic>0</ic>
		<cbm>0</cbm>
		<amc>54.5</amc>
		<cc>
			<method name="public void _init_(org.junit.runners.model.Statement next, java.util.List afters, Object target)">1</method>
			<method name="public void evaluate()">1</method>
		</cc>
	</class>
	<class>
		<name>org.junit.experimental.max.MaxHistory$RememberingListener</name>
		<wmc>6</wmc>
		<dit>0</dit>
		<noc>0</noc>
		<cbo>13</cbo>
		<rfc>18</rfc>
		<lcom>0</lcom>
		<ca>1</ca>
		<ce>13</ce>
		<npm>4</npm>
		<lcom3>0.4</lcom3>
		<loc>64</loc>
		<dam>0.6666666666666666</dam>
		<moa>1</moa>
		<mfa>0.0</mfa>
		<cam>0.3611111111111111</cam>
		<ic>0</ic>
		<cbm>0</cbm>
		<amc>9.166666666666666</amc>
		<cc>
			<method name="public void testFailure(org.junit.runner.notification.Failure failure)">1</method>
			<method name="void _init_(org.junit.experimental.max.MaxHistory x0, org.junit.experimental.max.MaxHistory$1 x1)">1</method>
			<method name="private void _init_(org.junit.experimental.max.MaxHistory)">1</method>
			<method name="public void testRunFinished(org.junit.runner.Result result)">1</method>
			<method name="public void testStarted(org.junit.runner.Description description)">1</method>
			<method name="public void testFinished(org.junit.runner.Description description)">1</method>
		</cc>
	</class>
	<class>
		<name>org.junit.experimental.theories.internal.ParameterizedAssertionError</name>
		<wmc>5</wmc>
		<dit>4</dit>
		<noc>0</noc>
		<cbo>11</cbo>
		<rfc>18</rfc>
		<lcom>10</lcom>
		<ca>1</ca>
		<ce>10</ce>
		<npm>4</npm>
		<lcom3>1.25</lcom3>
		<loc>70</loc>
		<dam>1.0</dam>
		<moa>0</moa>
		<mfa>0.84</mfa>
		<cam>0.36666666666666664</cam>
		<ic>0</ic>
		<cbm>0</cbm>
		<amc>12.8</amc>
		<cc>
			<method name="private static String stringValueOf(Object next)">1</method>
			<method name="public static transient String join(String delimiter, Object[] params)">1</method>
			<method name="public static String join(String delimiter, java.util.Collection values)">2</method>
			<method name="public boolean equals(Object obj)">1</method>
			<method name="public transient void _init_(Throwable targetException, String methodName, Object[] params)">1</method>
		</cc>
	</class>
	<class>
		<name>org.junit.rules.TestWatchman</name>
		<wmc>6</wmc>
		<dit>1</dit>
		<noc>1</noc>
		<cbo>8</cbo>
		<rfc>8</rfc>
		<lcom>15</lcom>
		<ca>2</ca>
		<ce>7</ce>
		<npm>6</npm>
		<lcom3>2.0</lcom3>
		<loc>20</loc>
		<dam>0.0</dam>
		<moa>0</moa>
		<mfa>0.0</mfa>
		<cam>0.4666666666666667</cam>
		<ic>0</ic>
		<cbm>0</cbm>
		<amc>2.3333333333333335</amc>
		<cc>
			<method name="public void finished(org.junit.runners.model.FrameworkMethod method)">1</method>
			<method name="public org.junit.runners.model.Statement apply(org.junit.runners.model.Statement base, org.junit.runners.model.FrameworkMethod method, Object target)">1</method>
			<method name="public void succeeded(org.junit.runners.model.FrameworkMethod method)">1</method>
			<method name="public void starting(org.junit.runners.model.FrameworkMethod method)">1</method>
			<method name="public void failed(Throwable e, org.junit.runners.model.FrameworkMethod method)">1</method>
			<method name="public void _init_()">1</method>
		</cc>
	</class>
	<class>
		<name>org.junit.runner.Describable</name>
		<wmc>1</wmc>
		<dit>1</dit>
		<noc>0</noc>
		<cbo>7</cbo>
		<rfc>1</rfc>
		<lcom>0</lcom>
		<ca>5</ca>
		<ce>2</ce>
		<npm>1</npm>
		<lcom3>2.0</lcom3>
		<loc>1</loc>
		<dam>0.0</dam>
		<moa>0</moa>
		<mfa>0.0</mfa>
		<cam>1.0</cam>
		<ic>0</ic>
		<cbm>0</cbm>
		<amc>0.0</amc>
		<cc>
			<method name="public abstract org.junit.runner.Description getDescription()">1</method>
		</cc>
	</class>
	<class>
		<name>org.junit.runner.Runner</name>
		<wmc>4</wmc>
		<dit>1</dit>
		<noc>5</noc>
		<cbo>31</cbo>
		<rfc>6</rfc>
		<lcom>6</lcom>
		<ca>26</ca>
		<ce>5</ce>
		<npm>4</npm>
		<lcom3>2.0</lcom3>
		<loc>11</loc>
		<dam>0.0</dam>
		<moa>0</moa>
		<mfa>0.0</mfa>
		<cam>0.625</cam>
		<ic>0</ic>
		<cbm>0</cbm>
		<amc>1.75</amc>
		<cc>
			<method name="public abstract void run(org.junit.runner.notification.RunNotifier)">1</method>
			<method name="public int testCount()">1</method>
			<method name="public abstract org.junit.runner.Description getDescription()">1</method>
			<method name="public void _init_()">1</method>
		</cc>
	</class>
	<class>
		<name>org.junit.rules.TestName</name>
		<wmc>3</wmc>
		<dit>0</dit>
		<noc>0</noc>
		<cbo>5</cbo>
		<rfc>5</rfc>
		<lcom>1</lcom>
		<ca>0</ca>
		<ce>5</ce>
		<npm>3</npm>
		<lcom3>0.5</lcom3>
		<loc>15</loc>
		<dam>1.0</dam>
		<moa>0</moa>
		<mfa>0.0</mfa>
		<cam>0.6666666666666666</cam>
		<ic>0</ic>
		<cbm>0</cbm>
		<amc>3.6666666666666665</amc>
		<cc>
			<method name="public String getMethodName()">1</method>
			<method name="public void starting(org.junit.runners.model.FrameworkMethod method)">1</method>
			<method name="public void _init_()">1</method>
		</cc>
	</class>
	<class>
		<name>org.junit.runners.model.InitializationError</name>
		<wmc>4</wmc>
		<dit>3</dit>
		<noc>0</noc>
		<cbo>22</cbo>
		<rfc>7</rfc>
		<lcom>4</lcom>
		<ca>15</ca>
		<ce>7</ce>
		<npm>4</npm>
		<lcom3>0.6666666666666666</lcom3>
		<loc>32</loc>
		<dam>1.0</dam>
		<moa>0</moa>
		<mfa>0.9545454545454546</mfa>
		<cam>0.4375</cam>
		<ic>0</ic>
		<cbm>0</cbm>
		<amc>6.5</amc>
		<cc>
			<method name="public void _init_(String string)">1</method>
			<method name="public void _init_(java.util.List errors)">1</method>
			<method name="public java.util.List getCauses()">1</method>
			<method name="public void _init_(Throwable error)">1</method>
		</cc>
	</class>
	<class>
		<name>org.junit.internal.TextListener</name>
		<wmc>12</wmc>
		<dit>0</dit>
		<noc>0</noc>
		<cbo>15</cbo>
		<rfc>35</rfc>
		<lcom>46</lcom>
		<ca>2</ca>
		<ce>13</ce>
		<npm>6</npm>
		<lcom3>0.18181818181818182</lcom3>
		<loc>229</loc>
		<dam>1.0</dam>
		<moa>0</moa>
		<mfa>0.0</mfa>
		<cam>0.25</cam>
		<ic>0</ic>
		<cbm>0</cbm>
		<amc>18.0</amc>
		<cc>
			<method name="public void testFailure(org.junit.runner.notification.Failure failure)">1</method>
			<method name="public void testIgnored(org.junit.runner.Description description)">1</method>
			<method name="protected void printFooter(org.junit.runner.Result result)">3</method>
			<method name="protected String elapsedTimeAsString(long runTime)">1</method>
			<method name="private java.io.PrintStream getWriter()">1</method>
			<method name="protected void printFailure(org.junit.runner.notification.Failure each, String prefix)">1</method>
			<method name="public void _init_(org.junit.internal.JUnitSystem system)">1</method>
			<method name="public void testRunFinished(org.junit.runner.Result result)">1</method>
			<method name="public void testStarted(org.junit.runner.Description description)">1</method>
			<method name="public void _init_(java.io.PrintStream writer)">1</method>
			<method name="protected void printHeader(long runTime)">1</method>
			<method name="protected void printFailures(org.junit.runner.Result result)">4</method>
		</cc>
	</class>
	<class>
		<name>org.junit.internal.runners.TestMethod</name>
		<wmc>9</wmc>
		<dit>1</dit>
		<noc>0</noc>
		<cbo>14</cbo>
		<rfc>17</rfc>
		<lcom>10</lcom>
		<ca>2</ca>
		<ce>12</ce>
		<npm>4</npm>
		<lcom3>0.5</lcom3>
		<loc>96</loc>
		<dam>1.0</dam>
		<moa>1</moa>
		<mfa>0.0</mfa>
		<cam>0.28888888888888886</cam>
		<ic>0</ic>
		<cbm>0</cbm>
		<amc>9.444444444444445</amc>
		<cc>
			<method name="boolean isUnexpected(Throwable exception)">2</method>
			<method name="public void invoke(Object test)">1</method>
			<method name="public long getTimeout()">2</method>
			<method name="java.util.List getBefores()">1</method>
			<method name="java.util.List getAfters()">1</method>
			<method name="public void _init_(java.lang.reflect.Method method, org.junit.internal.runners.TestClass testClass)">1</method>
			<method name="boolean expectsException()">2</method>
			<method name="public boolean isIgnored()">2</method>
			<method name="protected Class getExpectedException()">3</method>
		</cc>
	</class>
	<class>
		<name>org.junit.runners.Parameterized$Parameters</name>
		<wmc>0</wmc>
		<dit>1</dit>
		<noc>0</noc>
		<cbo>2</cbo>
		<rfc>0</rfc>
		<lcom>0</lcom>
		<ca>0</ca>
		<ce>2</ce>
		<npm>0</npm>
		<lcom3>2.0</lcom3>
		<loc>0</loc>
		<dam>0.0</dam>
		<moa>0</moa>
		<mfa>0.0</mfa>
		<cam>0.0</cam>
		<ic>0</ic>
		<cbm>0</cbm>
		<amc>0.0</amc>
		<cc>
		</cc>
	</class>
	<class>
		<name>junit.framework.AssertionFailedError</name>
		<wmc>2</wmc>
		<dit>4</dit>
		<noc>1</noc>
		<cbo>12</cbo>
		<rfc>4</rfc>
		<lcom>1</lcom>
		<ca>8</ca>
		<ce>4</ce>
		<npm>2</npm>
		<lcom3>2.0</lcom3>
		<loc>10</loc>
		<dam>1.0</dam>
		<moa>0</moa>
		<mfa>1.0</mfa>
		<cam>0.75</cam>
		<ic>0</ic>
		<cbm>0</cbm>
		<amc>3.5</amc>
		<cc>
			<method name="public void _init_(String message)">1</method>
			<method name="public void _init_()">1</method>
		</cc>
	</class>
	<class>
		<name>junit.framework.JUnit4TestAdapterCache</name>
		<wmc>7</wmc>
		<dit>3</dit>
		<noc>0</noc>
		<cbo>17</cbo>
		<rfc>27</rfc>
		<lcom>19</lcom>
		<ca>2</ca>
		<ce>17</ce>
		<npm>5</npm>
		<lcom3>1.0</lcom3>
		<loc>125</loc>
		<dam>1.0</dam>
		<moa>1</moa>
		<mfa>0.9285714285714286</mfa>
		<cam>0.4166666666666667</cam>
		<ic>0</ic>
		<cbm>0</cbm>
		<amc>16.571428571428573</amc>
		<cc>
			<method name="junit.framework.Test createTest(org.junit.runner.Description description)">3</method>
			<method name="public junit.framework.Test asTest(org.junit.runner.Description description)">3</method>
			<method name="public static junit.framework.JUnit4TestAdapterCache getDefault()">1</method>
			<method name="public org.junit.runner.notification.RunNotifier getNotifier(junit.framework.TestResult result, junit.framework.JUnit4TestAdapter adapter)">1</method>
			<method name="static void _clinit_()">1</method>
			<method name="public void _init_()">1</method>
			<method name="public java.util.List asTestList(org.junit.runner.Description description)">3</method>
		</cc>
	</class>
	<class>
		<name>junit.framework.TestSuite$1</name>
		<wmc>2</wmc>
		<dit>0</dit>
		<noc>0</noc>
		<cbo>5</cbo>
		<rfc>4</rfc>
		<lcom>0</lcom>
		<ca>1</ca>
		<ce>4</ce>
		<npm>0</npm>
		<lcom3>0.0</lcom3>
		<loc>14</loc>
		<dam>0.0</dam>
		<moa>0</moa>
		<mfa>0.0</mfa>
		<cam>0.75</cam>
		<ic>0</ic>
		<cbm>0</cbm>
		<amc>5.5</amc>
		<cc>
			<method name="protected void runTest()">1</method>
			<method name="void _init_(String x0, String)">1</method>
		</cc>
	</class>
	<class>
		<name>junit.framework.TestListener</name>
		<wmc>4</wmc>
		<dit>1</dit>
		<noc>0</noc>
		<cbo>11</cbo>
		<rfc>4</rfc>
		<lcom>6</lcom>
		<ca>6</ca>
		<ce>5</ce>
		<npm>4</npm>
		<lcom3>2.0</lcom3>
		<loc>4</loc>
		<dam>0.0</dam>
		<moa>0</moa>
		<mfa>0.0</mfa>
		<cam>0.625</cam>
		<ic>0</ic>
		<cbm>0</cbm>
		<amc>0.0</amc>
		<cc>
			<method name="public abstract void addError(junit.framework.Test, Throwable)">1</method>
			<method name="public abstract void addFailure(junit.framework.Test, junit.framework.AssertionFailedError)">1</method>
			<method name="public abstract void endTest(junit.framework.Test)">1</method>
			<method name="public abstract void startTest(junit.framework.Test)">1</method>
		</cc>
	</class>
	<class>
		<name>org.junit.runners.ParentRunner</name>
		<wmc>26</wmc>
		<dit>0</dit>
		<noc>2</noc>
		<cbo>37</cbo>
		<rfc>58</rfc>
		<lcom>265</lcom>
		<ca>7</ca>
		<ce>34</ce>
		<npm>6</npm>
		<lcom3>0.81</lcom3>
		<loc>344</loc>
		<dam>1.0</dam>
		<moa>4</moa>
		<mfa>0.0</mfa>
		<cam>0.16433566433566432</cam>
		<ic>0</ic>
		<cbm>0</cbm>
		<amc>12.076923076923077</amc>
		<cc>
			<method name="protected org.junit.runners.model.Statement withBeforeClasses(org.junit.runners.model.Statement statement)">2</method>
			<method name="protected String getName()">1</method>
			<method name="protected org.junit.runners.model.Statement childrenInvoker(org.junit.runner.notification.RunNotifier notifier)">1</method>
			<method name="private void sortChild(Object child)">1</method>
			<method name="private java.util.Comparator comparator()">1</method>
			<method name="protected abstract java.util.List getChildren()">1</method>
			<method name="protected void validatePublicVoidNoArgMethods(Class annotation, boolean isStatic, java.util.List errors)">2</method>
			<method name="private void runChildren(org.junit.runner.notification.RunNotifier notifier)">2</method>
			<method name="static org.junit.runner.manipulation.Sorter access$100(org.junit.runners.ParentRunner x0)">1</method>
			<method name="protected org.junit.runners.model.Statement withAfterClasses(org.junit.runners.model.Statement statement)">2</method>
			<method name="private java.util.List getFilteredChildren()">2</method>
			<method name="private void filterChild(Object child)">1</method>
			<method name="protected org.junit.runners.model.Statement classBlock(org.junit.runner.notification.RunNotifier notifier)">1</method>
			<method name="private boolean shouldRun(Object each)">3</method>
			<method name="protected void collectInitializationErrors(java.util.List errors)">1</method>
			<method name="public void setScheduler(org.junit.runners.model.RunnerScheduler scheduler)">1</method>
			<method name="protected abstract void runChild(Object, org.junit.runner.notification.RunNotifier)">1</method>
			<method name="public void sort(org.junit.runner.manipulation.Sorter sorter)">1</method>
			<method name="static void access$000(org.junit.runners.ParentRunner x0, org.junit.runner.notification.RunNotifier x1)">1</method>
			<method name="public void filter(org.junit.runner.manipulation.Filter filter)">1</method>
			<method name="private void validate()">1</method>
			<method name="protected abstract org.junit.runner.Description describeChild(Object)">1</method>
			<method name="public void run(org.junit.runner.notification.RunNotifier notifier)">1</method>
			<method name="protected void _init_(Class testClass)">1</method>
			<method name="public org.junit.runner.Description getDescription()">2</method>
			<method name="public final org.junit.runners.model.TestClass getTestClass()">1</method>
		</cc>
	</class>
	<class>
		<name>org.junit.experimental.runners.Enclosed</name>
		<wmc>1</wmc>
		<dit>0</dit>
		<noc>0</noc>
		<cbo>6</cbo>
		<rfc>3</rfc>
		<lcom>0</lcom>
		<ca>0</ca>
		<ce>6</ce>
		<npm>1</npm>
		<lcom3>2.0</lcom3>
		<loc>8</loc>
		<dam>0.0</dam>
		<moa>0</moa>
		<mfa>0.0</mfa>
		<cam>1.0</cam>
		<ic>0</ic>
		<cbm>0</cbm>
		<amc>7.0</amc>
		<cc>
			<method name="public void _init_(Class klass, org.junit.runners.model.RunnerBuilder builder)">1</method>
		</cc>
	</class>
	<class>
		<name>org.junit.Assert</name>
		<wmc>50</wmc>
		<dit>1</dit>
		<noc>0</noc>
		<cbo>23</cbo>
		<rfc>76</rfc>
		<lcom>1225</lcom>
		<ca>8</ca>
		<ce>17</ce>
		<npm>42</npm>
		<lcom3>2.0</lcom3>
		<loc>527</loc>
		<dam>0.0</dam>
		<moa>0</moa>
		<mfa>0.0</mfa>
		<cam>0.1</cam>
		<ic>0</ic>
		<cbm>0</cbm>
		<amc>9.54</amc>
		<cc>
			<method name="public static void assertNotSame(Object unexpected, Object actual)">1</method>
			<method name="public static void assertNotSame(String message, Object unexpected, Object actual)">2</method>
			<method name="public static void assertNotNull(Object object)">1</method>
			<method name="private static void internalArrayEquals(String message, Object expecteds, Object actuals)">1</method>
			<method name="public static void assertEquals(String message, Object expected, Object actual)">8</method>
			<method name="public static void assertArrayEquals(String message, short[] expecteds, short[] actuals)">1</method>
			<method name="public static void assertArrayEquals(String message, float[] expecteds, float[] actuals, float delta)">1</method>
			<method name="public static void assertEquals(double expected, double actual)">1</method>
			<method name="public static void assertArrayEquals(double[] expecteds, double[] actuals, double delta)">1</method>
			<method name="public static void assertEquals(String message, double expected, double actual)">1</method>
			<method name="public static void fail()">1</method>
			<method name="public static void assertArrayEquals(String message, char[] expecteds, char[] actuals)">1</method>
			<method name="public static void assertEquals(Object[] expecteds, Object[] actuals)">1</method>
			<method name="public static void assertArrayEquals(int[] expecteds, int[] actuals)">1</method>
			<method name="static String format(String message, Object expected, Object actual)">4</method>
			<method name="public static void assertArrayEquals(String message, byte[] expecteds, byte[] actuals)">1</method>
			<method name="public static void assertArrayEquals(byte[] expecteds, byte[] actuals)">1</method>
			<method name="private static void failNotEquals(String message, Object expected, Object actual)">1</method>
			<method name="public static void assertArrayEquals(Object[] expecteds, Object[] actuals)">1</method>
			<method name="public static void assertArrayEquals(short[] expecteds, short[] actuals)">1</method>
			<method name="public static void assertEquals(double expected, double actual, double delta)">1</method>
			<method name="public static void assertArrayEquals(String message, Object[] expecteds, Object[] actuals)">1</method>
			<method name="public static void assertArrayEquals(String message, double[] expecteds, double[] actuals, double delta)">1</method>
			<method name="public static void assertEquals(String message, double expected, double actual, double delta)">3</method>
			<method name="public static void assertEquals(String message, Object[] expecteds, Object[] actuals)">1</method>
			<method name="public static void assertFalse(String message, boolean condition)">2</method>
			<method name="public static void assertEquals(long expected, long actual)">1</method>
			<method name="public static void assertTrue(boolean condition)">1</method>
			<method name="private static String formatClassAndValue(Object value, String valueString)">2</method>
			<method name="private static boolean isEquals(Object expected, Object actual)">1</method>
			<method name="private static void failNotSame(String message, Object expected, Object actual)">2</method>
			<method name="protected void _init_()">1</method>
			<method name="public static void assertArrayEquals(char[] expecteds, char[] actuals)">1</method>
			<method name="public static void fail(String message)">2</method>
			<method name="public static void assertNotNull(String message, Object object)">2</method>
			<method name="public static void assertThat(Object actual, org.hamcrest.Matcher matcher)">1</method>
			<method name="public static void assertFalse(boolean condition)">1</method>
			<method name="public static void assertNull(Object object)">1</method>
			<method name="public static void assertSame(Object expected, Object actual)">1</method>
			<method name="public static void assertEquals(Object expected, Object actual)">1</method>
			<method name="public static void assertThat(String reason, Object actual, org.hamcrest.Matcher matcher)">2</method>
			<method name="public static void assertEquals(String message, long expected, long actual)">1</method>
			<method name="public static void assertTrue(String message, boolean condition)">2</method>
			<method name="public static void assertArrayEquals(float[] expecteds, float[] actuals, float delta)">1</method>
			<method name="public static void assertSame(String message, Object expected, Object actual)">2</method>
			<method name="public static void assertArrayEquals(String message, int[] expecteds, int[] actuals)">1</method>
			<method name="public static void assertArrayEquals(String message, long[] expecteds, long[] actuals)">1</method>
			<method name="public static void assertNull(String message, Object object)">2</method>
			<method name="private static void failSame(String message)">2</method>
			<method name="public static void assertArrayEquals(long[] expecteds, long[] actuals)">1</method>
		</cc>
	</class>
	<class>
		<name>org.junit.experimental.max.MaxCore$1</name>
		<wmc>2</wmc>
		<dit>0</dit>
		<noc>0</noc>
		<cbo>11</cbo>
		<rfc>5</rfc>
		<lcom>0</lcom>
		<ca>2</ca>
		<ce>11</ce>
		<npm>1</npm>
		<lcom3>0.5</lcom3>
		<loc>29</loc>
		<dam>0.0</dam>
		<moa>1</moa>
		<mfa>0.0</mfa>
		<cam>0.6666666666666666</cam>
		<ic>0</ic>
		<cbm>0</cbm>
		<amc>12.5</amc>
		<cc>
			<method name="void _init_(org.junit.experimental.max.MaxCore, java.util.List)">1</method>
			<method name="public org.junit.runner.Runner getRunner()">1</method>
		</cc>
	</class>
	<class>
		<name>junit.framework.Protectable</name>
		<wmc>1</wmc>
		<dit>1</dit>
		<noc>0</noc>
		<cbo>7</cbo>
		<rfc>1</rfc>
		<lcom>0</lcom>
		<ca>4</ca>
		<ce>3</ce>
		<npm>1</npm>
		<lcom3>2.0</lcom3>
		<loc>1</loc>
		<dam>0.0</dam>
		<moa>0</moa>
		<mfa>0.0</mfa>
		<cam>1.0</cam>
		<ic>0</ic>
		<cbm>0</cbm>
		<amc>0.0</amc>
		<cc>
			<method name="public abstract void protect()">1</method>
		</cc>
	</class>
	<class>
		<name>org.junit.internal.runners.JUnit4ClassRunner</name>
		<wmc>18</wmc>
		<dit>0</dit>
		<noc>0</noc>
		<cbo>32</cbo>
		<rfc>54</rfc>
		<lcom>91</lcom>
		<ca>2</ca>
		<ce>32</ce>
		<npm>5</npm>
		<lcom3>0.5</lcom3>
		<loc>241</loc>
		<dam>1.0</dam>
		<moa>1</moa>
		<mfa>0.0</mfa>
		<cam>0.2222222222222222</cam>
		<ic>0</ic>
		<cbm>0</cbm>
		<amc>12.277777777777779</amc>
		<cc>
			<method name="protected Object createTest()">1</method>
			<method name="protected java.lang.annotation.Annotation[] classAnnotations()">1</method>
			<method name="public void sort(org.junit.runner.manipulation.Sorter sorter)">1</method>
			<method name="protected void runMethods(org.junit.runner.notification.RunNotifier notifier)">2</method>
			<method name="private void testAborted(org.junit.runner.notification.RunNotifier notifier, org.junit.runner.Description description, Throwable e)">1</method>
			<method name="protected org.junit.runner.Description methodDescription(java.lang.reflect.Method method)">1</method>
			<method name="protected String getName()">1</method>
			<method name="public void filter(org.junit.runner.manipulation.Filter filter)">1</method>
			<method name="protected java.util.List getTestMethods()">1</method>
			<method name="protected String testName(java.lang.reflect.Method method)">1</method>
			<method name="protected void invokeTestMethod(java.lang.reflect.Method method, org.junit.runner.notification.RunNotifier notifier)">1</method>
			<method name="protected java.lang.annotation.Annotation[] testAnnotations(java.lang.reflect.Method method)">1</method>
			<method name="protected org.junit.internal.runners.TestClass getTestClass()">1</method>
			<method name="protected void validate()">1</method>
			<method name="public void run(org.junit.runner.notification.RunNotifier notifier)">1</method>
			<method name="public org.junit.runner.Description getDescription()">2</method>
			<method name="public void _init_(Class klass)">1</method>
			<method name="protected org.junit.internal.runners.TestMethod wrapMethod(java.lang.reflect.Method method)">1</method>
		</cc>
	</class>
	<class>
		<name>org.junit.rules.MethodRule</name>
		<wmc>1</wmc>
		<dit>1</dit>
		<noc>0</noc>
		<cbo>9</cbo>
		<rfc>1</rfc>
		<lcom>0</lcom>
		<ca>6</ca>
		<ce>3</ce>
		<npm>1</npm>
		<lcom3>2.0</lcom3>
		<loc>1</loc>
		<dam>0.0</dam>
		<moa>0</moa>
		<mfa>0.0</mfa>
		<cam>1.0</cam>
		<ic>0</ic>
		<cbm>0</cbm>
		<amc>0.0</amc>
		<cc>
			<method name="public abstract org.junit.runners.model.Statement apply(org.junit.runners.model.Statement, org.junit.runners.model.FrameworkMethod, Object)">1</method>
		</cc>
	</class>
	<class>
		<name>org.junit.experimental.ParallelComputer$1$1</name>
		<wmc>2</wmc>
		<dit>1</dit>
		<noc>0</noc>
		<cbo>6</cbo>
		<rfc>4</rfc>
		<lcom>0</lcom>
		<ca>1</ca>
		<ce>6</ce>
		<npm>1</npm>
		<lcom3>0.5</lcom3>
		<loc>18</loc>
		<dam>0.0</dam>
		<moa>1</moa>
		<mfa>0.0</mfa>
		<cam>0.6666666666666666</cam>
		<ic>0</ic>
		<cbm>0</cbm>
		<amc>7.0</amc>
		<cc>
			<method name="public Object call()">1</method>
			<method name="void _init_(org.junit.experimental.ParallelComputer$1, Runnable)">1</method>
		</cc>
	</class>
	<class>
		<name>junit.framework.ComparisonCompactor</name>
		<wmc>8</wmc>
		<dit>1</dit>
		<noc>0</noc>
		<cbo>7</cbo>
		<rfc>19</rfc>
		<lcom>0</lcom>
		<ca>1</ca>
		<ce>6</ce>
		<npm>2</npm>
		<lcom3>0.6785714285714286</lcom3>
		<loc>274</loc>
		<dam>1.0</dam>
		<moa>0</moa>
		<mfa>0.0</mfa>
		<cam>0.5</cam>
		<ic>0</ic>
		<cbm>0</cbm>
		<amc>32.25</amc>
		<cc>
			<method name="private String compactString(String source)">3</method>
			<method name="private void findCommonPrefix()">3</method>
			<method name="public void _init_(int contextLength, String expected, String actual)">1</method>
			<method name="private String computeCommonSuffix()">2</method>
			<method name="private boolean areStringsEqual()">1</method>
			<method name="public String compact(String message)">4</method>
			<method name="private String computeCommonPrefix()">2</method>
			<method name="private void findCommonSuffix()">4</method>
		</cc>
	</class>
	<class>
		<name>org.junit.experimental.theories.PotentialAssignment$CouldNotGenerateValueException</name>
		<wmc>1</wmc>
		<dit>3</dit>
		<noc>0</noc>
		<cbo>8</cbo>
		<rfc>2</rfc>
		<lcom>0</lcom>
		<ca>5</ca>
		<ce>3</ce>
		<npm>1</npm>
		<lcom3>2.0</lcom3>
		<loc>5</loc>
		<dam>1.0</dam>
		<moa>0</moa>
		<mfa>1.0</mfa>
		<cam>1.0</cam>
		<ic>0</ic>
		<cbm>0</cbm>
		<amc>3.0</amc>
		<cc>
			<method name="public void _init_()">1</method>
		</cc>
	</class>
	<class>
		<name>junit.framework.TestResult$1</name>
		<wmc>2</wmc>
		<dit>1</dit>
		<noc>0</noc>
		<cbo>6</cbo>
		<rfc>4</rfc>
		<lcom>0</lcom>
		<ca>1</ca>
		<ce>6</ce>
		<npm>1</npm>
		<lcom3>0.5</lcom3>
		<loc>17</loc>
		<dam>0.0</dam>
		<moa>2</moa>
		<mfa>0.0</mfa>
		<cam>0.6666666666666666</cam>
		<ic>0</ic>
		<cbm>0</cbm>
		<amc>6.5</amc>
		<cc>
			<method name="void _init_(junit.framework.TestResult, junit.framework.TestCase)">1</method>
			<method name="public void protect()">1</method>
		</cc>
	</class>
	<class>
		<name>org.junit.runners.model.TestClass</name>
		<wmc>12</wmc>
		<dit>1</dit>
		<noc>0</noc>
		<cbo>29</cbo>
		<rfc>41</rfc>
		<lcom>42</lcom>
		<ca>9</ca>
		<ce>20</ce>
		<npm>8</npm>
		<lcom3>0.7878787878787878</lcom3>
		<loc>278</loc>
		<dam>1.0</dam>
		<moa>0</moa>
		<mfa>0.0</mfa>
		<cam>0.38333333333333336</cam>
		<ic>0</ic>
		<cbm>0</cbm>
		<amc>21.916666666666668</amc>
		<cc>
			<method name="private java.util.List getAnnotatedMembers(java.util.Map map, Class type)">2</method>
			<method name="public java.util.List getAnnotatedMethods(Class annotationClass)">1</method>
			<method name="public java.util.List getAnnotatedFieldValues(Object test, Class annotationClass, Class valueClass)">2</method>
			<method name="public java.util.List getAnnotatedFields(Class annotationClass)">1</method>
			<method name="private java.util.List getSuperClasses(Class testClass)">2</method>
			<method name="public Class getJavaClass()">1</method>
			<method name="private void addToAnnotationLists(org.junit.runners.model.FrameworkMember member, java.util.Map map)">4</method>
			<method name="public void _init_(Class klass)">5</method>
			<method name="public String getName()">2</method>
			<method name="public java.lang.reflect.Constructor getOnlyConstructor()">1</method>
			<method name="private boolean runsTopToBottom(Class annotation)">3</method>
			<method name="public java.lang.annotation.Annotation[] getAnnotations()">2</method>
		</cc>
	</class>
	<class>
		<name>org.junit.runner.manipulation.Sortable</name>
		<wmc>1</wmc>
		<dit>1</dit>
		<noc>0</noc>
		<cbo>7</cbo>
		<rfc>1</rfc>
		<lcom>0</lcom>
		<ca>5</ca>
		<ce>3</ce>
		<npm>1</npm>
		<lcom3>2.0</lcom3>
		<loc>1</loc>
		<dam>0.0</dam>
		<moa>0</moa>
		<mfa>0.0</mfa>
		<cam>1.0</cam>
		<ic>0</ic>
		<cbm>0</cbm>
		<amc>0.0</amc>
		<cc>
			<method name="public abstract void sort(org.junit.runner.manipulation.Sorter)">1</method>
		</cc>
	</class>
	<class>
		<name>org.junit.experimental.theories.DataPoint</name>
		<wmc>0</wmc>
		<dit>1</dit>
		<noc>0</noc>
		<cbo>2</cbo>
		<rfc>0</rfc>
		<lcom>0</lcom>
		<ca>0</ca>
		<ce>2</ce>
		<npm>0</npm>
		<lcom3>2.0</lcom3>
		<loc>0</loc>
		<dam>0.0</dam>
		<moa>0</moa>
		<mfa>0.0</mfa>
		<cam>0.0</cam>
		<ic>0</ic>
		<cbm>0</cbm>
		<amc>0.0</amc>
		<cc>
		</cc>
	</class>
	<class>
		<name>org.junit.runner.Computer</name>
		<wmc>4</wmc>
		<dit>1</dit>
		<noc>1</noc>
		<cbo>12</cbo>
		<rfc>8</rfc>
		<lcom>6</lcom>
		<ca>4</ca>
		<ce>9</ce>
		<npm>3</npm>
		<lcom3>2.0</lcom3>
		<loc>25</loc>
		<dam>0.0</dam>
		<moa>0</moa>
		<mfa>0.0</mfa>
		<cam>0.4375</cam>
		<ic>0</ic>
		<cbm>0</cbm>
		<amc>5.25</amc>
		<cc>
			<method name="protected org.junit.runner.Runner getRunner(org.junit.runners.model.RunnerBuilder builder, Class testClass)">1</method>
			<method name="public org.junit.runner.Runner getSuite(org.junit.runners.model.RunnerBuilder builder, Class[] classes)">1</method>
			<method name="public static org.junit.runner.Computer serial()">1</method>
			<method name="public void _init_()">1</method>
		</cc>
	</class>
	<class>
		<name>junit.framework.TestResult</name>
		<wmc>18</wmc>
		<dit>1</dit>
		<noc>0</noc>
		<cbo>31</cbo>
		<rfc>36</rfc>
		<lcom>105</lcom>
		<ca>17</ca>
		<ce>17</ce>
		<npm>16</npm>
		<lcom3>0.7176470588235294</lcom3>
		<loc>246</loc>
		<dam>1.0</dam>
		<moa>0</moa>
		<mfa>0.0</mfa>
		<cam>0.23015873015873015</cam>
		<ic>0</ic>
		<cbm>0</cbm>
		<amc>12.38888888888889</amc>
		<cc>
			<method name="public void runProtected(junit.framework.Test test, junit.framework.Protectable p)">1</method>
			<method name="public synchronized boolean wasSuccessful()">3</method>
			<method name="public synchronized void addError(junit.framework.Test test, Throwable t)">2</method>
			<method name="public synchronized void addListener(junit.framework.TestListener listener)">1</method>
			<method name="public synchronized int runCount()">1</method>
			<method name="public synchronized void removeListener(junit.framework.TestListener listener)">1</method>
			<method name="public synchronized java.util.Enumeration errors()">1</method>
			<method name="public void startTest(junit.framework.Test test)">2</method>
			<method name="public synchronized int failureCount()">1</method>
			<method name="public synchronized java.util.Enumeration failures()">1</method>
			<method name="protected void run(junit.framework.TestCase test)">1</method>
			<method name="private synchronized java.util.List cloneListeners()">1</method>
			<method name="public synchronized boolean shouldStop()">1</method>
			<method name="public void _init_()">1</method>
			<method name="public synchronized void addFailure(junit.framework.Test test, junit.framework.AssertionFailedError t)">2</method>
			<method name="public void endTest(junit.framework.Test test)">2</method>
			<method name="public synchronized void stop()">1</method>
			<method name="public synchronized int errorCount()">1</method>
		</cc>
	</class>
	<class>
		<name>org.junit.After</name>
		<wmc>0</wmc>
		<dit>1</dit>
		<noc>0</noc>
		<cbo>2</cbo>
		<rfc>0</rfc>
		<lcom>0</lcom>
		<ca>0</ca>
		<ce>2</ce>
		<npm>0</npm>
		<lcom3>2.0</lcom3>
		<loc>0</loc>
		<dam>0.0</dam>
		<moa>0</moa>
		<mfa>0.0</mfa>
		<cam>0.0</cam>
		<ic>0</ic>
		<cbm>0</cbm>
		<amc>0.0</amc>
		<cc>
		</cc>
	</class>
	<class>
		<name>junit.runner.BaseTestRunner</name>
		<wmc>31</wmc>
		<dit>1</dit>
		<noc>1</noc>
		<cbo>37</cbo>
		<rfc>80</rfc>
		<lcom>449</lcom>
		<ca>2</ca>
		<ce>35</ce>
		<npm>19</npm>
		<lcom3>0.9066666666666666</lcom3>
		<loc>546</loc>
		<dam>0.2</dam>
		<moa>0</moa>
		<mfa>0.0</mfa>
		<cam>0.14666666666666667</cam>
		<ic>0</ic>
		<cbm>0</cbm>
		<amc>16.451612903225808</amc>
		<cc>
			<method name="public abstract void testFailed(int, junit.framework.Test, Throwable)">1</method>
			<method name="public synchronized void addError(junit.framework.Test test, Throwable t)">1</method>
			<method name="protected boolean useReloadingTestSuiteLoader()">3</method>
			<method name="static boolean filterLine(String line)">3</method>
			<method name="public static void setPreference(String key, String value)">1</method>
			<method name="private static java.io.File getPreferencesFile()">1</method>
			<method name="public synchronized void startTest(junit.framework.Test test)">1</method>
			<method name="protected static java.util.Properties getPreferences()">2</method>
			<method name="public static String getFilteredTrace(String stack)">3</method>
			<method name="public synchronized void endTest(junit.framework.Test test)">1</method>
			<method name="protected Class loadSuiteClass(String suiteClassName)">1</method>
			<method name="public String elapsedTimeAsString(long runTime)">1</method>
			<method name="protected static void setPreferences(java.util.Properties preferences)">1</method>
			<method name="public synchronized void addFailure(junit.framework.Test test, junit.framework.AssertionFailedError t)">1</method>
			<method name="public static int getPreference(String key, int dflt)">2</method>
			<method name="public static void savePreferences()">1</method>
			<method name="public String extractClassName(String className)">2</method>
			<method name="public static String getPreference(String key)">1</method>
			<method name="protected void clearStatus()">1</method>
			<method name="private static void readPreferences()">1</method>
			<method name="public junit.framework.Test getTest(String suiteClassName)">4</method>
			<method name="protected abstract void runFailed(String)">1</method>
			<method name="public abstract void testStarted(String)">1</method>
			<method name="protected String processArguments(String[] args)">6</method>
			<method name="public void setLoading(boolean enable)">1</method>
			<method name="protected static boolean showStackRaw()">3</method>
			<method name="public static String truncate(String s)">3</method>
			<method name="static void _clinit_()">1</method>
			<method name="public void _init_()">1</method>
			<method name="public abstract void testEnded(String)">1</method>
			<method name="public static String getFilteredTrace(Throwable t)">1</method>
		</cc>
	</class>
	<class>
		<name>org.junit.internal.builders.AnnotatedBuilder</name>
		<wmc>3</wmc>
		<dit>0</dit>
		<noc>0</noc>
		<cbo>13</cbo>
		<rfc>11</rfc>
		<lcom>1</lcom>
		<ca>1</ca>
		<ce>12</ce>
		<npm>3</npm>
		<lcom3>0.75</lcom3>
		<loc>90</loc>
		<dam>1.0</dam>
		<moa>1</moa>
		<mfa>0.0</mfa>
		<cam>0.6666666666666666</cam>
		<ic>0</ic>
		<cbm>0</cbm>
		<amc>28.333333333333332</amc>
		<cc>
			<method name="public org.junit.runner.Runner buildRunner(Class runnerClass, Class testClass)">1</method>
			<method name="public void _init_(org.junit.runners.model.RunnerBuilder suiteBuilder)">1</method>
			<method name="public org.junit.runner.Runner runnerForClass(Class testClass)">1</method>
		</cc>
	</class>
	<class>
		<name>org.junit.internal.runners.statements.Fail</name>
		<wmc>2</wmc>
		<dit>0</dit>
		<noc>0</noc>
		<cbo>5</cbo>
		<rfc>3</rfc>
		<lcom>0</lcom>
		<ca>1</ca>
		<ce>4</ce>
		<npm>2</npm>
		<lcom3>0.0</lcom3>
		<loc>12</loc>
		<dam>1.0</dam>
		<moa>0</moa>
		<mfa>0.0</mfa>
		<cam>0.75</cam>
		<ic>0</ic>
		<cbm>0</cbm>
		<amc>4.5</amc>
		<cc>
			<method name="public void _init_(Throwable e)">1</method>
			<method name="public void evaluate()">1</method>
		</cc>
	</class>
	<class>
		<name>org.junit.runners.Parameterized</name>
		<wmc>5</wmc>
		<dit>0</dit>
		<noc>0</noc>
		<cbo>17</cbo>
		<rfc>27</rfc>
		<lcom>8</lcom>
		<ca>1</ca>
		<ce>17</ce>
		<npm>1</npm>
		<lcom3>0.75</lcom3>
		<loc>98</loc>
		<dam>1.0</dam>
		<moa>0</moa>
		<mfa>0.0</mfa>
		<cam>0.45</cam>
		<ic>0</ic>
		<cbm>0</cbm>
		<amc>18.4</amc>
		<cc>
			<method name="protected java.util.List getChildren()">1</method>
			<method name="static org.junit.runners.model.FrameworkMethod access$000(org.junit.runners.Parameterized x0, org.junit.runners.model.TestClass x1)">1</method>
			<method name="private java.util.List getParametersList(org.junit.runners.model.TestClass klass)">1</method>
			<method name="public void _init_(Class klass)">1</method>
			<method name="private org.junit.runners.model.FrameworkMethod getParametersMethod(org.junit.runners.model.TestClass testClass)">1</method>
		</cc>
	</class>
	<class>
		<name>org.junit.runner.manipulation.Sorter</name>
		<wmc>5</wmc>
		<dit>1</dit>
		<noc>0</noc>
		<cbo>13</cbo>
		<rfc>9</rfc>
		<lcom>8</lcom>
		<ca>8</ca>
		<ce>6</ce>
		<npm>4</npm>
		<lcom3>0.625</lcom3>
		<loc>44</loc>
		<dam>0.5</dam>
		<moa>1</moa>
		<mfa>0.0</mfa>
		<cam>0.5</cam>
		<ic>0</ic>
		<cbm>0</cbm>
		<amc>7.4</amc>
		<cc>
			<method name="public void apply(Object object)">2</method>
			<method name="public void _init_(java.util.Comparator comparator)">1</method>
			<method name="public volatile int compare(Object x0, Object x1)">1</method>
			<method name="public int compare(org.junit.runner.Description o1, org.junit.runner.Description o2)">1</method>
			<method name="static void _clinit_()">1</method>
		</cc>
	</class>
	<class>
		<name>org.junit.internal.matchers.IsCollectionContaining</name>
		<wmc>8</wmc>
		<dit>0</dit>
		<noc>0</noc>
		<cbo>15</cbo>
		<rfc>19</rfc>
		<lcom>22</lcom>
		<ca>2</ca>
		<ce>13</ce>
		<npm>8</npm>
		<lcom3>0.0</lcom3>
		<loc>116</loc>
		<dam>1.0</dam>
		<moa>0</moa>
		<mfa>0.0</mfa>
		<cam>0.21428571428571427</cam>
		<ic>0</ic>
		<cbm>0</cbm>
		<amc>13.375</amc>
		<cc>
			<method name="public static transient org.hamcrest.Matcher hasItems(Object[] elements)">2</method>
			<method name="public volatile boolean matchesSafely(Object x0)">1</method>
			<method name="public static transient org.hamcrest.Matcher hasItems(org.hamcrest.Matcher[] elementMatchers)">2</method>
			<method name="public void describeTo(org.hamcrest.Description description)">1</method>
			<method name="public static org.hamcrest.Matcher hasItem(org.hamcrest.Matcher elementMatcher)">1</method>
			<method name="public void _init_(org.hamcrest.Matcher elementMatcher)">1</method>
			<method name="public boolean matchesSafely(Iterable collection)">2</method>
			<method name="public static org.hamcrest.Matcher hasItem(Object element)">1</method>
		</cc>
	</class>
	<class>
		<name>org.junit.internal.runners.ErrorReportingRunner</name>
		<wmc>6</wmc>
		<dit>0</dit>
		<noc>0</noc>
		<cbo>19</cbo>
		<rfc>21</rfc>
		<lcom>5</lcom>
		<ca>4</ca>
		<ce>15</ce>
		<npm>3</npm>
		<lcom3>0.5</lcom3>
		<loc>112</loc>
		<dam>1.0</dam>
		<moa>0</moa>
		<mfa>0.0</mfa>
		<cam>0.5416666666666666</cam>
		<ic>0</ic>
		<cbm>0</cbm>
		<amc>17.333333333333332</amc>
		<cc>
			<method name="private void runCause(Throwable child, org.junit.runner.notification.RunNotifier notifier)">1</method>
			<method name="private java.util.List getCauses(Throwable cause)">4</method>
			<method name="public void run(org.junit.runner.notification.RunNotifier notifier)">2</method>
			<method name="public void _init_(Class testClass, Throwable cause)">1</method>
			<method name="public org.junit.runner.Description getDescription()">2</method>
			<method name="private org.junit.runner.Description describeCause(Throwable child)">1</method>
		</cc>
	</class>
	<class>
		<name>org.junit.experimental.results.ResultMatchers</name>
		<wmc>5</wmc>
		<dit>1</dit>
		<noc>0</noc>
		<cbo>7</cbo>
		<rfc>9</rfc>
		<lcom>10</lcom>
		<ca>1</ca>
		<ce>7</ce>
		<npm>5</npm>
		<lcom3>2.0</lcom3>
		<loc>26</loc>
		<dam>0.0</dam>
		<moa>0</moa>
		<mfa>0.0</mfa>
		<cam>0.26666666666666666</cam>
		<ic>0</ic>
		<cbm>0</cbm>
		<amc>4.2</amc>
		<cc>
			<method name="public static org.hamcrest.Matcher failureCountIs(int count)">1</method>
			<method name="public static org.hamcrest.Matcher hasFailureContaining(String string)">1</method>
			<method name="public static org.hamcrest.Matcher isSuccessful()">1</method>
			<method name="public void _init_()">1</method>
			<method name="public static org.hamcrest.Matcher hasSingleFailureContaining(String string)">1</method>
		</cc>
	</class>
	<class>
		<name>org.junit.runners.AllTests</name>
		<wmc>1</wmc>
		<dit>0</dit>
		<noc>0</noc>
		<cbo>5</cbo>
		<rfc>2</rfc>
		<lcom>0</lcom>
		<ca>0</ca>
		<ce>5</ce>
		<npm>1</npm>
		<lcom3>2.0</lcom3>
		<loc>5</loc>
		<dam>0.0</dam>
		<moa>0</moa>
		<mfa>0.0</mfa>
		<cam>1.0</cam>
		<ic>0</ic>
		<cbm>0</cbm>
		<amc>4.0</amc>
		<cc>
			<method name="public void _init_(Class klass)">1</method>
		</cc>
	</class>
	<class>
		<name>org.junit.runners.Suite$SuiteClasses</name>
		<wmc>1</wmc>
		<dit>1</dit>
		<noc>0</noc>
		<cbo>4</cbo>
		<rfc>1</rfc>
		<lcom>0</lcom>
		<ca>1</ca>
		<ce>3</ce>
		<npm>1</npm>
		<lcom3>2.0</lcom3>
		<loc>1</loc>
		<dam>0.0</dam>
		<moa>0</moa>
		<mfa>0.0</mfa>
		<cam>1.0</cam>
		<ic>0</ic>
		<cbm>0</cbm>
		<amc>0.0</amc>
		<cc>
			<method name="public abstract Class[] value()">1</method>
		</cc>
	</class>
	<class>
		<name>org.junit.runner.manipulation.NoTestsRemainException</name>
		<wmc>1</wmc>
		<dit>3</dit>
		<noc>0</noc>
		<cbo>11</cbo>
		<rfc>2</rfc>
		<lcom>0</lcom>
		<ca>8</ca>
		<ce>3</ce>
		<npm>1</npm>
		<lcom3>2.0</lcom3>
		<loc>5</loc>
		<dam>1.0</dam>
		<moa>0</moa>
		<mfa>1.0</mfa>
		<cam>1.0</cam>
		<ic>0</ic>
		<cbm>0</cbm>
		<amc>3.0</amc>
		<cc>
			<method name="public void _init_()">1</method>
		</cc>
	</class>
	<class>
		<name>org.junit.experimental.theories.internal.AllMembersSupplier</name>
		<wmc>7</wmc>
		<dit>0</dit>
		<noc>0</noc>
		<cbo>24</cbo>
		<rfc>37</rfc>
		<lcom>9</lcom>
		<ca>1</ca>
		<ce>23</ce>
		<npm>2</npm>
		<lcom3>0.3333333333333333</lcom3>
		<loc>193</loc>
		<dam>1.0</dam>
		<moa>1</moa>
		<mfa>0.0</mfa>
		<cam>0.3673469387755102</cam>
		<ic>0</ic>
		<cbm>0</cbm>
		<amc>26.428571428571427</amc>
		<cc>
			<method name="private void addMultiPointMethods(java.util.List list)">2</method>
			<method name="private void addFields(org.junit.experimental.theories.ParameterSignature sig, java.util.List list)">7</method>
			<method name="public void _init_(org.junit.runners.model.TestClass type)">1</method>
			<method name="private Object getStaticFieldValue(java.lang.reflect.Field field)">1</method>
			<method name="private void addSinglePointMethods(org.junit.experimental.theories.ParameterSignature sig, java.util.List list)">2</method>
			<method name="public java.util.List getValueSources(org.junit.experimental.theories.ParameterSignature sig)">1</method>
			<method name="private void addArrayValues(String name, java.util.List list, Object array)">2</method>
		</cc>
	</class>
	<class>
		<name>org.junit.rules.ExpectedException$1</name>
		<wmc>4</wmc>
		<dit>0</dit>
		<noc>0</noc>
		<cbo>9</cbo>
		<rfc>9</rfc>
		<lcom>0</lcom>
		<ca>1</ca>
		<ce>9</ce>
		<npm>3</npm>
		<lcom3>0.5</lcom3>
		<loc>36</loc>
		<dam>0.0</dam>
		<moa>1</moa>
		<mfa>0.0</mfa>
		<cam>0.375</cam>
		<ic>0</ic>
		<cbm>0</cbm>
		<amc>7.5</amc>
		<cc>
			<method name="void _init_(org.junit.rules.ExpectedException, org.hamcrest.Matcher)">1</method>
			<method name="public boolean matchesSafely(Throwable item)">1</method>
			<method name="public volatile boolean matchesSafely(Object x0)">1</method>
			<method name="public void describeTo(org.hamcrest.Description description)">1</method>
		</cc>
	</class>
	<class>
		<name>org.junit.runner.notification.StoppedByUserException</name>
		<wmc>1</wmc>
		<dit>4</dit>
		<noc>0</noc>
		<cbo>5</cbo>
		<rfc>2</rfc>
		<lcom>0</lcom>
		<ca>2</ca>
		<ce>3</ce>
		<npm>1</npm>
		<lcom3>2.0</lcom3>
		<loc>5</loc>
		<dam>1.0</dam>
		<moa>0</moa>
		<mfa>1.0</mfa>
		<cam>1.0</cam>
		<ic>0</ic>
		<cbm>0</cbm>
		<amc>3.0</amc>
		<cc>
			<method name="public void _init_()">1</method>
		</cc>
	</class>
	<class>
		<name>org.junit.experimental.theories.suppliers.TestedOn</name>
		<wmc>1</wmc>
		<dit>1</dit>
		<noc>0</noc>
		<cbo>4</cbo>
		<rfc>1</rfc>
		<lcom>0</lcom>
		<ca>1</ca>
		<ce>3</ce>
		<npm>1</npm>
		<lcom3>2.0</lcom3>
		<loc>1</loc>
		<dam>0.0</dam>
		<moa>0</moa>
		<mfa>0.0</mfa>
		<cam>1.0</cam>
		<ic>0</ic>
		<cbm>0</cbm>
		<amc>0.0</amc>
		<cc>
			<method name="public abstract int[] ints()">1</method>
		</cc>
	</class>
	<class>
		<name>org.junit.experimental.theories.DataPoints</name>
		<wmc>0</wmc>
		<dit>1</dit>
		<noc>0</noc>
		<cbo>2</cbo>
		<rfc>0</rfc>
		<lcom>0</lcom>
		<ca>0</ca>
		<ce>2</ce>
		<npm>0</npm>
		<lcom3>2.0</lcom3>
		<loc>0</loc>
		<dam>0.0</dam>
		<moa>0</moa>
		<mfa>0.0</mfa>
		<cam>0.0</cam>
		<ic>0</ic>
		<cbm>0</cbm>
		<amc>0.0</amc>
		<cc>
		</cc>
	</class>
	<class>
		<name>org.junit.experimental.categories.Categories</name>
		<wmc>3</wmc>
		<dit>0</dit>
		<noc>0</noc>
		<cbo>13</cbo>
		<rfc>10</rfc>
		<lcom>3</lcom>
		<ca>0</ca>
		<ce>13</ce>
		<npm>1</npm>
		<lcom3>2.0</lcom3>
		<loc>50</loc>
		<dam>0.0</dam>
		<moa>0</moa>
		<mfa>0.0</mfa>
		<cam>0.7777777777777778</cam>
		<ic>0</ic>
		<cbm>0</cbm>
		<amc>15.666666666666666</amc>
		<cc>
			<method name="private Class getExcludedCategory(Class klass)">2</method>
			<method name="private Class getIncludedCategory(Class klass)">2</method>
			<method name="public void _init_(Class klass, org.junit.runners.model.RunnerBuilder builder)">1</method>
		</cc>
	</class>
	<class>
		<name>junit.runner.TestRunListener</name>
		<wmc>6</wmc>
		<dit>1</dit>
		<noc>0</noc>
		<cbo>3</cbo>
		<rfc>6</rfc>
		<lcom>15</lcom>
		<ca>0</ca>
		<ce>3</ce>
		<npm>6</npm>
		<lcom3>1.2</lcom3>
		<loc>8</loc>
		<dam>0.0</dam>
		<moa>0</moa>
		<mfa>0.0</mfa>
		<cam>0.5833333333333334</cam>
		<ic>0</ic>
		<cbm>0</cbm>
		<amc>0.0</amc>
		<cc>
			<method name="public abstract void testRunStarted(String, int)">1</method>
			<method name="public abstract void testStarted(String)">1</method>
			<method name="public abstract void testRunEnded(long)">1</method>
			<method name="public abstract void testRunStopped(long)">1</method>
			<method name="public abstract void testEnded(String)">1</method>
			<method name="public abstract void testFailed(int, String, String)">1</method>
		</cc>
	</class>
	<class>
		<name>org.junit.experimental.max.MaxHistory</name>
		<wmc>12</wmc>
		<dit>1</dit>
		<noc>0</noc>
		<cbo>25</cbo>
		<rfc>34</rfc>
		<lcom>46</lcom>
		<ca>3</ca>
		<ce>24</ce>
		<npm>3</npm>
		<lcom3>0.7954545454545454</lcom3>
		<loc>157</loc>
		<dam>1.0</dam>
		<moa>0</moa>
		<mfa>0.0</mfa>
		<cam>0.3333333333333333</cam>
		<ic>0</ic>
		<cbm>0</cbm>
		<amc>11.75</amc>
		<cc>
			<method name="void putTestDuration(org.junit.runner.Description description, long duration)">1</method>
			<method name="private void save()">1</method>
			<method name="boolean isNewTest(org.junit.runner.Description key)">2</method>
			<method name="private static org.junit.experimental.max.MaxHistory readHistory(java.io.File storedResults)">1</method>
			<method name="Long getFailureTimestamp(org.junit.runner.Description key)">1</method>
			<method name="public org.junit.runner.notification.RunListener listener()">1</method>
			<method name="public java.util.Comparator testComparator()">1</method>
			<method name="void putTestFailureTimestamp(org.junit.runner.Description key, long end)">1</method>
			<method name="static void access$000(org.junit.experimental.max.MaxHistory x0)">1</method>
			<method name="Long getTestDuration(org.junit.runner.Description key)">1</method>
			<method name="private void _init_(java.io.File storedResults)">1</method>
			<method name="public static org.junit.experimental.max.MaxHistory forFolder(java.io.File file)">2</method>
		</cc>
	</class>
	<class>
		<name>org.junit.BeforeClass</name>
		<wmc>0</wmc>
		<dit>1</dit>
		<noc>0</noc>
		<cbo>2</cbo>
		<rfc>0</rfc>
		<lcom>0</lcom>
		<ca>0</ca>
		<ce>2</ce>
		<npm>0</npm>
		<lcom3>2.0</lcom3>
		<loc>0</loc>
		<dam>0.0</dam>
		<moa>0</moa>
		<mfa>0.0</mfa>
		<cam>0.0</cam>
		<ic>0</ic>
		<cbm>0</cbm>
		<amc>0.0</amc>
		<cc>
		</cc>
	</class>
	<class>
		<name>org.junit.internal.runners.statements.RunBefores</name>
		<wmc>2</wmc>
		<dit>0</dit>
		<noc>0</noc>
		<cbo>9</cbo>
		<rfc>8</rfc>
		<lcom>0</lcom>
		<ca>2</ca>
		<ce>7</ce>
		<npm>2</npm>
		<lcom3>0.0</lcom3>
		<loc>40</loc>
		<dam>1.0</dam>
		<moa>1</moa>
		<mfa>0.0</mfa>
		<cam>0.625</cam>
		<ic>0</ic>
		<cbm>0</cbm>
		<amc>17.5</amc>
		<cc>
			<method name="public void _init_(org.junit.runners.model.Statement next, java.util.List befores, Object target)">1</method>
			<method name="public void evaluate()">1</method>
		</cc>
	</class>
	<class>
		<name>org.junit.internal.runners.JUnit38ClassRunner</name>
		<wmc>11</wmc>
		<dit>0</dit>
		<noc>1</noc>
		<cbo>27</cbo>
		<rfc>37</rfc>
		<lcom>53</lcom>
		<ca>5</ca>
		<ce>23</ce>
		<npm>7</npm>
		<lcom3>0.4</lcom3>
		<loc>230</loc>
		<dam>1.0</dam>
		<moa>1</moa>
		<mfa>0.0</mfa>
		<cam>0.23376623376623376</cam>
		<ic>0</ic>
		<cbm>0</cbm>
		<amc>19.818181818181817</amc>
		<cc>
			<method name="private junit.framework.Test getTest()">1</method>
			<method name="public void sort(org.junit.runner.manipulation.Sorter sorter)">2</method>
			<method name="public void run(org.junit.runner.notification.RunNotifier notifier)">1</method>
			<method name="private void setTest(junit.framework.Test test)">1</method>
			<method name="public org.junit.runner.Description getDescription()">1</method>
			<method name="private static org.junit.runner.Description makeDescription(junit.framework.Test test)">7</method>
			<method name="public junit.framework.TestListener createAdaptingListener(org.junit.runner.notification.RunNotifier notifier)">1</method>
			<method name="public void filter(org.junit.runner.manipulation.Filter filter)">1</method>
			<method name="public void _init_(Class klass)">1</method>
			<method name="public void _init_(junit.framework.Test test)">1</method>
			<method name="private static String createSuiteDescription(junit.framework.TestSuite ts)">2</method>
		</cc>
	</class>
	<class>
		<name>org.junit.runner.manipulation.Filter$1</name>
		<wmc>3</wmc>
		<dit>0</dit>
		<noc>0</noc>
		<cbo>5</cbo>
		<rfc>4</rfc>
		<lcom>3</lcom>
		<ca>1</ca>
		<ce>5</ce>
		<npm>2</npm>
		<lcom3>2.0</lcom3>
		<loc>10</loc>
		<dam>0.0</dam>
		<moa>0</moa>
		<mfa>0.0</mfa>
		<cam>0.6666666666666666</cam>
		<ic>0</ic>
		<cbm>0</cbm>
		<amc>2.3333333333333335</amc>
		<cc>
			<method name="void _init_()">1</method>
			<method name="public String describe()">1</method>
			<method name="public boolean shouldRun(org.junit.runner.Description description)">1</method>
		</cc>
	</class>
	<class>
		<name>org.junit.runner.manipulation.Filter$2</name>
		<wmc>3</wmc>
		<dit>0</dit>
		<noc>0</noc>
		<cbo>7</cbo>
		<rfc>12</rfc>
		<lcom>0</lcom>
		<ca>1</ca>
		<ce>7</ce>
		<npm>2</npm>
		<lcom3>0.0</lcom3>
		<loc>49</loc>
		<dam>0.0</dam>
		<moa>1</moa>
		<mfa>0.0</mfa>
		<cam>0.8333333333333334</cam>
		<ic>0</ic>
		<cbm>0</cbm>
		<amc>15.0</amc>
		<cc>
			<method name="public String describe()">1</method>
			<method name="void _init_(org.junit.runner.Description)">1</method>
			<method name="public boolean shouldRun(org.junit.runner.Description description)">3</method>
		</cc>
	</class>
	<class>
		<name>junit.extensions.RepeatedTest</name>
		<wmc>4</wmc>
		<dit>0</dit>
		<noc>0</noc>
		<cbo>8</cbo>
		<rfc>13</rfc>
		<lcom>0</lcom>
		<ca>0</ca>
		<ce>8</ce>
		<npm>4</npm>
		<lcom3>0.3333333333333333</lcom3>
		<loc>51</loc>
		<dam>1.0</dam>
		<moa>0</moa>
		<mfa>0.0</mfa>
		<cam>0.4375</cam>
		<ic>0</ic>
		<cbm>0</cbm>
		<amc>11.5</amc>
		<cc>
			<method name="public String toString()">1</method>
			<method name="public void run(junit.framework.TestResult result)">3</method>
			<method name="public void _init_(junit.framework.Test test, int repeat)">2</method>
			<method name="public int countTestCases()">1</method>
		</cc>
	</class>
	<class>
		<name>org.junit.experimental.theories.PotentialAssignment</name>
		<wmc>4</wmc>
		<dit>1</dit>
		<noc>2</noc>
		<cbo>10</cbo>
		<rfc>6</rfc>
		<lcom>6</lcom>
		<ca>6</ca>
		<ce>5</ce>
		<npm>4</npm>
		<lcom3>2.0</lcom3>
		<loc>13</loc>
		<dam>0.0</dam>
		<moa>0</moa>
		<mfa>0.0</mfa>
		<cam>0.4166666666666667</cam>
		<ic>0</ic>
		<cbm>0</cbm>
		<amc>2.25</amc>
		<cc>
			<method name="public abstract Object getValue()">1</method>
			<method name="public abstract String getDescription()">1</method>
			<method name="public void _init_()">1</method>
			<method name="public static org.junit.experimental.theories.PotentialAssignment forValue(String name, Object value)">1</method>
		</cc>
	</class>
	<class>
		<name>org.junit.rules.ExpectedException</name>
		<wmc>9</wmc>
		<dit>1</dit>
		<noc>0</noc>
		<cbo>13</cbo>
		<rfc>16</rfc>
		<lcom>30</lcom>
		<ca>2</ca>
		<ce>13</ce>
		<npm>6</npm>
		<lcom3>0.375</lcom3>
		<loc>66</loc>
		<dam>1.0</dam>
		<moa>0</moa>
		<mfa>0.0</mfa>
		<cam>0.2222222222222222</cam>
		<ic>0</ic>
		<cbm>0</cbm>
		<amc>6.222222222222222</amc>
		<cc>
			<method name="public void expectMessage(String substring)">1</method>
			<method name="public org.junit.runners.model.Statement apply(org.junit.runners.model.Statement base, org.junit.runners.model.FrameworkMethod method, Object target)">1</method>
			<method name="public void expectMessage(org.hamcrest.Matcher matcher)">1</method>
			<method name="private org.hamcrest.Matcher hasMessage(org.hamcrest.Matcher matcher)">1</method>
			<method name="public static org.junit.rules.ExpectedException none()">1</method>
			<method name="private void _init_()">1</method>
			<method name="public void expect(org.hamcrest.Matcher matcher)">2</method>
			<method name="public void expect(Class type)">1</method>
			<method name="static org.hamcrest.Matcher access$000(org.junit.rules.ExpectedException x0)">1</method>
		</cc>
	</class>
	<class>
		<name>org.junit.internal.runners.model.MultipleFailureException</name>
		<wmc>3</wmc>
		<dit>3</dit>
		<noc>0</noc>
		<cbo>8</cbo>
		<rfc>7</rfc>
		<lcom>1</lcom>
		<ca>3</ca>
		<ce>5</ce>
		<npm>3</npm>
		<lcom3>0.75</lcom3>
		<loc>32</loc>
		<dam>1.0</dam>
		<moa>0</moa>
		<mfa>0.9130434782608695</mfa>
		<cam>0.6666666666666666</cam>
		<ic>0</ic>
		<cbm>0</cbm>
		<amc>9.0</amc>
		<cc>
			<method name="public static void assertEmpty(java.util.List errors)">1</method>
			<method name="public void _init_(java.util.List errors)">1</method>
			<method name="public java.util.List getFailures()">1</method>
		</cc>
	</class>
	<class>
		<name>junit.runner.Version</name>
		<wmc>3</wmc>
		<dit>1</dit>
		<noc>0</noc>
		<cbo>7</cbo>
		<rfc>5</rfc>
		<lcom>3</lcom>
		<ca>2</ca>
		<ce>5</ce>
		<npm>2</npm>
		<lcom3>2.0</lcom3>
		<loc>12</loc>
		<dam>0.0</dam>
		<moa>0</moa>
		<mfa>0.0</mfa>
		<cam>0.3333333333333333</cam>
		<ic>0</ic>
		<cbm>0</cbm>
		<amc>3.0</amc>
		<cc>
			<method name="public static void main(String[] args)">1</method>
			<method name="private void _init_()">1</method>
			<method name="public static String id()">1</method>
		</cc>
	</class>
	<class>
		<name>org.junit.experimental.max.MaxHistory$TestComparator</name>
		<wmc>5</wmc>
		<dit>1</dit>
		<noc>0</noc>
		<cbo>7</cbo>
		<rfc>11</rfc>
		<lcom>4</lcom>
		<ca>1</ca>
		<ce>7</ce>
		<npm>2</npm>
		<lcom3>0.0</lcom3>
		<loc>71</loc>
		<dam>0.0</dam>
		<moa>1</moa>
		<mfa>0.0</mfa>
		<cam>0.44</cam>
		<ic>0</ic>
		<cbm>0</cbm>
		<amc>13.0</amc>
		<cc>
			<method name="void _init_(org.junit.experimental.max.MaxHistory x0, org.junit.experimental.max.MaxHistory$1 x1)">1</method>
			<method name="private Long getFailure(org.junit.runner.Description key)">2</method>
			<method name="public volatile int compare(Object x0, Object x1)">1</method>
			<method name="public int compare(org.junit.runner.Description o1, org.junit.runner.Description o2)">4</method>
			<method name="private void _init_(org.junit.experimental.max.MaxHistory)">1</method>
		</cc>
	</class>
	<class>
		<name>org.junit.internal.runners.statements.ExpectException</name>
		<wmc>2</wmc>
		<dit>0</dit>
		<noc>0</noc>
		<cbo>10</cbo>
		<rfc>12</rfc>
		<lcom>0</lcom>
		<ca>1</ca>
		<ce>9</ce>
		<npm>2</npm>
		<lcom3>0.0</lcom3>
		<loc>70</loc>
		<dam>1.0</dam>
		<moa>1</moa>
		<mfa>0.0</mfa>
		<cam>0.6666666666666666</cam>
		<ic>0</ic>
		<cbm>0</cbm>
		<amc>33.0</amc>
		<cc>
			<method name="public void _init_(org.junit.runners.model.Statement next, Class expected)">1</method>
			<method name="public void evaluate()">1</method>
		</cc>
	</class>
	<class>
		<name>org.junit.internal.runners.model.ReflectiveCallable</name>
		<wmc>3</wmc>
		<dit>1</dit>
		<noc>2</noc>
		<cbo>6</cbo>
		<rfc>5</rfc>
		<lcom>3</lcom>
		<ca>2</ca>
		<ce>4</ce>
		<npm>2</npm>
		<lcom3>2.0</lcom3>
		<loc>13</loc>
		<dam>0.0</dam>
		<moa>0</moa>
		<mfa>0.0</mfa>
		<cam>1.0</cam>
		<ic>0</ic>
		<cbm>0</cbm>
		<amc>3.3333333333333335</amc>
		<cc>
			<method name="public Object run()">1</method>
			<method name="protected abstract Object runReflectiveCall()">1</method>
			<method name="public void _init_()">1</method>
		</cc>
	</class>
	<class>
		<name>org.junit.experimental.max.CouldNotReadCoreException</name>
		<wmc>1</wmc>
		<dit>3</dit>
		<noc>0</noc>
		<cbo>5</cbo>
		<rfc>2</rfc>
		<lcom>0</lcom>
		<ca>1</ca>
		<ce>4</ce>
		<npm>1</npm>
		<lcom3>2.0</lcom3>
		<loc>6</loc>
		<dam>1.0</dam>
		<moa>0</moa>
		<mfa>1.0</mfa>
		<cam>1.0</cam>
		<ic>0</ic>
		<cbm>0</cbm>
		<amc>4.0</amc>
		<cc>
			<method name="public void _init_(Throwable e)">1</method>
		</cc>
	</class>
	<class>
		<name>org.junit.Rule</name>
		<wmc>0</wmc>
		<dit>1</dit>
		<noc>0</noc>
		<cbo>2</cbo>
		<rfc>0</rfc>
		<lcom>0</lcom>
		<ca>0</ca>
		<ce>2</ce>
		<npm>0</npm>
		<lcom3>2.0</lcom3>
		<loc>0</loc>
		<dam>0.0</dam>
		<moa>0</moa>
		<mfa>0.0</mfa>
		<cam>0.0</cam>
		<ic>0</ic>
		<cbm>0</cbm>
		<amc>0.0</amc>
		<cc>
		</cc>
	</class>
	<class>
		<name>org.junit.runner.notification.RunNotifier</name>
		<wmc>13</wmc>
		<dit>1</dit>
		<noc>0</noc>
		<cbo>37</cbo>
		<rfc>34</rfc>
		<lcom>52</lcom>
		<ca>27</ca>
		<ce>17</ce>
		<npm>12</npm>
		<lcom3>0.75</lcom3>
		<loc>108</loc>
		<dam>1.0</dam>
		<moa>0</moa>
		<mfa>0.0</mfa>
		<cam>0.2948717948717949</cam>
		<ic>0</ic>
		<cbm>0</cbm>
		<amc>7.153846153846154</amc>
		<cc>
			<method name="public void fireTestFailure(org.junit.runner.notification.Failure failure)">1</method>
			<method name="public void addFirstListener(org.junit.runner.notification.RunListener listener)">1</method>
			<method name="public void fireTestFinished(org.junit.runner.Description description)">1</method>
			<method name="static java.util.List access$000(org.junit.runner.notification.RunNotifier x0)">1</method>
			<method name="public void fireTestIgnored(org.junit.runner.Description description)">1</method>
			<method name="public void addListener(org.junit.runner.notification.RunListener listener)">1</method>
			<method name="public void fireTestRunFinished(org.junit.runner.Result result)">1</method>
			<method name="public void fireTestRunStarted(org.junit.runner.Description description)">1</method>
			<method name="public void removeListener(org.junit.runner.notification.RunListener listener)">1</method>
			<method name="public void pleaseStop()">1</method>
			<method name="public void fireTestStarted(org.junit.runner.Description description)">1</method>
			<method name="public void _init_()">1</method>
			<method name="public void fireTestAssumptionFailed(org.junit.runner.notification.Failure failure)">1</method>
		</cc>
	</class>
	<class>
		<name>org.junit.rules.TemporaryFolder</name>
		<wmc>9</wmc>
		<dit>0</dit>
		<noc>0</noc>
		<cbo>7</cbo>
		<rfc>16</rfc>
		<lcom>16</lcom>
		<ca>0</ca>
		<ce>7</ce>
		<npm>6</npm>
		<lcom3>0.25</lcom3>
		<loc>93</loc>
		<dam>1.0</dam>
		<moa>0</moa>
		<mfa>0.0</mfa>
		<cam>0.4444444444444444</cam>
		<ic>0</ic>
		<cbm>0</cbm>
		<amc>9.222222222222221</amc>
		<cc>
			<method name="public java.io.File getRoot()">1</method>
			<method name="public java.io.File newFolder(String folderName)">1</method>
			<method name="protected void before()">1</method>
			<method name="protected void after()">1</method>
			<method name="public void delete()">1</method>
			<method name="private void recursiveDelete(java.io.File file)">3</method>
			<method name="public void _init_()">1</method>
			<method name="public void create()">1</method>
			<method name="public java.io.File newFile(String fileName)">1</method>
		</cc>
	</class>


</metrics>
